2026-06-29 14:45:02 INFO    sepa  log file: C:\Users\lathe\sepa-signals\data\logs\2026-06-29\14-45-02-intraday\sepa.log
2026-06-29 14:45:02 INFO    sepa.intraday  intraday scan: 489 watchlist tickers
2026-06-29 14:45:03 INFO    sepa.intraday  intraday alert ACMR: stage2 TT8/8 dir=ok stale=no vol=4.97x
2026-06-29 14:45:06 INFO    sepa.intraday  intraday alert AEVA: stage2 TT6/8 dir=ok stale=no vol=3.07x
2026-06-29 14:45:11 INFO    sepa.intraday  intraday alert APPS: stage2 TT6/8 dir=ok stale=no vol=4.38x
2026-06-29 14:45:12 ERROR   yfinance  $ATEYY: possibly delisted; no price data found  (period=1d)
2026-06-29 14:45:12 ERROR   sepa.intraday  intraday ATEYY: unhandled error
Traceback (most recent call last):
  File "C:\Users\lathe\sepa-signals\sepa\run_intraday.py", line 166, in run_scan
    live_price, live_volume = get_live_quote(t)
                              ~~~~~~~~~~~~~~^^^
  File "C:\Users\lathe\sepa-signals\sepa\run_intraday.py", line 85, in get_live_quote
    raise ValueError(f"no intraday bars for {ticker}")
ValueError: no intraday bars for ATEYY
2026-06-29 14:45:15 INFO    sepa.intraday  intraday alert BEAM: stage2 TT8/8 dir=ok stale=no vol=2.96x
2026-06-29 14:45:21 INFO    sepa.intraday  intraday alert CMPS: stage2 TT8/8 dir=ok stale=no vol=1.95x
2026-06-29 14:45:23 ERROR   yfinance  $CURLF: possibly delisted; no price data found  (period=1d)
2026-06-29 14:45:23 ERROR   sepa.intraday  intraday CURLF: unhandled error
Traceback (most recent call last):
  File "C:\Users\lathe\sepa-signals\sepa\run_intraday.py", line 166, in run_scan
    live_price, live_volume = get_live_quote(t)
                              ~~~~~~~~~~~~~~^^^
  File "C:\Users\lathe\sepa-signals\sepa\run_intraday.py", line 85, in get_live_quote
    raise ValueError(f"no intraday bars for {ticker}")
ValueError: no intraday bars for CURLF
2026-06-29 14:45:24 ERROR   yfinance  $CWAN: possibly delisted; no price data found  (period=1d)
2026-06-29 14:45:24 ERROR   sepa.intraday  intraday CWAN: unhandled error
Traceback (most recent call last):
  File "C:\Users\lathe\sepa-signals\sepa\run_intraday.py", line 166, in run_scan
    live_price, live_volume = get_live_quote(t)
                              ~~~~~~~~~~~~~~^^^
  File "C:\Users\lathe\sepa-signals\sepa\run_intraday.py", line 85, in get_live_quote
    raise ValueError(f"no intraday bars for {ticker}")
ValueError: no intraday bars for CWAN
2026-06-29 14:45:29 INFO    sepa.intraday  intraday alert EVC: stage2 TT8/8 dir=ok stale=no vol=1.92x
2026-06-29 14:45:31 INFO    sepa.intraday  intraday alert FROG: stage2 TT8/8 dir=ok stale=no vol=2.99x
2026-06-29 14:45:32 ERROR   yfinance  $GALDY: possibly delisted; no price data found  (period=1d)
2026-06-29 14:45:32 ERROR   sepa.intraday  intraday GALDY: unhandled error
Traceback (most recent call last):
  File "C:\Users\lathe\sepa-signals\sepa\run_intraday.py", line 166, in run_scan
    live_price, live_volume = get_live_quote(t)
                              ~~~~~~~~~~~~~~^^^
  File "C:\Users\lathe\sepa-signals\sepa\run_intraday.py", line 85, in get_live_quote
    raise ValueError(f"no intraday bars for {ticker}")
ValueError: no intraday bars for GALDY
2026-06-29 14:45:34 ERROR   yfinance  $HKHHY: possibly delisted; no price data found  (period=1d)
2026-06-29 14:45:34 ERROR   sepa.intraday  intraday HKHHY: unhandled error
Traceback (most recent call last):
  File "C:\Users\lathe\sepa-signals\sepa\run_intraday.py", line 166, in run_scan
    live_price, live_volume = get_live_quote(t)
                              ~~~~~~~~~~~~~~^^^
  File "C:\Users\lathe\sepa-signals\sepa\run_intraday.py", line 85, in get_live_quote
    raise ValueError(f"no intraday bars for {ticker}")
ValueError: no intraday bars for HKHHY
2026-06-29 14:45:36 ERROR   yfinance  $IFNNY: possibly delisted; no price data found  (period=1d)
2026-06-29 14:45:36 ERROR   sepa.intraday  intraday IFNNY: unhandled error
Traceback (most recent call last):
  File "C:\Users\lathe\sepa-signals\sepa\run_intraday.py", line 166, in run_scan
    live_price, live_volume = get_live_quote(t)
                              ~~~~~~~~~~~~~~^^^
  File "C:\Users\lathe\sepa-signals\sepa\run_intraday.py", line 85, in get_live_quote
    raise ValueError(f"no intraday bars for {ticker}")
ValueError: no intraday bars for IFNNY
2026-06-29 14:45:37 ERROR   yfinance  $KALV: possibly delisted; no price data found  (period=1d)
2026-06-29 14:45:37 ERROR   sepa.intraday  intraday KALV: unhandled error
Traceback (most recent call last):
  File "C:\Users\lathe\sepa-signals\sepa\run_intraday.py", line 166, in run_scan
    live_price, live_volume = get_live_quote(t)
                              ~~~~~~~~~~~~~~^^^
  File "C:\Users\lathe\sepa-signals\sepa\run_intraday.py", line 85, in get_live_quote
    raise ValueError(f"no intraday bars for {ticker}")
ValueError: no intraday bars for KALV
2026-06-29 14:45:39 INFO    sepa.intraday  intraday alert KYIV: stage2 TT8/8 dir=ok stale=no vol=1.90x
2026-06-29 14:45:41 ERROR   yfinance  $LOGC: possibly delisted; no price data found  (period=1d)
2026-06-29 14:45:41 ERROR   sepa.intraday  intraday LOGC: unhandled error
Traceback (most recent call last):
  File "C:\Users\lathe\sepa-signals\sepa\run_intraday.py", line 166, in run_scan
    live_price, live_volume = get_live_quote(t)
                              ~~~~~~~~~~~~~~^^^
  File "C:\Users\lathe\sepa-signals\sepa\run_intraday.py", line 85, in get_live_quote
    raise ValueError(f"no intraday bars for {ticker}")
ValueError: no intraday bars for LOGC
2026-06-29 14:46:01 INFO    sepa.intraday  intraday alert MXL: stage2 TT8/8 dir=ok stale=no vol=3.70x
2026-06-29 14:46:01 ERROR   yfinance  $MYN: possibly delisted; no price data found  (period=1d)
2026-06-29 14:46:01 ERROR   sepa.intraday  intraday MYN: unhandled error
Traceback (most recent call last):
  File "C:\Users\lathe\sepa-signals\sepa\run_intraday.py", line 166, in run_scan
    live_price, live_volume = get_live_quote(t)
                              ~~~~~~~~~~~~~~^^^
  File "C:\Users\lathe\sepa-signals\sepa\run_intraday.py", line 85, in get_live_quote
    raise ValueError(f"no intraday bars for {ticker}")
ValueError: no intraday bars for MYN
2026-06-29 14:46:03 INFO    sepa.intraday  intraday alert NGNE: stage2 TT6/8 dir=ok stale=no vol=3.28x
2026-06-29 14:46:04 INFO    sepa.intraday  intraday alert NPCE: stage2 TT8/8 dir=ok stale=no vol=1.42x
2026-06-29 14:46:05 INFO    sepa.intraday  intraday alert NUTX: stage2 TT8/8 dir=ok stale=no vol=1.78x
2026-06-29 14:46:36 ERROR   sepa.intraday  intraday OKTA: unhandled error
Traceback (most recent call last):
  File "C:\Users\lathe\sepa-signals\.venv\Lib\site-packages\urllib3\connectionpool.py", line 464, in _make_request
    self._validate_conn(conn)
    ~~~~~~~~~~~~~~~~~~~^^^^^^
  File "C:\Users\lathe\sepa-signals\.venv\Lib\site-packages\urllib3\connectionpool.py", line 1106, in _validate_conn
    conn.connect()
    ~~~~~~~~~~~~^^
  File "C:\Users\lathe\sepa-signals\.venv\Lib\site-packages\urllib3\connection.py", line 796, in connect
    sock_and_verified = _ssl_wrap_socket_and_match_hostname(
        sock=sock,
    ...<14 lines>...
        assert_fingerprint=self.assert_fingerprint,
    )
  File "C:\Users\lathe\sepa-signals\.venv\Lib\site-packages\urllib3\connection.py", line 975, in _ssl_wrap_socket_and_match_hostname
    ssl_sock = ssl_wrap_socket(
        sock=sock,
    ...<8 lines>...
        tls_in_tls=tls_in_tls,
    )
  File "C:\Users\lathe\sepa-signals\.venv\Lib\site-packages\urllib3\util\ssl_.py", line 433, in ssl_wrap_socket
    ssl_sock = _ssl_wrap_socket_impl(sock, context, tls_in_tls, server_hostname)
  File "C:\Users\lathe\sepa-signals\.venv\Lib\site-packages\urllib3\util\ssl_.py", line 477, in _ssl_wrap_socket_impl
    return ssl_context.wrap_socket(sock, server_hostname=server_hostname)
           ~~~~~~~~~~~~~~~~~~~~~~~^^^^^^^^^^^^^^^^^^^^^^^^^^^^^^^^^^^^^^^
  File "C:\Users\lathe\AppData\Local\Python\pythoncore-3.14-64\Lib\ssl.py", line 455, in wrap_socket
    return self.sslsocket_class._create(
           ~~~~~~~~~~~~~~~~~~~~~~~~~~~~^
        sock=sock,
        ^^^^^^^^^^
    ...<5 lines>...
        session=session
        ^^^^^^^^^^^^^^^
    )
    ^
  File "C:\Users\lathe\AppData\Local\Python\pythoncore-3.14-64\Lib\ssl.py", line 1076, in _create
    self.do_handshake()
    ~~~~~~~~~~~~~~~~~^^
  File "C:\Users\lathe\AppData\Local\Python\pythoncore-3.14-64\Lib\ssl.py", line 1372, in do_handshake
    self._sslobj.do_handshake()
    ~~~~~~~~~~~~~~~~~~~~~~~~~^^
TimeoutError: _ssl.c:1063: The handshake operation timed out

The above exception was the direct cause of the following exception:

Traceback (most recent call last):
  File "C:\Users\lathe\sepa-signals\.venv\Lib\site-packages\requests\adapters.py", line 696, in send
    resp = conn.urlopen(
        method=request.method,
    ...<9 lines>...
        chunked=chunked,
    )
  File "C:\Users\lathe\sepa-signals\.venv\Lib\site-packages\urllib3\connectionpool.py", line 842, in urlopen
    retries = retries.increment(
        method, url, error=new_e, _pool=self, _stacktrace=sys.exc_info()[2]
    )
  File "C:\Users\lathe\sepa-signals\.venv\Lib\site-packages\urllib3\util\retry.py", line 498, in increment
    raise reraise(type(error), error, _stacktrace)
          ~~~~~~~^^^^^^^^^^^^^^^^^^^^^^^^^^^^^^^^^
  File "C:\Users\lathe\sepa-signals\.venv\Lib\site-packages\urllib3\util\util.py", line 39, in reraise
    raise value
  File "C:\Users\lathe\sepa-signals\.venv\Lib\site-packages\urllib3\connectionpool.py", line 788, in urlopen
    response = self._make_request(
        conn,
    ...<10 lines>...
        **response_kw,
    )
  File "C:\Users\lathe\sepa-signals\.venv\Lib\site-packages\urllib3\connectionpool.py", line 488, in _make_request
    raise new_e
  File "C:\Users\lathe\sepa-signals\.venv\Lib\site-packages\urllib3\connectionpool.py", line 466, in _make_request
    self._raise_timeout(err=e, url=url, timeout_value=conn.timeout)
    ~~~~~~~~~~~~~~~~~~~^^^^^^^^^^^^^^^^^^^^^^^^^^^^^^^^^^^^^^^^^^^^
  File "C:\Users\lathe\sepa-signals\.venv\Lib\site-packages\urllib3\connectionpool.py", line 367, in _raise_timeout
    raise ReadTimeoutError(
        self, url, f"Read timed out. (read timeout={timeout_value})"
    ) from err
urllib3.exceptions.ReadTimeoutError: HTTPSConnectionPool(host='api.telegram.org', port=443): Read timed out. (read timeout=30)

During handling of the above exception, another exception occurred:

Traceback (most recent call last):
  File "C:\Users\lathe\sepa-signals\sepa\run_intraday.py", line 174, in run_scan
    alerter.send(C.TELEGRAM_TOKEN, C.TELEGRAM_CHAT_ID, msg)
    ~~~~~~~~~~~~^^^^^^^^^^^^^^^^^^^^^^^^^^^^^^^^^^^^^^^^^^^
  File "C:\Users\lathe\sepa-signals\sepa\alerter.py", line 156, in send
    r = requests.post(f"https://api.telegram.org/bot{token}/sendMessage",
                      data={"chat_id": chat_id, "text": text, "parse_mode": "Markdown"},
                      timeout=30)
  File "C:\Users\lathe\sepa-signals\.venv\Lib\site-packages\requests\api.py", line 134, in post
    return request("post", url, data=data, json=json, **kwargs)
  File "C:\Users\lathe\sepa-signals\.venv\Lib\site-packages\requests\api.py", line 71, in request
    return session.request(method=method, url=url, **kwargs)
           ~~~~~~~~~~~~~~~^^^^^^^^^^^^^^^^^^^^^^^^^^^^^^^^^^
  File "C:\Users\lathe\sepa-signals\.venv\Lib\site-packages\requests\sessions.py", line 651, in request
    resp = self.send(prep, **send_kwargs)
  File "C:\Users\lathe\sepa-signals\.venv\Lib\site-packages\requests\sessions.py", line 784, in send
    r = adapter.send(request, **kwargs)
  File "C:\Users\lathe\sepa-signals\.venv\Lib\site-packages\requests\adapters.py", line 742, in send
    raise ReadTimeout(e, request=request)
requests.exceptions.ReadTimeout: HTTPSConnectionPool(host='api.telegram.org', port=443): Read timed out. (read timeout=30)
2026-06-29 14:46:37 INFO    sepa.intraday  intraday alert OSCR: stage2 TT6/8 dir=ok stale=no vol=1.97x
2026-06-29 14:46:38 INFO    sepa.intraday  intraday alert OUST: stage2 TT6/8 dir=ok stale=no vol=9.32x
2026-06-29 14:46:42 INFO    sepa.intraday  intraday alert RDW: stage2 TT5/8 dir=ok stale=no vol=3.47x
2026-06-29 14:46:43 INFO    sepa.intraday  intraday alert RFIL: stage2 TT8/8 dir=ok stale=no vol=1.90x
2026-06-29 14:46:46 INFO    sepa.intraday  intraday alert SILA: stage2 TT7/8 dir=ok stale=no vol=2.25x
2026-06-29 14:46:49 ERROR   yfinance  $TCNNF: possibly delisted; no price data found  (period=1d)
2026-06-29 14:46:49 ERROR   sepa.intraday  intraday TCNNF: unhandled error
Traceback (most recent call last):
  File "C:\Users\lathe\sepa-signals\sepa\run_intraday.py", line 166, in run_scan
    live_price, live_volume = get_live_quote(t)
                              ~~~~~~~~~~~~~~^^^
  File "C:\Users\lathe\sepa-signals\sepa\run_intraday.py", line 85, in get_live_quote
    raise ValueError(f"no intraday bars for {ticker}")
ValueError: no intraday bars for TCNNF
2026-06-29 14:46:52 INFO    sepa.intraday  intraday alert TSAT: stage2 TT6/8 dir=ok stale=no vol=4.60x
2026-06-29 14:46:55 INFO    sepa.intraday  intraday alert VSAT: stage2 TT8/8 dir=ok stale=no vol=5.44x
2026-06-29 14:46:58 INFO    sepa.intraday  intraday complete: 19 alerts sent
