[Tue 06/16/2026  0:30:01.08] git pull starting 
From https://github.com/nirmal10110/sepa-signals
 * branch            main       -> FETCH_HEAD
Already up to date.
[Tue 06/16/2026  0:30:03.97] git pull done (exit 0) 
[Tue 06/16/2026  1:00:01.10] git pull starting 
From https://github.com/nirmal10110/sepa-signals
 * branch            main       -> FETCH_HEAD
Already up to date.
[Tue 06/16/2026  1:00:01.63] git pull done (exit 0) 
[Tue 06/16/2026  1:30:01.10] git pull starting 
From https://github.com/nirmal10110/sepa-signals
 * branch            main       -> FETCH_HEAD
Already up to date.
[Tue 06/16/2026  1:30:01.66] git pull done (exit 0) 
[Tue 06/16/2026  2:00:01.11] git pull starting 
From https://github.com/nirmal10110/sepa-signals
 * branch            main       -> FETCH_HEAD
Already up to date.
[Tue 06/16/2026  2:00:01.64] git pull done (exit 0) 
[Tue 06/16/2026  2:30:01.11] git pull starting 
From https://github.com/nirmal10110/sepa-signals
 * branch            main       -> FETCH_HEAD
Already up to date.
[Tue 06/16/2026  2:30:01.64] git pull done (exit 0) 
[Tue 06/16/2026  3:00:01.12] git pull starting 
From https://github.com/nirmal10110/sepa-signals
 * branch            main       -> FETCH_HEAD
Already up to date.
[Tue 06/16/2026  3:00:01.70] git pull done (exit 0) 
[Tue 06/16/2026  3:30:01.13] git pull starting 
From https://github.com/nirmal10110/sepa-signals
 * branch            main       -> FETCH_HEAD
Already up to date.
[Tue 06/16/2026  3:30:01.67] git pull done (exit 0) 
[Tue 06/16/2026  4:00:01.14] git pull starting 
From https://github.com/nirmal10110/sepa-signals
 * branch            main       -> FETCH_HEAD
Already up to date.
[Tue 06/16/2026  4:00:01.71] git pull done (exit 0) 
[Tue 06/16/2026  4:30:01.15] git pull starting 
From https://github.com/nirmal10110/sepa-signals
 * branch            main       -> FETCH_HEAD
Already up to date.
[Tue 06/16/2026  4:30:01.72] git pull done (exit 0) 
[Tue 06/16/2026  5:01:02.50] git pull starting 
From https://github.com/nirmal10110/sepa-signals
 * branch            main       -> FETCH_HEAD
Already up to date.
[Tue 06/16/2026  5:01:03.27] git pull done (exit 0) 
[Tue 06/16/2026  5:30:01.15] git pull starting 
From https://github.com/nirmal10110/sepa-signals
 * branch            main       -> FETCH_HEAD
Already up to date.
[Tue 06/16/2026  5:30:01.70] git pull done (exit 0) 
[Tue 06/16/2026  6:00:01.15] git pull starting 
From https://github.com/nirmal10110/sepa-signals
 * branch            main       -> FETCH_HEAD
Already up to date.
[Tue 06/16/2026  6:00:01.74] git pull done (exit 0) 
[Tue 06/16/2026 10:25:59.60] git pull starting 
From https://github.com/nirmal10110/sepa-signals
 * branch            main       -> FETCH_HEAD
Already up to date.
[Tue 06/16/2026 10:26:00.75] git pull done (exit 0) 
[Tue 06/16/2026 10:30:01.57] git pull starting 
From https://github.com/nirmal10110/sepa-signals
 * branch            main       -> FETCH_HEAD
Already up to date.
[Tue 06/16/2026 10:30:02.13] git pull done (exit 0) 
