2026-06-28 17:30:02 INFO    sepa  log file: C:\Users\lathe\sepa-signals\data\logs\2026-06-28\17-30-02-intraday\sepa.log
2026-06-28 17:30:02 INFO    sepa.intraday  intraday scan: 488 watchlist tickers
2026-06-28 17:30:36 ERROR   sepa.intraday  intraday ALX: unhandled error
Traceback (most recent call last):
  File "C:\Users\lathe\sepa-signals\.venv\Lib\site-packages\urllib3\connectionpool.py", line 464, in _make_request
    self._validate_conn(conn)
    ~~~~~~~~~~~~~~~~~~~^^^^^^
  File "C:\Users\lathe\sepa-signals\.venv\Lib\site-packages\urllib3\connectionpool.py", line 1106, in _validate_conn
    conn.connect()
    ~~~~~~~~~~~~^^
  File "C:\Users\lathe\sepa-signals\.venv\Lib\site-packages\urllib3\connection.py", line 796, in connect
    sock_and_verified = _ssl_wrap_socket_and_match_hostname(
        sock=sock,
    ...<14 lines>...
        assert_fingerprint=self.assert_fingerprint,
    )
  File "C:\Users\lathe\sepa-signals\.venv\Lib\site-packages\urllib3\connection.py", line 975, in _ssl_wrap_socket_and_match_hostname
    ssl_sock = ssl_wrap_socket(
        sock=sock,
    ...<8 lines>...
        tls_in_tls=tls_in_tls,
    )
  File "C:\Users\lathe\sepa-signals\.venv\Lib\site-packages\urllib3\util\ssl_.py", line 433, in ssl_wrap_socket
    ssl_sock = _ssl_wrap_socket_impl(sock, context, tls_in_tls, server_hostname)
  File "C:\Users\lathe\sepa-signals\.venv\Lib\site-packages\urllib3\util\ssl_.py", line 477, in _ssl_wrap_socket_impl
    return ssl_context.wrap_socket(sock, server_hostname=server_hostname)
           ~~~~~~~~~~~~~~~~~~~~~~~^^^^^^^^^^^^^^^^^^^^^^^^^^^^^^^^^^^^^^^
  File "C:\Users\lathe\AppData\Local\Python\pythoncore-3.14-64\Lib\ssl.py", line 455, in wrap_socket
    return self.sslsocket_class._create(
           ~~~~~~~~~~~~~~~~~~~~~~~~~~~~^
        sock=sock,
        ^^^^^^^^^^
    ...<5 lines>...
        session=session
        ^^^^^^^^^^^^^^^
    )
    ^
  File "C:\Users\lathe\AppData\Local\Python\pythoncore-3.14-64\Lib\ssl.py", line 1076, in _create
    self.do_handshake()
    ~~~~~~~~~~~~~~~~~^^
  File "C:\Users\lathe\AppData\Local\Python\pythoncore-3.14-64\Lib\ssl.py", line 1372, in do_handshake
    self._sslobj.do_handshake()
    ~~~~~~~~~~~~~~~~~~~~~~~~~^^
TimeoutError: _ssl.c:1063: The handshake operation timed out

The above exception was the direct cause of the following exception:

Traceback (most recent call last):
  File "C:\Users\lathe\sepa-signals\.venv\Lib\site-packages\requests\adapters.py", line 696, in send
    resp = conn.urlopen(
        method=request.method,
    ...<9 lines>...
        chunked=chunked,
    )
  File "C:\Users\lathe\sepa-signals\.venv\Lib\site-packages\urllib3\connectionpool.py", line 842, in urlopen
    retries = retries.increment(
        method, url, error=new_e, _pool=self, _stacktrace=sys.exc_info()[2]
    )
  File "C:\Users\lathe\sepa-signals\.venv\Lib\site-packages\urllib3\util\retry.py", line 498, in increment
    raise reraise(type(error), error, _stacktrace)
          ~~~~~~~^^^^^^^^^^^^^^^^^^^^^^^^^^^^^^^^^
  File "C:\Users\lathe\sepa-signals\.venv\Lib\site-packages\urllib3\util\util.py", line 39, in reraise
    raise value
  File "C:\Users\lathe\sepa-signals\.venv\Lib\site-packages\urllib3\connectionpool.py", line 788, in urlopen
    response = self._make_request(
        conn,
    ...<10 lines>...
        **response_kw,
    )
  File "C:\Users\lathe\sepa-signals\.venv\Lib\site-packages\urllib3\connectionpool.py", line 488, in _make_request
    raise new_e
  File "C:\Users\lathe\sepa-signals\.venv\Lib\site-packages\urllib3\connectionpool.py", line 466, in _make_request
    self._raise_timeout(err=e, url=url, timeout_value=conn.timeout)
    ~~~~~~~~~~~~~~~~~~~^^^^^^^^^^^^^^^^^^^^^^^^^^^^^^^^^^^^^^^^^^^^
  File "C:\Users\lathe\sepa-signals\.venv\Lib\site-packages\urllib3\connectionpool.py", line 367, in _raise_timeout
    raise ReadTimeoutError(
        self, url, f"Read timed out. (read timeout={timeout_value})"
    ) from err
urllib3.exceptions.ReadTimeoutError: HTTPSConnectionPool(host='api.telegram.org', port=443): Read timed out. (read timeout=30)

During handling of the above exception, another exception occurred:

Traceback (most recent call last):
  File "C:\Users\lathe\sepa-signals\sepa\run_intraday.py", line 174, in run_scan
    alerter.send(C.TELEGRAM_TOKEN, C.TELEGRAM_CHAT_ID, msg)
    ~~~~~~~~~~~~^^^^^^^^^^^^^^^^^^^^^^^^^^^^^^^^^^^^^^^^^^^
  File "C:\Users\lathe\sepa-signals\sepa\alerter.py", line 156, in send
    r = requests.post(f"https://api.telegram.org/bot{token}/sendMessage",
                      data={"chat_id": chat_id, "text": text, "parse_mode": "Markdown"},
                      timeout=30)
  File "C:\Users\lathe\sepa-signals\.venv\Lib\site-packages\requests\api.py", line 134, in post
    return request("post", url, data=data, json=json, **kwargs)
  File "C:\Users\lathe\sepa-signals\.venv\Lib\site-packages\requests\api.py", line 71, in request
    return session.request(method=method, url=url, **kwargs)
           ~~~~~~~~~~~~~~~^^^^^^^^^^^^^^^^^^^^^^^^^^^^^^^^^^
  File "C:\Users\lathe\sepa-signals\.venv\Lib\site-packages\requests\sessions.py", line 651, in request
    resp = self.send(prep, **send_kwargs)
  File "C:\Users\lathe\sepa-signals\.venv\Lib\site-packages\requests\sessions.py", line 784, in send
    r = adapter.send(request, **kwargs)
  File "C:\Users\lathe\sepa-signals\.venv\Lib\site-packages\requests\adapters.py", line 742, in send
    raise ReadTimeout(e, request=request)
requests.exceptions.ReadTimeout: HTTPSConnectionPool(host='api.telegram.org', port=443): Read timed out. (read timeout=30)
2026-06-28 17:30:38 INFO    sepa.intraday  intraday alert APPS: stage2 TT6/8 dir=ok stale=no vol=1.94x
2026-06-28 17:30:44 INFO    sepa.intraday  intraday alert CNS: stage2 TT7/8 dir=ok stale=no vol=2.24x
2026-06-28 17:30:46 INFO    sepa.intraday  intraday alert CRI: stage2 TT7/8 dir=ok stale=no vol=1.99x
2026-06-28 17:30:46 ERROR   yfinance  $CURLF: possibly delisted; no price data found  (period=1d)
2026-06-28 17:30:46 ERROR   sepa.intraday  intraday CURLF: unhandled error
Traceback (most recent call last):
  File "C:\Users\lathe\sepa-signals\sepa\run_intraday.py", line 166, in run_scan
    live_price, live_volume = get_live_quote(t)
                              ~~~~~~~~~~~~~~^^^
  File "C:\Users\lathe\sepa-signals\sepa\run_intraday.py", line 85, in get_live_quote
    raise ValueError(f"no intraday bars for {ticker}")
ValueError: no intraday bars for CURLF
2026-06-28 17:30:47 ERROR   yfinance  $CWAN: possibly delisted; no price data found  (period=1d)
2026-06-28 17:30:47 ERROR   sepa.intraday  intraday CWAN: unhandled error
Traceback (most recent call last):
  File "C:\Users\lathe\sepa-signals\sepa\run_intraday.py", line 166, in run_scan
    live_price, live_volume = get_live_quote(t)
                              ~~~~~~~~~~~~~~^^^
  File "C:\Users\lathe\sepa-signals\sepa\run_intraday.py", line 85, in get_live_quote
    raise ValueError(f"no intraday bars for {ticker}")
ValueError: no intraday bars for CWAN
2026-06-28 17:30:50 INFO    sepa.intraday  intraday alert ESS: stage2 TT6/8 dir=ok stale=no vol=1.71x
2026-06-28 17:30:58 ERROR   yfinance  $KALV: possibly delisted; no price data found  (period=1d)
2026-06-28 17:30:58 ERROR   sepa.intraday  intraday KALV: unhandled error
Traceback (most recent call last):
  File "C:\Users\lathe\sepa-signals\sepa\run_intraday.py", line 166, in run_scan
    live_price, live_volume = get_live_quote(t)
                              ~~~~~~~~~~~~~~^^^
  File "C:\Users\lathe\sepa-signals\sepa\run_intraday.py", line 85, in get_live_quote
    raise ValueError(f"no intraday bars for {ticker}")
ValueError: no intraday bars for KALV
2026-06-28 17:30:59 INFO    sepa.intraday  intraday alert KOF: stage2 TT7/8 dir=ok stale=no vol=3.04x
2026-06-28 17:31:13 INFO    sepa.intraday  intraday alert SILA: stage2 TT7/8 dir=ok stale=no vol=2.85x
2026-06-28 17:31:17 ERROR   yfinance  $TCNNF: possibly delisted; no price data found  (period=1d)
2026-06-28 17:31:17 ERROR   sepa.intraday  intraday TCNNF: unhandled error
Traceback (most recent call last):
  File "C:\Users\lathe\sepa-signals\sepa\run_intraday.py", line 166, in run_scan
    live_price, live_volume = get_live_quote(t)
                              ~~~~~~~~~~~~~~^^^
  File "C:\Users\lathe\sepa-signals\sepa\run_intraday.py", line 85, in get_live_quote
    raise ValueError(f"no intraday bars for {ticker}")
ValueError: no intraday bars for TCNNF
2026-06-28 17:31:24 INFO    sepa.intraday  intraday complete: 6 alerts sent
