2026-06-22 14:45:01 INFO    sepa  log file: C:\Users\lathe\sepa-signals\data\logs\2026-06-22\14-45-01-intraday\sepa.log
2026-06-22 14:45:01 INFO    sepa.intraday  intraday scan: 703 tickers in ['Buy Alert', 'Momentum', 'Potential Buy', 'Watch']
2026-06-22 14:45:12 WARNING sepa.intraday  intraday MU: float() argument must be a string or a real number, not 'Series'
2026-06-22 14:45:13 ERROR   yfinance  $AMD: possibly delisted; no price data found  (period=1d)
2026-06-22 14:45:13 ERROR   yfinance  
1 Failed download:
2026-06-22 14:45:13 ERROR   yfinance  ['AMD']: possibly delisted; no price data found  (period=1d)
2026-06-22 14:45:13 WARNING sepa.intraday  intraday INTC: float() argument must be a string or a real number, not 'Series'
2026-06-22 14:45:13 WARNING sepa.intraday  intraday UNH: float() argument must be a string or a real number, not 'Series'
2026-06-22 14:45:14 WARNING sepa.intraday  intraday PANW: float() argument must be a string or a real number, not 'Series'
2026-06-22 14:45:14 WARNING sepa.intraday  intraday QCOM: float() argument must be a string or a real number, not 'Series'
2026-06-22 14:45:14 WARNING sepa.intraday  intraday STX: float() argument must be a string or a real number, not 'Series'
2026-06-22 14:45:14 WARNING sepa.intraday  intraday APH: float() argument must be a string or a real number, not 'Series'
2026-06-22 14:45:15 WARNING sepa.intraday  intraday SAN: float() argument must be a string or a real number, not 'Series'
2026-06-22 14:45:15 WARNING sepa.intraday  intraday CRWD: float() argument must be a string or a real number, not 'Series'
2026-06-22 14:45:15 WARNING sepa.intraday  intraday ATEYY: float() argument must be a string or a real number, not 'Series'
2026-06-22 14:45:16 WARNING sepa.intraday  intraday FCX: float() argument must be a string or a real number, not 'Series'
2026-06-22 14:45:16 WARNING sepa.intraday  intraday DDOG: float() argument must be a string or a real number, not 'Series'
2026-06-22 14:45:16 WARNING sepa.intraday  intraday RKLB: float() argument must be a string or a real number, not 'Series'
2026-06-22 14:45:17 WARNING sepa.intraday  intraday URI: float() argument must be a string or a real number, not 'Series'
2026-06-22 14:45:17 WARNING sepa.intraday  intraday ALAB: float() argument must be a string or a real number, not 'Series'
2026-06-22 14:45:17 WARNING sepa.intraday  intraday HPE: float() argument must be a string or a real number, not 'Series'
2026-06-22 14:45:17 WARNING sepa.intraday  intraday NBIS: float() argument must be a string or a real number, not 'Series'
2026-06-22 14:45:18 WARNING sepa.intraday  intraday ARGX: float() argument must be a string or a real number, not 'Series'
2026-06-22 14:45:18 WARNING sepa.intraday  intraday DAL: float() argument must be a string or a real number, not 'Series'
2026-06-22 14:45:18 WARNING sepa.intraday  intraday CRDO: float() argument must be a string or a real number, not 'Series'
2026-06-22 14:45:19 WARNING sepa.intraday  intraday ON: float() argument must be a string or a real number, not 'Series'
2026-06-22 14:45:19 WARNING sepa.intraday  intraday GFS: float() argument must be a string or a real number, not 'Series'
2026-06-22 14:45:19 WARNING sepa.intraday  intraday HUM: float() argument must be a string or a real number, not 'Series'
2026-06-22 14:45:20 WARNING sepa.intraday  intraday CLS: float() argument must be a string or a real number, not 'Series'
2026-06-22 14:45:20 WARNING sepa.intraday  intraday UAL: float() argument must be a string or a real number, not 'Series'
2026-06-22 14:45:20 WARNING sepa.intraday  intraday TWLO: float() argument must be a string or a real number, not 'Series'
2026-06-22 14:45:20 WARNING sepa.intraday  intraday CNC: float() argument must be a string or a real number, not 'Series'
2026-06-22 14:45:21 WARNING sepa.intraday  intraday TECK: float() argument must be a string or a real number, not 'Series'
2026-06-22 14:45:21 WARNING sepa.intraday  intraday TSEM: float() argument must be a string or a real number, not 'Series'
2026-06-22 14:45:21 WARNING sepa.intraday  intraday FSLR: float() argument must be a string or a real number, not 'Series'
2026-06-22 14:45:22 WARNING sepa.intraday  intraday MDB: float() argument must be a string or a real number, not 'Series'
2026-06-22 14:45:22 WARNING sepa.intraday  intraday ILMN: float() argument must be a string or a real number, not 'Series'
2026-06-22 14:45:22 WARNING sepa.intraday  intraday FTAI: float() argument must be a string or a real number, not 'Series'
2026-06-22 14:45:22 WARNING sepa.intraday  intraday WST: float() argument must be a string or a real number, not 'Series'
2026-06-22 14:45:23 WARNING sepa.intraday  intraday UTHR: float() argument must be a string or a real number, not 'Series'
2026-06-22 14:45:23 WARNING sepa.intraday  intraday CHRW: float() argument must be a string or a real number, not 'Series'
2026-06-22 14:45:23 WARNING sepa.intraday  intraday FFIV: float() argument must be a string or a real number, not 'Series'
2026-06-22 14:45:24 WARNING sepa.intraday  intraday IONQ: float() argument must be a string or a real number, not 'Series'
2026-06-22 14:45:24 WARNING sepa.intraday  intraday FN: float() argument must be a string or a real number, not 'Series'
2026-06-22 14:45:24 WARNING sepa.intraday  intraday IREN: float() argument must be a string or a real number, not 'Series'
2026-06-22 14:45:25 WARNING sepa.intraday  intraday TTMI: float() argument must be a string or a real number, not 'Series'
2026-06-22 14:45:25 WARNING sepa.intraday  intraday SN: float() argument must be a string or a real number, not 'Series'
2026-06-22 14:45:25 WARNING sepa.intraday  intraday SITM: float() argument must be a string or a real number, not 'Series'
2026-06-22 14:45:26 WARNING sepa.intraday  intraday H: float() argument must be a string or a real number, not 'Series'
2026-06-22 14:45:26 WARNING sepa.intraday  intraday CX: float() argument must be a string or a real number, not 'Series'
2026-06-22 14:45:26 WARNING sepa.intraday  intraday DOCN: float() argument must be a string or a real number, not 'Series'
2026-06-22 14:45:26 WARNING sepa.intraday  intraday ROKU: float() argument must be a string or a real number, not 'Series'
2026-06-22 14:45:27 WARNING sepa.intraday  intraday GH: float() argument must be a string or a real number, not 'Series'
2026-06-22 14:45:27 WARNING sepa.intraday  intraday BEN: float() argument must be a string or a real number, not 'Series'
2026-06-22 14:45:27 WARNING sepa.intraday  intraday MLI: float() argument must be a string or a real number, not 'Series'
2026-06-22 14:45:28 WARNING sepa.intraday  intraday MOD: float() argument must be a string or a real number, not 'Series'
2026-06-22 14:45:28 WARNING sepa.intraday  intraday AAOI: float() argument must be a string or a real number, not 'Series'
2026-06-22 14:45:28 WARNING sepa.intraday  intraday EVR: float() argument must be a string or a real number, not 'Series'
2026-06-22 14:45:29 WARNING sepa.intraday  intraday VICR: float() argument must be a string or a real number, not 'Series'
2026-06-22 14:45:29 WARNING sepa.intraday  intraday KNX: float() argument must be a string or a real number, not 'Series'
2026-06-22 14:45:29 WARNING sepa.intraday  intraday SANM: float() argument must be a string or a real number, not 'Series'
2026-06-22 14:45:29 WARNING sepa.intraday  intraday HUT: float() argument must be a string or a real number, not 'Series'
2026-06-22 14:45:30 WARNING sepa.intraday  intraday DVA: float() argument must be a string or a real number, not 'Series'
2026-06-22 14:45:30 WARNING sepa.intraday  intraday GLXY: float() argument must be a string or a real number, not 'Series'
2026-06-22 14:45:31 WARNING sepa.intraday  intraday SAIA: float() argument must be a string or a real number, not 'Series'
2026-06-22 14:45:31 WARNING sepa.intraday  intraday WULF: float() argument must be a string or a real number, not 'Series'
2026-06-22 14:45:31 WARNING sepa.intraday  intraday PL: float() argument must be a string or a real number, not 'Series'
2026-06-22 14:45:31 WARNING sepa.intraday  intraday APLD: float() argument must be a string or a real number, not 'Series'
2026-06-22 14:45:32 WARNING sepa.intraday  intraday ARW: float() argument must be a string or a real number, not 'Series'
2026-06-22 14:45:32 WARNING sepa.intraday  intraday HBM: float() argument must be a string or a real number, not 'Series'
2026-06-22 14:45:32 WARNING sepa.intraday  intraday AAON: float() argument must be a string or a real number, not 'Series'
2026-06-22 14:45:33 WARNING sepa.intraday  intraday ARWR: float() argument must be a string or a real number, not 'Series'
2026-06-22 14:45:33 WARNING sepa.intraday  intraday GSAT: float() argument must be a string or a real number, not 'Series'
2026-06-22 14:45:33 WARNING sepa.intraday  intraday FORM: float() argument must be a string or a real number, not 'Series'
2026-06-22 14:45:33 WARNING sepa.intraday  intraday RIOT: float() argument must be a string or a real number, not 'Series'
2026-06-22 14:45:34 WARNING sepa.intraday  intraday AAL: float() argument must be a string or a real number, not 'Series'
2026-06-22 14:45:34 WARNING sepa.intraday  intraday FROG: float() argument must be a string or a real number, not 'Series'
2026-06-22 14:45:34 WARNING sepa.intraday  intraday CYTK: float() argument must be a string or a real number, not 'Series'
2026-06-22 14:45:35 WARNING sepa.intraday  intraday GGAL: float() argument must be a string or a real number, not 'Series'
2026-06-22 14:45:35 WARNING sepa.intraday  intraday LEVI: float() argument must be a string or a real number, not 'Series'
2026-06-22 14:45:35 WARNING sepa.intraday  intraday SIMO: float() argument must be a string or a real number, not 'Series'
2026-06-22 14:45:35 WARNING sepa.intraday  intraday CIFR: float() argument must be a string or a real number, not 'Series'
2026-06-22 14:45:36 WARNING sepa.intraday  intraday QBTS: float() argument must be a string or a real number, not 'Series'
2026-06-22 14:45:36 WARNING sepa.intraday  intraday OSCR: float() argument must be a string or a real number, not 'Series'
2026-06-22 14:45:36 WARNING sepa.intraday  intraday CORZ: float() argument must be a string or a real number, not 'Series'
2026-06-22 14:45:37 WARNING sepa.intraday  intraday SSL: float() argument must be a string or a real number, not 'Series'
2026-06-22 14:45:37 WARNING sepa.intraday  intraday BRKR: float() argument must be a string or a real number, not 'Series'
2026-06-22 14:45:37 WARNING sepa.intraday  intraday ESE: float() argument must be a string or a real number, not 'Series'
2026-06-22 14:45:37 WARNING sepa.intraday  intraday CLF: float() argument must be a string or a real number, not 'Series'
2026-06-22 14:45:38 WARNING sepa.intraday  intraday LSTR: float() argument must be a string or a real number, not 'Series'
2026-06-22 14:45:38 WARNING sepa.intraday  intraday ALKS: float() argument must be a string or a real number, not 'Series'
2026-06-22 14:45:38 WARNING sepa.intraday  intraday HXL: float() argument must be a string or a real number, not 'Series'
2026-06-22 14:45:38 WARNING sepa.intraday  intraday MXL: float() argument must be a string or a real number, not 'Series'
2026-06-22 14:45:39 WARNING sepa.intraday  intraday SEI: float() argument must be a string or a real number, not 'Series'
2026-06-22 14:45:39 WARNING sepa.intraday  intraday NPO: float() argument must be a string or a real number, not 'Series'
2026-06-22 14:45:39 WARNING sepa.intraday  intraday RSI: float() argument must be a string or a real number, not 'Series'
2026-06-22 14:45:40 WARNING sepa.intraday  intraday CAR: float() argument must be a string or a real number, not 'Series'
2026-06-22 14:45:40 WARNING sepa.intraday  intraday HPP: float() argument must be a string or a real number, not 'Series'
2026-06-22 14:45:40 WARNING sepa.intraday  intraday SNDR: float() argument must be a string or a real number, not 'Series'
2026-06-22 14:45:40 WARNING sepa.intraday  intraday APGE: float() argument must be a string or a real number, not 'Series'
2026-06-22 14:45:41 WARNING sepa.intraday  intraday M: float() argument must be a string or a real number, not 'Series'
2026-06-22 14:45:41 WARNING sepa.intraday  intraday LQDA: float() argument must be a string or a real number, not 'Series'
2026-06-22 14:45:41 WARNING sepa.intraday  intraday ACMR: float() argument must be a string or a real number, not 'Series'
2026-06-22 14:45:42 WARNING sepa.intraday  intraday VSXY: float() argument must be a string or a real number, not 'Series'
2026-06-22 14:45:42 WARNING sepa.intraday  intraday GTX: float() argument must be a string or a real number, not 'Series'
2026-06-22 14:45:42 WARNING sepa.intraday  intraday CROX: float() argument must be a string or a real number, not 'Series'
2026-06-22 14:45:42 ERROR   yfinance  $MIRM: possibly delisted; no price data found  (period=1d)
2026-06-22 14:45:42 ERROR   yfinance  
1 Failed download:
2026-06-22 14:45:42 ERROR   yfinance  ['MIRM']: possibly delisted; no price data found  (period=1d)
2026-06-22 14:45:43 WARNING sepa.intraday  intraday MATX: float() argument must be a string or a real number, not 'Series'
2026-06-22 14:45:43 WARNING sepa.intraday  intraday PRM: float() argument must be a string or a real number, not 'Series'
2026-06-22 14:45:43 WARNING sepa.intraday  intraday AXTI: float() argument must be a string or a real number, not 'Series'
2026-06-22 14:45:44 WARNING sepa.intraday  intraday PACS: float() argument must be a string or a real number, not 'Series'
2026-06-22 14:45:44 WARNING sepa.intraday  intraday IRDM: float() argument must be a string or a real number, not 'Series'
2026-06-22 14:45:44 WARNING sepa.intraday  intraday SYNA: float() argument must be a string or a real number, not 'Series'
2026-06-22 14:45:45 WARNING sepa.intraday  intraday ACLS: float() argument must be a string or a real number, not 'Series'
2026-06-22 14:45:45 WARNING sepa.intraday  intraday AIR: float() argument must be a string or a real number, not 'Series'
2026-06-22 14:45:45 WARNING sepa.intraday  intraday HNGE: float() argument must be a string or a real number, not 'Series'
2026-06-22 14:45:45 WARNING sepa.intraday  intraday HCC: float() argument must be a string or a real number, not 'Series'
2026-06-22 14:45:46 WARNING sepa.intraday  intraday WSC: float() argument must be a string or a real number, not 'Series'
2026-06-22 14:45:46 WARNING sepa.intraday  intraday LUNR: float() argument must be a string or a real number, not 'Series'
2026-06-22 14:45:46 WARNING sepa.intraday  intraday HRI: float() argument must be a string or a real number, not 'Series'
2026-06-22 14:45:46 WARNING sepa.intraday  intraday XMTR: float() argument must be a string or a real number, not 'Series'
2026-06-22 14:45:47 WARNING sepa.intraday  intraday ENVA: float() argument must be a string or a real number, not 'Series'
2026-06-22 14:45:47 WARNING sepa.intraday  intraday RXO: float() argument must be a string or a real number, not 'Series'
2026-06-22 14:45:47 WARNING sepa.intraday  intraday LBRT: float() argument must be a string or a real number, not 'Series'
2026-06-22 14:45:48 WARNING sepa.intraday  intraday MRX: float() argument must be a string or a real number, not 'Series'
2026-06-22 14:45:48 WARNING sepa.intraday  intraday TVTX: float() argument must be a string or a real number, not 'Series'
2026-06-22 14:45:48 WARNING sepa.intraday  intraday COCO: float() argument must be a string or a real number, not 'Series'
2026-06-22 14:45:49 WARNING sepa.intraday  intraday FLNC: float() argument must be a string or a real number, not 'Series'
2026-06-22 14:45:49 WARNING sepa.intraday  intraday LIVN: float() argument must be a string or a real number, not 'Series'
2026-06-22 14:45:49 WARNING sepa.intraday  intraday VECO: float() argument must be a string or a real number, not 'Series'
2026-06-22 14:45:50 WARNING sepa.intraday  intraday ERAS: float() argument must be a string or a real number, not 'Series'
2026-06-22 14:45:50 WARNING sepa.intraday  intraday CMBT: float() argument must be a string or a real number, not 'Series'
2026-06-22 14:45:50 WARNING sepa.intraday  intraday SEZL: float() argument must be a string or a real number, not 'Series'
2026-06-22 14:45:51 WARNING sepa.intraday  intraday BBAR: float() argument must be a string or a real number, not 'Series'
2026-06-22 14:45:51 WARNING sepa.intraday  intraday ORKA: float() argument must be a string or a real number, not 'Series'
2026-06-22 14:45:52 WARNING sepa.intraday  intraday BFH: float() argument must be a string or a real number, not 'Series'
2026-06-22 14:45:52 WARNING sepa.intraday  intraday LION: float() argument must be a string or a real number, not 'Series'
2026-06-22 14:45:52 WARNING sepa.intraday  intraday ZGN: float() argument must be a string or a real number, not 'Series'
2026-06-22 14:45:53 WARNING sepa.intraday  intraday PII: float() argument must be a string or a real number, not 'Series'
2026-06-22 14:45:53 WARNING sepa.intraday  intraday YETI: float() argument must be a string or a real number, not 'Series'
2026-06-22 14:45:54 WARNING sepa.intraday  intraday APLE: float() argument must be a string or a real number, not 'Series'
2026-06-22 14:45:54 WARNING sepa.intraday  intraday GEO: float() argument must be a string or a real number, not 'Series'
2026-06-22 14:45:54 WARNING sepa.intraday  intraday VCYT: float() argument must be a string or a real number, not 'Series'
2026-06-22 14:45:55 WARNING sepa.intraday  intraday TXG: float() argument must be a string or a real number, not 'Series'
2026-06-22 14:45:55 WARNING sepa.intraday  intraday DAVE: float() argument must be a string or a real number, not 'Series'
2026-06-22 14:45:55 WARNING sepa.intraday  intraday SEDG: float() argument must be a string or a real number, not 'Series'
2026-06-22 14:45:56 WARNING sepa.intraday  intraday OGN: float() argument must be a string or a real number, not 'Series'
2026-06-22 14:45:56 WARNING sepa.intraday  intraday CECO: float() argument must be a string or a real number, not 'Series'
2026-06-22 14:45:56 WARNING sepa.intraday  intraday INOD: float() argument must be a string or a real number, not 'Series'
2026-06-22 14:45:57 WARNING sepa.intraday  intraday PENG: float() argument must be a string or a real number, not 'Series'
2026-06-22 14:45:57 WARNING sepa.intraday  intraday VAC: float() argument must be a string or a real number, not 'Series'
2026-06-22 14:45:57 WARNING sepa.intraday  intraday KYIV: float() argument must be a string or a real number, not 'Series'
2026-06-22 14:45:57 WARNING sepa.intraday  intraday HIMX: float() argument must be a string or a real number, not 'Series'
2026-06-22 14:45:58 WARNING sepa.intraday  intraday KALU: float() argument must be a string or a real number, not 'Series'
2026-06-22 14:45:58 WARNING sepa.intraday  intraday ARQT: float() argument must be a string or a real number, not 'Series'
2026-06-22 14:45:58 WARNING sepa.intraday  intraday BEAM: float() argument must be a string or a real number, not 'Series'
2026-06-22 14:45:58 WARNING sepa.intraday  intraday UNIT: float() argument must be a string or a real number, not 'Series'
2026-06-22 14:45:59 WARNING sepa.intraday  intraday CLMT: float() argument must be a string or a real number, not 'Series'
2026-06-22 14:45:59 ERROR   yfinance  $PHIN: possibly delisted; no price data found  (period=1d)
2026-06-22 14:45:59 ERROR   yfinance  
1 Failed download:
2026-06-22 14:45:59 ERROR   yfinance  ['PHIN']: possibly delisted; no price data found  (period=1d)
2026-06-22 14:45:59 WARNING sepa.intraday  intraday UNFI: float() argument must be a string or a real number, not 'Series'
2026-06-22 14:45:59 WARNING sepa.intraday  intraday ADPT: float() argument must be a string or a real number, not 'Series'
2026-06-22 14:45:59 WARNING sepa.intraday  intraday FSLY: float() argument must be a string or a real number, not 'Series'
2026-06-22 14:46:00 WARNING sepa.intraday  intraday RCUS: float() argument must be a string or a real number, not 'Series'
2026-06-22 14:46:00 WARNING sepa.intraday  intraday DK: float() argument must be a string or a real number, not 'Series'
2026-06-22 14:46:00 WARNING sepa.intraday  intraday ERO: float() argument must be a string or a real number, not 'Series'
2026-06-22 14:46:00 WARNING sepa.intraday  intraday VISN: float() argument must be a string or a real number, not 'Series'
2026-06-22 14:46:01 WARNING sepa.intraday  intraday PENN: float() argument must be a string or a real number, not 'Series'
2026-06-22 14:46:01 WARNING sepa.intraday  intraday GRDN: float() argument must be a string or a real number, not 'Series'
2026-06-22 14:46:01 WARNING sepa.intraday  intraday PDFS: float() argument must be a string or a real number, not 'Series'
2026-06-22 14:46:02 WARNING sepa.intraday  intraday WERN: float() argument must be a string or a real number, not 'Series'
2026-06-22 14:46:02 WARNING sepa.intraday  intraday DXPE: float() argument must be a string or a real number, not 'Series'
2026-06-22 14:46:02 WARNING sepa.intraday  intraday WTTR: float() argument must be a string or a real number, not 'Series'
2026-06-22 14:46:02 WARNING sepa.intraday  intraday TSAT: float() argument must be a string or a real number, not 'Series'
2026-06-22 14:46:03 WARNING sepa.intraday  intraday OUST: float() argument must be a string or a real number, not 'Series'
2026-06-22 14:46:03 WARNING sepa.intraday  intraday NESR: float() argument must be a string or a real number, not 'Series'
2026-06-22 14:46:03 WARNING sepa.intraday  intraday AYA: float() argument must be a string or a real number, not 'Series'
2026-06-22 14:46:04 WARNING sepa.intraday  intraday CHRN: float() argument must be a string or a real number, not 'Series'
2026-06-22 14:46:04 WARNING sepa.intraday  intraday CTOS: float() argument must be a string or a real number, not 'Series'
2026-06-22 14:46:04 WARNING sepa.intraday  intraday BW: float() argument must be a string or a real number, not 'Series'
2026-06-22 14:46:04 WARNING sepa.intraday  intraday ALGT: float() argument must be a string or a real number, not 'Series'
2026-06-22 14:46:05 WARNING sepa.intraday  intraday AXGN: float() argument must be a string or a real number, not 'Series'
2026-06-22 14:46:05 WARNING sepa.intraday  intraday WS: float() argument must be a string or a real number, not 'Series'
2026-06-22 14:46:05 WARNING sepa.intraday  intraday GRC: float() argument must be a string or a real number, not 'Series'
2026-06-22 14:46:05 WARNING sepa.intraday  intraday KOD: float() argument must be a string or a real number, not 'Series'
2026-06-22 14:46:06 WARNING sepa.intraday  intraday PGNY: float() argument must be a string or a real number, not 'Series'
2026-06-22 14:46:06 WARNING sepa.intraday  intraday MD: float() argument must be a string or a real number, not 'Series'
2026-06-22 14:46:06 WARNING sepa.intraday  intraday ASTH: float() argument must be a string or a real number, not 'Series'
2026-06-22 14:46:06 WARNING sepa.intraday  intraday AGL: float() argument must be a string or a real number, not 'Series'
2026-06-22 14:46:07 WARNING sepa.intraday  intraday TRVI: float() argument must be a string or a real number, not 'Series'
2026-06-22 14:46:07 WARNING sepa.intraday  intraday PLPC: float() argument must be a string or a real number, not 'Series'
2026-06-22 14:46:07 WARNING sepa.intraday  intraday TILE: float() argument must be a string or a real number, not 'Series'
2026-06-22 14:46:08 WARNING sepa.intraday  intraday MBX: float() argument must be a string or a real number, not 'Series'
2026-06-22 14:46:08 WARNING sepa.intraday  intraday TH: float() argument must be a string or a real number, not 'Series'
2026-06-22 14:46:08 WARNING sepa.intraday  intraday AIP: float() argument must be a string or a real number, not 'Series'
2026-06-22 14:46:09 WARNING sepa.intraday  intraday RAPP: float() argument must be a string or a real number, not 'Series'
2026-06-22 14:46:09 WARNING sepa.intraday  intraday FTRE: float() argument must be a string or a real number, not 'Series'
2026-06-22 14:46:09 WARNING sepa.intraday  intraday ANAB: float() argument must be a string or a real number, not 'Series'
2026-06-22 14:46:10 WARNING sepa.intraday  intraday LWLG: float() argument must be a string or a real number, not 'Series'
2026-06-22 14:46:10 WARNING sepa.intraday  intraday TTI: float() argument must be a string or a real number, not 'Series'
2026-06-22 14:46:10 WARNING sepa.intraday  intraday CMPS: float() argument must be a string or a real number, not 'Series'
2026-06-22 14:46:10 WARNING sepa.intraday  intraday RYZ: float() argument must be a string or a real number, not 'Series'
2026-06-22 14:46:11 WARNING sepa.intraday  intraday PVLA: float() argument must be a string or a real number, not 'Series'
2026-06-22 14:46:11 WARNING sepa.intraday  intraday GIII: float() argument must be a string or a real number, not 'Series'
2026-06-22 14:46:11 WARNING sepa.intraday  intraday NEO: float() argument must be a string or a real number, not 'Series'
2026-06-22 14:46:12 WARNING sepa.intraday  intraday STAA: float() argument must be a string or a real number, not 'Series'
2026-06-22 14:46:12 WARNING sepa.intraday  intraday URGN: float() argument must be a string or a real number, not 'Series'
2026-06-22 14:46:12 WARNING sepa.intraday  intraday GHRS: float() argument must be a string or a real number, not 'Series'
2026-06-22 14:46:13 WARNING sepa.intraday  intraday BCAX: float() argument must be a string or a real number, not 'Series'
2026-06-22 14:46:13 WARNING sepa.intraday  intraday INBX: float() argument must be a string or a real number, not 'Series'
2026-06-22 14:46:13 WARNING sepa.intraday  intraday IART: float() argument must be a string or a real number, not 'Series'
2026-06-22 14:46:14 WARNING sepa.intraday  intraday ATLC: float() argument must be a string or a real number, not 'Series'
2026-06-22 14:46:14 WARNING sepa.intraday  intraday AOSL: float() argument must be a string or a real number, not 'Series'
2026-06-22 14:46:14 WARNING sepa.intraday  intraday CMP: float() argument must be a string or a real number, not 'Series'
2026-06-22 14:46:15 WARNING sepa.intraday  intraday CEVA: float() argument must be a string or a real number, not 'Series'
2026-06-22 14:46:15 WARNING sepa.intraday  intraday UMAC: float() argument must be a string or a real number, not 'Series'
2026-06-22 14:46:15 WARNING sepa.intraday  intraday FCEL: float() argument must be a string or a real number, not 'Series'
2026-06-22 14:46:15 WARNING sepa.intraday  intraday GLASF: float() argument must be a string or a real number, not 'Series'
2026-06-22 14:46:16 WARNING sepa.intraday  intraday BJRI: float() argument must be a string or a real number, not 'Series'
2026-06-22 14:46:16 WARNING sepa.intraday  intraday PLOW: float() argument must be a string or a real number, not 'Series'
2026-06-22 14:46:16 WARNING sepa.intraday  intraday NUTX: float() argument must be a string or a real number, not 'Series'
2026-06-22 14:46:16 WARNING sepa.intraday  intraday LPTH: float() argument must be a string or a real number, not 'Series'
2026-06-22 14:46:16 WARNING sepa.intraday  intraday VELO: float() argument must be a string or a real number, not 'Series'
2026-06-22 14:46:16 WARNING sepa.intraday  intraday MEC: float() argument must be a string or a real number, not 'Series'
2026-06-22 14:46:17 WARNING sepa.intraday  intraday KFRC: float() argument must be a string or a real number, not 'Series'
2026-06-22 14:46:17 WARNING sepa.intraday  intraday ETON: float() argument must be a string or a real number, not 'Series'
2026-06-22 14:46:17 WARNING sepa.intraday  intraday FTK: float() argument must be a string or a real number, not 'Series'
2026-06-22 14:46:17 WARNING sepa.intraday  intraday ALOY: float() argument must be a string or a real number, not 'Series'
2026-06-22 14:46:18 WARNING sepa.intraday  intraday FEIM: float() argument must be a string or a real number, not 'Series'
2026-06-22 14:46:18 WARNING sepa.intraday  intraday CODI: float() argument must be a string or a real number, not 'Series'
2026-06-22 14:46:18 WARNING sepa.intraday  intraday ANRO: float() argument must be a string or a real number, not 'Series'
2026-06-22 14:46:18 WARNING sepa.intraday  intraday BALY: float() argument must be a string or a real number, not 'Series'
2026-06-22 14:46:19 WARNING sepa.intraday  intraday CYRX: float() argument must be a string or a real number, not 'Series'
2026-06-22 14:46:19 WARNING sepa.intraday  intraday HELE: float() argument must be a string or a real number, not 'Series'
2026-06-22 14:46:19 WARNING sepa.intraday  intraday ANL: float() argument must be a string or a real number, not 'Series'
2026-06-22 14:46:19 WARNING sepa.intraday  intraday CCSI: float() argument must be a string or a real number, not 'Series'
2026-06-22 14:46:20 WARNING sepa.intraday  intraday TCMD: float() argument must be a string or a real number, not 'Series'
2026-06-22 14:46:20 WARNING sepa.intraday  intraday BWAY: float() argument must be a string or a real number, not 'Series'
2026-06-22 14:46:20 WARNING sepa.intraday  intraday ORN: float() argument must be a string or a real number, not 'Series'
2026-06-22 14:46:20 WARNING sepa.intraday  intraday MRAM: float() argument must be a string or a real number, not 'Series'
2026-06-22 14:46:21 WARNING sepa.intraday  intraday XOMA: float() argument must be a string or a real number, not 'Series'
2026-06-22 14:46:21 WARNING sepa.intraday  intraday ADUR: float() argument must be a string or a real number, not 'Series'
2026-06-22 14:46:21 WARNING sepa.intraday  intraday CBIO: float() argument must be a string or a real number, not 'Series'
2026-06-22 14:46:21 WARNING sepa.intraday  intraday CRNC: float() argument must be a string or a real number, not 'Series'
2026-06-22 14:46:22 WARNING sepa.intraday  intraday LXFR: float() argument must be a string or a real number, not 'Series'
2026-06-22 14:46:22 WARNING sepa.intraday  intraday STRZ: float() argument must be a string or a real number, not 'Series'
2026-06-22 14:46:22 WARNING sepa.intraday  intraday NGNE: float() argument must be a string or a real number, not 'Series'
2026-06-22 14:46:22 WARNING sepa.intraday  intraday ALMU: float() argument must be a string or a real number, not 'Series'
2026-06-22 14:46:23 WARNING sepa.intraday  intraday MEI: float() argument must be a string or a real number, not 'Series'
2026-06-22 14:46:23 WARNING sepa.intraday  intraday TBRG: float() argument must be a string or a real number, not 'Series'
2026-06-22 14:46:23 WARNING sepa.intraday  intraday ASYS: float() argument must be a string or a real number, not 'Series'
2026-06-22 14:46:23 WARNING sepa.intraday  intraday QUIK: float() argument must be a string or a real number, not 'Series'
2026-06-22 14:46:24 WARNING sepa.intraday  intraday SVCO: float() argument must be a string or a real number, not 'Series'
2026-06-22 14:46:24 WARNING sepa.intraday  intraday DUOT: float() argument must be a string or a real number, not 'Series'
2026-06-22 14:46:24 WARNING sepa.intraday  intraday PRE: float() argument must be a string or a real number, not 'Series'
2026-06-22 14:46:24 ERROR   yfinance  $GLSI: possibly delisted; no price data found  (period=1d)
2026-06-22 14:46:24 ERROR   yfinance  
1 Failed download:
2026-06-22 14:46:24 ERROR   yfinance  ['GLSI']: possibly delisted; no price data found  (period=1d)
2026-06-22 14:46:25 WARNING sepa.intraday  intraday ELMD: float() argument must be a string or a real number, not 'Series'
2026-06-22 14:46:25 WARNING sepa.intraday  intraday ESOA: float() argument must be a string or a real number, not 'Series'
2026-06-22 14:46:25 ERROR   yfinance  $RCKY: possibly delisted; no price data found  (period=1d)
2026-06-22 14:46:25 ERROR   yfinance  
1 Failed download:
2026-06-22 14:46:25 ERROR   yfinance  ['RCKY']: possibly delisted; no price data found  (period=1d)
2026-06-22 14:46:26 WARNING sepa.intraday  intraday FC: float() argument must be a string or a real number, not 'Series'
2026-06-22 14:46:26 WARNING sepa.intraday  intraday RFIL: float() argument must be a string or a real number, not 'Series'
2026-06-22 14:46:26 WARNING sepa.intraday  intraday QMCO: float() argument must be a string or a real number, not 'Series'
2026-06-22 14:46:26 WARNING sepa.intraday  intraday BDSX: float() argument must be a string or a real number, not 'Series'
2026-06-22 14:46:26 WARNING sepa.intraday  intraday TRT: float() argument must be a string or a real number, not 'Series'
2026-06-22 14:46:27 WARNING sepa.intraday  intraday TZOO: float() argument must be a string or a real number, not 'Series'
2026-06-22 14:46:27 WARNING sepa.intraday  intraday SILC: float() argument must be a string or a real number, not 'Series'
2026-06-22 14:46:27 WARNING sepa.intraday  intraday VATE: float() argument must be a string or a real number, not 'Series'
2026-06-22 14:46:27 WARNING sepa.intraday  intraday RRX: float() argument must be a string or a real number, not 'Series'
2026-06-22 14:46:28 WARNING sepa.intraday  intraday ETSY: float() argument must be a string or a real number, not 'Series'
2026-06-22 14:46:28 WARNING sepa.intraday  intraday CVCO: float() argument must be a string or a real number, not 'Series'
2026-06-22 14:46:28 WARNING sepa.intraday  intraday CLSK: float() argument must be a string or a real number, not 'Series'
2026-06-22 14:46:29 WARNING sepa.intraday  intraday FLYW: float() argument must be a string or a real number, not 'Series'
2026-06-22 14:46:29 WARNING sepa.intraday  intraday TBPH: float() argument must be a string or a real number, not 'Series'
2026-06-22 14:46:29 WARNING sepa.intraday  intraday SLP: float() argument must be a string or a real number, not 'Series'
2026-06-22 14:46:30 WARNING sepa.intraday  intraday SPCB: float() argument must be a string or a real number, not 'Series'
2026-06-22 14:46:30 WARNING sepa.intraday  intraday GE: float() argument must be a string or a real number, not 'Series'
2026-06-22 14:46:30 WARNING sepa.intraday  intraday CDNS: float() argument must be a string or a real number, not 'Series'
2026-06-22 14:46:30 ERROR   yfinance  $GALDY: possibly delisted; no price data found  (period=1d)
2026-06-22 14:46:30 ERROR   yfinance  
1 Failed download:
2026-06-22 14:46:30 ERROR   yfinance  ['GALDY']: possibly delisted; no price data found  (period=1d)
2026-06-22 14:46:30 ERROR   yfinance  $RSHGY: possibly delisted; no price data found  (period=1d)
2026-06-22 14:46:30 ERROR   yfinance  
1 Failed download:
2026-06-22 14:46:30 ERROR   yfinance  ['RSHGY']: possibly delisted; no price data found  (period=1d)
2026-06-22 14:46:31 WARNING sepa.intraday  intraday CORT: float() argument must be a string or a real number, not 'Series'
2026-06-22 14:46:31 WARNING sepa.intraday  intraday RDW: float() argument must be a string or a real number, not 'Series'
2026-06-22 14:46:31 WARNING sepa.intraday  intraday DYN: float() argument must be a string or a real number, not 'Series'
2026-06-22 14:46:31 WARNING sepa.intraday  intraday ESTA: float() argument must be a string or a real number, not 'Series'
2026-06-22 14:46:32 WARNING sepa.intraday  intraday TRLV: float() argument must be a string or a real number, not 'Series'
2026-06-22 14:46:32 WARNING sepa.intraday  intraday MAZE: float() argument must be a string or a real number, not 'Series'
2026-06-22 14:46:32 WARNING sepa.intraday  intraday PSNL: float() argument must be a string or a real number, not 'Series'
2026-06-22 14:46:32 WARNING sepa.intraday  intraday BZH: float() argument must be a string or a real number, not 'Series'
2026-06-22 14:46:33 WARNING sepa.intraday  intraday REPL: float() argument must be a string or a real number, not 'Series'
2026-06-22 14:46:33 WARNING sepa.intraday  intraday ELVA: float() argument must be a string or a real number, not 'Series'
2026-06-22 14:46:33 WARNING sepa.intraday  intraday QTTB: float() argument must be a string or a real number, not 'Series'
2026-06-22 14:46:34 ERROR   yfinance  $RYM: possibly delisted; no price data found  (period=1d)
2026-06-22 14:46:34 ERROR   yfinance  
1 Failed download:
2026-06-22 14:46:34 ERROR   yfinance  ['RYM']: possibly delisted; no price data found  (period=1d)
2026-06-22 14:46:34 ERROR   yfinance  $KALV: possibly delisted; no price data found  (period=1d)
2026-06-22 14:46:34 ERROR   yfinance  
1 Failed download:
2026-06-22 14:46:34 ERROR   yfinance  ['KALV']: possibly delisted; no price data found  (period=1d)
2026-06-22 14:46:34 WARNING sepa.intraday  intraday LUV: float() argument must be a string or a real number, not 'Series'
2026-06-22 14:46:35 WARNING sepa.intraday  intraday OKTA: float() argument must be a string or a real number, not 'Series'
2026-06-22 14:46:35 WARNING sepa.intraday  intraday TLN: float() argument must be a string or a real number, not 'Series'
2026-06-22 14:46:35 WARNING sepa.intraday  intraday SPXC: float() argument must be a string or a real number, not 'Series'
2026-06-22 14:46:36 WARNING sepa.intraday  intraday LTH: float() argument must be a string or a real number, not 'Series'
2026-06-22 14:46:36 WARNING sepa.intraday  intraday VSEC: float() argument must be a string or a real number, not 'Series'
2026-06-22 14:46:36 WARNING sepa.intraday  intraday ALHC: float() argument must be a string or a real number, not 'Series'
2026-06-22 14:46:36 WARNING sepa.intraday  intraday TTAM: float() argument must be a string or a real number, not 'Series'
2026-06-22 14:46:37 WARNING sepa.intraday  intraday ASH: float() argument must be a string or a real number, not 'Series'
2026-06-22 14:46:37 WARNING sepa.intraday  intraday ATKR: float() argument must be a string or a real number, not 'Series'
2026-06-22 14:46:37 WARNING sepa.intraday  intraday IRON: float() argument must be a string or a real number, not 'Series'
2026-06-22 14:46:38 WARNING sepa.intraday  intraday OSW: float() argument must be a string or a real number, not 'Series'
2026-06-22 14:46:38 WARNING sepa.intraday  intraday KSS: float() argument must be a string or a real number, not 'Series'
2026-06-22 14:46:38 WARNING sepa.intraday  intraday AEVA: float() argument must be a string or a real number, not 'Series'
2026-06-22 14:46:38 WARNING sepa.intraday  intraday REAL: float() argument must be a string or a real number, not 'Series'
2026-06-22 14:46:39 WARNING sepa.intraday  intraday SUPV: float() argument must be a string or a real number, not 'Series'
2026-06-22 14:46:39 WARNING sepa.intraday  intraday SCSC: float() argument must be a string or a real number, not 'Series'
2026-06-22 14:46:39 WARNING sepa.intraday  intraday CUE: float() argument must be a string or a real number, not 'Series'
2026-06-22 14:46:40 ERROR   yfinance  $TCNNF: possibly delisted; no price data found  (period=1d)
2026-06-22 14:46:40 ERROR   yfinance  
1 Failed download:
2026-06-22 14:46:40 ERROR   yfinance  ['TCNNF']: possibly delisted; no price data found  (period=1d)
2026-06-22 14:46:40 ERROR   yfinance  $CURLF: possibly delisted; no price data found  (period=1d)
2026-06-22 14:46:40 ERROR   yfinance  
1 Failed download:
2026-06-22 14:46:40 ERROR   yfinance  ['CURLF']: possibly delisted; no price data found  (period=1d)
2026-06-22 14:46:40 INFO    sepa.intraday  intraday complete: 0 alerts sent
