2026-06-28 21:30:01 INFO    sepa  log file: C:\Users\lathe\sepa-signals\data\logs\2026-06-28\21-30-01-ingest\sepa.log
2026-06-28 21:30:02 INFO    sepa.ingest  universe: 5000 US tickers (after ETF/shell filter)
2026-06-28 21:30:05 ERROR   yfinance  $CONE: possibly delisted; no price data found  (period=2y) (Yahoo error = "No data found, symbol may be delisted")
2026-06-28 21:30:13 ERROR   yfinance  
1 Failed download:
2026-06-28 21:30:13 ERROR   yfinance  ['CONE']: possibly delisted; no price data found  (period=2y) (Yahoo error = "No data found, symbol may be delisted")
2026-06-28 21:30:13 WARNING sepa.ingest  ingest CONE: missing from batch result, retrying individually (attempt 1/3)
2026-06-28 21:30:14 ERROR   yfinance  $CONE: possibly delisted; no price data found  (period=2y) (Yahoo error = "No data found, symbol may be delisted")
2026-06-28 21:30:19 WARNING sepa.ingest  ingest CONE: missing from batch result, retrying individually (attempt 2/3)
2026-06-28 21:30:19 ERROR   yfinance  $CONE: possibly delisted; no price data found  (period=2y) (Yahoo error = "No data found, symbol may be delisted")
2026-06-28 21:30:24 WARNING sepa.ingest  ingest CONE: missing from batch result, retrying individually (attempt 3/3)
2026-06-28 21:30:25 ERROR   yfinance  $CONE: possibly delisted; no price data found  (period=2y) (Yahoo error = "No data found, symbol may be delisted")
2026-06-28 21:30:25 ERROR   sepa.ingest  ingest CONE: no price data after 3 retries — ticker will be stale
2026-06-28 21:30:25 INFO    sepa.ingest  prices new-ticker batch 1: loaded=0 skipped=99 failed=1
2026-06-28 21:30:36 ERROR   yfinance  $AYR: possibly delisted; no price data found  (period=2y) (Yahoo error = "No data found, symbol may be delisted")
2026-06-28 21:30:37 ERROR   yfinance  
1 Failed download:
2026-06-28 21:30:37 ERROR   yfinance  ['AYR']: possibly delisted; no price data found  (period=2y) (Yahoo error = "No data found, symbol may be delisted")
2026-06-28 21:30:37 WARNING sepa.ingest  ingest AYR: missing from batch result, retrying individually (attempt 1/3)
2026-06-28 21:30:38 ERROR   yfinance  $AYR: possibly delisted; no price data found  (period=2y) (Yahoo error = "No data found, symbol may be delisted")
2026-06-28 21:30:43 WARNING sepa.ingest  ingest AYR: missing from batch result, retrying individually (attempt 2/3)
2026-06-28 21:30:43 ERROR   yfinance  $AYR: possibly delisted; no price data found  (period=2y) (Yahoo error = "No data found, symbol may be delisted")
2026-06-28 21:30:48 WARNING sepa.ingest  ingest AYR: missing from batch result, retrying individually (attempt 3/3)
2026-06-28 21:30:48 ERROR   yfinance  $AYR: possibly delisted; no price data found  (period=2y) (Yahoo error = "No data found, symbol may be delisted")
2026-06-28 21:30:48 ERROR   sepa.ingest  ingest AYR: no price data after 3 retries — ticker will be stale
2026-06-28 21:30:48 INFO    sepa.ingest  prices new-ticker batch 2: loaded=0 skipped=198 failed=2
2026-06-28 21:31:00 INFO    sepa.ingest  prices new-ticker batch 3: loaded=0 skipped=298 failed=2
2026-06-28 21:31:05 ERROR   yfinance  $MSSHY: possibly delisted; no price data found  (period=2y)
2026-06-28 21:31:07 ERROR   yfinance  $OBOCY: possibly delisted; no price data found  (period=2y)
2026-06-28 21:31:09 ERROR   yfinance  $NANO: possibly delisted; no price data found  (period=2y) (Yahoo error = "No data found, symbol may be delisted")
2026-06-28 21:31:12 ERROR   yfinance  $AAC: possibly delisted; no price data found  (period=2y) (Yahoo error = "No data found, symbol may be delisted")
2026-06-28 21:31:13 ERROR   yfinance  
4 Failed downloads:
2026-06-28 21:31:13 ERROR   yfinance  ['MSSHY', 'OBOCY']: possibly delisted; no price data found  (period=2y)
2026-06-28 21:31:13 ERROR   yfinance  ['NANO', 'AAC']: possibly delisted; no price data found  (period=2y) (Yahoo error = "No data found, symbol may be delisted")
2026-06-28 21:31:13 WARNING sepa.ingest  ingest OBOCY: missing from batch result, retrying individually (attempt 1/3)
2026-06-28 21:31:13 ERROR   yfinance  $OBOCY: possibly delisted; no price data found  (period=2y)
2026-06-28 21:31:18 WARNING sepa.ingest  ingest OBOCY: missing from batch result, retrying individually (attempt 2/3)
2026-06-28 21:31:18 ERROR   yfinance  $OBOCY: possibly delisted; no price data found  (period=2y)
2026-06-28 21:31:23 WARNING sepa.ingest  ingest OBOCY: missing from batch result, retrying individually (attempt 3/3)
2026-06-28 21:31:23 ERROR   yfinance  $OBOCY: possibly delisted; no price data found  (period=2y)
2026-06-28 21:31:23 ERROR   sepa.ingest  ingest OBOCY: no price data after 3 retries — ticker will be stale
2026-06-28 21:31:23 WARNING sepa.ingest  ingest MSSHY: missing from batch result, retrying individually (attempt 1/3)
2026-06-28 21:31:23 ERROR   yfinance  $MSSHY: possibly delisted; no price data found  (period=2y)
2026-06-28 21:31:28 WARNING sepa.ingest  ingest MSSHY: missing from batch result, retrying individually (attempt 2/3)
2026-06-28 21:31:28 ERROR   yfinance  $MSSHY: possibly delisted; no price data found  (period=2y)
2026-06-28 21:31:33 WARNING sepa.ingest  ingest MSSHY: missing from batch result, retrying individually (attempt 3/3)
2026-06-28 21:31:33 ERROR   yfinance  $MSSHY: possibly delisted; no price data found  (period=2y)
2026-06-28 21:31:33 ERROR   sepa.ingest  ingest MSSHY: no price data after 3 retries — ticker will be stale
2026-06-28 21:31:33 WARNING sepa.ingest  ingest NANO: missing from batch result, retrying individually (attempt 1/3)
2026-06-28 21:31:34 ERROR   yfinance  $NANO: possibly delisted; no price data found  (period=2y) (Yahoo error = "No data found, symbol may be delisted")
2026-06-28 21:31:39 WARNING sepa.ingest  ingest NANO: missing from batch result, retrying individually (attempt 2/3)
2026-06-28 21:31:39 ERROR   yfinance  $NANO: possibly delisted; no price data found  (period=2y) (Yahoo error = "No data found, symbol may be delisted")
2026-06-28 21:31:44 WARNING sepa.ingest  ingest NANO: missing from batch result, retrying individually (attempt 3/3)
2026-06-28 21:31:45 ERROR   yfinance  $NANO: possibly delisted; no price data found  (period=2y) (Yahoo error = "No data found, symbol may be delisted")
2026-06-28 21:31:45 ERROR   sepa.ingest  ingest NANO: no price data after 3 retries — ticker will be stale
2026-06-28 21:31:45 WARNING sepa.ingest  ingest AAC: missing from batch result, retrying individually (attempt 1/3)
2026-06-28 21:31:45 ERROR   yfinance  $AAC: possibly delisted; no price data found  (period=2y) (Yahoo error = "No data found, symbol may be delisted")
2026-06-28 21:31:50 WARNING sepa.ingest  ingest AAC: missing from batch result, retrying individually (attempt 2/3)
2026-06-28 21:31:50 ERROR   yfinance  $AAC: possibly delisted; no price data found  (period=2y) (Yahoo error = "No data found, symbol may be delisted")
2026-06-28 21:31:55 WARNING sepa.ingest  ingest AAC: missing from batch result, retrying individually (attempt 3/3)
2026-06-28 21:31:56 ERROR   yfinance  $AAC: possibly delisted; no price data found  (period=2y) (Yahoo error = "No data found, symbol may be delisted")
2026-06-28 21:31:56 ERROR   sepa.ingest  ingest AAC: no price data after 3 retries — ticker will be stale
2026-06-28 21:31:56 INFO    sepa.ingest  prices new-ticker batch 4: loaded=1 skipped=393 failed=6
2026-06-28 21:32:07 INFO    sepa.ingest  prices new-ticker batch 5: loaded=1 skipped=493 failed=6
2026-06-28 21:32:15 ERROR   yfinance  $SEAH: possibly delisted; no price data found  (period=2y) (Yahoo error = "No data found, symbol may be delisted")
2026-06-28 21:32:19 ERROR   yfinance  
1 Failed download:
2026-06-28 21:32:19 ERROR   yfinance  ['SEAH']: possibly delisted; no price data found  (period=2y) (Yahoo error = "No data found, symbol may be delisted")
2026-06-28 21:32:19 WARNING sepa.ingest  ingest SEAH: missing from batch result, retrying individually (attempt 1/3)
2026-06-28 21:32:20 ERROR   yfinance  $SEAH: possibly delisted; no price data found  (period=2y) (Yahoo error = "No data found, symbol may be delisted")
2026-06-28 21:32:25 WARNING sepa.ingest  ingest SEAH: missing from batch result, retrying individually (attempt 2/3)
2026-06-28 21:32:25 ERROR   yfinance  $SEAH: possibly delisted; no price data found  (period=2y) (Yahoo error = "No data found, symbol may be delisted")
2026-06-28 21:32:30 WARNING sepa.ingest  ingest SEAH: missing from batch result, retrying individually (attempt 3/3)
2026-06-28 21:32:30 ERROR   yfinance  $SEAH: possibly delisted; no price data found  (period=2y) (Yahoo error = "No data found, symbol may be delisted")
2026-06-28 21:32:30 ERROR   sepa.ingest  ingest SEAH: no price data after 3 retries — ticker will be stale
2026-06-28 21:32:30 INFO    sepa.ingest  prices new-ticker batch 6: loaded=1 skipped=592 failed=7
2026-06-28 21:32:43 INFO    sepa.ingest  prices new-ticker batch 7: loaded=1 skipped=692 failed=7
2026-06-28 21:32:53 ERROR   yfinance  $PTAC: possibly delisted; no price data found  (period=2y) (Yahoo error = "No data found, symbol may be delisted")
2026-06-28 21:32:57 ERROR   yfinance  
1 Failed download:
2026-06-28 21:32:57 ERROR   yfinance  ['PTAC']: possibly delisted; no price data found  (period=2y) (Yahoo error = "No data found, symbol may be delisted")
2026-06-28 21:32:57 WARNING sepa.ingest  ingest PTAC: missing from batch result, retrying individually (attempt 1/3)
2026-06-28 21:32:57 ERROR   yfinance  $PTAC: possibly delisted; no price data found  (period=2y) (Yahoo error = "No data found, symbol may be delisted")
2026-06-28 21:33:02 WARNING sepa.ingest  ingest PTAC: missing from batch result, retrying individually (attempt 2/3)
2026-06-28 21:33:02 ERROR   yfinance  $PTAC: possibly delisted; no price data found  (period=2y) (Yahoo error = "No data found, symbol may be delisted")
2026-06-28 21:33:07 WARNING sepa.ingest  ingest PTAC: missing from batch result, retrying individually (attempt 3/3)
2026-06-28 21:33:07 ERROR   yfinance  $PTAC: possibly delisted; no price data found  (period=2y) (Yahoo error = "No data found, symbol may be delisted")
2026-06-28 21:33:07 ERROR   sepa.ingest  ingest PTAC: no price data after 3 retries — ticker will be stale
2026-06-28 21:33:07 INFO    sepa.ingest  prices new-ticker batch 8: loaded=1 skipped=791 failed=8
2026-06-28 21:33:19 INFO    sepa.ingest  prices new-ticker batch 9: loaded=1 skipped=891 failed=8
2026-06-28 21:33:30 ERROR   yfinance  $PFSTY: possibly delisted; no price data found  (period=2y)
2026-06-28 21:33:31 ERROR   yfinance  
1 Failed download:
2026-06-28 21:33:31 ERROR   yfinance  ['PFSTY']: possibly delisted; no price data found  (period=2y)
2026-06-28 21:33:31 WARNING sepa.ingest  ingest PFSTY: missing from batch result, retrying individually (attempt 1/3)
2026-06-28 21:33:31 ERROR   yfinance  $PFSTY: possibly delisted; no price data found  (period=2y)
2026-06-28 21:33:36 WARNING sepa.ingest  ingest PFSTY: missing from batch result, retrying individually (attempt 2/3)
2026-06-28 21:33:36 ERROR   yfinance  $PFSTY: possibly delisted; no price data found  (period=2y)
2026-06-28 21:33:41 WARNING sepa.ingest  ingest PFSTY: missing from batch result, retrying individually (attempt 3/3)
2026-06-28 21:33:41 ERROR   yfinance  $PFSTY: possibly delisted; no price data found  (period=2y)
2026-06-28 21:33:41 ERROR   sepa.ingest  ingest PFSTY: no price data after 3 retries — ticker will be stale
2026-06-28 21:33:41 INFO    sepa.ingest  prices new-ticker batch 10: loaded=1 skipped=990 failed=9
2026-06-28 21:33:48 ERROR   yfinance  $AVAC: possibly delisted; no price data found  (period=2y) (Yahoo error = "No data found, symbol may be delisted")
2026-06-28 21:33:54 ERROR   yfinance  
1 Failed download:
2026-06-28 21:33:54 ERROR   yfinance  ['AVAC']: possibly delisted; no price data found  (period=2y) (Yahoo error = "No data found, symbol may be delisted")
2026-06-28 21:33:54 WARNING sepa.ingest  ingest AVAC: missing from batch result, retrying individually (attempt 1/3)
2026-06-28 21:33:54 ERROR   yfinance  $AVAC: possibly delisted; no price data found  (period=2y) (Yahoo error = "No data found, symbol may be delisted")
2026-06-28 21:33:59 WARNING sepa.ingest  ingest AVAC: missing from batch result, retrying individually (attempt 2/3)
2026-06-28 21:33:59 ERROR   yfinance  $AVAC: possibly delisted; no price data found  (period=2y) (Yahoo error = "No data found, symbol may be delisted")
2026-06-28 21:34:04 WARNING sepa.ingest  ingest AVAC: missing from batch result, retrying individually (attempt 3/3)
2026-06-28 21:34:05 ERROR   yfinance  $AVAC: possibly delisted; no price data found  (period=2y) (Yahoo error = "No data found, symbol may be delisted")
2026-06-28 21:34:05 ERROR   sepa.ingest  ingest AVAC: no price data after 3 retries — ticker will be stale
2026-06-28 21:34:05 INFO    sepa.ingest  prices new-ticker batch 11: loaded=1 skipped=1089 failed=10
2026-06-28 21:34:15 ERROR   yfinance  $BRKH: possibly delisted; no price data found  (period=2y) (Yahoo error = "No data found, symbol may be delisted")
2026-06-28 21:34:17 ERROR   yfinance  
1 Failed download:
2026-06-28 21:34:17 ERROR   yfinance  ['BRKH']: possibly delisted; no price data found  (period=2y) (Yahoo error = "No data found, symbol may be delisted")
2026-06-28 21:34:17 WARNING sepa.ingest  ingest BRKH: missing from batch result, retrying individually (attempt 1/3)
2026-06-28 21:34:17 ERROR   yfinance  $BRKH: possibly delisted; no price data found  (period=2y) (Yahoo error = "No data found, symbol may be delisted")
2026-06-28 21:34:22 WARNING sepa.ingest  ingest BRKH: missing from batch result, retrying individually (attempt 2/3)
2026-06-28 21:34:22 ERROR   yfinance  $BRKH: possibly delisted; no price data found  (period=2y) (Yahoo error = "No data found, symbol may be delisted")
2026-06-28 21:34:27 WARNING sepa.ingest  ingest BRKH: missing from batch result, retrying individually (attempt 3/3)
2026-06-28 21:34:28 ERROR   yfinance  $BRKH: possibly delisted; no price data found  (period=2y) (Yahoo error = "No data found, symbol may be delisted")
2026-06-28 21:34:28 ERROR   sepa.ingest  ingest BRKH: no price data after 3 retries — ticker will be stale
2026-06-28 21:34:28 INFO    sepa.ingest  prices new-ticker batch 12: loaded=1 skipped=1188 failed=11
2026-06-28 21:34:42 INFO    sepa.ingest  prices new-ticker batch 13: loaded=1 skipped=1288 failed=11
2026-06-28 21:34:53 INFO    sepa.ingest  prices new-ticker batch 14: loaded=1 skipped=1388 failed=11
2026-06-28 21:35:01 ERROR   yfinance  $PHD: possibly delisted; no price data found  (period=2y) (Yahoo error = "No data found, symbol may be delisted")
2026-06-28 21:35:05 ERROR   yfinance  
1 Failed download:
2026-06-28 21:35:05 ERROR   yfinance  ['PHD']: possibly delisted; no price data found  (period=2y) (Yahoo error = "No data found, symbol may be delisted")
2026-06-28 21:35:05 WARNING sepa.ingest  ingest PHD: missing from batch result, retrying individually (attempt 1/3)
2026-06-28 21:35:06 ERROR   yfinance  $PHD: possibly delisted; no price data found  (period=2y) (Yahoo error = "No data found, symbol may be delisted")
2026-06-28 21:35:11 WARNING sepa.ingest  ingest PHD: missing from batch result, retrying individually (attempt 2/3)
2026-06-28 21:35:11 ERROR   yfinance  $PHD: possibly delisted; no price data found  (period=2y) (Yahoo error = "No data found, symbol may be delisted")
2026-06-28 21:35:16 WARNING sepa.ingest  ingest PHD: missing from batch result, retrying individually (attempt 3/3)
2026-06-28 21:35:16 ERROR   yfinance  $PHD: possibly delisted; no price data found  (period=2y) (Yahoo error = "No data found, symbol may be delisted")
2026-06-28 21:35:16 ERROR   sepa.ingest  ingest PHD: no price data after 3 retries — ticker will be stale
2026-06-28 21:35:16 INFO    sepa.ingest  prices new-ticker batch 15: loaded=1 skipped=1487 failed=12
2026-06-28 21:35:21 ERROR   yfinance  $VII: possibly delisted; no price data found  (period=2y) (Yahoo error = "No data found, symbol may be delisted")
2026-06-28 21:35:28 ERROR   yfinance  
1 Failed download:
2026-06-28 21:35:28 ERROR   yfinance  ['VII']: possibly delisted; no price data found  (period=2y) (Yahoo error = "No data found, symbol may be delisted")
2026-06-28 21:35:28 WARNING sepa.ingest  ingest VII: missing from batch result, retrying individually (attempt 1/3)
2026-06-28 21:35:28 ERROR   yfinance  $VII: possibly delisted; no price data found  (period=2y) (Yahoo error = "No data found, symbol may be delisted")
2026-06-28 21:35:33 WARNING sepa.ingest  ingest VII: missing from batch result, retrying individually (attempt 2/3)
2026-06-28 21:35:34 ERROR   yfinance  $VII: possibly delisted; no price data found  (period=2y) (Yahoo error = "No data found, symbol may be delisted")
2026-06-28 21:35:39 WARNING sepa.ingest  ingest VII: missing from batch result, retrying individually (attempt 3/3)
2026-06-28 21:35:39 ERROR   yfinance  $VII: possibly delisted; no price data found  (period=2y) (Yahoo error = "No data found, symbol may be delisted")
2026-06-28 21:35:39 ERROR   sepa.ingest  ingest VII: no price data after 3 retries — ticker will be stale
2026-06-28 21:35:39 INFO    sepa.ingest  prices new-ticker batch 16: loaded=1 skipped=1586 failed=13
2026-06-28 21:35:51 INFO    sepa.ingest  prices new-ticker batch 17: loaded=2 skipped=1685 failed=13
2026-06-28 21:36:02 INFO    sepa.ingest  prices new-ticker batch 18: loaded=2 skipped=1785 failed=13
2026-06-28 21:36:11 ERROR   yfinance  $PMVC: possibly delisted; no price data found  (period=2y) (Yahoo error = "No data found, symbol may be delisted")
2026-06-28 21:36:15 ERROR   yfinance  
1 Failed download:
2026-06-28 21:36:15 ERROR   yfinance  ['PMVC']: possibly delisted; no price data found  (period=2y) (Yahoo error = "No data found, symbol may be delisted")
2026-06-28 21:36:15 WARNING sepa.ingest  ingest PMVC: missing from batch result, retrying individually (attempt 1/3)
2026-06-28 21:36:15 ERROR   yfinance  $PMVC: possibly delisted; no price data found  (period=2y) (Yahoo error = "No data found, symbol may be delisted")
2026-06-28 21:36:20 WARNING sepa.ingest  ingest PMVC: missing from batch result, retrying individually (attempt 2/3)
2026-06-28 21:36:21 ERROR   yfinance  $PMVC: possibly delisted; no price data found  (period=2y) (Yahoo error = "No data found, symbol may be delisted")
2026-06-28 21:36:26 WARNING sepa.ingest  ingest PMVC: missing from batch result, retrying individually (attempt 3/3)
2026-06-28 21:36:26 ERROR   yfinance  $PMVC: possibly delisted; no price data found  (period=2y) (Yahoo error = "No data found, symbol may be delisted")
2026-06-28 21:36:26 ERROR   sepa.ingest  ingest PMVC: no price data after 3 retries — ticker will be stale
2026-06-28 21:36:26 INFO    sepa.ingest  prices new-ticker batch 19: loaded=2 skipped=1884 failed=14
2026-06-28 21:36:36 ERROR   yfinance  $LVPA: possibly delisted; no price data found  (period=2y) (Yahoo error = "No data found, symbol may be delisted")
2026-06-28 21:36:38 ERROR   yfinance  
1 Failed download:
2026-06-28 21:36:38 ERROR   yfinance  ['LVPA']: possibly delisted; no price data found  (period=2y) (Yahoo error = "No data found, symbol may be delisted")
2026-06-28 21:36:38 WARNING sepa.ingest  ingest LVPA: missing from batch result, retrying individually (attempt 1/3)
2026-06-28 21:36:38 ERROR   yfinance  $LVPA: possibly delisted; no price data found  (period=2y) (Yahoo error = "No data found, symbol may be delisted")
2026-06-28 21:36:43 WARNING sepa.ingest  ingest LVPA: missing from batch result, retrying individually (attempt 2/3)
2026-06-28 21:36:44 ERROR   yfinance  $LVPA: possibly delisted; no price data found  (period=2y) (Yahoo error = "No data found, symbol may be delisted")
2026-06-28 21:36:49 WARNING sepa.ingest  ingest LVPA: missing from batch result, retrying individually (attempt 3/3)
2026-06-28 21:36:49 ERROR   yfinance  $LVPA: possibly delisted; no price data found  (period=2y) (Yahoo error = "No data found, symbol may be delisted")
2026-06-28 21:36:49 ERROR   sepa.ingest  ingest LVPA: no price data after 3 retries — ticker will be stale
2026-06-28 21:36:49 INFO    sepa.ingest  prices new-ticker batch 20: loaded=2 skipped=1983 failed=15
2026-06-28 21:36:58 ERROR   yfinance  $FWAC: possibly delisted; no price data found  (period=2y) (Yahoo error = "No data found, symbol may be delisted")
2026-06-28 21:36:58 ERROR   yfinance  
1 Failed download:
2026-06-28 21:36:58 ERROR   yfinance  ['FWAC']: possibly delisted; no price data found  (period=2y) (Yahoo error = "No data found, symbol may be delisted")
2026-06-28 21:36:58 WARNING sepa.ingest  ingest FWAC: missing from batch result, retrying individually (attempt 1/3)
2026-06-28 21:36:59 ERROR   yfinance  $FWAC: possibly delisted; no price data found  (period=2y) (Yahoo error = "No data found, symbol may be delisted")
2026-06-28 21:37:04 WARNING sepa.ingest  ingest FWAC: missing from batch result, retrying individually (attempt 2/3)
2026-06-28 21:37:04 ERROR   yfinance  $FWAC: possibly delisted; no price data found  (period=2y) (Yahoo error = "No data found, symbol may be delisted")
2026-06-28 21:37:09 WARNING sepa.ingest  ingest FWAC: missing from batch result, retrying individually (attempt 3/3)
2026-06-28 21:37:09 ERROR   yfinance  $FWAC: possibly delisted; no price data found  (period=2y) (Yahoo error = "No data found, symbol may be delisted")
2026-06-28 21:37:09 ERROR   sepa.ingest  ingest FWAC: no price data after 3 retries — ticker will be stale
2026-06-28 21:37:09 INFO    sepa.ingest  prices new-ticker batch 21: loaded=2 skipped=2049 failed=16
2026-06-28 21:37:13 INFO    sepa.ingest  prices incr batch 22 (start=2026-06-13): loaded=2 skipped=2059 failed=16
2026-06-28 21:37:19 INFO    sepa.ingest  prices incr batch 23 (start=2026-06-16): loaded=6 skipped=2091 failed=16
2026-06-28 21:37:23 INFO    sepa.ingest  prices incr batch 24 (start=2026-06-17): loaded=7 skipped=2103 failed=16
2026-06-28 21:37:27 INFO    sepa.ingest  prices incr batch 25 (start=2026-06-18): loaded=7 skipped=2109 failed=16
2026-06-28 21:37:31 INFO    sepa.ingest  prices incr batch 26 (start=2026-06-19): loaded=10 skipped=2122 failed=16
2026-06-28 21:37:35 INFO    sepa.ingest  prices incr batch 27 (start=2026-06-23): loaded=13 skipped=2133 failed=16
2026-06-28 21:37:40 INFO    sepa.ingest  prices incr batch 28 (start=2026-06-24): loaded=16 skipped=2152 failed=16
2026-06-28 21:37:45 INFO    sepa.ingest  prices incr batch 29 (start=2026-06-25): loaded=25 skipped=2168 failed=16
2026-06-28 21:37:51 INFO    sepa.ingest  prices incr batch 30 (start=2026-06-26): loaded=37 skipped=2179 failed=16
2026-06-28 21:38:04 INFO    sepa.ingest  prices incr batch 31 (start=2026-06-27): loaded=137 skipped=2179 failed=16
2026-06-28 21:38:19 INFO    sepa.ingest  prices incr batch 32 (start=2026-06-27): loaded=237 skipped=2179 failed=16
2026-06-28 21:38:32 INFO    sepa.ingest  prices incr batch 33 (start=2026-06-27): loaded=337 skipped=2179 failed=16
2026-06-28 21:38:46 INFO    sepa.ingest  prices incr batch 34 (start=2026-06-27): loaded=436 skipped=2180 failed=16
2026-06-28 21:38:54 ERROR   yfinance  $SATS: possibly delisted; no price data found  (1d 2026-06-27 -> 2026-06-28)
2026-06-28 21:38:59 ERROR   yfinance  
1 Failed download:
2026-06-28 21:38:59 ERROR   yfinance  ['SATS']: possibly delisted; no price data found  (1d 2026-06-27 -> 2026-06-28)
2026-06-28 21:38:59 WARNING sepa.ingest  ingest SATS: missing from batch result, retrying individually (attempt 1/3)
2026-06-28 21:38:59 ERROR   yfinance  $SATS: possibly delisted; no price data found  (1d 2026-06-27 -> 2026-06-28)
2026-06-28 21:39:04 WARNING sepa.ingest  ingest SATS: missing from batch result, retrying individually (attempt 2/3)
2026-06-28 21:39:04 ERROR   yfinance  $SATS: possibly delisted; no price data found  (1d 2026-06-27 -> 2026-06-28)
2026-06-28 21:39:09 WARNING sepa.ingest  ingest SATS: missing from batch result, retrying individually (attempt 3/3)
2026-06-28 21:39:09 ERROR   yfinance  $SATS: possibly delisted; no price data found  (1d 2026-06-27 -> 2026-06-28)
2026-06-28 21:39:09 ERROR   sepa.ingest  ingest SATS: no price data after 3 retries — ticker will be stale
2026-06-28 21:39:09 INFO    sepa.ingest  prices incr batch 35 (start=2026-06-27): loaded=534 skipped=2181 failed=17
2026-06-28 21:39:22 INFO    sepa.ingest  prices incr batch 36 (start=2026-06-27): loaded=634 skipped=2181 failed=17
2026-06-28 21:39:35 INFO    sepa.ingest  prices incr batch 37 (start=2026-06-27): loaded=734 skipped=2181 failed=17
2026-06-28 21:39:47 INFO    sepa.ingest  prices incr batch 38 (start=2026-06-27): loaded=834 skipped=2181 failed=17
2026-06-28 21:40:00 INFO    sepa.ingest  prices incr batch 39 (start=2026-06-27): loaded=934 skipped=2181 failed=17
2026-06-28 21:40:12 INFO    sepa.ingest  prices incr batch 40 (start=2026-06-27): loaded=1033 skipped=2182 failed=17
2026-06-28 21:40:25 INFO    sepa.ingest  prices incr batch 41 (start=2026-06-27): loaded=1133 skipped=2182 failed=17
2026-06-28 21:40:37 INFO    sepa.ingest  prices incr batch 42 (start=2026-06-27): loaded=1233 skipped=2182 failed=17
2026-06-28 21:40:50 INFO    sepa.ingest  prices incr batch 43 (start=2026-06-27): loaded=1333 skipped=2182 failed=17
2026-06-28 21:41:02 INFO    sepa.ingest  prices incr batch 44 (start=2026-06-27): loaded=1433 skipped=2182 failed=17
2026-06-28 21:41:14 INFO    sepa.ingest  prices incr batch 45 (start=2026-06-27): loaded=1533 skipped=2182 failed=17
2026-06-28 21:41:26 INFO    sepa.ingest  prices incr batch 46 (start=2026-06-27): loaded=1633 skipped=2182 failed=17
2026-06-28 21:41:38 INFO    sepa.ingest  prices incr batch 47 (start=2026-06-27): loaded=1733 skipped=2182 failed=17
2026-06-28 21:41:49 INFO    sepa.ingest  prices incr batch 48 (start=2026-06-27): loaded=1833 skipped=2182 failed=17
2026-06-28 21:42:01 INFO    sepa.ingest  prices incr batch 49 (start=2026-06-27): loaded=1933 skipped=2182 failed=17
2026-06-28 21:42:13 INFO    sepa.ingest  prices incr batch 50 (start=2026-06-27): loaded=2033 skipped=2182 failed=17
2026-06-28 21:42:25 INFO    sepa.ingest  prices incr batch 51 (start=2026-06-27): loaded=2133 skipped=2182 failed=17
2026-06-28 21:42:37 INFO    sepa.ingest  prices incr batch 52 (start=2026-06-27): loaded=2233 skipped=2182 failed=17
2026-06-28 21:42:50 INFO    sepa.ingest  prices incr batch 53 (start=2026-06-27): loaded=2333 skipped=2182 failed=17
2026-06-28 21:42:53 ERROR   yfinance  $AMPH: possibly delisted; no price data found  (1d 2026-06-27 -> 2026-06-28)
2026-06-28 21:43:01 ERROR   yfinance  
1 Failed download:
2026-06-28 21:43:01 ERROR   yfinance  ['AMPH']: possibly delisted; no price data found  (1d 2026-06-27 -> 2026-06-28)
2026-06-28 21:43:01 WARNING sepa.ingest  ingest AMPH: missing from batch result, retrying individually (attempt 1/3)
2026-06-28 21:43:02 INFO    sepa.ingest  ingest AMPH: recovered via individual fetch
2026-06-28 21:43:02 INFO    sepa.ingest  prices incr batch 54 (start=2026-06-27): loaded=2433 skipped=2182 failed=17
2026-06-28 21:43:14 INFO    sepa.ingest  prices incr batch 55 (start=2026-06-27): loaded=2533 skipped=2182 failed=17
2026-06-28 21:43:25 INFO    sepa.ingest  prices incr batch 56 (start=2026-06-27): loaded=2633 skipped=2182 failed=17
2026-06-28 21:43:37 INFO    sepa.ingest  prices incr batch 57 (start=2026-06-27): loaded=2733 skipped=2182 failed=17
2026-06-28 21:43:46 INFO    sepa.ingest  prices incr batch 58 (start=2026-06-27): loaded=2801 skipped=2182 failed=17
2026-06-28 21:43:49 INFO    sepa.ingest  prices total: loaded=2801 skipped=2182 failed=17
2026-06-28 21:43:49 WARNING sepa.ingest  STALE PRICE DATA: AAC last updated never — may produce missed signals
2026-06-28 21:43:49 WARNING sepa.ingest  STALE PRICE DATA: AIOS last updated 2026-06-17 — may produce missed signals
2026-06-28 21:43:49 WARNING sepa.ingest  STALE PRICE DATA: AMEGF last updated never — may produce missed signals
2026-06-28 21:43:49 WARNING sepa.ingest  STALE PRICE DATA: AMSS last updated never — may produce missed signals
2026-06-28 21:43:49 WARNING sepa.ingest  STALE PRICE DATA: ARSMF last updated never — may produce missed signals
2026-06-28 21:43:49 WARNING sepa.ingest  STALE PRICE DATA: ASRT last updated 2026-06-15 — may produce missed signals
2026-06-28 21:43:49 WARNING sepa.ingest  STALE PRICE DATA: ASTC last updated 2026-06-18 — may produce missed signals
2026-06-28 21:43:49 WARNING sepa.ingest  STALE PRICE DATA: ATLN last updated never — may produce missed signals
2026-06-28 21:43:49 WARNING sepa.ingest  STALE PRICE DATA: ATVK last updated never — may produce missed signals
2026-06-28 21:43:49 WARNING sepa.ingest  STALE PRICE DATA: ATYR last updated never — may produce missed signals
2026-06-28 21:43:49 WARNING sepa.ingest  STALE PRICE DATA: AURX last updated never — may produce missed signals
2026-06-28 21:43:49 WARNING sepa.ingest  STALE PRICE DATA: AVAC last updated never — may produce missed signals
2026-06-28 21:43:49 WARNING sepa.ingest  STALE PRICE DATA: AYR last updated never — may produce missed signals
2026-06-28 21:43:49 WARNING sepa.ingest  STALE PRICE DATA: BEAT last updated never — may produce missed signals
2026-06-28 21:43:49 WARNING sepa.ingest  STALE PRICE DATA: BHIC last updated never — may produce missed signals
2026-06-28 21:43:49 WARNING sepa.ingest  STALE PRICE DATA: BIOT last updated never — may produce missed signals
2026-06-28 21:43:49 WARNING sepa.ingest  STALE PRICE DATA: BREZ last updated never — may produce missed signals
2026-06-28 21:43:49 WARNING sepa.ingest  STALE PRICE DATA: BRKH last updated never — may produce missed signals
2026-06-28 21:43:49 WARNING sepa.ingest  STALE PRICE DATA: CGCT last updated 2026-06-05 — may produce missed signals
2026-06-28 21:43:49 WARNING sepa.ingest  STALE PRICE DATA: CONE last updated never — may produce missed signals
2026-06-28 21:43:49 WARNING sepa.ingest  STALE PRICE DATA: CPOP last updated never — may produce missed signals
2026-06-28 21:43:49 WARNING sepa.ingest  STALE PRICE DATA: CRMT last updated never — may produce missed signals
2026-06-28 21:43:49 WARNING sepa.ingest  STALE PRICE DATA: CRSF last updated never — may produce missed signals
2026-06-28 21:43:49 WARNING sepa.ingest  STALE PRICE DATA: DCX last updated never — may produce missed signals
2026-06-28 21:43:49 WARNING sepa.ingest  STALE PRICE DATA: ESLA last updated never — may produce missed signals
2026-06-28 21:43:49 WARNING sepa.ingest  STALE PRICE DATA: EYUBY last updated never — may produce missed signals
2026-06-28 21:43:49 WARNING sepa.ingest  STALE PRICE DATA: FNGR last updated never — may produce missed signals
2026-06-28 21:43:49 WARNING sepa.ingest  STALE PRICE DATA: FUEMF last updated never — may produce missed signals
2026-06-28 21:43:49 WARNING sepa.ingest  STALE PRICE DATA: FWAC last updated never — may produce missed signals
2026-06-28 21:43:49 WARNING sepa.ingest  STALE PRICE DATA: GDSRF last updated never — may produce missed signals
2026-06-28 21:43:49 WARNING sepa.ingest  STALE PRICE DATA: GLXZ last updated never — may produce missed signals
2026-06-28 21:43:49 WARNING sepa.ingest  STALE PRICE DATA: GNS last updated never — may produce missed signals
2026-06-28 21:43:49 WARNING sepa.ingest  STALE PRICE DATA: GNTA last updated never — may produce missed signals
2026-06-28 21:43:49 WARNING sepa.ingest  STALE PRICE DATA: HLEO last updated never — may produce missed signals
2026-06-28 21:43:49 WARNING sepa.ingest  STALE PRICE DATA: HSPT last updated never — may produce missed signals
2026-06-28 21:43:49 WARNING sepa.ingest  STALE PRICE DATA: HTCO last updated never — may produce missed signals
2026-06-28 21:43:49 WARNING sepa.ingest  STALE PRICE DATA: ICG last updated never — may produce missed signals
2026-06-28 21:43:49 WARNING sepa.ingest  STALE PRICE DATA: INLF last updated never — may produce missed signals
2026-06-28 21:43:49 WARNING sepa.ingest  STALE PRICE DATA: IXAQF last updated never — may produce missed signals
2026-06-28 21:43:49 WARNING sepa.ingest  STALE PRICE DATA: JMG last updated never — may produce missed signals
2026-06-28 21:43:49 WARNING sepa.ingest  STALE PRICE DATA: KALV last updated 2026-06-12 — may produce missed signals
2026-06-28 21:43:49 WARNING sepa.ingest  STALE PRICE DATA: KW last updated 2026-06-15 — may produce missed signals
2026-06-28 21:43:49 WARNING sepa.ingest  STALE PRICE DATA: LEGT last updated never — may produce missed signals
2026-06-28 21:43:49 WARNING sepa.ingest  STALE PRICE DATA: LOOP last updated never — may produce missed signals
2026-06-28 21:43:49 WARNING sepa.ingest  STALE PRICE DATA: LVPA last updated never — may produce missed signals
2026-06-28 21:43:49 WARNING sepa.ingest  STALE PRICE DATA: MASI last updated 2026-06-12 — may produce missed signals
2026-06-28 21:43:49 WARNING sepa.ingest  STALE PRICE DATA: MATH last updated never — may produce missed signals
2026-06-28 21:43:49 WARNING sepa.ingest  STALE PRICE DATA: MGX last updated never — may produce missed signals
2026-06-28 21:43:49 WARNING sepa.ingest  STALE PRICE DATA: MHUBF last updated never — may produce missed signals
2026-06-28 21:43:49 WARNING sepa.ingest  STALE PRICE DATA: MIND last updated never — may produce missed signals
2026-06-28 21:43:49 WARNING sepa.ingest  STALE PRICE DATA: MLAC last updated never — may produce missed signals
2026-06-28 21:43:49 WARNING sepa.ingest  STALE PRICE DATA: MSSHY last updated never — may produce missed signals
2026-06-28 21:43:49 WARNING sepa.ingest  STALE PRICE DATA: NA last updated never — may produce missed signals
2026-06-28 21:43:49 WARNING sepa.ingest  STALE PRICE DATA: NANO last updated never — may produce missed signals
2026-06-28 21:43:49 WARNING sepa.ingest  STALE PRICE DATA: NCI last updated 2026-06-17 — may produce missed signals
2026-06-28 21:43:49 WARNING sepa.ingest  STALE PRICE DATA: NRRWF last updated never — may produce missed signals
2026-06-28 21:43:49 WARNING sepa.ingest  STALE PRICE DATA: NTCL last updated never — may produce missed signals
2026-06-28 21:43:49 WARNING sepa.ingest  STALE PRICE DATA: OBOCY last updated never — may produce missed signals
2026-06-28 21:43:49 WARNING sepa.ingest  STALE PRICE DATA: OPTN last updated never — may produce missed signals
2026-06-28 21:43:49 WARNING sepa.ingest  STALE PRICE DATA: PBK last updated never — may produce missed signals
2026-06-28 21:43:49 WARNING sepa.ingest  STALE PRICE DATA: PCLA last updated never — may produce missed signals
2026-06-28 21:43:49 WARNING sepa.ingest  STALE PRICE DATA: PFSTY last updated never — may produce missed signals
2026-06-28 21:43:49 WARNING sepa.ingest  STALE PRICE DATA: PHD last updated never — may produce missed signals
2026-06-28 21:43:49 WARNING sepa.ingest  STALE PRICE DATA: PLNH last updated never — may produce missed signals
2026-06-28 21:43:49 WARNING sepa.ingest  STALE PRICE DATA: PLUT last updated never — may produce missed signals
2026-06-28 21:43:49 WARNING sepa.ingest  STALE PRICE DATA: PMVC last updated never — may produce missed signals
2026-06-28 21:43:49 WARNING sepa.ingest  STALE PRICE DATA: PPSI last updated never — may produce missed signals
2026-06-28 21:43:49 WARNING sepa.ingest  STALE PRICE DATA: PTAC last updated never — may produce missed signals
2026-06-28 21:43:49 WARNING sepa.ingest  STALE PRICE DATA: PXS last updated never — may produce missed signals
2026-06-28 21:43:49 WARNING sepa.ingest  STALE PRICE DATA: QUCY last updated never — may produce missed signals
2026-06-28 21:43:49 WARNING sepa.ingest  STALE PRICE DATA: RAVE last updated never — may produce missed signals
2026-06-28 21:43:49 WARNING sepa.ingest  STALE PRICE DATA: RCON last updated never — may produce missed signals
2026-06-28 21:43:49 WARNING sepa.ingest  STALE PRICE DATA: RCWLY last updated never — may produce missed signals
2026-06-28 21:43:49 WARNING sepa.ingest  STALE PRICE DATA: RNGE last updated never — may produce missed signals
2026-06-28 21:43:49 WARNING sepa.ingest  STALE PRICE DATA: RUPRF last updated never — may produce missed signals
2026-06-28 21:43:49 WARNING sepa.ingest  STALE PRICE DATA: SACH last updated never — may produce missed signals
2026-06-28 21:43:49 WARNING sepa.ingest  STALE PRICE DATA: SCAG last updated never — may produce missed signals
2026-06-28 21:43:49 WARNING sepa.ingest  STALE PRICE DATA: SCVL last updated 2026-06-18 — may produce missed signals
2026-06-28 21:43:49 WARNING sepa.ingest  STALE PRICE DATA: SEAH last updated never — may produce missed signals
2026-06-28 21:43:49 WARNING sepa.ingest  STALE PRICE DATA: SENEB last updated never — may produce missed signals
2026-06-28 21:43:49 WARNING sepa.ingest  STALE PRICE DATA: SJ last updated never — may produce missed signals
2026-06-28 21:43:49 WARNING sepa.ingest  STALE PRICE DATA: SKBL last updated never — may produce missed signals
2026-06-28 21:43:49 WARNING sepa.ingest  STALE PRICE DATA: SQNS last updated never — may produce missed signals
2026-06-28 21:43:49 WARNING sepa.ingest  STALE PRICE DATA: STKE last updated never — may produce missed signals
2026-06-28 21:43:49 WARNING sepa.ingest  STALE PRICE DATA: TCGL last updated 2026-06-12 — may produce missed signals
2026-06-28 21:43:49 WARNING sepa.ingest  STALE PRICE DATA: TCNNF last updated 2026-06-19 — may produce missed signals
2026-06-28 21:43:49 WARNING sepa.ingest  STALE PRICE DATA: TIHRF last updated never — may produce missed signals
2026-06-28 21:43:49 WARNING sepa.ingest  STALE PRICE DATA: TINFF last updated never — may produce missed signals
2026-06-28 21:43:49 WARNING sepa.ingest  STALE PRICE DATA: TJGC last updated never — may produce missed signals
2026-06-28 21:43:49 WARNING sepa.ingest  STALE PRICE DATA: TKRFF last updated never — may produce missed signals
2026-06-28 21:43:49 WARNING sepa.ingest  STALE PRICE DATA: TRGEF last updated never — may produce missed signals
2026-06-28 21:43:49 WARNING sepa.ingest  STALE PRICE DATA: TVGN last updated 2026-06-15 — may produce missed signals
2026-06-28 21:43:49 WARNING sepa.ingest  STALE PRICE DATA: USEG last updated never — may produce missed signals
2026-06-28 21:43:49 WARNING sepa.ingest  STALE PRICE DATA: USIO last updated never — may produce missed signals
2026-06-28 21:43:49 WARNING sepa.ingest  STALE PRICE DATA: VACH last updated never — may produce missed signals
2026-06-28 21:43:49 WARNING sepa.ingest  STALE PRICE DATA: VII last updated never — may produce missed signals
2026-06-28 21:43:49 WARNING sepa.ingest  STALE PRICE DATA: WAVE last updated never — may produce missed signals
2026-06-28 21:43:49 WARNING sepa.ingest  STALE PRICE DATA: XOS last updated never — may produce missed signals
2026-06-28 21:43:49 WARNING sepa.ingest  STALE PRICE DATA: ZDGE last updated never — may produce missed signals
2026-06-28 21:43:50 INFO    sepa.ingest  fundamentals: 0/5000 done
2026-06-28 21:44:18 INFO    sepa.ingest  fundamentals: 100/5000 done
2026-06-28 21:44:51 INFO    sepa.ingest  fundamentals: 200/5000 done
2026-06-28 21:45:19 INFO    sepa.ingest  fundamentals: 300/5000 done
2026-06-28 21:45:55 INFO    sepa.ingest  fundamentals: 400/5000 done
2026-06-28 21:46:27 INFO    sepa.ingest  fundamentals: 500/5000 done
2026-06-28 21:46:52 INFO    sepa.ingest  fundamentals: 600/5000 done
2026-06-28 21:47:19 INFO    sepa.ingest  fundamentals: 700/5000 done
2026-06-28 21:47:47 INFO    sepa.ingest  fundamentals: 800/5000 done
2026-06-28 21:48:16 INFO    sepa.ingest  fundamentals: 900/5000 done
2026-06-28 21:48:38 INFO    sepa.ingest  fundamentals: 1000/5000 done
2026-06-28 21:49:03 INFO    sepa.ingest  fundamentals: 1100/5000 done
2026-06-28 21:49:28 INFO    sepa.ingest  fundamentals: 1200/5000 done
2026-06-28 21:49:55 INFO    sepa.ingest  fundamentals: 1300/5000 done
2026-06-28 21:50:17 INFO    sepa.ingest  fundamentals: 1400/5000 done
2026-06-28 21:50:43 INFO    sepa.ingest  fundamentals: 1500/5000 done
2026-06-28 21:51:06 INFO    sepa.ingest  fundamentals: 1600/5000 done
2026-06-28 21:51:32 INFO    sepa.ingest  fundamentals: 1700/5000 done
2026-06-28 21:51:58 INFO    sepa.ingest  fundamentals: 1800/5000 done
2026-06-28 21:52:23 INFO    sepa.ingest  fundamentals: 1900/5000 done
2026-06-28 21:52:53 INFO    sepa.ingest  fundamentals: 2000/5000 done
2026-06-28 21:53:19 INFO    sepa.ingest  fundamentals: 2100/5000 done
2026-06-28 21:53:48 INFO    sepa.ingest  fundamentals: 2200/5000 done
2026-06-28 21:54:09 INFO    sepa.ingest  fundamentals: 2300/5000 done
2026-06-28 21:54:34 INFO    sepa.ingest  fundamentals: 2400/5000 done
2026-06-28 21:55:01 INFO    sepa.ingest  fundamentals: 2500/5000 done
2026-06-28 21:55:33 INFO    sepa.ingest  fundamentals: 2600/5000 done
2026-06-28 21:56:03 INFO    sepa.ingest  fundamentals: 2700/5000 done
2026-06-28 21:56:26 INFO    sepa.ingest  fundamentals: 2800/5000 done
2026-06-28 21:56:45 WARNING sepa.ingest  ANRO: sales all-zero despite eps data present — possible EDGAR date mismatch
2026-06-28 21:56:48 WARNING sepa.ingest  SMBK: sales all-zero despite eps data present — possible EDGAR date mismatch
2026-06-28 21:56:55 WARNING sepa.ingest  NB: sales all-zero despite eps data present — possible EDGAR date mismatch
2026-06-28 21:56:56 WARNING sepa.ingest  CGBD: sales all-zero despite eps data present — possible EDGAR date mismatch
2026-06-28 21:57:06 WARNING sepa.ingest  DSGN: sales all-zero despite eps data present — possible EDGAR date mismatch
2026-06-28 21:57:09 WARNING sepa.ingest  ALRS: sales all-zero despite eps data present — possible EDGAR date mismatch
2026-06-28 21:57:20 INFO    sepa.ingest  fundamentals: 2900/5000 done
2026-06-28 21:57:21 WARNING sepa.ingest  FISI: sales all-zero despite eps data present — possible EDGAR date mismatch
2026-06-28 21:57:25 WARNING sepa.ingest  SLDB: sales all-zero despite eps data present — possible EDGAR date mismatch
2026-06-28 21:57:46 WARNING sepa.ingest  RBTK: sales all-zero despite eps data present — possible EDGAR date mismatch
2026-06-28 21:57:46 WARNING sepa.ingest  RLMD: sales all-zero despite eps data present — possible EDGAR date mismatch
2026-06-28 21:57:49 WARNING sepa.ingest  VEL: sales all-zero despite eps data present — possible EDGAR date mismatch
2026-06-28 21:57:49 WARNING sepa.ingest  NMFC: sales all-zero despite eps data present — possible EDGAR date mismatch
2026-06-28 21:57:54 WARNING sepa.ingest  FDUS: sales all-zero despite eps data present — possible EDGAR date mismatch
2026-06-28 21:57:58 WARNING sepa.ingest  CWBC: sales all-zero despite eps data present — possible EDGAR date mismatch
2026-06-28 21:58:00 WARNING sepa.ingest  DC: sales all-zero despite eps data present — possible EDGAR date mismatch
2026-06-28 21:58:03 WARNING sepa.ingest  SLRC: sales all-zero despite eps data present — possible EDGAR date mismatch
2026-06-28 21:58:15 WARNING sepa.ingest  TRTX: sales all-zero despite eps data present — possible EDGAR date mismatch
2026-06-28 21:58:18 WARNING sepa.ingest  AURA: sales all-zero despite eps data present — possible EDGAR date mismatch
2026-06-28 21:58:20 WARNING sepa.ingest  TMQ: sales all-zero despite eps data present — possible EDGAR date mismatch
2026-06-28 21:58:25 WARNING sepa.ingest  IMMX: sales all-zero despite eps data present — possible EDGAR date mismatch
2026-06-28 21:58:28 WARNING sepa.ingest  CLYM: sales all-zero despite eps data present — possible EDGAR date mismatch
2026-06-28 21:58:35 WARNING sepa.ingest  TCBX: sales all-zero despite eps data present — possible EDGAR date mismatch
2026-06-28 21:58:39 WARNING sepa.ingest  AROW: sales all-zero despite eps data present — possible EDGAR date mismatch
2026-06-28 21:58:41 INFO    sepa.ingest  fundamentals: 3000/5000 done
2026-06-28 21:58:46 WARNING sepa.ingest  BCAL: sales all-zero despite eps data present — possible EDGAR date mismatch
2026-06-28 21:58:50 WARNING sepa.ingest  NPB: sales all-zero despite eps data present — possible EDGAR date mismatch
2026-06-28 21:58:51 WARNING sepa.ingest  BBOT: sales all-zero despite eps data present — possible EDGAR date mismatch
2026-06-28 21:58:52 WARNING sepa.ingest  PFIS: sales all-zero despite eps data present — possible EDGAR date mismatch
2026-06-28 21:59:05 WARNING sepa.ingest  SGP: sales all-zero despite eps data present — possible EDGAR date mismatch
2026-06-28 21:59:10 WARNING sepa.ingest  NCDL: sales all-zero despite eps data present — possible EDGAR date mismatch
2026-06-28 21:59:12 WARNING sepa.ingest  ZNOG: sales all-zero despite eps data present — possible EDGAR date mismatch
2026-06-28 21:59:14 WARNING sepa.ingest  MSBI: sales all-zero despite eps data present — possible EDGAR date mismatch
2026-06-28 21:59:16 WARNING sepa.ingest  BHB: sales all-zero despite eps data present — possible EDGAR date mismatch
2026-06-28 21:59:27 WARNING sepa.ingest  CADL: sales all-zero despite eps data present — possible EDGAR date mismatch
2026-06-28 21:59:27 WARNING sepa.ingest  THM: sales all-zero despite eps data present — possible EDGAR date mismatch
2026-06-28 21:59:37 WARNING sepa.ingest  RRBI: sales all-zero despite eps data present — possible EDGAR date mismatch
2026-06-28 21:59:49 WARNING sepa.ingest  TECX: sales all-zero despite eps data present — possible EDGAR date mismatch
2026-06-28 21:59:58 INFO    sepa.ingest  fundamentals: 3100/5000 done
2026-06-28 22:00:00 WARNING sepa.ingest  NKLR: sales all-zero despite eps data present — possible EDGAR date mismatch
2026-06-28 22:00:04 WARNING sepa.ingest  DBCA: sales all-zero despite eps data present — possible EDGAR date mismatch
2026-06-28 22:00:07 WARNING sepa.ingest  UNTY: sales all-zero despite eps data present — possible EDGAR date mismatch
2026-06-28 22:00:08 WARNING sepa.ingest  ACHV: sales all-zero despite eps data present — possible EDGAR date mismatch
2026-06-28 22:00:14 WARNING sepa.ingest  BWB: sales all-zero despite eps data present — possible EDGAR date mismatch
2026-06-28 22:00:18 WARNING sepa.ingest  CBNK: sales all-zero despite eps data present — possible EDGAR date mismatch
2026-06-28 22:00:19 WARNING sepa.ingest  CRD-A: sales all-zero despite eps data present — possible EDGAR date mismatch
2026-06-28 22:00:21 WARNING sepa.ingest  MSIF: sales all-zero despite eps data present — possible EDGAR date mismatch
2026-06-28 22:00:27 WARNING sepa.ingest  PROK: sales all-zero despite eps data present — possible EDGAR date mismatch
2026-06-28 22:00:28 WARNING sepa.ingest  KRNY: sales all-zero despite eps data present — possible EDGAR date mismatch
2026-06-28 22:00:31 WARNING sepa.ingest  EIKN: sales all-zero despite eps data present — possible EDGAR date mismatch
2026-06-28 22:00:38 WARNING sepa.ingest  CTGO: sales all-zero despite eps data present — possible EDGAR date mismatch
2026-06-28 22:00:41 WARNING sepa.ingest  OLP: sales all-zero despite eps data present — possible EDGAR date mismatch
2026-06-28 22:00:46 WARNING sepa.ingest  HBCP: sales all-zero despite eps data present — possible EDGAR date mismatch
2026-06-28 22:00:47 WARNING sepa.ingest  BSRR: sales all-zero despite eps data present — possible EDGAR date mismatch
2026-06-28 22:00:51 WARNING sepa.ingest  INDP: sales all-zero despite eps data present — possible EDGAR date mismatch
2026-06-28 22:01:18 WARNING sepa.ingest  FBIZ: sales all-zero despite eps data present — possible EDGAR date mismatch
2026-06-28 22:01:19 WARNING sepa.ingest  CBIO: sales all-zero despite eps data present — possible EDGAR date mismatch
2026-06-28 22:01:24 INFO    sepa.ingest  fundamentals: 3200/5000 done
2026-06-28 22:01:27 WARNING sepa.ingest  KYTX: sales all-zero despite eps data present — possible EDGAR date mismatch
2026-06-28 22:01:35 WARNING sepa.ingest  GCBC: sales all-zero despite eps data present — possible EDGAR date mismatch
2026-06-28 22:01:37 WARNING sepa.ingest  OBT: sales all-zero despite eps data present — possible EDGAR date mismatch
2026-06-28 22:01:42 WARNING sepa.ingest  ENHA: sales all-zero despite eps data present — possible EDGAR date mismatch
2026-06-28 22:01:52 WARNING sepa.ingest  JOUT: sales all-zero despite eps data present — possible EDGAR date mismatch
2026-06-28 22:02:05 WARNING sepa.ingest  GTEN: sales all-zero despite eps data present — possible EDGAR date mismatch
2026-06-28 22:02:08 WARNING sepa.ingest  CABA: sales all-zero despite eps data present — possible EDGAR date mismatch
2026-06-28 22:02:13 WARNING sepa.ingest  PDLB: sales all-zero despite eps data present — possible EDGAR date mismatch
2026-06-28 22:02:14 WARNING sepa.ingest  APXT: sales all-zero despite eps data present — possible EDGAR date mismatch
2026-06-28 22:02:15 WARNING sepa.ingest  RZLT: sales all-zero despite eps data present — possible EDGAR date mismatch
2026-06-28 22:02:40 WARNING sepa.ingest  MBVI: sales all-zero despite eps data present — possible EDGAR date mismatch
2026-06-28 22:02:41 WARNING sepa.ingest  IEAG: sales all-zero despite eps data present — possible EDGAR date mismatch
2026-06-28 22:02:43 WARNING sepa.ingest  IACO: sales all-zero despite eps data present — possible EDGAR date mismatch
2026-06-28 22:02:46 WARNING sepa.ingest  CBAN: sales all-zero despite eps data present — possible EDGAR date mismatch
2026-06-28 22:02:48 WARNING sepa.ingest  BSVN: sales all-zero despite eps data present — possible EDGAR date mismatch
2026-06-28 22:02:49 WARNING sepa.ingest  MNPR: sales all-zero despite eps data present — possible EDGAR date mismatch
2026-06-28 22:02:50 WARNING sepa.ingest  MESH: sales all-zero despite eps data present — possible EDGAR date mismatch
2026-06-28 22:02:52 WARNING sepa.ingest  KRAQ: sales all-zero despite eps data present — possible EDGAR date mismatch
2026-06-28 22:02:55 INFO    sepa.ingest  fundamentals: 3300/5000 done
2026-06-28 22:02:58 WARNING sepa.ingest  GLAD: sales all-zero despite eps data present — possible EDGAR date mismatch
2026-06-28 22:03:00 WARNING sepa.ingest  MAGN revenue date fuzzy matched 2024-09-30 → 2024-09-28 (2 day delta)
2026-06-28 22:03:05 WARNING sepa.ingest  CBK: sales all-zero despite eps data present — possible EDGAR date mismatch
2026-06-28 22:03:20 WARNING sepa.ingest  WTBA: sales all-zero despite eps data present — possible EDGAR date mismatch
2026-06-28 22:03:25 WARNING sepa.ingest  CCAP: sales all-zero despite eps data present — possible EDGAR date mismatch
2026-06-28 22:03:30 WARNING sepa.ingest  BMRC: sales all-zero despite eps data present — possible EDGAR date mismatch
2026-06-28 22:03:43 WARNING sepa.ingest  SAAQ: sales all-zero despite eps data present — possible EDGAR date mismatch
2026-06-28 22:03:44 WARNING sepa.ingest  BNTC: sales all-zero despite eps data present — possible EDGAR date mismatch
2026-06-28 22:03:50 WARNING sepa.ingest  SGMT: sales all-zero despite eps data present — possible EDGAR date mismatch
2026-06-28 22:03:55 WARNING sepa.ingest  CRAQ: sales all-zero despite eps data present — possible EDGAR date mismatch
2026-06-28 22:04:01 WARNING sepa.ingest  NPAC: sales all-zero despite eps data present — possible EDGAR date mismatch
2026-06-28 22:04:03 WARNING sepa.ingest  BBCQ: sales all-zero despite eps data present — possible EDGAR date mismatch
2026-06-28 22:04:13 WARNING sepa.ingest  FMAO: sales all-zero despite eps data present — possible EDGAR date mismatch
2026-06-28 22:04:14 WARNING sepa.ingest  NEWT: sales all-zero despite eps data present — possible EDGAR date mismatch
2026-06-28 22:04:19 WARNING sepa.ingest  LXEO: sales all-zero despite eps data present — possible EDGAR date mismatch
2026-06-28 22:04:21 WARNING sepa.ingest  GPAT: sales all-zero despite eps data present — possible EDGAR date mismatch
2026-06-28 22:04:22 INFO    sepa.ingest  fundamentals: 3400/5000 done
2026-06-28 22:04:25 WARNING sepa.ingest  TACO: sales all-zero despite eps data present — possible EDGAR date mismatch
2026-06-28 22:04:34 WARNING sepa.ingest  CZNC: sales all-zero despite eps data present — possible EDGAR date mismatch
2026-06-28 22:04:35 WARNING sepa.ingest  WENN: sales all-zero despite eps data present — possible EDGAR date mismatch
2026-06-28 22:04:51 WARNING sepa.ingest  FRST: sales all-zero despite eps data present — possible EDGAR date mismatch
2026-06-28 22:04:53 WARNING sepa.ingest  CYDY: sales all-zero despite eps data present — possible EDGAR date mismatch
2026-06-28 22:05:02 WARNING sepa.ingest  PKBK: sales all-zero despite eps data present — possible EDGAR date mismatch
2026-06-28 22:05:10 WARNING sepa.ingest  REEMF: sales all-zero despite eps data present — possible EDGAR date mismatch
2026-06-28 22:05:11 WARNING sepa.ingest  LRMR: sales all-zero despite eps data present — possible EDGAR date mismatch
2026-06-28 22:05:21 WARNING sepa.ingest  AVBC: sales all-zero despite eps data present — possible EDGAR date mismatch
2026-06-28 22:05:23 WARNING sepa.ingest  GIX: sales all-zero despite eps data present — possible EDGAR date mismatch
2026-06-28 22:05:23 WARNING sepa.ingest  SDHI: sales all-zero despite eps data present — possible EDGAR date mismatch
2026-06-28 22:05:30 WARNING sepa.ingest  ALUB: sales all-zero despite eps data present — possible EDGAR date mismatch
2026-06-28 22:05:34 WARNING sepa.ingest  FBRX: sales all-zero despite eps data present — possible EDGAR date mismatch
2026-06-28 22:05:38 WARNING sepa.ingest  SAR: sales all-zero despite eps data present — possible EDGAR date mismatch
2026-06-28 22:05:39 WARNING sepa.ingest  CCII: sales all-zero despite eps data present — possible EDGAR date mismatch
2026-06-28 22:05:49 INFO    sepa.ingest  fundamentals: 3500/5000 done
2026-06-28 22:05:55 WARNING sepa.ingest  NECB: sales all-zero despite eps data present — possible EDGAR date mismatch
2026-06-28 22:05:56 WARNING sepa.ingest  PAII: sales all-zero despite eps data present — possible EDGAR date mismatch
2026-06-28 22:05:57 WARNING sepa.ingest  GLSI: sales all-zero despite eps data present — possible EDGAR date mismatch
2026-06-28 22:05:58 WARNING sepa.ingest  REA: sales all-zero despite eps data present — possible EDGAR date mismatch
2026-06-28 22:06:01 WARNING sepa.ingest  SOUL: sales all-zero despite eps data present — possible EDGAR date mismatch
2026-06-28 22:06:03 WARNING sepa.ingest  BDCI: sales all-zero despite eps data present — possible EDGAR date mismatch
2026-06-28 22:06:05 WARNING sepa.ingest  MVBF: sales all-zero despite eps data present — possible EDGAR date mismatch
2026-06-28 22:06:06 WARNING sepa.ingest  USCB: sales all-zero despite eps data present — possible EDGAR date mismatch
2026-06-28 22:06:09 WARNING sepa.ingest  VGZ: sales all-zero despite eps data present — possible EDGAR date mismatch
2026-06-28 22:06:10 WARNING sepa.ingest  HCMA: sales all-zero despite eps data present — possible EDGAR date mismatch
2026-06-28 22:06:16 WARNING sepa.ingest  RCKT: sales all-zero despite eps data present — possible EDGAR date mismatch
2026-06-28 22:06:18 WARNING sepa.ingest  SORN: sales all-zero despite eps data present — possible EDGAR date mismatch
2026-06-28 22:06:19 WARNING sepa.ingest  AVIR: sales all-zero despite eps data present — possible EDGAR date mismatch
2026-06-28 22:06:22 WARNING sepa.ingest  WSBF: sales all-zero despite eps data present — possible EDGAR date mismatch
2026-06-28 22:06:23 WARNING sepa.ingest  ZURA: sales all-zero despite eps data present — possible EDGAR date mismatch
2026-06-28 22:06:26 WARNING sepa.ingest  BCML: sales all-zero despite eps data present — possible EDGAR date mismatch
2026-06-28 22:06:28 WARNING sepa.ingest  CNXU: sales all-zero despite eps data present — possible EDGAR date mismatch
2026-06-28 22:06:31 WARNING sepa.ingest  CATX: sales all-zero despite eps data present — possible EDGAR date mismatch
2026-06-28 22:06:40 WARNING sepa.ingest  FNLC: sales all-zero despite eps data present — possible EDGAR date mismatch
2026-06-28 22:06:41 WARNING sepa.ingest  CHMG: sales all-zero despite eps data present — possible EDGAR date mismatch
2026-06-28 22:06:43 WARNING sepa.ingest  SSSS: sales all-zero despite eps data present — possible EDGAR date mismatch
2026-06-28 22:06:44 WARNING sepa.ingest  NREF: sales all-zero despite eps data present — possible EDGAR date mismatch
2026-06-28 22:06:48 WARNING sepa.ingest  PSBD: sales all-zero despite eps data present — possible EDGAR date mismatch
2026-06-28 22:06:49 WARNING sepa.ingest  BEAG: sales all-zero despite eps data present — possible EDGAR date mismatch
2026-06-28 22:06:50 WARNING sepa.ingest  NVCT: sales all-zero despite eps data present — possible EDGAR date mismatch
2026-06-28 22:06:58 WARNING sepa.ingest  TSBK: sales all-zero despite eps data present — possible EDGAR date mismatch
2026-06-28 22:06:58 WARNING sepa.ingest  CEPV: sales all-zero despite eps data present — possible EDGAR date mismatch
2026-06-28 22:07:02 WARNING sepa.ingest  ATII: sales all-zero despite eps data present — possible EDGAR date mismatch
2026-06-28 22:07:08 WARNING sepa.ingest  SZZL: sales all-zero despite eps data present — possible EDGAR date mismatch
2026-06-28 22:07:15 WARNING sepa.ingest  AIRJ: sales all-zero despite eps data present — possible EDGAR date mismatch
2026-06-28 22:07:21 INFO    sepa.ingest  fundamentals: 3600/5000 done
2026-06-28 22:07:23 WARNING sepa.ingest  EVOX: sales all-zero despite eps data present — possible EDGAR date mismatch
2026-06-28 22:07:26 WARNING sepa.ingest  VACI: sales all-zero despite eps data present — possible EDGAR date mismatch
2026-06-28 22:07:32 WARNING sepa.ingest  ALDF: sales all-zero despite eps data present — possible EDGAR date mismatch
2026-06-28 22:07:39 WARNING sepa.ingest  JACS: sales all-zero despite eps data present — possible EDGAR date mismatch
2026-06-28 22:07:40 WARNING sepa.ingest  POLE: sales all-zero despite eps data present — possible EDGAR date mismatch
2026-06-28 22:07:41 WARNING sepa.ingest  SAC: sales all-zero despite eps data present — possible EDGAR date mismatch
2026-06-28 22:07:44 WARNING sepa.ingest  TVA: sales all-zero despite eps data present — possible EDGAR date mismatch
2026-06-28 22:07:46 WARNING sepa.ingest  TENX: sales all-zero despite eps data present — possible EDGAR date mismatch
2026-06-28 22:07:49 WARNING sepa.ingest  MKLY: sales all-zero despite eps data present — possible EDGAR date mismatch
2026-06-28 22:07:57 WARNING sepa.ingest  GRAF: sales all-zero despite eps data present — possible EDGAR date mismatch
2026-06-28 22:08:02 WARNING sepa.ingest  LPAA: sales all-zero despite eps data present — possible EDGAR date mismatch
2026-06-28 22:08:06 WARNING sepa.ingest  LEGO: sales all-zero despite eps data present — possible EDGAR date mismatch
2026-06-28 22:08:09 WARNING sepa.ingest  DMAC: sales all-zero despite eps data present — possible EDGAR date mismatch
2026-06-28 22:08:16 WARNING sepa.ingest  VHCP: sales all-zero despite eps data present — possible EDGAR date mismatch
2026-06-28 22:08:19 WARNING sepa.ingest  PALI: sales all-zero despite eps data present — possible EDGAR date mismatch
2026-06-28 22:08:24 WARNING sepa.ingest  LTBR: sales all-zero despite eps data present — possible EDGAR date mismatch
2026-06-28 22:08:25 WARNING sepa.ingest  CFNB: sales all-zero despite eps data present — possible EDGAR date mismatch
2026-06-28 22:08:37 WARNING sepa.ingest  JMSB: sales all-zero despite eps data present — possible EDGAR date mismatch
2026-06-28 22:08:39 WARNING sepa.ingest  HVMC: sales all-zero despite eps data present — possible EDGAR date mismatch
2026-06-28 22:08:46 WARNING sepa.ingest  FNRN: sales all-zero despite eps data present — possible EDGAR date mismatch
2026-06-28 22:08:48 WARNING sepa.ingest  BRBS: sales all-zero despite eps data present — possible EDGAR date mismatch
2026-06-28 22:08:52 INFO    sepa.ingest  fundamentals: 3700/5000 done
2026-06-28 22:08:54 WARNING sepa.ingest  IRHO: sales all-zero despite eps data present — possible EDGAR date mismatch
2026-06-28 22:09:02 WARNING sepa.ingest  ISBA: sales all-zero despite eps data present — possible EDGAR date mismatch
2026-06-28 22:09:03 WARNING sepa.ingest  BACC: sales all-zero despite eps data present — possible EDGAR date mismatch
2026-06-28 22:09:06 WARNING sepa.ingest  AACP: sales all-zero despite eps data present — possible EDGAR date mismatch
2026-06-28 22:09:08 WARNING sepa.ingest  CCFN: sales all-zero despite eps data present — possible EDGAR date mismatch
2026-06-28 22:09:14 WARNING sepa.ingest  FGII: sales all-zero despite eps data present — possible EDGAR date mismatch
2026-06-28 22:09:17 WARNING sepa.ingest  LPCV: sales all-zero despite eps data present — possible EDGAR date mismatch
2026-06-28 22:09:18 WARNING sepa.ingest  NUCL: sales all-zero despite eps data present — possible EDGAR date mismatch
2026-06-28 22:09:20 WARNING sepa.ingest  ELDN: sales all-zero despite eps data present — possible EDGAR date mismatch
2026-06-28 22:09:21 WARNING sepa.ingest  IMRX: sales all-zero despite eps data present — possible EDGAR date mismatch
2026-06-28 22:09:24 WARNING sepa.ingest  TCPC: sales all-zero despite eps data present — possible EDGAR date mismatch
2026-06-28 22:09:26 WARNING sepa.ingest  NMRA: sales all-zero despite eps data present — possible EDGAR date mismatch
2026-06-28 22:09:28 WARNING sepa.ingest  OVLY: sales all-zero despite eps data present — possible EDGAR date mismatch
2026-06-28 22:09:29 WARNING sepa.ingest  HRZN: sales all-zero despite eps data present — possible EDGAR date mismatch
2026-06-28 22:09:41 WARNING sepa.ingest  NAUT: sales all-zero despite eps data present — possible EDGAR date mismatch
2026-06-28 22:09:42 WARNING sepa.ingest  FDBC: sales all-zero despite eps data present — possible EDGAR date mismatch
2026-06-28 22:09:49 WARNING sepa.ingest  RC: sales all-zero despite eps data present — possible EDGAR date mismatch
2026-06-28 22:09:55 WARNING sepa.ingest  WNEB: sales all-zero despite eps data present — possible EDGAR date mismatch
2026-06-28 22:10:01 WARNING sepa.ingest  MUZE: sales all-zero despite eps data present — possible EDGAR date mismatch
2026-06-28 22:10:02 WARNING sepa.ingest  TG: sales all-zero despite eps data present — possible EDGAR date mismatch
2026-06-28 22:10:03 WARNING sepa.ingest  CEPO: sales all-zero despite eps data present — possible EDGAR date mismatch
2026-06-28 22:10:08 WARNING sepa.ingest  FRAF: sales all-zero despite eps data present — possible EDGAR date mismatch
2026-06-28 22:10:11 WARNING sepa.ingest  DNMX: sales all-zero despite eps data present — possible EDGAR date mismatch
2026-06-28 22:10:16 WARNING sepa.ingest  USAU: sales all-zero despite eps data present — possible EDGAR date mismatch
2026-06-28 22:10:19 WARNING sepa.ingest  SBMT: sales all-zero despite eps data present — possible EDGAR date mismatch
2026-06-28 22:10:20 WARNING sepa.ingest  FJET: sales all-zero despite eps data present — possible EDGAR date mismatch
2026-06-28 22:10:24 INFO    sepa.ingest  fundamentals: 3800/5000 done
2026-06-28 22:10:28 WARNING sepa.ingest  HWBK: sales all-zero despite eps data present — possible EDGAR date mismatch
2026-06-28 22:10:34 WARNING sepa.ingest  ATLO: sales all-zero despite eps data present — possible EDGAR date mismatch
2026-06-28 22:10:36 WARNING sepa.ingest  FACT: sales all-zero despite eps data present — possible EDGAR date mismatch
2026-06-28 22:10:39 WARNING sepa.ingest  PLMK: sales all-zero despite eps data present — possible EDGAR date mismatch
2026-06-28 22:10:45 WARNING sepa.ingest  DMAA: sales all-zero despite eps data present — possible EDGAR date mismatch
2026-06-28 22:10:51 WARNING sepa.ingest  NTWO: sales all-zero despite eps data present — possible EDGAR date mismatch
2026-06-28 22:10:52 WARNING sepa.ingest  ARMP: sales all-zero despite eps data present — possible EDGAR date mismatch
2026-06-28 22:11:04 WARNING sepa.ingest  BPRN: sales all-zero despite eps data present — possible EDGAR date mismatch
2026-06-28 22:11:05 WARNING sepa.ingest  MITT: sales all-zero despite eps data present — possible EDGAR date mismatch
2026-06-28 22:11:12 WARNING sepa.ingest  CAQ: sales all-zero despite eps data present — possible EDGAR date mismatch
2026-06-28 22:11:20 WARNING sepa.ingest  CBNA: sales all-zero despite eps data present — possible EDGAR date mismatch
2026-06-28 22:11:22 WARNING sepa.ingest  CNTN: sales all-zero despite eps data present — possible EDGAR date mismatch
2026-06-28 22:11:26 WARNING sepa.ingest  AVXL: sales all-zero despite eps data present — possible EDGAR date mismatch
2026-06-28 22:11:34 WARNING sepa.ingest  SCM: sales all-zero despite eps data present — possible EDGAR date mismatch
2026-06-28 22:11:44 WARNING sepa.ingest  RAAQ: sales all-zero despite eps data present — possible EDGAR date mismatch
2026-06-28 22:11:45 WARNING sepa.ingest  SOCA: sales all-zero despite eps data present — possible EDGAR date mismatch
2026-06-28 22:11:46 WARNING sepa.ingest  MCGA: sales all-zero despite eps data present — possible EDGAR date mismatch
2026-06-28 22:11:58 WARNING sepa.ingest  LCNB: sales all-zero despite eps data present — possible EDGAR date mismatch
2026-06-28 22:11:59 WARNING sepa.ingest  VABK: sales all-zero despite eps data present — possible EDGAR date mismatch
2026-06-28 22:12:00 WARNING sepa.ingest  DAAQ: sales all-zero despite eps data present — possible EDGAR date mismatch
2026-06-28 22:12:08 INFO    sepa.ingest  fundamentals: 3900/5000 done
2026-06-28 22:12:09 WARNING sepa.ingest  REFI: sales all-zero despite eps data present — possible EDGAR date mismatch
2026-06-28 22:12:18 WARNING sepa.ingest  RWAY: sales all-zero despite eps data present — possible EDGAR date mismatch
2026-06-28 22:12:35 WARNING sepa.ingest  TARA: sales all-zero despite eps data present — possible EDGAR date mismatch
2026-06-28 22:12:39 WARNING sepa.ingest  LIEN: sales all-zero despite eps data present — possible EDGAR date mismatch
2026-06-28 22:12:40 WARNING sepa.ingest  IRAB: sales all-zero despite eps data present — possible EDGAR date mismatch
2026-06-28 22:12:41 WARNING sepa.ingest  SVCC: sales all-zero despite eps data present — possible EDGAR date mismatch
2026-06-28 22:12:45 WARNING sepa.ingest  MFIN: sales all-zero despite eps data present — possible EDGAR date mismatch
2026-06-28 22:12:48 WARNING sepa.ingest  OVBC: sales all-zero despite eps data present — possible EDGAR date mismatch
2026-06-28 22:12:54 WARNING sepa.ingest  PEBK: sales all-zero despite eps data present — possible EDGAR date mismatch
2026-06-28 22:12:55 WARNING sepa.ingest  EFSI: sales all-zero despite eps data present — possible EDGAR date mismatch
2026-06-28 22:13:01 WARNING sepa.ingest  IKT: sales all-zero despite eps data present — possible EDGAR date mismatch
2026-06-28 22:13:02 WARNING sepa.ingest  ONCH: sales all-zero despite eps data present — possible EDGAR date mismatch
2026-06-28 22:13:07 WARNING sepa.ingest  INBK: sales all-zero despite eps data present — possible EDGAR date mismatch
2026-06-28 22:13:08 WARNING sepa.ingest  CMTV: sales all-zero despite eps data present — possible EDGAR date mismatch
2026-06-28 22:13:14 WARNING sepa.ingest  QNBC: sales all-zero despite eps data present — possible EDGAR date mismatch
2026-06-28 22:13:20 WARNING sepa.ingest  WEWA: sales all-zero despite eps data present — possible EDGAR date mismatch
2026-06-28 22:13:26 WARNING sepa.ingest  CTAA: sales all-zero despite eps data present — possible EDGAR date mismatch
2026-06-28 22:13:28 WARNING sepa.ingest  WALD: sales all-zero despite eps data present — possible EDGAR date mismatch
2026-06-28 22:13:33 WARNING sepa.ingest  AOMR: sales all-zero despite eps data present — possible EDGAR date mismatch
2026-06-28 22:13:40 INFO    sepa.ingest  fundamentals: 4000/5000 done
2026-06-28 22:13:44 WARNING sepa.ingest  HAVA: sales all-zero despite eps data present — possible EDGAR date mismatch
2026-06-28 22:13:50 WARNING sepa.ingest  FOTB: sales all-zero despite eps data present — possible EDGAR date mismatch
2026-06-28 22:14:01 WARNING sepa.ingest  CZWI: sales all-zero despite eps data present — possible EDGAR date mismatch
2026-06-28 22:14:09 WARNING sepa.ingest  TPVG: sales all-zero despite eps data present — possible EDGAR date mismatch
2026-06-28 22:14:13 WARNING sepa.ingest  FIGX: sales all-zero despite eps data present — possible EDGAR date mismatch
2026-06-28 22:14:21 WARNING sepa.ingest  AIIA: sales all-zero despite eps data present — possible EDGAR date mismatch
2026-06-28 22:14:22 WARNING sepa.ingest  NERV: sales all-zero despite eps data present — possible EDGAR date mismatch
2026-06-28 22:14:28 WARNING sepa.ingest  CFBK: sales all-zero despite eps data present — possible EDGAR date mismatch
2026-06-28 22:14:29 WARNING sepa.ingest  IMUX: sales all-zero despite eps data present — possible EDGAR date mismatch
2026-06-28 22:14:30 WARNING sepa.ingest  UNCY: sales all-zero despite eps data present — possible EDGAR date mismatch
2026-06-28 22:14:35 WARNING sepa.ingest  BCBP: sales all-zero despite eps data present — possible EDGAR date mismatch
2026-06-28 22:14:38 WARNING sepa.ingest  BHLL: sales all-zero despite eps data present — possible EDGAR date mismatch
2026-06-28 22:14:42 WARNING sepa.ingest  LFAC: sales all-zero despite eps data present — possible EDGAR date mismatch
2026-06-28 22:14:46 WARNING sepa.ingest  CBFV: sales all-zero despite eps data present — possible EDGAR date mismatch
2026-06-28 22:14:52 WARNING sepa.ingest  FINW: sales all-zero despite eps data present — possible EDGAR date mismatch
2026-06-28 22:14:54 WARNING sepa.ingest  NKTX: sales all-zero despite eps data present — possible EDGAR date mismatch
2026-06-28 22:14:59 WARNING sepa.ingest  ALXO: sales all-zero despite eps data present — possible EDGAR date mismatch
2026-06-28 22:15:14 INFO    sepa.ingest  fundamentals: 4100/5000 done
2026-06-28 22:15:15 WARNING sepa.ingest  GALT: sales all-zero despite eps data present — possible EDGAR date mismatch
2026-06-28 22:15:19 WARNING sepa.ingest  EBMT: sales all-zero despite eps data present — possible EDGAR date mismatch
2026-06-28 22:15:28 WARNING sepa.ingest  TTRX: sales all-zero despite eps data present — possible EDGAR date mismatch
2026-06-28 22:15:36 WARNING sepa.ingest  ARCL: sales all-zero despite eps data present — possible EDGAR date mismatch
2026-06-28 22:15:37 WARNING sepa.ingest  LARK: sales all-zero despite eps data present — possible EDGAR date mismatch
2026-06-28 22:15:40 WARNING sepa.ingest  PAAC: sales all-zero despite eps data present — possible EDGAR date mismatch
2026-06-28 22:15:54 WARNING sepa.ingest  ANTX: sales all-zero despite eps data present — possible EDGAR date mismatch
2026-06-28 22:16:00 WARNING sepa.ingest  OKUR: sales all-zero despite eps data present — possible EDGAR date mismatch
2026-06-28 22:16:01 WARNING sepa.ingest  CSBB: sales all-zero despite eps data present — possible EDGAR date mismatch
2026-06-28 22:16:05 WARNING sepa.ingest  LMED: sales all-zero despite eps data present — possible EDGAR date mismatch
2026-06-28 22:16:12 WARNING sepa.ingest  FGBI: sales all-zero despite eps data present — possible EDGAR date mismatch
2026-06-28 22:16:16 WARNING sepa.ingest  BVFL: sales all-zero despite eps data present — possible EDGAR date mismatch
2026-06-28 22:16:19 WARNING sepa.ingest  RANG: sales all-zero despite eps data present — possible EDGAR date mismatch
2026-06-28 22:16:34 WARNING sepa.ingest  HNVR: sales all-zero despite eps data present — possible EDGAR date mismatch
2026-06-28 22:16:37 WARNING sepa.ingest  RENEF: sales all-zero despite eps data present — possible EDGAR date mismatch
2026-06-28 22:16:41 WARNING sepa.ingest  EARN: sales all-zero despite eps data present — possible EDGAR date mismatch
2026-06-28 22:16:43 WARNING sepa.ingest  NMP: sales all-zero despite eps data present — possible EDGAR date mismatch
2026-06-28 22:16:45 WARNING sepa.ingest  ABOS: sales all-zero despite eps data present — possible EDGAR date mismatch
2026-06-28 22:16:55 INFO    sepa.ingest  fundamentals: 4200/5000 done
2026-06-28 22:16:57 WARNING sepa.ingest  EMYB: sales all-zero despite eps data present — possible EDGAR date mismatch
2026-06-28 22:17:00 WARNING sepa.ingest  EMIS: sales all-zero despite eps data present — possible EDGAR date mismatch
2026-06-28 22:17:05 WARNING sepa.ingest  LKSP: sales all-zero despite eps data present — possible EDGAR date mismatch
2026-06-28 22:17:06 WARNING sepa.ingest  WENC: sales all-zero despite eps data present — possible EDGAR date mismatch
2026-06-28 22:17:08 WARNING sepa.ingest  ENBP: sales all-zero despite eps data present — possible EDGAR date mismatch
2026-06-28 22:17:12 WARNING sepa.ingest  LAFA: sales all-zero despite eps data present — possible EDGAR date mismatch
2026-06-28 22:17:18 WARNING sepa.ingest  SPEG: sales all-zero despite eps data present — possible EDGAR date mismatch
2026-06-28 22:17:35 WARNING sepa.ingest  INAC: sales all-zero despite eps data present — possible EDGAR date mismatch
2026-06-28 22:17:35 WARNING sepa.ingest  CEPS: sales all-zero despite eps data present — possible EDGAR date mismatch
2026-06-28 22:17:38 WARNING sepa.ingest  SMNR revenue date fuzzy matched 2024-09-30 → 2024-10-02 (2 day delta)
2026-06-28 22:17:40 WARNING sepa.ingest  CRBP: sales all-zero despite eps data present — possible EDGAR date mismatch
2026-06-28 22:17:50 WARNING sepa.ingest  VWAV: sales all-zero despite eps data present — possible EDGAR date mismatch
2026-06-28 22:17:58 WARNING sepa.ingest  APUR: sales all-zero despite eps data present — possible EDGAR date mismatch
2026-06-28 22:17:59 WARNING sepa.ingest  FNWD: sales all-zero despite eps data present — possible EDGAR date mismatch
2026-06-28 22:18:04 WARNING sepa.ingest  SLBK: sales all-zero despite eps data present — possible EDGAR date mismatch
2026-06-28 22:18:11 WARNING sepa.ingest  USBC: sales all-zero despite eps data present — possible EDGAR date mismatch
2026-06-28 22:18:12 WARNING sepa.ingest  RMBI: sales all-zero despite eps data present — possible EDGAR date mismatch
2026-06-28 22:18:13 WARNING sepa.ingest  XFLH: sales all-zero despite eps data present — possible EDGAR date mismatch
2026-06-28 22:18:20 WARNING sepa.ingest  HURA: sales all-zero despite eps data present — possible EDGAR date mismatch
2026-06-28 22:18:21 WARNING sepa.ingest  SBFG: sales all-zero despite eps data present — possible EDGAR date mismatch
2026-06-28 22:18:22 WARNING sepa.ingest  SRBK: sales all-zero despite eps data present — possible EDGAR date mismatch
2026-06-28 22:18:27 INFO    sepa.ingest  fundamentals: 4300/5000 done
2026-06-28 22:18:29 WARNING sepa.ingest  WHF: sales all-zero despite eps data present — possible EDGAR date mismatch
2026-06-28 22:18:33 WARNING sepa.ingest  RFAM: sales all-zero despite eps data present — possible EDGAR date mismatch
2026-06-28 22:18:33 WARNING sepa.ingest  UAC: sales all-zero despite eps data present — possible EDGAR date mismatch
2026-06-28 22:18:37 WARNING sepa.ingest  AFBI: sales all-zero despite eps data present — possible EDGAR date mismatch
2026-06-28 22:18:39 WARNING sepa.ingest  SCPQ: sales all-zero despite eps data present — possible EDGAR date mismatch
2026-06-28 22:18:45 WARNING sepa.ingest  HOVR: sales all-zero despite eps data present — possible EDGAR date mismatch
2026-06-28 22:18:59 WARNING sepa.ingest  VECA: sales all-zero despite eps data present — possible EDGAR date mismatch
2026-06-28 22:19:12 WARNING sepa.ingest  LSBK: sales all-zero despite eps data present — possible EDGAR date mismatch
2026-06-28 22:19:13 WARNING sepa.ingest  FMBM: sales all-zero despite eps data present — possible EDGAR date mismatch
2026-06-28 22:19:19 WARNING sepa.ingest  PNBK: sales all-zero despite eps data present — possible EDGAR date mismatch
2026-06-28 22:19:23 WARNING sepa.ingest  CGTX: sales all-zero despite eps data present — possible EDGAR date mismatch
2026-06-28 22:19:29 WARNING sepa.ingest  OXSQ: sales all-zero despite eps data present — possible EDGAR date mismatch
2026-06-28 22:19:30 WARNING sepa.ingest  HYNE: sales all-zero despite eps data present — possible EDGAR date mismatch
2026-06-28 22:19:36 WARNING sepa.ingest  GLND: sales all-zero despite eps data present — possible EDGAR date mismatch
2026-06-28 22:19:43 WARNING sepa.ingest  LIXT: sales all-zero despite eps data present — possible EDGAR date mismatch
2026-06-28 22:19:52 INFO    sepa.ingest  fundamentals: 4400/5000 done
2026-06-28 22:19:58 WARNING sepa.ingest  PEPG: sales all-zero despite eps data present — possible EDGAR date mismatch
2026-06-28 22:20:03 WARNING sepa.ingest  ENGN: sales all-zero despite eps data present — possible EDGAR date mismatch
2026-06-28 22:20:05 WARNING sepa.ingest  RVSB: sales all-zero despite eps data present — possible EDGAR date mismatch
2026-06-28 22:20:06 WARNING sepa.ingest  BSBK: sales all-zero despite eps data present — possible EDGAR date mismatch
2026-06-28 22:20:08 WARNING sepa.ingest  WSBK: sales all-zero despite eps data present — possible EDGAR date mismatch
2026-06-28 22:20:10 WARNING sepa.ingest  CHAR: sales all-zero despite eps data present — possible EDGAR date mismatch
2026-06-28 22:20:11 WARNING sepa.ingest  PLYX: sales all-zero despite eps data present — possible EDGAR date mismatch
2026-06-28 22:20:21 WARNING sepa.ingest  AFJK: sales all-zero despite eps data present — possible EDGAR date mismatch
2026-06-28 22:20:29 WARNING sepa.ingest  FKYS: sales all-zero despite eps data present — possible EDGAR date mismatch
2026-06-28 22:20:32 WARNING sepa.ingest  ONCY: sales all-zero despite eps data present — possible EDGAR date mismatch
2026-06-28 22:20:33 WARNING sepa.ingest  MGYR: sales all-zero despite eps data present — possible EDGAR date mismatch
2026-06-28 22:20:39 WARNING sepa.ingest  ALDX: sales all-zero despite eps data present — possible EDGAR date mismatch
2026-06-28 22:20:41 WARNING sepa.ingest  BSAI: sales all-zero despite eps data present — possible EDGAR date mismatch
2026-06-28 22:20:41 WARNING sepa.ingest  USGO: sales all-zero despite eps data present — possible EDGAR date mismatch
2026-06-28 22:20:47 WARNING sepa.ingest  PZG: sales all-zero despite eps data present — possible EDGAR date mismatch
2026-06-28 22:20:48 WARNING sepa.ingest  UNB: sales all-zero despite eps data present — possible EDGAR date mismatch
2026-06-28 22:20:51 WARNING sepa.ingest  SPKL: sales all-zero despite eps data present — possible EDGAR date mismatch
2026-06-28 22:20:52 WARNING sepa.ingest  KLRS: sales all-zero despite eps data present — possible EDGAR date mismatch
2026-06-28 22:20:57 WARNING sepa.ingest  PROV: sales all-zero despite eps data present — possible EDGAR date mismatch
2026-06-28 22:21:00 WARNING sepa.ingest  PFBX: sales all-zero despite eps data present — possible EDGAR date mismatch
2026-06-28 22:21:10 WARNING sepa.ingest  CHPG: sales all-zero despite eps data present — possible EDGAR date mismatch
2026-06-28 22:21:22 WARNING sepa.ingest  RVRC: sales all-zero despite eps data present — possible EDGAR date mismatch
2026-06-28 22:21:23 INFO    sepa.ingest  fundamentals: 4500/5000 done
2026-06-28 22:21:24 WARNING sepa.ingest  SFBC: sales all-zero despite eps data present — possible EDGAR date mismatch
2026-06-28 22:21:28 WARNING sepa.ingest  FGMC: sales all-zero despite eps data present — possible EDGAR date mismatch
2026-06-28 22:21:32 WARNING sepa.ingest  NOEM: sales all-zero despite eps data present — possible EDGAR date mismatch
2026-06-28 22:21:35 WARNING sepa.ingest  VANI: sales all-zero despite eps data present — possible EDGAR date mismatch
2026-06-28 22:21:36 WARNING sepa.ingest  PBHC: sales all-zero despite eps data present — possible EDGAR date mismatch
2026-06-28 22:22:10 WARNING sepa.ingest  PMN: sales all-zero despite eps data present — possible EDGAR date mismatch
2026-06-28 22:22:16 WARNING sepa.ingest  LCCC: sales all-zero despite eps data present — possible EDGAR date mismatch
2026-06-28 22:22:21 WARNING sepa.ingest  XTGRF: sales all-zero despite eps data present — possible EDGAR date mismatch
2026-06-28 22:22:30 WARNING sepa.ingest  UBCP: sales all-zero despite eps data present — possible EDGAR date mismatch
2026-06-28 22:22:36 WARNING sepa.ingest  FNWB: sales all-zero despite eps data present — possible EDGAR date mismatch
2026-06-28 22:22:37 WARNING sepa.ingest  BCIC: sales all-zero despite eps data present — possible EDGAR date mismatch
2026-06-28 22:22:45 WARNING sepa.ingest  ELTX: sales all-zero despite eps data present — possible EDGAR date mismatch
2026-06-28 22:22:47 WARNING sepa.ingest  MMTX: sales all-zero despite eps data present — possible EDGAR date mismatch
2026-06-28 22:22:48 WARNING sepa.ingest  FFAI: sales all-zero despite eps data present — possible EDGAR date mismatch
2026-06-28 22:22:49 WARNING sepa.ingest  SIMA: sales all-zero despite eps data present — possible EDGAR date mismatch
2026-06-28 22:22:51 WARNING sepa.ingest  ORIQ: sales all-zero despite eps data present — possible EDGAR date mismatch
2026-06-28 22:22:55 WARNING sepa.ingest  NEXM: sales all-zero despite eps data present — possible EDGAR date mismatch
2026-06-28 22:23:03 INFO    sepa.ingest  fundamentals: 4600/5000 done
2026-06-28 22:23:05 WARNING sepa.ingest  BMEA: sales all-zero despite eps data present — possible EDGAR date mismatch
2026-06-28 22:23:07 WARNING sepa.ingest  PECE: sales all-zero despite eps data present — possible EDGAR date mismatch
2026-06-28 22:23:10 WARNING sepa.ingest  TELO: sales all-zero despite eps data present — possible EDGAR date mismatch
2026-06-28 22:23:14 WARNING sepa.ingest  ALIS: sales all-zero despite eps data present — possible EDGAR date mismatch
2026-06-28 22:23:16 WARNING sepa.ingest  PFX: sales all-zero despite eps data present — possible EDGAR date mismatch
2026-06-28 22:23:17 WARNING sepa.ingest  LCGMF: sales all-zero despite eps data present — possible EDGAR date mismatch
2026-06-28 22:23:20 WARNING sepa.ingest  JATT: sales all-zero despite eps data present — possible EDGAR date mismatch
2026-06-28 22:23:30 WARNING sepa.ingest  SEV: sales all-zero despite eps data present — possible EDGAR date mismatch
2026-06-28 22:23:38 WARNING sepa.ingest  CYPH: sales all-zero despite eps data present — possible EDGAR date mismatch
2026-06-28 22:23:39 WARNING sepa.ingest  UYSC: sales all-zero despite eps data present — possible EDGAR date mismatch
2026-06-28 22:23:46 WARNING sepa.ingest  WSTN: sales all-zero despite eps data present — possible EDGAR date mismatch
2026-06-28 22:23:47 WARNING sepa.ingest  AARD: sales all-zero despite eps data present — possible EDGAR date mismatch
2026-06-28 22:23:53 WARNING sepa.ingest  UWHR: sales all-zero despite eps data present — possible EDGAR date mismatch
2026-06-28 22:23:56 WARNING sepa.ingest  MAIA: sales all-zero despite eps data present — possible EDGAR date mismatch
2026-06-28 22:24:00 WARNING sepa.ingest  TMRC: sales all-zero despite eps data present — possible EDGAR date mismatch
2026-06-28 22:24:02 WARNING sepa.ingest  FBSI: sales all-zero despite eps data present — possible EDGAR date mismatch
2026-06-28 22:24:09 WARNING sepa.ingest  FSEA: sales all-zero despite eps data present — possible EDGAR date mismatch
2026-06-28 22:24:12 WARNING sepa.ingest  SSEA: sales all-zero despite eps data present — possible EDGAR date mismatch
2026-06-28 22:24:14 WARNING sepa.ingest  CPBI: sales all-zero despite eps data present — possible EDGAR date mismatch
2026-06-28 22:24:16 WARNING sepa.ingest  STLE: sales all-zero despite eps data present — possible EDGAR date mismatch
2026-06-28 22:24:18 WARNING sepa.ingest  LONA: sales all-zero despite eps data present — possible EDGAR date mismatch
2026-06-28 22:24:26 WARNING sepa.ingest  OSTX: sales all-zero despite eps data present — possible EDGAR date mismatch
2026-06-28 22:24:27 WARNING sepa.ingest  XPL: sales all-zero despite eps data present — possible EDGAR date mismatch
2026-06-28 22:24:37 WARNING sepa.ingest  GANX: sales all-zero despite eps data present — possible EDGAR date mismatch
2026-06-28 22:24:39 INFO    sepa.ingest  fundamentals: 4700/5000 done
2026-06-28 22:24:42 WARNING sepa.ingest  ANVS: sales all-zero despite eps data present — possible EDGAR date mismatch
2026-06-28 22:24:43 WARNING sepa.ingest  GECC: sales all-zero despite eps data present — possible EDGAR date mismatch
2026-06-28 22:24:44 WARNING sepa.ingest  RTGN: sales all-zero despite eps data present — possible EDGAR date mismatch
2026-06-28 22:24:47 WARNING sepa.ingest  NBRG: sales all-zero despite eps data present — possible EDGAR date mismatch
2026-06-28 22:24:52 WARNING sepa.ingest  BPAC: sales all-zero despite eps data present — possible EDGAR date mismatch
2026-06-28 22:24:53 WARNING sepa.ingest  ACET: sales all-zero despite eps data present — possible EDGAR date mismatch
2026-06-28 22:24:57 WARNING sepa.ingest  RNTX: sales all-zero despite eps data present — possible EDGAR date mismatch
2026-06-28 22:25:07 WARNING sepa.ingest  PLRX: sales all-zero despite eps data present — possible EDGAR date mismatch
2026-06-28 22:25:10 WARNING sepa.ingest  IOR: sales all-zero despite eps data present — possible EDGAR date mismatch
2026-06-28 22:25:12 WARNING sepa.ingest  XBIT: sales all-zero despite eps data present — possible EDGAR date mismatch
2026-06-28 22:25:14 WARNING sepa.ingest  THMG: sales all-zero despite eps data present — possible EDGAR date mismatch
2026-06-28 22:25:21 WARNING sepa.ingest  OPHC: sales all-zero despite eps data present — possible EDGAR date mismatch
2026-06-28 22:25:25 WARNING sepa.ingest  IMAQ: sales all-zero despite eps data present — possible EDGAR date mismatch
2026-06-28 22:25:28 WARNING sepa.ingest  AASP: sales all-zero despite eps data present — possible EDGAR date mismatch
2026-06-28 22:25:42 WARNING sepa.ingest  CING: sales all-zero despite eps data present — possible EDGAR date mismatch
2026-06-28 22:25:43 WARNING sepa.ingest  WWR: sales all-zero despite eps data present — possible EDGAR date mismatch
2026-06-28 22:25:48 WARNING sepa.ingest  FEAM: sales all-zero despite eps data present — possible EDGAR date mismatch
2026-06-28 22:25:57 WARNING sepa.ingest  VGAS: sales all-zero despite eps data present — possible EDGAR date mismatch
2026-06-28 22:25:58 WARNING sepa.ingest  ACRV: sales all-zero despite eps data present — possible EDGAR date mismatch
2026-06-28 22:25:59 WARNING sepa.ingest  CLST: sales all-zero despite eps data present — possible EDGAR date mismatch
2026-06-28 22:26:02 WARNING sepa.ingest  BYSI: sales all-zero despite eps data present — possible EDGAR date mismatch
2026-06-28 22:26:07 INFO    sepa.ingest  fundamentals: 4800/5000 done
2026-06-28 22:26:37 WARNING sepa.ingest  EDSA: sales all-zero despite eps data present — possible EDGAR date mismatch
2026-06-28 22:26:38 WARNING sepa.ingest  QSEP: sales all-zero despite eps data present — possible EDGAR date mismatch
2026-06-28 22:26:38 WARNING sepa.ingest  INKT: sales all-zero despite eps data present — possible EDGAR date mismatch
2026-06-28 22:26:49 WARNING sepa.ingest  BFNH: sales all-zero despite eps data present — possible EDGAR date mismatch
2026-06-28 22:27:02 WARNING sepa.ingest  PMVP: sales all-zero despite eps data present — possible EDGAR date mismatch
2026-06-28 22:27:03 WARNING sepa.ingest  FLNA: sales all-zero despite eps data present — possible EDGAR date mismatch
2026-06-28 22:27:08 WARNING sepa.ingest  EXOZ: sales all-zero despite eps data present — possible EDGAR date mismatch
2026-06-28 22:27:11 WARNING sepa.ingest  SYPR revenue date fuzzy matched 2025-09-29 → 2025-09-28 (1 day delta)
2026-06-28 22:27:11 WARNING sepa.ingest  SYPR op_income date fuzzy matched 2025-09-29 → 2025-09-28 (1 day delta)
2026-06-28 22:27:11 WARNING sepa.ingest  SYPR net_income date fuzzy matched 2025-09-29 → 2025-09-28 (1 day delta)
2026-06-28 22:27:11 WARNING sepa.ingest  SYPR equity date fuzzy matched 2025-09-29 → 2025-09-28 (1 day delta)
2026-06-28 22:27:23 WARNING sepa.ingest  FMFG: sales all-zero despite eps data present — possible EDGAR date mismatch
2026-06-28 22:27:24 WARNING sepa.ingest  ACRG: sales all-zero despite eps data present — possible EDGAR date mismatch
2026-06-28 22:27:30 WARNING sepa.ingest  VRM: sales all-zero despite eps data present — possible EDGAR date mismatch
2026-06-28 22:27:34 WARNING sepa.ingest  BSPA: sales all-zero despite eps data present — possible EDGAR date mismatch
2026-06-28 22:27:34 WARNING sepa.ingest  FSHP: sales all-zero despite eps data present — possible EDGAR date mismatch
2026-06-28 22:27:40 INFO    sepa.ingest  fundamentals: 4900/5000 done
2026-06-28 22:27:44 WARNING sepa.ingest  CNTX: sales all-zero despite eps data present — possible EDGAR date mismatch
2026-06-28 22:27:46 WARNING sepa.ingest  LFT: sales all-zero despite eps data present — possible EDGAR date mismatch
2026-06-28 22:27:47 WARNING sepa.ingest  WAMFF: sales all-zero despite eps data present — possible EDGAR date mismatch
2026-06-28 22:28:05 WARNING sepa.ingest  KALA: sales all-zero despite eps data present — possible EDGAR date mismatch
2026-06-28 22:28:09 WARNING sepa.ingest  OFS: sales all-zero despite eps data present — possible EDGAR date mismatch
2026-06-28 22:28:23 WARNING sepa.ingest  RIBB: sales all-zero despite eps data present — possible EDGAR date mismatch
2026-06-28 22:28:26 WARNING sepa.ingest  TIL: sales all-zero despite eps data present — possible EDGAR date mismatch
2026-06-28 22:28:28 WARNING sepa.ingest  PDSB: sales all-zero despite eps data present — possible EDGAR date mismatch
2026-06-28 22:28:38 WARNING sepa.ingest  DWTX: sales all-zero despite eps data present — possible EDGAR date mismatch
2026-06-28 22:28:47 WARNING sepa.ingest  LTRN: sales all-zero despite eps data present — possible EDGAR date mismatch
2026-06-28 22:28:50 WARNING sepa.ingest  TCBS: sales all-zero despite eps data present — possible EDGAR date mismatch
2026-06-28 22:28:52 WARNING sepa.ingest  ACTU: sales all-zero despite eps data present — possible EDGAR date mismatch
2026-06-28 22:28:56 WARNING sepa.ingest  ALCYF: sales all-zero despite eps data present — possible EDGAR date mismatch
2026-06-28 22:29:06 WARNING sepa.ingest  COLA: sales all-zero despite eps data present — possible EDGAR date mismatch
2026-06-28 22:29:07 INFO    sepa.ingest  ingest complete
2026-06-28 22:29:09 INFO    sepa.ingest  logs pushed to GitHub
