2026-06-18 21:30:02 INFO    sepa  log file: C:\Users\lathe\sepa-signals\data\logs\2026-06-18\21-30-02-ingest\sepa.log
2026-06-18 21:30:03 INFO    sepa.ingest  universe: 5000 US tickers (after ETF/shell filter)
2026-06-18 21:30:05 ERROR   yfinance  $CONE: possibly delisted; no price data found  (period=2y) (Yahoo error = "No data found, symbol may be delisted")
2026-06-18 21:30:15 ERROR   yfinance  
1 Failed download:
2026-06-18 21:30:15 ERROR   yfinance  ['CONE']: possibly delisted; no price data found  (period=2y) (Yahoo error = "No data found, symbol may be delisted")
2026-06-18 21:30:15 INFO    sepa.ingest  prices new-ticker batch 1: loaded=1 skipped=99 failed=0
2026-06-18 21:30:20 ERROR   yfinance  $AYR: possibly delisted; no price data found  (period=2y) (Yahoo error = "No data found, symbol may be delisted")
2026-06-18 21:30:30 ERROR   yfinance  
1 Failed download:
2026-06-18 21:30:30 ERROR   yfinance  ['AYR']: possibly delisted; no price data found  (period=2y) (Yahoo error = "No data found, symbol may be delisted")
2026-06-18 21:30:30 INFO    sepa.ingest  prices new-ticker batch 2: loaded=3 skipped=197 failed=0
2026-06-18 21:30:43 INFO    sepa.ingest  prices new-ticker batch 3: loaded=3 skipped=297 failed=0
2026-06-18 21:30:50 ERROR   yfinance  $MSSHY: possibly delisted; no price data found  (period=2y)
2026-06-18 21:30:51 ERROR   yfinance  $OBOCY: possibly delisted; no price data found  (period=2y)
2026-06-18 21:30:57 ERROR   yfinance  $NANO: possibly delisted; no price data found  (period=2y) (Yahoo error = "No data found, symbol may be delisted")
2026-06-18 21:30:57 ERROR   yfinance  
3 Failed downloads:
2026-06-18 21:30:57 ERROR   yfinance  ['MSSHY', 'OBOCY']: possibly delisted; no price data found  (period=2y)
2026-06-18 21:30:57 ERROR   yfinance  ['NANO']: possibly delisted; no price data found  (period=2y) (Yahoo error = "No data found, symbol may be delisted")
2026-06-18 21:30:57 INFO    sepa.ingest  prices new-ticker batch 4: loaded=4 skipped=396 failed=0
2026-06-18 21:31:10 INFO    sepa.ingest  prices new-ticker batch 5: loaded=6 skipped=494 failed=0
2026-06-18 21:31:23 INFO    sepa.ingest  prices new-ticker batch 6: loaded=6 skipped=594 failed=0
2026-06-18 21:31:36 ERROR   yfinance  $SEAH: possibly delisted; no price data found  (period=2y) (Yahoo error = "No data found, symbol may be delisted")
2026-06-18 21:31:36 ERROR   yfinance  
1 Failed download:
2026-06-18 21:31:36 ERROR   yfinance  ['SEAH']: possibly delisted; no price data found  (period=2y) (Yahoo error = "No data found, symbol may be delisted")
2026-06-18 21:31:36 INFO    sepa.ingest  prices new-ticker batch 7: loaded=6 skipped=694 failed=0
2026-06-18 21:31:50 INFO    sepa.ingest  prices new-ticker batch 8: loaded=7 skipped=793 failed=0
2026-06-18 21:31:56 ERROR   yfinance  $PTAC: possibly delisted; no price data found  (period=2y) (Yahoo error = "No data found, symbol may be delisted")
2026-06-18 21:32:03 ERROR   yfinance  
1 Failed download:
2026-06-18 21:32:03 ERROR   yfinance  ['PTAC']: possibly delisted; no price data found  (period=2y) (Yahoo error = "No data found, symbol may be delisted")
2026-06-18 21:32:03 INFO    sepa.ingest  prices new-ticker batch 9: loaded=7 skipped=893 failed=0
2026-06-18 21:32:16 INFO    sepa.ingest  prices new-ticker batch 10: loaded=9 skipped=991 failed=0
2026-06-18 21:32:22 ERROR   yfinance  $AVAC: possibly delisted; no price data found  (period=2y) (Yahoo error = "No data found, symbol may be delisted")
2026-06-18 21:32:30 ERROR   yfinance  
1 Failed download:
2026-06-18 21:32:30 ERROR   yfinance  ['AVAC']: possibly delisted; no price data found  (period=2y) (Yahoo error = "No data found, symbol may be delisted")
2026-06-18 21:32:30 INFO    sepa.ingest  prices new-ticker batch 11: loaded=9 skipped=1091 failed=0
2026-06-18 21:32:43 INFO    sepa.ingest  prices new-ticker batch 12: loaded=9 skipped=1191 failed=0
2026-06-18 21:32:52 ERROR   yfinance  $BRKH: possibly delisted; no price data found  (period=2y) (Yahoo error = "No data found, symbol may be delisted")
2026-06-18 21:33:00 ERROR   yfinance  
1 Failed download:
2026-06-18 21:33:00 ERROR   yfinance  ['BRKH']: possibly delisted; no price data found  (period=2y) (Yahoo error = "No data found, symbol may be delisted")
2026-06-18 21:33:00 INFO    sepa.ingest  prices new-ticker batch 13: loaded=9 skipped=1291 failed=0
2026-06-18 21:33:15 INFO    sepa.ingest  prices new-ticker batch 14: loaded=10 skipped=1390 failed=0
2026-06-18 21:33:28 INFO    sepa.ingest  prices new-ticker batch 15: loaded=11 skipped=1489 failed=0
2026-06-18 21:33:34 ERROR   yfinance  $PHD: possibly delisted; no price data found  (period=2y) (Yahoo error = "No data found, symbol may be delisted")
2026-06-18 21:33:42 ERROR   yfinance  
1 Failed download:
2026-06-18 21:33:42 ERROR   yfinance  ['PHD']: possibly delisted; no price data found  (period=2y) (Yahoo error = "No data found, symbol may be delisted")
2026-06-18 21:33:42 INFO    sepa.ingest  prices new-ticker batch 16: loaded=11 skipped=1589 failed=0
2026-06-18 21:33:47 ERROR   yfinance  $VII: possibly delisted; no price data found  (period=2y) (Yahoo error = "No data found, symbol may be delisted")
2026-06-18 21:33:53 ERROR   yfinance  $OPTN: possibly delisted; no price data found  (period=2y) (Yahoo error = "No data found, symbol may be delisted")
2026-06-18 21:33:55 ERROR   yfinance  
2 Failed downloads:
2026-06-18 21:33:55 ERROR   yfinance  ['VII', 'OPTN']: possibly delisted; no price data found  (period=2y) (Yahoo error = "No data found, symbol may be delisted")
2026-06-18 21:33:55 INFO    sepa.ingest  prices new-ticker batch 17: loaded=12 skipped=1688 failed=0
2026-06-18 21:34:08 INFO    sepa.ingest  prices new-ticker batch 18: loaded=13 skipped=1787 failed=0
2026-06-18 21:34:21 INFO    sepa.ingest  prices new-ticker batch 19: loaded=13 skipped=1887 failed=0
2026-06-18 21:34:26 ERROR   yfinance  $PMVC: possibly delisted; no price data found  (period=2y) (Yahoo error = "No data found, symbol may be delisted")
2026-06-18 21:34:34 ERROR   yfinance  
1 Failed download:
2026-06-18 21:34:34 ERROR   yfinance  ['PMVC']: possibly delisted; no price data found  (period=2y) (Yahoo error = "No data found, symbol may be delisted")
2026-06-18 21:34:34 INFO    sepa.ingest  prices new-ticker batch 20: loaded=13 skipped=1987 failed=0
2026-06-18 21:34:44 ERROR   yfinance  $LVPA: possibly delisted; no price data found  (period=2y) (Yahoo error = "No data found, symbol may be delisted")
2026-06-18 21:34:48 ERROR   yfinance  $FWAC: possibly delisted; no price data found  (period=2y) (Yahoo error = "No data found, symbol may be delisted")
2026-06-18 21:34:48 ERROR   yfinance  
2 Failed downloads:
2026-06-18 21:34:48 ERROR   yfinance  ['LVPA', 'FWAC']: possibly delisted; no price data found  (period=2y) (Yahoo error = "No data found, symbol may be delisted")
2026-06-18 21:34:48 INFO    sepa.ingest  prices new-ticker batch 21: loaded=13 skipped=2087 failed=0
2026-06-18 21:34:54 INFO    sepa.ingest  prices new-ticker batch 22: loaded=13 skipped=2111 failed=0
2026-06-18 21:34:58 INFO    sepa.ingest  prices incr batch 23 (start=2026-06-13): loaded=14 skipped=2122 failed=0
2026-06-18 21:35:07 ERROR   yfinance  $KW: possibly delisted; no price data found  (1d 2026-06-16 -> 2026-06-18)
2026-06-18 21:35:07 ERROR   yfinance  $ASRT: possibly delisted; no price data found  (1d 2026-06-16 -> 2026-06-18)
2026-06-18 21:35:07 ERROR   yfinance  
2 Failed downloads:
2026-06-18 21:35:07 ERROR   yfinance  ['KW', 'ASRT']: possibly delisted; no price data found  (1d 2026-06-16 -> 2026-06-18)
2026-06-18 21:35:08 INFO    sepa.ingest  prices incr batch 24 (start=2026-06-16): loaded=32 skipped=2179 failed=0
2026-06-18 21:35:23 INFO    sepa.ingest  prices incr batch 25 (start=2026-06-17): loaded=132 skipped=2179 failed=0
2026-06-18 21:35:38 INFO    sepa.ingest  prices incr batch 26 (start=2026-06-17): loaded=232 skipped=2179 failed=0
2026-06-18 21:35:52 INFO    sepa.ingest  prices incr batch 27 (start=2026-06-17): loaded=332 skipped=2179 failed=0
2026-06-18 21:36:07 INFO    sepa.ingest  prices incr batch 28 (start=2026-06-17): loaded=432 skipped=2179 failed=0
2026-06-18 21:36:21 INFO    sepa.ingest  prices incr batch 29 (start=2026-06-17): loaded=532 skipped=2179 failed=0
2026-06-18 21:36:35 INFO    sepa.ingest  prices incr batch 30 (start=2026-06-17): loaded=632 skipped=2179 failed=0
2026-06-18 21:36:48 INFO    sepa.ingest  prices incr batch 31 (start=2026-06-17): loaded=732 skipped=2179 failed=0
2026-06-18 21:37:01 INFO    sepa.ingest  prices incr batch 32 (start=2026-06-17): loaded=832 skipped=2179 failed=0
2026-06-18 21:37:15 INFO    sepa.ingest  prices incr batch 33 (start=2026-06-17): loaded=930 skipped=2181 failed=0
2026-06-18 21:37:28 INFO    sepa.ingest  prices incr batch 34 (start=2026-06-17): loaded=1030 skipped=2181 failed=0
2026-06-18 21:37:42 INFO    sepa.ingest  prices incr batch 35 (start=2026-06-17): loaded=1130 skipped=2181 failed=0
2026-06-18 21:37:55 INFO    sepa.ingest  prices incr batch 36 (start=2026-06-17): loaded=1230 skipped=2181 failed=0
2026-06-18 21:38:08 INFO    sepa.ingest  prices incr batch 37 (start=2026-06-17): loaded=1330 skipped=2181 failed=0
2026-06-18 21:38:21 INFO    sepa.ingest  prices incr batch 38 (start=2026-06-17): loaded=1430 skipped=2181 failed=0
2026-06-18 21:38:33 INFO    sepa.ingest  prices incr batch 39 (start=2026-06-17): loaded=1530 skipped=2181 failed=0
2026-06-18 21:38:47 INFO    sepa.ingest  prices incr batch 40 (start=2026-06-17): loaded=1630 skipped=2181 failed=0
2026-06-18 21:39:00 INFO    sepa.ingest  prices incr batch 41 (start=2026-06-17): loaded=1730 skipped=2181 failed=0
2026-06-18 21:39:13 INFO    sepa.ingest  prices incr batch 42 (start=2026-06-17): loaded=1830 skipped=2181 failed=0
2026-06-18 21:39:26 INFO    sepa.ingest  prices incr batch 43 (start=2026-06-17): loaded=1929 skipped=2182 failed=0
2026-06-18 21:39:38 INFO    sepa.ingest  prices incr batch 44 (start=2026-06-17): loaded=2029 skipped=2182 failed=0
2026-06-18 21:39:51 INFO    sepa.ingest  prices incr batch 45 (start=2026-06-17): loaded=2129 skipped=2182 failed=0
2026-06-18 21:40:03 INFO    sepa.ingest  prices incr batch 46 (start=2026-06-17): loaded=2226 skipped=2185 failed=0
2026-06-18 21:40:19 INFO    sepa.ingest  prices incr batch 47 (start=2026-06-17): loaded=2326 skipped=2185 failed=0
2026-06-18 21:40:31 INFO    sepa.ingest  prices incr batch 48 (start=2026-06-17): loaded=2424 skipped=2187 failed=0
2026-06-18 21:40:44 INFO    sepa.ingest  prices incr batch 49 (start=2026-06-17): loaded=2520 skipped=2191 failed=0
2026-06-18 21:40:57 INFO    sepa.ingest  prices incr batch 50 (start=2026-06-17): loaded=2616 skipped=2195 failed=0
2026-06-18 21:41:09 INFO    sepa.ingest  prices incr batch 51 (start=2026-06-17): loaded=2711 skipped=2200 failed=0
2026-06-18 21:41:19 INFO    sepa.ingest  prices incr batch 52 (start=2026-06-17): loaded=2781 skipped=2213 failed=0
2026-06-18 21:41:22 ERROR   yfinance  $MGTX: possibly delisted; no price data found  (1d 2026-06-18 -> 2026-06-18)
2026-06-18 21:41:22 ERROR   yfinance  $MFG: possibly delisted; no price data found  (1d 2026-06-18 -> 2026-06-18)
2026-06-18 21:41:23 ERROR   yfinance  $WNC: possibly delisted; no price data found  (1d 2026-06-18 -> 2026-06-18)
2026-06-18 21:41:23 ERROR   yfinance  $AGMB: possibly delisted; no price data found  (1d 2026-06-18 -> 2026-06-18)
2026-06-18 21:41:23 ERROR   yfinance  $MAX: possibly delisted; no price data found  (1d 2026-06-18 -> 2026-06-18)
2026-06-18 21:41:23 ERROR   yfinance  $CNXU: possibly delisted; no price data found  (1d 2026-06-18 -> 2026-06-18)
2026-06-18 21:41:23 ERROR   yfinance  
6 Failed downloads:
2026-06-18 21:41:23 ERROR   yfinance  ['MGTX', 'MFG', 'WNC', 'AGMB', 'MAX', 'CNXU']: possibly delisted; no price data found  (1d 2026-06-18 -> 2026-06-18)
2026-06-18 21:41:23 INFO    sepa.ingest  prices incr batch 53 (start=2026-06-18): loaded=2781 skipped=2219 failed=0
2026-06-18 21:41:26 INFO    sepa.ingest  prices total: loaded=2781 skipped=2219 failed=0
2026-06-18 21:41:26 INFO    sepa.ingest  fundamentals: 0/5000 done
2026-06-18 21:41:54 INFO    sepa.ingest  fundamentals: 100/5000 done
2026-06-18 21:42:25 INFO    sepa.ingest  fundamentals: 200/5000 done
2026-06-18 21:42:52 INFO    sepa.ingest  fundamentals: 300/5000 done
2026-06-18 21:43:24 INFO    sepa.ingest  fundamentals: 400/5000 done
2026-06-18 21:43:52 INFO    sepa.ingest  fundamentals: 500/5000 done
2026-06-18 21:44:16 INFO    sepa.ingest  fundamentals: 600/5000 done
2026-06-18 21:44:43 INFO    sepa.ingest  fundamentals: 700/5000 done
2026-06-18 21:45:10 INFO    sepa.ingest  fundamentals: 800/5000 done
2026-06-18 21:45:38 INFO    sepa.ingest  fundamentals: 900/5000 done
2026-06-18 21:46:00 INFO    sepa.ingest  fundamentals: 1000/5000 done
2026-06-18 21:46:28 INFO    sepa.ingest  fundamentals: 1100/5000 done
2026-06-18 21:46:49 INFO    sepa.ingest  fundamentals: 1200/5000 done
2026-06-18 21:47:17 INFO    sepa.ingest  fundamentals: 1300/5000 done
2026-06-18 21:47:40 INFO    sepa.ingest  fundamentals: 1400/5000 done
2026-06-18 21:48:03 INFO    sepa.ingest  fundamentals: 1500/5000 done
2026-06-18 21:48:30 INFO    sepa.ingest  fundamentals: 1600/5000 done
2026-06-18 21:48:52 INFO    sepa.ingest  fundamentals: 1700/5000 done
2026-06-18 21:49:17 INFO    sepa.ingest  fundamentals: 1800/5000 done
2026-06-18 21:49:41 INFO    sepa.ingest  fundamentals: 1900/5000 done
2026-06-18 21:50:08 INFO    sepa.ingest  fundamentals: 2000/5000 done
2026-06-18 21:50:33 INFO    sepa.ingest  fundamentals: 2100/5000 done
2026-06-18 21:50:56 INFO    sepa.ingest  fundamentals: 2200/5000 done
2026-06-18 21:51:20 INFO    sepa.ingest  fundamentals: 2300/5000 done
2026-06-18 21:51:44 INFO    sepa.ingest  fundamentals: 2400/5000 done
2026-06-18 21:52:08 INFO    sepa.ingest  fundamentals: 2500/5000 done
2026-06-18 21:52:33 INFO    sepa.ingest  fundamentals: 2600/5000 done
2026-06-18 21:52:57 INFO    sepa.ingest  fundamentals: 2700/5000 done
2026-06-18 21:53:21 INFO    sepa.ingest  fundamentals: 2800/5000 done
2026-06-18 21:53:47 INFO    sepa.ingest  fundamentals: 2900/5000 done
2026-06-18 21:54:17 INFO    sepa.ingest  fundamentals: 3000/5000 done
2026-06-18 21:54:45 INFO    sepa.ingest  fundamentals: 3100/5000 done
2026-06-18 21:55:11 INFO    sepa.ingest  fundamentals: 3200/5000 done
2026-06-18 21:55:38 INFO    sepa.ingest  fundamentals: 3300/5000 done
2026-06-18 21:56:01 INFO    sepa.ingest  fundamentals: 3400/5000 done
2026-06-18 21:56:34 INFO    sepa.ingest  fundamentals: 3500/5000 done
2026-06-18 21:57:07 INFO    sepa.ingest  fundamentals: 3600/5000 done
2026-06-18 21:57:37 INFO    sepa.ingest  fundamentals: 3700/5000 done
2026-06-18 21:58:10 INFO    sepa.ingest  fundamentals: 3800/5000 done
2026-06-18 21:58:39 INFO    sepa.ingest  fundamentals: 3900/5000 done
2026-06-18 21:59:06 INFO    sepa.ingest  fundamentals: 4000/5000 done
2026-06-18 21:59:40 INFO    sepa.ingest  fundamentals: 4100/5000 done
2026-06-18 22:00:07 INFO    sepa.ingest  fundamentals: 4200/5000 done
2026-06-18 22:00:41 INFO    sepa.ingest  fundamentals: 4300/5000 done
2026-06-18 22:01:12 INFO    sepa.ingest  fundamentals: 4400/5000 done
2026-06-18 22:01:39 INFO    sepa.ingest  fundamentals: 4500/5000 done
2026-06-18 22:02:05 INFO    sepa.ingest  fundamentals: 4600/5000 done
2026-06-18 22:02:31 INFO    sepa.ingest  fundamentals: 4700/5000 done
2026-06-18 22:03:03 INFO    sepa.ingest  fundamentals: 4800/5000 done
2026-06-18 22:03:39 INFO    sepa.ingest  fundamentals: 4900/5000 done
2026-06-18 22:04:19 INFO    sepa.ingest  ingest complete
2026-06-18 22:04:21 INFO    sepa.ingest  logs pushed to GitHub
