2026-06-28 14:00:01 INFO    sepa  log file: C:\Users\lathe\sepa-signals\data\logs\2026-06-28\14-00-01-scan\sepa.log
2026-06-28 14:00:01 INFO    sepa.run  SEPA scan starting — 5083 tickers
2026-06-28 14:00:24 INFO    sepa.run  breadth: 1434/2900 (49.4%) Stage 2 -> tone: Confirmed uptrend
2026-06-28 14:00:24 WARNING sepa.classify  APH: pivot $136.53 is more than 10% below current price $163.72 — stock already ran, promotion suppressed
2026-06-28 14:00:24 WARNING sepa.classify  SAN: pivot $11.05 is more than 10% below current price $13.39 — stock already ran, promotion suppressed
2026-06-28 14:00:24 WARNING sepa.classify  ATEYY: pivot $177.00 is more than 10% below current price $200.74 — stock already ran, promotion suppressed
2026-06-28 14:00:24 WARNING sepa.classify  BNY: price appears M&A-pinned (CV=1.5%) — suppressing from buy tiers
2026-06-28 14:00:24 WARNING sepa.classify  URI: pivot $907.24 is more than 10% below current price $1121.66 — stock already ran, promotion suppressed
2026-06-28 14:00:24 WARNING sepa.classify  HPE: pivot $28.76 is more than 10% below current price $43.71 — stock already ran, promotion suppressed
2026-06-28 14:00:24 WARNING sepa.classify  DAL: pivot $82.49 is more than 10% below current price $92.57 — stock already ran, promotion suppressed
2026-06-28 14:00:24 WARNING sepa.classify  UMC: pivot $12.71 is more than 10% below current price $25.58 — stock already ran, promotion suppressed
2026-06-28 14:00:24 WARNING sepa.classify  MCHP: pivot $64.39 is more than 10% below current price $87.93 — stock already ran, promotion suppressed
2026-06-28 14:00:24 WARNING sepa.classify  ON: pivot $63.10 is more than 10% below current price $90.65 — stock already ran, promotion suppressed
2026-06-28 14:00:24 WARNING sepa.classify  CLS: pivot $302.22 is more than 10% below current price $337.53 — stock already ran, promotion suppressed
2026-06-28 14:00:24 WARNING sepa.classify  IX: pivot $30.47 is more than 10% below current price $38.28 — stock already ran, promotion suppressed
2026-06-28 14:00:24 WARNING sepa.classify  UAL: pivot $95.08 is more than 10% below current price $136.11 — stock already ran, promotion suppressed
2026-06-28 14:00:24 WARNING sepa.classify  NTRA: pivot $202.73 is more than 10% below current price $261.91 — stock already ran, promotion suppressed
2026-06-28 14:00:24 WARNING sepa.classify  CNC: pivot $37.55 is more than 10% below current price $65.73 — stock already ran, promotion suppressed
2026-06-28 14:00:24 WARNING sepa.classify  WSM: pivot $202.28 is more than 10% below current price $239.19 — stock already ran, promotion suppressed
2026-06-28 14:00:24 WARNING sepa.classify  UTHR: price appears M&A-pinned (CV=0.9%) — suppressing from buy tiers
2026-06-28 14:00:24 WARNING sepa.classify  ENTG: pivot $142.92 is more than 10% below current price $161.43 — stock already ran, promotion suppressed
2026-06-28 14:00:24 WARNING sepa.classify  SN: pivot $108.45 is more than 10% below current price $145.10 — stock already ran, promotion suppressed
2026-06-28 14:00:24 WARNING sepa.classify  SITM: pivot $570.26 is more than 10% below current price $672.19 — stock already ran, promotion suppressed
2026-06-28 14:00:24 WARNING sepa.classify  ROKU: pivot $90.21 is more than 10% below current price $135.40 — stock already ran, promotion suppressed
2026-06-28 14:00:24 WARNING sepa.classify  GH: pivot $131.62 is more than 10% below current price $149.22 — stock already ran, promotion suppressed
2026-06-28 14:00:24 WARNING sepa.classify  ARMK: price appears M&A-pinned (CV=1.3%) — suppressing from buy tiers
2026-06-28 14:00:24 WARNING sepa.classify  SANM: pivot $138.56 is more than 10% below current price $236.55 — stock already ran, promotion suppressed
2026-06-28 14:00:24 WARNING sepa.classify  APLD: pivot $28.52 is more than 10% below current price $39.16 — stock already ran, promotion suppressed
2026-06-28 14:00:24 WARNING sepa.classify  GSAT: price appears M&A-pinned (CV=1.5%) — suppressing from buy tiers
2026-06-28 14:00:24 WARNING sepa.classify  W: pivot $73.16 is more than 10% below current price $94.47 — stock already ran, promotion suppressed
2026-06-28 14:00:24 WARNING sepa.classify  FORM: pivot $108.07 is more than 10% below current price $130.74 — stock already ran, promotion suppressed
2026-06-28 14:00:24 WARNING sepa.classify  MOH: pivot $201.87 is more than 10% below current price $229.74 — stock already ran, promotion suppressed
2026-06-28 14:00:24 WARNING sepa.classify  AAL: pivot $11.13 is more than 10% below current price $17.87 — stock already ran, promotion suppressed
2026-06-28 14:00:24 WARNING sepa.classify  CRL: pivot $189.85 is more than 10% below current price $215.75 — stock already ran, promotion suppressed
2026-06-28 14:00:24 WARNING sepa.classify  CORT: pivot $40.47 is more than 10% below current price $87.32 — stock already ran, promotion suppressed
2026-06-28 14:00:24 WARNING sepa.classify  SSL: pivot $8.92 is more than 10% below current price $10.15 — stock already ran, promotion suppressed
2026-06-28 14:00:24 WARNING sepa.classify  TECH: pivot $54.41 is more than 10% below current price $71.00 — stock already ran, promotion suppressed
2026-06-28 14:00:24 WARNING sepa.classify  ENS: pivot $161.96 is more than 10% below current price $221.90 — stock already ran, promotion suppressed
2026-06-28 14:00:24 WARNING sepa.classify  LTH: pivot $34.87 is more than 10% below current price $41.01 — stock already ran, promotion suppressed
2026-06-28 14:00:24 WARNING sepa.classify  ALKS: pivot $44.92 is more than 10% below current price $55.08 — stock already ran, promotion suppressed
2026-06-28 14:00:24 WARNING sepa.classify  HXL: pivot $82.43 is more than 10% below current price $96.52 — stock already ran, promotion suppressed
2026-06-28 14:00:24 WARNING sepa.classify  MRCY: pivot $85.51 is more than 10% below current price $109.38 — stock already ran, promotion suppressed
2026-06-28 14:00:24 WARNING sepa.classify  RSI: pivot $20.88 is more than 10% below current price $31.56 — stock already ran, promotion suppressed
2026-06-28 14:00:24 WARNING sepa.classify  SNDR: pivot $25.78 is more than 10% below current price $36.29 — stock already ran, promotion suppressed
2026-06-28 14:00:24 WARNING sepa.classify  M: pivot $23.03 is more than 10% below current price $25.96 — stock already ran, promotion suppressed
2026-06-28 14:00:24 WARNING sepa.classify  VSXY: pivot $51.56 is more than 10% below current price $88.50 — stock already ran, promotion suppressed
2026-06-28 14:00:24 WARNING sepa.classify  CNTA: price appears M&A-pinned (CV=0.5%) — suppressing from buy tiers
2026-06-28 14:00:24 WARNING sepa.classify  GOLF: pivot $99.44 is more than 10% below current price $118.08 — stock already ran, promotion suppressed
2026-06-28 14:00:24 WARNING sepa.classify  PACS: pivot $35.97 is more than 10% below current price $41.89 — stock already ran, promotion suppressed
2026-06-28 14:00:24 WARNING sepa.classify  BB: pivot $3.51 is more than 10% below current price $11.40 — stock already ran, promotion suppressed
2026-06-28 14:00:24 WARNING sepa.classify  SYNA: pivot $76.14 is more than 10% below current price $121.00 — stock already ran, promotion suppressed
2026-06-28 14:00:24 WARNING sepa.classify  HNGE: pivot $63.62 is more than 10% below current price $78.97 — stock already ran, promotion suppressed
2026-06-28 14:00:24 WARNING sepa.classify  HRI: pivot $133.28 is more than 10% below current price $151.26 — stock already ran, promotion suppressed
2026-06-28 14:00:24 WARNING sepa.classify  ENVA: pivot $137.21 is more than 10% below current price $231.04 — stock already ran, promotion suppressed
2026-06-28 14:00:24 WARNING sepa.classify  LIVN: pivot $72.44 is more than 10% below current price $83.43 — stock already ran, promotion suppressed
2026-06-28 14:00:24 WARNING sepa.classify  VECO: pivot $62.48 is more than 10% below current price $70.95 — stock already ran, promotion suppressed
2026-06-28 14:00:24 WARNING sepa.classify  SEZL: pivot $84.70 is more than 10% below current price $170.56 — stock already ran, promotion suppressed
2026-06-28 14:00:24 WARNING sepa.classify  BBAR: pivot $14.53 is more than 10% below current price $19.23 — stock already ran, promotion suppressed
2026-06-28 14:00:24 WARNING sepa.classify  BFH: pivot $79.09 is more than 10% below current price $106.27 — stock already ran, promotion suppressed
2026-06-28 14:00:24 WARNING sepa.classify  CPRX: price appears M&A-pinned (CV=0.2%) — suppressing from buy tiers
2026-06-28 14:00:24 WARNING sepa.classify  YETI: pivot $37.54 is more than 10% below current price $51.21 — stock already ran, promotion suppressed
2026-06-28 14:00:24 WARNING sepa.classify  GEO: pivot $15.29 is more than 10% below current price $30.36 — stock already ran, promotion suppressed
2026-06-28 14:00:24 WARNING sepa.classify  ARCB: pivot $127.63 is more than 10% below current price $146.29 — stock already ran, promotion suppressed
2026-06-28 14:00:24 WARNING sepa.classify  VCYT: pivot $33.54 is more than 10% below current price $60.49 — stock already ran, promotion suppressed
2026-06-28 14:00:24 WARNING sepa.classify  CAKE: pivot $66.04 is more than 10% below current price $80.38 — stock already ran, promotion suppressed
2026-06-28 14:00:24 WARNING sepa.classify  DAVE: pivot $282.56 is more than 10% below current price $348.71 — stock already ran, promotion suppressed
2026-06-28 14:00:24 WARNING sepa.classify  OGN: price appears M&A-pinned (CV=0.3%) — suppressing from buy tiers
2026-06-28 14:00:24 WARNING sepa.classify  ATRO: pivot $56.98 is more than 10% below current price $84.32 — stock already ran, promotion suppressed
2026-06-28 14:00:24 WARNING sepa.classify  ARQT: pivot $24.10 is more than 10% below current price $27.00 — stock already ran, promotion suppressed
2026-06-28 14:00:24 WARNING sepa.classify  ADPT: pivot $14.84 is more than 10% below current price $20.96 — stock already ran, promotion suppressed
2026-06-28 14:00:24 WARNING sepa.classify  IDYA: pivot $31.48 is more than 10% below current price $36.74 — stock already ran, promotion suppressed
2026-06-28 14:00:24 WARNING sepa.classify  PDFS: pivot $55.09 is more than 10% below current price $63.01 — stock already ran, promotion suppressed
2026-06-28 14:00:24 WARNING sepa.classify  ESTA: pivot $67.09 is more than 10% below current price $88.38 — stock already ran, promotion suppressed
2026-06-28 14:00:24 WARNING sepa.classify  CTOS: pivot $10.73 is more than 10% below current price $11.94 — stock already ran, promotion suppressed
2026-06-28 14:00:24 WARNING sepa.classify  ALGT: pivot $91.61 is more than 10% below current price $116.10 — stock already ran, promotion suppressed
2026-06-28 14:00:24 WARNING sepa.classify  PGNY: pivot $18.18 is more than 10% below current price $28.51 — stock already ran, promotion suppressed
2026-06-28 14:00:24 WARNING sepa.classify  ASTH: pivot $39.85 is more than 10% below current price $44.51 — stock already ran, promotion suppressed
2026-06-28 14:00:24 WARNING sepa.classify  VCEL: pivot $34.14 is more than 10% below current price $46.23 — stock already ran, promotion suppressed
2026-06-28 14:00:24 WARNING sepa.classify  FLYW: pivot $12.86 is more than 10% below current price $17.54 — stock already ran, promotion suppressed
2026-06-28 14:00:24 WARNING sepa.classify  TILE: pivot $31.87 is more than 10% below current price $35.74 — stock already ran, promotion suppressed
2026-06-28 14:00:24 WARNING sepa.classify  MBX: pivot $28.96 is more than 10% below current price $52.31 — stock already ran, promotion suppressed
2026-06-28 14:00:24 WARNING sepa.classify  LWLG: pivot $8.59 is more than 10% below current price $10.03 — stock already ran, promotion suppressed
2026-06-28 14:00:24 WARNING sepa.classify  TTI: pivot $8.62 is more than 10% below current price $10.87 — stock already ran, promotion suppressed
2026-06-28 14:00:24 WARNING sepa.classify  PVLA: pivot $116.51 is more than 10% below current price $148.21 — stock already ran, promotion suppressed
2026-06-28 14:00:24 WARNING sepa.classify  NEO: pivot $8.22 is more than 10% below current price $14.17 — stock already ran, promotion suppressed
2026-06-28 14:00:24 WARNING sepa.classify  URGN: pivot $18.94 is more than 10% below current price $34.54 — stock already ran, promotion suppressed
2026-06-28 14:00:24 WARNING sepa.classify  GHRS: pivot $21.50 is more than 10% below current price $28.22 — stock already ran, promotion suppressed
2026-06-28 14:00:24 WARNING sepa.classify  BCAX: pivot $23.78 is more than 10% below current price $26.87 — stock already ran, promotion suppressed
2026-06-28 14:00:24 WARNING sepa.classify  IART: pivot $14.00 is more than 10% below current price $18.76 — stock already ran, promotion suppressed
2026-06-28 14:00:24 WARNING sepa.classify  ATLC: pivot $90.00 is more than 10% below current price $110.41 — stock already ran, promotion suppressed
2026-06-28 14:00:24 WARNING sepa.classify  UMAC: pivot $16.93 is more than 10% below current price $19.10 — stock already ran, promotion suppressed
2026-06-28 14:00:24 WARNING sepa.classify  FCEL: pivot $7.10 is more than 10% below current price $24.00 — stock already ran, promotion suppressed
2026-06-28 14:00:24 WARNING sepa.classify  KMTS: pivot $20.70 is more than 10% below current price $26.43 — stock already ran, promotion suppressed
2026-06-28 14:00:24 WARNING sepa.classify  AVNS: price appears M&A-pinned (CV=0.2%) — suppressing from buy tiers
2026-06-28 14:00:24 WARNING sepa.classify  GLASF: pivot $8.49 is more than 10% below current price $12.74 — stock already ran, promotion suppressed
2026-06-28 14:00:24 WARNING sepa.classify  BJRI: pivot $37.17 is more than 10% below current price $59.86 — stock already ran, promotion suppressed
2026-06-28 14:00:24 WARNING sepa.classify  ABSI: pivot $7.34 is more than 10% below current price $10.89 — stock already ran, promotion suppressed
2026-06-28 14:00:24 WARNING sepa.classify  PSNL: pivot $11.40 is more than 10% below current price $13.02 — stock already ran, promotion suppressed
2026-06-28 14:00:24 WARNING sepa.classify  JBIO: pivot $14.25 is more than 10% below current price $22.00 — stock already ran, promotion suppressed
2026-06-28 14:00:24 WARNING sepa.classify  VELO: pivot $11.53 is more than 10% below current price $16.64 — stock already ran, promotion suppressed
2026-06-28 14:00:24 WARNING sepa.classify  XNCR: pivot $12.01 is more than 10% below current price $15.05 — stock already ran, promotion suppressed
2026-06-28 14:00:24 WARNING sepa.classify  WRLD: pivot $178.45 is more than 10% below current price $213.77 — stock already ran, promotion suppressed
2026-06-28 14:00:24 WARNING sepa.classify  SPIR: pivot $13.73 is more than 10% below current price $16.29 — stock already ran, promotion suppressed
2026-06-28 14:00:24 WARNING sepa.classify  BIOA: pivot $19.61 is more than 10% below current price $23.76 — stock already ran, promotion suppressed
2026-06-28 14:00:24 WARNING sepa.classify  CYRX: pivot $8.53 is more than 10% below current price $16.00 — stock already ran, promotion suppressed
2026-06-28 14:00:24 WARNING sepa.classify  REPL: pivot $9.98 is more than 10% below current price $11.63 — stock already ran, promotion suppressed
2026-06-28 14:00:24 WARNING sepa.classify  HELE: pivot $18.65 is more than 10% below current price $28.38 — stock already ran, promotion suppressed
2026-06-28 14:00:24 WARNING sepa.classify  MAMA: pivot $15.87 is more than 10% below current price $19.94 — stock already ran, promotion suppressed
2026-06-28 14:00:24 WARNING sepa.classify  XOMA: price appears M&A-pinned (CV=0.5%) — suppressing from buy tiers
2026-06-28 14:00:24 WARNING sepa.classify  GCO: pivot $29.25 is more than 10% below current price $36.18 — stock already ran, promotion suppressed
2026-06-28 14:00:24 WARNING sepa.classify  ALMU: pivot $17.35 is more than 10% below current price $20.02 — stock already ran, promotion suppressed
2026-06-28 14:00:24 WARNING sepa.classify  AMCX: pivot $7.58 is more than 10% below current price $10.08 — stock already ran, promotion suppressed
2026-06-28 14:00:24 WARNING sepa.classify  BNED: pivot $11.67 is more than 10% below current price $13.74 — stock already ran, promotion suppressed
2026-06-28 14:00:24 WARNING sepa.classify  MEI: pivot $14.02 is more than 10% below current price $19.16 — stock already ran, promotion suppressed
2026-06-28 14:00:24 WARNING sepa.classify  MNPR: pivot $57.62 is more than 10% below current price $87.68 — stock already ran, promotion suppressed
2026-06-28 14:00:24 WARNING sepa.classify  TBRG: price appears M&A-pinned (CV=0.3%) — suppressing from buy tiers
2026-06-28 14:00:24 WARNING sepa.classify  ASYS: pivot $16.66 is more than 10% below current price $19.55 — stock already ran, promotion suppressed
2026-06-28 14:00:24 WARNING sepa.classify  SVCO: pivot $7.26 is more than 10% below current price $11.96 — stock already ran, promotion suppressed
2026-06-28 14:00:24 WARNING sepa.classify  DUOT: pivot $9.08 is more than 10% below current price $11.46 — stock already ran, promotion suppressed
2026-06-28 14:00:24 WARNING sepa.classify  SLP: pivot $15.31 is more than 10% below current price $18.20 — stock already ran, promotion suppressed
2026-06-28 14:00:24 WARNING sepa.classify  SLN: pivot $7.00 is more than 10% below current price $10.14 — stock already ran, promotion suppressed
2026-06-28 14:00:24 WARNING sepa.classify  ASRT: price appears M&A-pinned (CV=0.2%) — suppressing from buy tiers
2026-06-28 14:00:24 WARNING sepa.classify  TRT: pivot $6.33 is more than 10% below current price $11.77 — stock already ran, promotion suppressed
2026-06-28 14:00:24 WARNING sepa.classify  KALV: price appears M&A-pinned (CV=0.4%) — suppressing from buy tiers
2026-06-28 14:00:27 INFO    sepa.reporter  daily report → nirmal.lather3@gmail.com  (700 stocks)
2026-06-28 14:00:27 INFO    sepa.run  HEARTBEAT: SEPA scan 2026-06-28: 4 Buy Ready, 7 Potential Buy, 174 Momentum, 0 promotions, 0 alerts. Breadth 49.4% Stage2 -> Confirmed uptrend
2026-06-28 14:00:28 INFO    sepa.run  DB maintenance complete
2026-06-28 14:00:30 INFO    sepa.run  logs pushed to GitHub
