2026-07-02 14:45:02 INFO    sepa  log file: C:\Users\lathe\sepa-signals\data\logs\2026-07-02\14-45-02-intraday\sepa.log
2026-07-02 14:45:02 INFO    sepa.intraday  intraday scan: 520 watchlist tickers
2026-07-02 14:45:03 ERROR   yfinance  $ACEL: possibly delisted; no price data found  (period=1d)
2026-07-02 14:45:03 ERROR   sepa.intraday  intraday ACEL: unhandled error
Traceback (most recent call last):
  File "C:\Users\lathe\sepa-signals\sepa\run_intraday.py", line 166, in run_scan
    live_price, live_volume = get_live_quote(t)
                              ~~~~~~~~~~~~~~^^^
  File "C:\Users\lathe\sepa-signals\sepa\run_intraday.py", line 85, in get_live_quote
    raise ValueError(f"no intraday bars for {ticker}")
ValueError: no intraday bars for ACEL
2026-07-02 14:45:08 ERROR   yfinance  $ATEYY: possibly delisted; no price data found  (period=1d)
2026-07-02 14:45:08 ERROR   sepa.intraday  intraday ATEYY: unhandled error
Traceback (most recent call last):
  File "C:\Users\lathe\sepa-signals\sepa\run_intraday.py", line 166, in run_scan
    live_price, live_volume = get_live_quote(t)
                              ~~~~~~~~~~~~~~^^^
  File "C:\Users\lathe\sepa-signals\sepa\run_intraday.py", line 85, in get_live_quote
    raise ValueError(f"no intraday bars for {ticker}")
ValueError: no intraday bars for ATEYY
2026-07-02 14:45:09 ERROR   yfinance  $BBGI: possibly delisted; no price data found  (period=1d)
2026-07-02 14:45:09 ERROR   sepa.intraday  intraday BBGI: unhandled error
Traceback (most recent call last):
  File "C:\Users\lathe\sepa-signals\sepa\run_intraday.py", line 166, in run_scan
    live_price, live_volume = get_live_quote(t)
                              ~~~~~~~~~~~~~~^^^
  File "C:\Users\lathe\sepa-signals\sepa\run_intraday.py", line 85, in get_live_quote
    raise ValueError(f"no intraday bars for {ticker}")
ValueError: no intraday bars for BBGI
2026-07-02 14:45:12 ERROR   yfinance  $CBIO: possibly delisted; no price data found  (period=1d)
2026-07-02 14:45:12 ERROR   sepa.intraday  intraday CBIO: unhandled error
Traceback (most recent call last):
  File "C:\Users\lathe\sepa-signals\sepa\run_intraday.py", line 166, in run_scan
    live_price, live_volume = get_live_quote(t)
                              ~~~~~~~~~~~~~~^^^
  File "C:\Users\lathe\sepa-signals\sepa\run_intraday.py", line 85, in get_live_quote
    raise ValueError(f"no intraday bars for {ticker}")
ValueError: no intraday bars for CBIO
2026-07-02 14:45:16 ERROR   yfinance  $CURLF: possibly delisted; no price data found  (period=1d)
2026-07-02 14:45:16 ERROR   sepa.intraday  intraday CURLF: unhandled error
Traceback (most recent call last):
  File "C:\Users\lathe\sepa-signals\sepa\run_intraday.py", line 166, in run_scan
    live_price, live_volume = get_live_quote(t)
                              ~~~~~~~~~~~~~~^^^
  File "C:\Users\lathe\sepa-signals\sepa\run_intraday.py", line 85, in get_live_quote
    raise ValueError(f"no intraday bars for {ticker}")
ValueError: no intraday bars for CURLF
2026-07-02 14:45:16 ERROR   yfinance  $CWAN: possibly delisted; no price data found  (period=1d)
2026-07-02 14:45:16 ERROR   sepa.intraday  intraday CWAN: unhandled error
Traceback (most recent call last):
  File "C:\Users\lathe\sepa-signals\sepa\run_intraday.py", line 166, in run_scan
    live_price, live_volume = get_live_quote(t)
                              ~~~~~~~~~~~~~~^^^
  File "C:\Users\lathe\sepa-signals\sepa\run_intraday.py", line 85, in get_live_quote
    raise ValueError(f"no intraday bars for {ticker}")
ValueError: no intraday bars for CWAN
2026-07-02 14:45:19 INFO    sepa.intraday  intraday alert ELV: stage2 TT7/8 dir=ok stale=no vol=1.34x
2026-07-02 14:45:24 ERROR   yfinance  $GLASF: possibly delisted; no price data found  (period=1d)
2026-07-02 14:45:24 ERROR   sepa.intraday  intraday GLASF: unhandled error
Traceback (most recent call last):
  File "C:\Users\lathe\sepa-signals\sepa\run_intraday.py", line 166, in run_scan
    live_price, live_volume = get_live_quote(t)
                              ~~~~~~~~~~~~~~^^^
  File "C:\Users\lathe\sepa-signals\sepa\run_intraday.py", line 85, in get_live_quote
    raise ValueError(f"no intraday bars for {ticker}")
ValueError: no intraday bars for GLASF
2026-07-02 14:45:26 ERROR   yfinance  $HKHHY: possibly delisted; no price data found  (period=1d)
2026-07-02 14:45:26 ERROR   sepa.intraday  intraday HKHHY: unhandled error
Traceback (most recent call last):
  File "C:\Users\lathe\sepa-signals\sepa\run_intraday.py", line 166, in run_scan
    live_price, live_volume = get_live_quote(t)
                              ~~~~~~~~~~~~~~^^^
  File "C:\Users\lathe\sepa-signals\sepa\run_intraday.py", line 85, in get_live_quote
    raise ValueError(f"no intraday bars for {ticker}")
ValueError: no intraday bars for HKHHY
2026-07-02 14:45:28 ERROR   yfinance  $INBK: possibly delisted; no price data found  (period=1d)
2026-07-02 14:45:28 ERROR   sepa.intraday  intraday INBK: unhandled error
Traceback (most recent call last):
  File "C:\Users\lathe\sepa-signals\sepa\run_intraday.py", line 166, in run_scan
    live_price, live_volume = get_live_quote(t)
                              ~~~~~~~~~~~~~~^^^
  File "C:\Users\lathe\sepa-signals\sepa\run_intraday.py", line 85, in get_live_quote
    raise ValueError(f"no intraday bars for {ticker}")
ValueError: no intraday bars for INBK
2026-07-02 14:45:29 ERROR   yfinance  $IX: possibly delisted; no price data found  (period=1d)
2026-07-02 14:45:29 ERROR   sepa.intraday  intraday IX: unhandled error
Traceback (most recent call last):
  File "C:\Users\lathe\sepa-signals\sepa\run_intraday.py", line 166, in run_scan
    live_price, live_volume = get_live_quote(t)
                              ~~~~~~~~~~~~~~^^^
  File "C:\Users\lathe\sepa-signals\sepa\run_intraday.py", line 85, in get_live_quote
    raise ValueError(f"no intraday bars for {ticker}")
ValueError: no intraday bars for IX
2026-07-02 14:45:30 ERROR   yfinance  $JOUT: possibly delisted; no price data found  (period=1d)
2026-07-02 14:45:30 ERROR   sepa.intraday  intraday JOUT: unhandled error
Traceback (most recent call last):
  File "C:\Users\lathe\sepa-signals\sepa\run_intraday.py", line 166, in run_scan
    live_price, live_volume = get_live_quote(t)
                              ~~~~~~~~~~~~~~^^^
  File "C:\Users\lathe\sepa-signals\sepa\run_intraday.py", line 85, in get_live_quote
    raise ValueError(f"no intraday bars for {ticker}")
ValueError: no intraday bars for JOUT
2026-07-02 14:45:30 ERROR   yfinance  $KALV: possibly delisted; no price data found  (period=1d)
2026-07-02 14:45:30 ERROR   sepa.intraday  intraday KALV: unhandled error
Traceback (most recent call last):
  File "C:\Users\lathe\sepa-signals\sepa\run_intraday.py", line 166, in run_scan
    live_price, live_volume = get_live_quote(t)
                              ~~~~~~~~~~~~~~^^^
  File "C:\Users\lathe\sepa-signals\sepa\run_intraday.py", line 85, in get_live_quote
    raise ValueError(f"no intraday bars for {ticker}")
ValueError: no intraday bars for KALV
2026-07-02 14:45:30 ERROR   yfinance  $KFRC: possibly delisted; no price data found  (period=1d)
2026-07-02 14:45:30 ERROR   sepa.intraday  intraday KFRC: unhandled error
Traceback (most recent call last):
  File "C:\Users\lathe\sepa-signals\sepa\run_intraday.py", line 166, in run_scan
    live_price, live_volume = get_live_quote(t)
                              ~~~~~~~~~~~~~~^^^
  File "C:\Users\lathe\sepa-signals\sepa\run_intraday.py", line 85, in get_live_quote
    raise ValueError(f"no intraday bars for {ticker}")
ValueError: no intraday bars for KFRC
2026-07-02 14:45:31 INFO    sepa.intraday  intraday alert KOP: stage2 TT7/8 dir=ok stale=no vol=1.65x
2026-07-02 14:45:36 ERROR   yfinance  $MLR: possibly delisted; no price data found  (period=1d)
2026-07-02 14:45:36 ERROR   sepa.intraday  intraday MLR: unhandled error
Traceback (most recent call last):
  File "C:\Users\lathe\sepa-signals\sepa\run_intraday.py", line 166, in run_scan
    live_price, live_volume = get_live_quote(t)
                              ~~~~~~~~~~~~~~^^^
  File "C:\Users\lathe\sepa-signals\sepa\run_intraday.py", line 85, in get_live_quote
    raise ValueError(f"no intraday bars for {ticker}")
ValueError: no intraday bars for MLR
2026-07-02 14:45:37 INFO    sepa.intraday  intraday alert MT: stage2 TT7/8 dir=ok stale=no vol=3.36x
2026-07-02 14:45:39 INFO    sepa.intraday  intraday alert NGNE: stage2 TT6/8 dir=ok stale=no vol=1.55x
2026-07-02 14:45:40 INFO    sepa.intraday  intraday alert NUTX: stage2 TT8/8 dir=ok stale=no vol=5.51x
2026-07-02 14:45:42 INFO    sepa.intraday  intraday alert OKTA: stage2 TT6/8 dir=ok stale=no vol=2.49x
2026-07-02 14:45:43 INFO    sepa.intraday  intraday alert OSCR: stage2 TT6/8 dir=ok stale=no vol=2.40x
2026-07-02 14:46:17 ERROR   sepa.intraday  intraday RTX: unhandled error
Traceback (most recent call last):
  File "C:\Users\lathe\sepa-signals\.venv\Lib\site-packages\urllib3\connectionpool.py", line 464, in _make_request
    self._validate_conn(conn)
    ~~~~~~~~~~~~~~~~~~~^^^^^^
  File "C:\Users\lathe\sepa-signals\.venv\Lib\site-packages\urllib3\connectionpool.py", line 1106, in _validate_conn
    conn.connect()
    ~~~~~~~~~~~~^^
  File "C:\Users\lathe\sepa-signals\.venv\Lib\site-packages\urllib3\connection.py", line 796, in connect
    sock_and_verified = _ssl_wrap_socket_and_match_hostname(
        sock=sock,
    ...<14 lines>...
        assert_fingerprint=self.assert_fingerprint,
    )
  File "C:\Users\lathe\sepa-signals\.venv\Lib\site-packages\urllib3\connection.py", line 975, in _ssl_wrap_socket_and_match_hostname
    ssl_sock = ssl_wrap_socket(
        sock=sock,
    ...<8 lines>...
        tls_in_tls=tls_in_tls,
    )
  File "C:\Users\lathe\sepa-signals\.venv\Lib\site-packages\urllib3\util\ssl_.py", line 433, in ssl_wrap_socket
    ssl_sock = _ssl_wrap_socket_impl(sock, context, tls_in_tls, server_hostname)
  File "C:\Users\lathe\sepa-signals\.venv\Lib\site-packages\urllib3\util\ssl_.py", line 477, in _ssl_wrap_socket_impl
    return ssl_context.wrap_socket(sock, server_hostname=server_hostname)
           ~~~~~~~~~~~~~~~~~~~~~~~^^^^^^^^^^^^^^^^^^^^^^^^^^^^^^^^^^^^^^^
  File "C:\Users\lathe\AppData\Local\Python\pythoncore-3.14-64\Lib\ssl.py", line 455, in wrap_socket
    return self.sslsocket_class._create(
           ~~~~~~~~~~~~~~~~~~~~~~~~~~~~^
        sock=sock,
        ^^^^^^^^^^
    ...<5 lines>...
        session=session
        ^^^^^^^^^^^^^^^
    )
    ^
  File "C:\Users\lathe\AppData\Local\Python\pythoncore-3.14-64\Lib\ssl.py", line 1076, in _create
    self.do_handshake()
    ~~~~~~~~~~~~~~~~~^^
  File "C:\Users\lathe\AppData\Local\Python\pythoncore-3.14-64\Lib\ssl.py", line 1372, in do_handshake
    self._sslobj.do_handshake()
    ~~~~~~~~~~~~~~~~~~~~~~~~~^^
TimeoutError: _ssl.c:1063: The handshake operation timed out

The above exception was the direct cause of the following exception:

Traceback (most recent call last):
  File "C:\Users\lathe\sepa-signals\.venv\Lib\site-packages\requests\adapters.py", line 696, in send
    resp = conn.urlopen(
        method=request.method,
    ...<9 lines>...
        chunked=chunked,
    )
  File "C:\Users\lathe\sepa-signals\.venv\Lib\site-packages\urllib3\connectionpool.py", line 842, in urlopen
    retries = retries.increment(
        method, url, error=new_e, _pool=self, _stacktrace=sys.exc_info()[2]
    )
  File "C:\Users\lathe\sepa-signals\.venv\Lib\site-packages\urllib3\util\retry.py", line 498, in increment
    raise reraise(type(error), error, _stacktrace)
          ~~~~~~~^^^^^^^^^^^^^^^^^^^^^^^^^^^^^^^^^
  File "C:\Users\lathe\sepa-signals\.venv\Lib\site-packages\urllib3\util\util.py", line 39, in reraise
    raise value
  File "C:\Users\lathe\sepa-signals\.venv\Lib\site-packages\urllib3\connectionpool.py", line 788, in urlopen
    response = self._make_request(
        conn,
    ...<10 lines>...
        **response_kw,
    )
  File "C:\Users\lathe\sepa-signals\.venv\Lib\site-packages\urllib3\connectionpool.py", line 488, in _make_request
    raise new_e
  File "C:\Users\lathe\sepa-signals\.venv\Lib\site-packages\urllib3\connectionpool.py", line 466, in _make_request
    self._raise_timeout(err=e, url=url, timeout_value=conn.timeout)
    ~~~~~~~~~~~~~~~~~~~^^^^^^^^^^^^^^^^^^^^^^^^^^^^^^^^^^^^^^^^^^^^
  File "C:\Users\lathe\sepa-signals\.venv\Lib\site-packages\urllib3\connectionpool.py", line 367, in _raise_timeout
    raise ReadTimeoutError(
        self, url, f"Read timed out. (read timeout={timeout_value})"
    ) from err
urllib3.exceptions.ReadTimeoutError: HTTPSConnectionPool(host='api.telegram.org', port=443): Read timed out. (read timeout=30)

During handling of the above exception, another exception occurred:

Traceback (most recent call last):
  File "C:\Users\lathe\sepa-signals\sepa\run_intraday.py", line 174, in run_scan
    alerter.send(C.TELEGRAM_TOKEN, C.TELEGRAM_CHAT_ID, msg)
    ~~~~~~~~~~~~^^^^^^^^^^^^^^^^^^^^^^^^^^^^^^^^^^^^^^^^^^^
  File "C:\Users\lathe\sepa-signals\sepa\alerter.py", line 156, in send
    r = requests.post(f"https://api.telegram.org/bot{token}/sendMessage",
                      data={"chat_id": chat_id, "text": text, "parse_mode": "Markdown"},
                      timeout=30)
  File "C:\Users\lathe\sepa-signals\.venv\Lib\site-packages\requests\api.py", line 134, in post
    return request("post", url, data=data, json=json, **kwargs)
  File "C:\Users\lathe\sepa-signals\.venv\Lib\site-packages\requests\api.py", line 71, in request
    return session.request(method=method, url=url, **kwargs)
           ~~~~~~~~~~~~~~~^^^^^^^^^^^^^^^^^^^^^^^^^^^^^^^^^^
  File "C:\Users\lathe\sepa-signals\.venv\Lib\site-packages\requests\sessions.py", line 651, in request
    resp = self.send(prep, **send_kwargs)
  File "C:\Users\lathe\sepa-signals\.venv\Lib\site-packages\requests\sessions.py", line 784, in send
    r = adapter.send(request, **kwargs)
  File "C:\Users\lathe\sepa-signals\.venv\Lib\site-packages\requests\adapters.py", line 742, in send
    raise ReadTimeout(e, request=request)
requests.exceptions.ReadTimeout: HTTPSConnectionPool(host='api.telegram.org', port=443): Read timed out. (read timeout=30)
2026-07-02 14:46:19 INFO    sepa.intraday  intraday alert SLDE: stage2 TT7/8 dir=ok stale=no vol=7.81x
2026-07-02 14:46:22 ERROR   yfinance  $TCNNF: possibly delisted; no price data found  (period=1d)
2026-07-02 14:46:22 ERROR   sepa.intraday  intraday TCNNF: unhandled error
Traceback (most recent call last):
  File "C:\Users\lathe\sepa-signals\sepa\run_intraday.py", line 166, in run_scan
    live_price, live_volume = get_live_quote(t)
                              ~~~~~~~~~~~~~~^^^
  File "C:\Users\lathe\sepa-signals\sepa\run_intraday.py", line 85, in get_live_quote
    raise ValueError(f"no intraday bars for {ticker}")
ValueError: no intraday bars for TCNNF
2026-07-02 14:46:23 INFO    sepa.intraday  intraday alert TECK: stage2 TT6/8 dir=ok stale=no vol=2.67x
2026-07-02 14:46:28 INFO    sepa.intraday  intraday alert VOYG: stage2 TT5/8 dir=ok stale=no vol=1.52x
2026-07-02 14:46:30 INFO    sepa.intraday  intraday complete: 10 alerts sent
