2026-06-24 14:45:02 INFO    sepa  log file: C:\Users\lathe\sepa-signals\data\logs\2026-06-24\14-45-02-intraday\sepa.log
2026-06-24 14:45:02 INFO    sepa.intraday  intraday scan: 706 tickers in ['Buy Alert', 'Momentum', 'Potential Buy', 'Watch']
2026-06-24 14:45:35 ERROR   sepa.intraday  intraday DELL: unhandled error
Traceback (most recent call last):
  File "C:\Users\lathe\sepa-signals\.venv\Lib\site-packages\urllib3\connectionpool.py", line 464, in _make_request
    self._validate_conn(conn)
    ~~~~~~~~~~~~~~~~~~~^^^^^^
  File "C:\Users\lathe\sepa-signals\.venv\Lib\site-packages\urllib3\connectionpool.py", line 1106, in _validate_conn
    conn.connect()
    ~~~~~~~~~~~~^^
  File "C:\Users\lathe\sepa-signals\.venv\Lib\site-packages\urllib3\connection.py", line 796, in connect
    sock_and_verified = _ssl_wrap_socket_and_match_hostname(
        sock=sock,
    ...<14 lines>...
        assert_fingerprint=self.assert_fingerprint,
    )
  File "C:\Users\lathe\sepa-signals\.venv\Lib\site-packages\urllib3\connection.py", line 975, in _ssl_wrap_socket_and_match_hostname
    ssl_sock = ssl_wrap_socket(
        sock=sock,
    ...<8 lines>...
        tls_in_tls=tls_in_tls,
    )
  File "C:\Users\lathe\sepa-signals\.venv\Lib\site-packages\urllib3\util\ssl_.py", line 433, in ssl_wrap_socket
    ssl_sock = _ssl_wrap_socket_impl(sock, context, tls_in_tls, server_hostname)
  File "C:\Users\lathe\sepa-signals\.venv\Lib\site-packages\urllib3\util\ssl_.py", line 477, in _ssl_wrap_socket_impl
    return ssl_context.wrap_socket(sock, server_hostname=server_hostname)
           ~~~~~~~~~~~~~~~~~~~~~~~^^^^^^^^^^^^^^^^^^^^^^^^^^^^^^^^^^^^^^^
  File "C:\Users\lathe\AppData\Local\Python\pythoncore-3.14-64\Lib\ssl.py", line 455, in wrap_socket
    return self.sslsocket_class._create(
           ~~~~~~~~~~~~~~~~~~~~~~~~~~~~^
        sock=sock,
        ^^^^^^^^^^
    ...<5 lines>...
        session=session
        ^^^^^^^^^^^^^^^
    )
    ^
  File "C:\Users\lathe\AppData\Local\Python\pythoncore-3.14-64\Lib\ssl.py", line 1076, in _create
    self.do_handshake()
    ~~~~~~~~~~~~~~~~~^^
  File "C:\Users\lathe\AppData\Local\Python\pythoncore-3.14-64\Lib\ssl.py", line 1372, in do_handshake
    self._sslobj.do_handshake()
    ~~~~~~~~~~~~~~~~~~~~~~~~~^^
TimeoutError: _ssl.c:1063: The handshake operation timed out

The above exception was the direct cause of the following exception:

Traceback (most recent call last):
  File "C:\Users\lathe\sepa-signals\.venv\Lib\site-packages\requests\adapters.py", line 696, in send
    resp = conn.urlopen(
        method=request.method,
    ...<9 lines>...
        chunked=chunked,
    )
  File "C:\Users\lathe\sepa-signals\.venv\Lib\site-packages\urllib3\connectionpool.py", line 842, in urlopen
    retries = retries.increment(
        method, url, error=new_e, _pool=self, _stacktrace=sys.exc_info()[2]
    )
  File "C:\Users\lathe\sepa-signals\.venv\Lib\site-packages\urllib3\util\retry.py", line 498, in increment
    raise reraise(type(error), error, _stacktrace)
          ~~~~~~~^^^^^^^^^^^^^^^^^^^^^^^^^^^^^^^^^
  File "C:\Users\lathe\sepa-signals\.venv\Lib\site-packages\urllib3\util\util.py", line 39, in reraise
    raise value
  File "C:\Users\lathe\sepa-signals\.venv\Lib\site-packages\urllib3\connectionpool.py", line 788, in urlopen
    response = self._make_request(
        conn,
    ...<10 lines>...
        **response_kw,
    )
  File "C:\Users\lathe\sepa-signals\.venv\Lib\site-packages\urllib3\connectionpool.py", line 488, in _make_request
    raise new_e
  File "C:\Users\lathe\sepa-signals\.venv\Lib\site-packages\urllib3\connectionpool.py", line 466, in _make_request
    self._raise_timeout(err=e, url=url, timeout_value=conn.timeout)
    ~~~~~~~~~~~~~~~~~~~^^^^^^^^^^^^^^^^^^^^^^^^^^^^^^^^^^^^^^^^^^^^
  File "C:\Users\lathe\sepa-signals\.venv\Lib\site-packages\urllib3\connectionpool.py", line 367, in _raise_timeout
    raise ReadTimeoutError(
        self, url, f"Read timed out. (read timeout={timeout_value})"
    ) from err
urllib3.exceptions.ReadTimeoutError: HTTPSConnectionPool(host='api.telegram.org', port=443): Read timed out. (read timeout=30)

During handling of the above exception, another exception occurred:

Traceback (most recent call last):
  File "C:\Users\lathe\sepa-signals\sepa\run_intraday.py", line 194, in run_intraday
    alerter.send(C.TELEGRAM_TOKEN, C.TELEGRAM_CHAT_ID, msg)
    ~~~~~~~~~~~~^^^^^^^^^^^^^^^^^^^^^^^^^^^^^^^^^^^^^^^^^^^
  File "C:\Users\lathe\sepa-signals\sepa\alerter.py", line 156, in send
    r = requests.post(f"https://api.telegram.org/bot{token}/sendMessage",
                      data={"chat_id": chat_id, "text": text, "parse_mode": "Markdown"},
                      timeout=30)
  File "C:\Users\lathe\sepa-signals\.venv\Lib\site-packages\requests\api.py", line 134, in post
    return request("post", url, data=data, json=json, **kwargs)
  File "C:\Users\lathe\sepa-signals\.venv\Lib\site-packages\requests\api.py", line 71, in request
    return session.request(method=method, url=url, **kwargs)
           ~~~~~~~~~~~~~~~^^^^^^^^^^^^^^^^^^^^^^^^^^^^^^^^^^
  File "C:\Users\lathe\sepa-signals\.venv\Lib\site-packages\requests\sessions.py", line 651, in request
    resp = self.send(prep, **send_kwargs)
  File "C:\Users\lathe\sepa-signals\.venv\Lib\site-packages\requests\sessions.py", line 784, in send
    r = adapter.send(request, **kwargs)
  File "C:\Users\lathe\sepa-signals\.venv\Lib\site-packages\requests\adapters.py", line 742, in send
    raise ReadTimeout(e, request=request)
requests.exceptions.ReadTimeout: HTTPSConnectionPool(host='api.telegram.org', port=443): Read timed out. (read timeout=30)
2026-06-24 14:45:37 ERROR   yfinance  $ATEYY: possibly delisted; no price data found  (period=1d)
2026-06-24 14:45:37 ERROR   yfinance  
1 Failed download:
2026-06-24 14:45:37 ERROR   yfinance  ['ATEYY']: possibly delisted; no price data found  (period=1d)
2026-06-24 14:45:40 INFO    sepa.intraday  intraday alert ARGX: close=872.84 pivot=849.04 vol_ratio=4.72
2026-06-24 14:45:42 INFO    sepa.intraday  intraday alert CRDO: close=269.60 pivot=264.76 vol_ratio=2.49
2026-06-24 14:45:47 INFO    sepa.intraday  intraday alert ILMN: close=172.31 pivot=166.89 vol_ratio=2.13
2026-06-24 14:45:47 ERROR   yfinance  $WST: possibly delisted; no price data found  (period=1d)
2026-06-24 14:45:47 ERROR   yfinance  
1 Failed download:
2026-06-24 14:45:47 ERROR   yfinance  ['WST']: possibly delisted; no price data found  (period=1d)
2026-06-24 14:45:52 INFO    sepa.intraday  intraday alert GH: close=134.40 pivot=131.62 vol_ratio=2.49
2026-06-24 14:45:56 INFO    sepa.intraday  intraday alert PL: close=26.75 pivot=26.36 vol_ratio=2.58
2026-06-24 14:46:00 INFO    sepa.intraday  intraday alert SIMO: close=308.79 pivot=306.57 vol_ratio=1.71
2026-06-24 14:46:06 INFO    sepa.intraday  intraday alert LQDA: close=73.02 pivot=71.80 vol_ratio=2.55
2026-06-24 14:46:06 ERROR   yfinance  $GTX: possibly delisted; no price data found  (period=1d)
2026-06-24 14:46:06 ERROR   yfinance  
1 Failed download:
2026-06-24 14:46:06 ERROR   yfinance  ['GTX']: possibly delisted; no price data found  (period=1d)
2026-06-24 14:46:09 INFO    sepa.intraday  intraday alert IRDM: close=44.08 pivot=43.41 vol_ratio=1.92
2026-06-24 14:46:14 INFO    sepa.intraday  intraday alert MRX: close=65.65 pivot=65.30 vol_ratio=4.27
2026-06-24 14:46:17 INFO    sepa.intraday  intraday alert CMBT: close=15.63 pivot=15.43 vol_ratio=1.59
2026-06-24 14:46:24 INFO    sepa.intraday  intraday alert BEAM: close=34.21 pivot=32.84 vol_ratio=1.93
2026-06-24 14:46:25 ERROR   yfinance  $ICHR: possibly delisted; no price data found  (period=1d)
2026-06-24 14:46:25 ERROR   yfinance  
1 Failed download:
2026-06-24 14:46:25 ERROR   yfinance  ['ICHR']: possibly delisted; no price data found  (period=1d)
2026-06-24 14:46:31 INFO    sepa.intraday  intraday alert AXGN: close=44.17 pivot=42.69 vol_ratio=2.39
2026-06-24 14:46:34 INFO    sepa.intraday  intraday alert RAPP: close=40.30 pivot=38.49 vol_ratio=5.23
2026-06-24 14:46:36 INFO    sepa.intraday  intraday alert FTRE: close=17.42 pivot=16.88 vol_ratio=3.09
2026-06-24 14:46:37 INFO    sepa.intraday  intraday alert LWLG: close=8.91 pivot=8.59 vol_ratio=1.45
2026-06-24 14:46:39 INFO    sepa.intraday  intraday alert CMPS: close=12.77 pivot=12.63 vol_ratio=1.32
2026-06-24 14:46:42 INFO    sepa.intraday  intraday alert BKSY: close=26.17 pivot=24.94 vol_ratio=1.67
2026-06-24 14:46:51 ERROR   yfinance  $ESOA: possibly delisted; no price data found  (period=1d)
2026-06-24 14:46:51 ERROR   yfinance  
1 Failed download:
2026-06-24 14:46:51 ERROR   yfinance  ['ESOA']: possibly delisted; no price data found  (period=1d)
2026-06-24 14:46:51 ERROR   yfinance  $RCKY: possibly delisted; no price data found  (period=1d)
2026-06-24 14:46:51 ERROR   yfinance  
1 Failed download:
2026-06-24 14:46:51 ERROR   yfinance  ['RCKY']: possibly delisted; no price data found  (period=1d)
2026-06-24 14:46:55 INFO    sepa.intraday  intraday alert CVCO: close=609.80 pivot=604.47 vol_ratio=6.15
2026-06-24 14:46:57 ERROR   yfinance  $RYM: possibly delisted; no price data found  (period=1d)
2026-06-24 14:46:57 ERROR   yfinance  
1 Failed download:
2026-06-24 14:46:57 ERROR   yfinance  ['RYM']: possibly delisted; no price data found  (period=1d)
2026-06-24 14:46:57 ERROR   yfinance  $KALV: possibly delisted; no price data found  (period=1d)
2026-06-24 14:46:57 ERROR   yfinance  
1 Failed download:
2026-06-24 14:46:57 ERROR   yfinance  ['KALV']: possibly delisted; no price data found  (period=1d)
2026-06-24 14:47:00 ERROR   sepa.intraday  intraday SUPV: unhandled error
Traceback (most recent call last):
  File "C:\Users\lathe\sepa-signals\.venv\Lib\site-packages\curl_cffi\requests\session.py", line 732, in _request_once
    c.perform()
    ~~~~~~~~~^^
  File "C:\Users\lathe\sepa-signals\.venv\Lib\site-packages\curl_cffi\curl.py", line 505, in perform
    self._check_error(ret, "perform")
    ~~~~~~~~~~~~~~~~~^^^^^^^^^^^^^^^^
  File "C:\Users\lathe\sepa-signals\.venv\Lib\site-packages\curl_cffi\curl.py", line 269, in _check_error
    raise error
curl_cffi.curl.CurlError: Failed to perform, curl: (35) TLS connect error: error:00000000:invalid library (0):OPENSSL_internal:invalid library (0). See https://curl.se/libcurl/c/libcurl-errors.html first for more details.

The above exception was the direct cause of the following exception:

Traceback (most recent call last):
  File "C:\Users\lathe\sepa-signals\sepa\run_intraday.py", line 182, in run_intraday
    yf_info = yf.Ticker(t).info
              ^^^^^^^^^^^^^^^^^
  File "C:\Users\lathe\sepa-signals\.venv\Lib\site-packages\yfinance\ticker.py", line 159, in info
    return self.get_info()
           ~~~~~~~~~~~~~^^
  File "C:\Users\lathe\sepa-signals\.venv\Lib\site-packages\yfinance\base.py", line 282, in get_info
    data = self._quote.info
           ^^^^^^^^^^^^^^^^
  File "C:\Users\lathe\sepa-signals\.venv\Lib\site-packages\yfinance\scrapers\quote.py", line 505, in info
    self._fetch_info()
    ~~~~~~~~~~~~~~~~^^
  File "C:\Users\lathe\sepa-signals\.venv\Lib\site-packages\yfinance\scrapers\quote.py", line 620, in _fetch_info
    result = self._fetch(modules=modules)
  File "C:\Users\lathe\sepa-signals\.venv\Lib\site-packages\yfinance\scrapers\quote.py", line 596, in _fetch
    result = self._data.get_raw_json(_QUOTE_SUMMARY_URL_ + f"/{self._symbol}", params=params_dict)
  File "C:\Users\lathe\sepa-signals\.venv\Lib\site-packages\yfinance\data.py", line 471, in get_raw_json
    response = self.get(url, params=params, timeout=timeout)
  File "C:\Users\lathe\sepa-signals\.venv\Lib\site-packages\yfinance\utils.py", line 123, in wrapper
    result = func(*args, **kwargs)
  File "C:\Users\lathe\sepa-signals\.venv\Lib\site-packages\yfinance\data.py", line 384, in get
    response = self._make_request(url, request_method = self._session.get, params=params, timeout=timeout)
  File "C:\Users\lathe\sepa-signals\.venv\Lib\site-packages\yfinance\utils.py", line 123, in wrapper
    result = func(*args, **kwargs)
  File "C:\Users\lathe\sepa-signals\.venv\Lib\site-packages\yfinance\data.py", line 439, in _make_request
    response = request_method(**request_args)
  File "C:\Users\lathe\sepa-signals\.venv\Lib\site-packages\curl_cffi\requests\session.py", line 842, in get
    return self.request(method="GET", url=url, **kwargs)
           ~~~~~~~~~~~~^^^^^^^^^^^^^^^^^^^^^^^^^^^^^^^^^
  File "C:\Users\lathe\sepa-signals\.venv\Lib\site-packages\curl_cffi\requests\session.py", line 795, in request
    return self._request_once(
           ~~~~~~~~~~~~~~~~~~^
        method=method,
        ^^^^^^^^^^^^^^
    ...<32 lines>...
        discard_cookies=discard_cookies,
        ^^^^^^^^^^^^^^^^^^^^^^^^^^^^^^^^
    )
    ^
  File "C:\Users\lathe\sepa-signals\.venv\Lib\site-packages\curl_cffi\requests\session.py", line 739, in _request_once
    raise error(str(e), e.code, rsp) from e
curl_cffi.requests.exceptions.SSLError: Failed to perform, curl: (35) TLS connect error: error:00000000:invalid library (0):OPENSSL_internal:invalid library (0). See https://curl.se/libcurl/c/libcurl-errors.html first for more details.
2026-06-24 14:47:00 ERROR   yfinance  $TCNNF: possibly delisted; no price data found  (period=1d)
2026-06-24 14:47:00 ERROR   yfinance  
1 Failed download:
2026-06-24 14:47:00 ERROR   yfinance  ['TCNNF']: possibly delisted; no price data found  (period=1d)
2026-06-24 14:47:00 ERROR   yfinance  $CURLF: possibly delisted; no price data found  (period=1d)
2026-06-24 14:47:00 ERROR   yfinance  
1 Failed download:
2026-06-24 14:47:00 ERROR   yfinance  ['CURLF']: possibly delisted; no price data found  (period=1d)
2026-06-24 14:47:01 ERROR   yfinance  $IONS: possibly delisted; no price data found  (period=1d)
2026-06-24 14:47:01 ERROR   yfinance  
1 Failed download:
2026-06-24 14:47:01 ERROR   yfinance  ['IONS']: possibly delisted; no price data found  (period=1d)
2026-06-24 14:47:02 INFO    sepa.intraday  intraday complete: 18 alerts sent
