2026-07-01 21:30:01 INFO    sepa  log file: C:\Users\lathe\sepa-signals\data\logs\2026-07-01\21-30-01-ingest\sepa.log
2026-07-01 21:30:02 INFO    sepa.ingest  universe: 5000 US tickers (after ETF/shell filter)
2026-07-01 21:30:08 ERROR   yfinance  $OBOCY: possibly delisted; no price data found  (period=2y)
2026-07-01 21:30:14 ERROR   yfinance  $CONE: possibly delisted; no price data found  (period=2y) (Yahoo error = "No data found, symbol may be delisted")
2026-07-01 21:30:17 ERROR   yfinance  
2 Failed downloads:
2026-07-01 21:30:17 ERROR   yfinance  ['OBOCY']: possibly delisted; no price data found  (period=2y)
2026-07-01 21:30:17 ERROR   yfinance  ['CONE']: possibly delisted; no price data found  (period=2y) (Yahoo error = "No data found, symbol may be delisted")
2026-07-01 21:30:17 WARNING sepa.ingest  ingest CONE: missing from batch result, retrying individually (attempt 1/3)
2026-07-01 21:30:18 ERROR   yfinance  $CONE: possibly delisted; no price data found  (period=2y) (Yahoo error = "No data found, symbol may be delisted")
2026-07-01 21:30:23 WARNING sepa.ingest  ingest CONE: missing from batch result, retrying individually (attempt 2/3)
2026-07-01 21:30:23 ERROR   yfinance  $CONE: possibly delisted; no price data found  (period=2y) (Yahoo error = "No data found, symbol may be delisted")
2026-07-01 21:30:28 WARNING sepa.ingest  ingest CONE: missing from batch result, retrying individually (attempt 3/3)
2026-07-01 21:30:28 ERROR   yfinance  $CONE: possibly delisted; no price data found  (period=2y) (Yahoo error = "No data found, symbol may be delisted")
2026-07-01 21:30:28 ERROR   sepa.ingest  ingest CONE: no price data after 3 retries — ticker will be stale
2026-07-01 21:30:28 WARNING sepa.ingest  ingest OBOCY: missing from batch result, retrying individually (attempt 1/3)
2026-07-01 21:30:28 ERROR   yfinance  $OBOCY: possibly delisted; no price data found  (period=2y)
2026-07-01 21:30:33 WARNING sepa.ingest  ingest OBOCY: missing from batch result, retrying individually (attempt 2/3)
2026-07-01 21:30:33 ERROR   yfinance  $OBOCY: possibly delisted; no price data found  (period=2y)
2026-07-01 21:30:38 WARNING sepa.ingest  ingest OBOCY: missing from batch result, retrying individually (attempt 3/3)
2026-07-01 21:30:38 ERROR   yfinance  $OBOCY: possibly delisted; no price data found  (period=2y)
2026-07-01 21:30:38 ERROR   sepa.ingest  ingest OBOCY: no price data after 3 retries — ticker will be stale
2026-07-01 21:30:38 INFO    sepa.ingest  prices new-ticker batch 1: loaded=2 skipped=96 failed=2
2026-07-01 21:30:45 ERROR   yfinance  $AYR: possibly delisted; no price data found  (period=2y) (Yahoo error = "No data found, symbol may be delisted")
2026-07-01 21:30:54 ERROR   yfinance  
1 Failed download:
2026-07-01 21:30:54 ERROR   yfinance  ['AYR']: possibly delisted; no price data found  (period=2y) (Yahoo error = "No data found, symbol may be delisted")
2026-07-01 21:30:54 WARNING sepa.ingest  ingest AYR: missing from batch result, retrying individually (attempt 1/3)
2026-07-01 21:30:54 ERROR   yfinance  $AYR: possibly delisted; no price data found  (period=2y) (Yahoo error = "No data found, symbol may be delisted")
2026-07-01 21:30:59 WARNING sepa.ingest  ingest AYR: missing from batch result, retrying individually (attempt 2/3)
2026-07-01 21:30:59 ERROR   yfinance  $AYR: possibly delisted; no price data found  (period=2y) (Yahoo error = "No data found, symbol may be delisted")
2026-07-01 21:31:04 WARNING sepa.ingest  ingest AYR: missing from batch result, retrying individually (attempt 3/3)
2026-07-01 21:31:05 ERROR   yfinance  $AYR: possibly delisted; no price data found  (period=2y) (Yahoo error = "No data found, symbol may be delisted")
2026-07-01 21:31:05 ERROR   sepa.ingest  ingest AYR: no price data after 3 retries — ticker will be stale
2026-07-01 21:31:05 INFO    sepa.ingest  prices new-ticker batch 2: loaded=4 skipped=193 failed=3
2026-07-01 21:31:19 INFO    sepa.ingest  prices new-ticker batch 3: loaded=9 skipped=288 failed=3
2026-07-01 21:31:24 ERROR   yfinance  $NANO: possibly delisted; no price data found  (period=2y) (Yahoo error = "No data found, symbol may be delisted")
2026-07-01 21:31:26 ERROR   yfinance  $MSSHY: possibly delisted; no price data found  (period=2y)
2026-07-01 21:31:28 ERROR   yfinance  $AAC: possibly delisted; no price data found  (period=2y) (Yahoo error = "No data found, symbol may be delisted")
2026-07-01 21:31:33 ERROR   yfinance  
3 Failed downloads:
2026-07-01 21:31:33 ERROR   yfinance  ['NANO', 'AAC']: possibly delisted; no price data found  (period=2y) (Yahoo error = "No data found, symbol may be delisted")
2026-07-01 21:31:33 ERROR   yfinance  ['MSSHY']: possibly delisted; no price data found  (period=2y)
2026-07-01 21:31:33 WARNING sepa.ingest  ingest MSSHY: missing from batch result, retrying individually (attempt 1/3)
2026-07-01 21:31:34 ERROR   yfinance  $MSSHY: possibly delisted; no price data found  (period=2y)
2026-07-01 21:31:39 WARNING sepa.ingest  ingest MSSHY: missing from batch result, retrying individually (attempt 2/3)
2026-07-01 21:31:39 ERROR   yfinance  $MSSHY: possibly delisted; no price data found  (period=2y)
2026-07-01 21:31:44 WARNING sepa.ingest  ingest MSSHY: missing from batch result, retrying individually (attempt 3/3)
2026-07-01 21:31:44 ERROR   yfinance  $MSSHY: possibly delisted; no price data found  (period=2y)
2026-07-01 21:31:44 ERROR   sepa.ingest  ingest MSSHY: no price data after 3 retries — ticker will be stale
2026-07-01 21:31:44 WARNING sepa.ingest  ingest NANO: missing from batch result, retrying individually (attempt 1/3)
2026-07-01 21:31:44 ERROR   yfinance  $NANO: possibly delisted; no price data found  (period=2y) (Yahoo error = "No data found, symbol may be delisted")
2026-07-01 21:31:49 WARNING sepa.ingest  ingest NANO: missing from batch result, retrying individually (attempt 2/3)
2026-07-01 21:31:49 ERROR   yfinance  $NANO: possibly delisted; no price data found  (period=2y) (Yahoo error = "No data found, symbol may be delisted")
2026-07-01 21:31:54 WARNING sepa.ingest  ingest NANO: missing from batch result, retrying individually (attempt 3/3)
2026-07-01 21:31:55 ERROR   yfinance  $NANO: possibly delisted; no price data found  (period=2y) (Yahoo error = "No data found, symbol may be delisted")
2026-07-01 21:31:55 ERROR   sepa.ingest  ingest NANO: no price data after 3 retries — ticker will be stale
2026-07-01 21:31:55 WARNING sepa.ingest  ingest AAC: missing from batch result, retrying individually (attempt 1/3)
2026-07-01 21:31:55 ERROR   yfinance  $AAC: possibly delisted; no price data found  (period=2y) (Yahoo error = "No data found, symbol may be delisted")
2026-07-01 21:32:00 WARNING sepa.ingest  ingest AAC: missing from batch result, retrying individually (attempt 2/3)
2026-07-01 21:32:00 ERROR   yfinance  $AAC: possibly delisted; no price data found  (period=2y) (Yahoo error = "No data found, symbol may be delisted")
2026-07-01 21:32:05 WARNING sepa.ingest  ingest AAC: missing from batch result, retrying individually (attempt 3/3)
2026-07-01 21:32:05 ERROR   yfinance  $AAC: possibly delisted; no price data found  (period=2y) (Yahoo error = "No data found, symbol may be delisted")
2026-07-01 21:32:05 ERROR   sepa.ingest  ingest AAC: no price data after 3 retries — ticker will be stale
2026-07-01 21:32:05 INFO    sepa.ingest  prices new-ticker batch 4: loaded=10 skipped=384 failed=6
2026-07-01 21:32:19 INFO    sepa.ingest  prices new-ticker batch 5: loaded=16 skipped=478 failed=6
2026-07-01 21:32:29 ERROR   yfinance  $SEAH: possibly delisted; no price data found  (period=2y) (Yahoo error = "No data found, symbol may be delisted")
2026-07-01 21:32:33 ERROR   yfinance  
1 Failed download:
2026-07-01 21:32:33 ERROR   yfinance  ['SEAH']: possibly delisted; no price data found  (period=2y) (Yahoo error = "No data found, symbol may be delisted")
2026-07-01 21:32:33 WARNING sepa.ingest  ingest SEAH: missing from batch result, retrying individually (attempt 1/3)
2026-07-01 21:32:33 ERROR   yfinance  $SEAH: possibly delisted; no price data found  (period=2y) (Yahoo error = "No data found, symbol may be delisted")
2026-07-01 21:32:38 WARNING sepa.ingest  ingest SEAH: missing from batch result, retrying individually (attempt 2/3)
2026-07-01 21:32:38 ERROR   yfinance  $SEAH: possibly delisted; no price data found  (period=2y) (Yahoo error = "No data found, symbol may be delisted")
2026-07-01 21:32:43 WARNING sepa.ingest  ingest SEAH: missing from batch result, retrying individually (attempt 3/3)
2026-07-01 21:32:44 ERROR   yfinance  $SEAH: possibly delisted; no price data found  (period=2y) (Yahoo error = "No data found, symbol may be delisted")
2026-07-01 21:32:44 ERROR   sepa.ingest  ingest SEAH: no price data after 3 retries — ticker will be stale
2026-07-01 21:32:44 INFO    sepa.ingest  prices new-ticker batch 6: loaded=17 skipped=576 failed=7
2026-07-01 21:33:02 INFO    sepa.ingest  prices new-ticker batch 7: loaded=18 skipped=675 failed=7
2026-07-01 21:33:08 ERROR   yfinance  $ATAC: possibly delisted; no price data found  (period=2y) (Yahoo error = "No data found, symbol may be delisted")
2026-07-01 21:33:24 ERROR   yfinance  $CHMG: possibly delisted; no price data found  (period=2y)
2026-07-01 21:33:26 ERROR   yfinance  
2 Failed downloads:
2026-07-01 21:33:26 ERROR   yfinance  ['ATAC']: possibly delisted; no price data found  (period=2y) (Yahoo error = "No data found, symbol may be delisted")
2026-07-01 21:33:26 ERROR   yfinance  ['CHMG']: possibly delisted; no price data found  (period=2y)
2026-07-01 21:33:26 WARNING sepa.ingest  ingest CHMG: missing from batch result, retrying individually (attempt 1/3)
2026-07-01 21:33:26 INFO    sepa.ingest  ingest CHMG: recovered via individual fetch
2026-07-01 21:33:26 WARNING sepa.ingest  ingest ATAC: missing from batch result, retrying individually (attempt 1/3)
2026-07-01 21:33:27 ERROR   yfinance  $ATAC: possibly delisted; no price data found  (period=2y) (Yahoo error = "No data found, symbol may be delisted")
2026-07-01 21:33:32 WARNING sepa.ingest  ingest ATAC: missing from batch result, retrying individually (attempt 2/3)
2026-07-01 21:33:32 ERROR   yfinance  $ATAC: possibly delisted; no price data found  (period=2y) (Yahoo error = "No data found, symbol may be delisted")
2026-07-01 21:33:37 WARNING sepa.ingest  ingest ATAC: missing from batch result, retrying individually (attempt 3/3)
2026-07-01 21:33:38 ERROR   yfinance  $ATAC: possibly delisted; no price data found  (period=2y) (Yahoo error = "No data found, symbol may be delisted")
2026-07-01 21:33:38 ERROR   sepa.ingest  ingest ATAC: no price data after 3 retries — ticker will be stale
2026-07-01 21:33:38 INFO    sepa.ingest  prices new-ticker batch 8: loaded=18 skipped=774 failed=8
2026-07-01 21:33:45 ERROR   yfinance  $PTAC: possibly delisted; no price data found  (period=2y)
2026-07-01 21:33:51 ERROR   yfinance  
1 Failed download:
2026-07-01 21:33:51 ERROR   yfinance  ['PTAC']: possibly delisted; no price data found  (period=2y)
2026-07-01 21:33:51 WARNING sepa.ingest  ingest PTAC: missing from batch result, retrying individually (attempt 1/3)
2026-07-01 21:33:52 ERROR   yfinance  $PTAC: possibly delisted; no price data found  (period=2y) (Yahoo error = "No data found, symbol may be delisted")
2026-07-01 21:33:57 WARNING sepa.ingest  ingest PTAC: missing from batch result, retrying individually (attempt 2/3)
2026-07-01 21:33:57 ERROR   yfinance  $PTAC: possibly delisted; no price data found  (period=2y) (Yahoo error = "No data found, symbol may be delisted")
2026-07-01 21:34:02 WARNING sepa.ingest  ingest PTAC: missing from batch result, retrying individually (attempt 3/3)
2026-07-01 21:34:02 ERROR   yfinance  $PTAC: possibly delisted; no price data found  (period=2y) (Yahoo error = "No data found, symbol may be delisted")
2026-07-01 21:34:02 ERROR   sepa.ingest  ingest PTAC: no price data after 3 retries — ticker will be stale
2026-07-01 21:34:02 INFO    sepa.ingest  prices new-ticker batch 9: loaded=19 skipped=872 failed=9
2026-07-01 21:34:06 ERROR   yfinance  $PFSTY: possibly delisted; no price data found  (period=2y)
2026-07-01 21:34:15 ERROR   yfinance  
1 Failed download:
2026-07-01 21:34:15 ERROR   yfinance  ['PFSTY']: possibly delisted; no price data found  (period=2y)
2026-07-01 21:34:15 WARNING sepa.ingest  ingest PFSTY: missing from batch result, retrying individually (attempt 1/3)
2026-07-01 21:34:15 ERROR   yfinance  $PFSTY: possibly delisted; no price data found  (period=2y)
2026-07-01 21:34:20 WARNING sepa.ingest  ingest PFSTY: missing from batch result, retrying individually (attempt 2/3)
2026-07-01 21:34:20 ERROR   yfinance  $PFSTY: possibly delisted; no price data found  (period=2y)
2026-07-01 21:34:25 WARNING sepa.ingest  ingest PFSTY: missing from batch result, retrying individually (attempt 3/3)
2026-07-01 21:34:25 ERROR   yfinance  $PFSTY: possibly delisted; no price data found  (period=2y)
2026-07-01 21:34:25 ERROR   sepa.ingest  ingest PFSTY: no price data after 3 retries — ticker will be stale
2026-07-01 21:34:25 INFO    sepa.ingest  prices new-ticker batch 10: loaded=21 skipped=969 failed=10
2026-07-01 21:34:30 ERROR   yfinance  $AVAC: possibly delisted; no price data found  (period=2y) (Yahoo error = "No data found, symbol may be delisted")
2026-07-01 21:34:39 ERROR   yfinance  
1 Failed download:
2026-07-01 21:34:39 ERROR   yfinance  ['AVAC']: possibly delisted; no price data found  (period=2y) (Yahoo error = "No data found, symbol may be delisted")
2026-07-01 21:34:39 WARNING sepa.ingest  ingest AVAC: missing from batch result, retrying individually (attempt 1/3)
2026-07-01 21:34:39 ERROR   yfinance  $AVAC: possibly delisted; no price data found  (period=2y) (Yahoo error = "No data found, symbol may be delisted")
2026-07-01 21:34:44 WARNING sepa.ingest  ingest AVAC: missing from batch result, retrying individually (attempt 2/3)
2026-07-01 21:34:44 ERROR   yfinance  $AVAC: possibly delisted; no price data found  (period=2y) (Yahoo error = "No data found, symbol may be delisted")
2026-07-01 21:34:49 WARNING sepa.ingest  ingest AVAC: missing from batch result, retrying individually (attempt 3/3)
2026-07-01 21:34:50 ERROR   yfinance  $AVAC: possibly delisted; no price data found  (period=2y) (Yahoo error = "No data found, symbol may be delisted")
2026-07-01 21:34:50 ERROR   sepa.ingest  ingest AVAC: no price data after 3 retries — ticker will be stale
2026-07-01 21:34:50 INFO    sepa.ingest  prices new-ticker batch 11: loaded=21 skipped=1068 failed=11
2026-07-01 21:35:03 ERROR   yfinance  $BRKH: possibly delisted; no price data found  (period=2y) (Yahoo error = "No data found, symbol may be delisted")
2026-07-01 21:35:03 ERROR   yfinance  
1 Failed download:
2026-07-01 21:35:03 ERROR   yfinance  ['BRKH']: possibly delisted; no price data found  (period=2y) (Yahoo error = "No data found, symbol may be delisted")
2026-07-01 21:35:04 WARNING sepa.ingest  ingest BRKH: missing from batch result, retrying individually (attempt 1/3)
2026-07-01 21:35:04 ERROR   yfinance  $BRKH: possibly delisted; no price data found  (period=2y) (Yahoo error = "No data found, symbol may be delisted")
2026-07-01 21:35:09 WARNING sepa.ingest  ingest BRKH: missing from batch result, retrying individually (attempt 2/3)
2026-07-01 21:35:09 ERROR   yfinance  $BRKH: possibly delisted; no price data found  (period=2y) (Yahoo error = "No data found, symbol may be delisted")
2026-07-01 21:35:14 WARNING sepa.ingest  ingest BRKH: missing from batch result, retrying individually (attempt 3/3)
2026-07-01 21:35:15 ERROR   yfinance  $BRKH: possibly delisted; no price data found  (period=2y) (Yahoo error = "No data found, symbol may be delisted")
2026-07-01 21:35:15 ERROR   sepa.ingest  ingest BRKH: no price data after 3 retries — ticker will be stale
2026-07-01 21:35:15 INFO    sepa.ingest  prices new-ticker batch 12: loaded=21 skipped=1167 failed=12
2026-07-01 21:35:28 INFO    sepa.ingest  prices new-ticker batch 13: loaded=21 skipped=1267 failed=12
2026-07-01 21:35:41 INFO    sepa.ingest  prices new-ticker batch 14: loaded=21 skipped=1367 failed=12
2026-07-01 21:35:53 ERROR   yfinance  $PHD: possibly delisted; no price data found  (period=2y) (Yahoo error = "No data found, symbol may be delisted")
2026-07-01 21:35:55 ERROR   yfinance  
1 Failed download:
2026-07-01 21:35:55 ERROR   yfinance  ['PHD']: possibly delisted; no price data found  (period=2y) (Yahoo error = "No data found, symbol may be delisted")
2026-07-01 21:35:55 WARNING sepa.ingest  ingest PHD: missing from batch result, retrying individually (attempt 1/3)
2026-07-01 21:35:55 ERROR   yfinance  $PHD: possibly delisted; no price data found  (period=2y) (Yahoo error = "No data found, symbol may be delisted")
2026-07-01 21:36:00 WARNING sepa.ingest  ingest PHD: missing from batch result, retrying individually (attempt 2/3)
2026-07-01 21:36:00 ERROR   yfinance  $PHD: possibly delisted; no price data found  (period=2y) (Yahoo error = "No data found, symbol may be delisted")
2026-07-01 21:36:05 WARNING sepa.ingest  ingest PHD: missing from batch result, retrying individually (attempt 3/3)
2026-07-01 21:36:06 ERROR   yfinance  $PHD: possibly delisted; no price data found  (period=2y) (Yahoo error = "No data found, symbol may be delisted")
2026-07-01 21:36:06 ERROR   sepa.ingest  ingest PHD: no price data after 3 retries — ticker will be stale
2026-07-01 21:36:06 INFO    sepa.ingest  prices new-ticker batch 15: loaded=21 skipped=1466 failed=13
2026-07-01 21:36:10 ERROR   yfinance  $VII: possibly delisted; no price data found  (period=2y) (Yahoo error = "No data found, symbol may be delisted")
2026-07-01 21:36:19 ERROR   yfinance  
1 Failed download:
2026-07-01 21:36:19 ERROR   yfinance  ['VII']: possibly delisted; no price data found  (period=2y) (Yahoo error = "No data found, symbol may be delisted")
2026-07-01 21:36:19 WARNING sepa.ingest  ingest VII: missing from batch result, retrying individually (attempt 1/3)
2026-07-01 21:36:20 ERROR   yfinance  $VII: possibly delisted; no price data found  (period=2y) (Yahoo error = "No data found, symbol may be delisted")
2026-07-01 21:36:25 WARNING sepa.ingest  ingest VII: missing from batch result, retrying individually (attempt 2/3)
2026-07-01 21:36:25 ERROR   yfinance  $VII: possibly delisted; no price data found  (period=2y) (Yahoo error = "No data found, symbol may be delisted")
2026-07-01 21:36:30 WARNING sepa.ingest  ingest VII: missing from batch result, retrying individually (attempt 3/3)
2026-07-01 21:36:30 ERROR   yfinance  $VII: possibly delisted; no price data found  (period=2y) (Yahoo error = "No data found, symbol may be delisted")
2026-07-01 21:36:30 ERROR   sepa.ingest  ingest VII: no price data after 3 retries — ticker will be stale
2026-07-01 21:36:30 INFO    sepa.ingest  prices new-ticker batch 16: loaded=21 skipped=1565 failed=14
2026-07-01 21:36:43 INFO    sepa.ingest  prices new-ticker batch 17: loaded=21 skipped=1665 failed=14
2026-07-01 21:36:56 INFO    sepa.ingest  prices new-ticker batch 18: loaded=21 skipped=1765 failed=14
2026-07-01 21:37:03 ERROR   yfinance  $PMVC: possibly delisted; no price data found  (period=2y) (Yahoo error = "No data found, symbol may be delisted")
2026-07-01 21:37:10 ERROR   yfinance  
1 Failed download:
2026-07-01 21:37:10 ERROR   yfinance  ['PMVC']: possibly delisted; no price data found  (period=2y) (Yahoo error = "No data found, symbol may be delisted")
2026-07-01 21:37:10 WARNING sepa.ingest  ingest PMVC: missing from batch result, retrying individually (attempt 1/3)
2026-07-01 21:37:10 ERROR   yfinance  $PMVC: possibly delisted; no price data found  (period=2y) (Yahoo error = "No data found, symbol may be delisted")
2026-07-01 21:37:15 WARNING sepa.ingest  ingest PMVC: missing from batch result, retrying individually (attempt 2/3)
2026-07-01 21:37:16 ERROR   yfinance  $PMVC: possibly delisted; no price data found  (period=2y) (Yahoo error = "No data found, symbol may be delisted")
2026-07-01 21:37:21 WARNING sepa.ingest  ingest PMVC: missing from batch result, retrying individually (attempt 3/3)
2026-07-01 21:37:21 ERROR   yfinance  $PMVC: possibly delisted; no price data found  (period=2y) (Yahoo error = "No data found, symbol may be delisted")
2026-07-01 21:37:21 ERROR   sepa.ingest  ingest PMVC: no price data after 3 retries — ticker will be stale
2026-07-01 21:37:21 INFO    sepa.ingest  prices new-ticker batch 19: loaded=21 skipped=1864 failed=15
2026-07-01 21:37:26 ERROR   yfinance  $LVPA: possibly delisted; no price data found  (period=2y) (Yahoo error = "No data found, symbol may be delisted")
2026-07-01 21:37:34 ERROR   yfinance  
1 Failed download:
2026-07-01 21:37:34 ERROR   yfinance  ['LVPA']: possibly delisted; no price data found  (period=2y) (Yahoo error = "No data found, symbol may be delisted")
2026-07-01 21:37:34 WARNING sepa.ingest  ingest LVPA: missing from batch result, retrying individually (attempt 1/3)
2026-07-01 21:37:34 ERROR   yfinance  $LVPA: possibly delisted; no price data found  (period=2y) (Yahoo error = "No data found, symbol may be delisted")
2026-07-01 21:37:39 WARNING sepa.ingest  ingest LVPA: missing from batch result, retrying individually (attempt 2/3)
2026-07-01 21:37:40 ERROR   yfinance  $LVPA: possibly delisted; no price data found  (period=2y) (Yahoo error = "No data found, symbol may be delisted")
2026-07-01 21:37:45 WARNING sepa.ingest  ingest LVPA: missing from batch result, retrying individually (attempt 3/3)
2026-07-01 21:37:45 ERROR   yfinance  $LVPA: possibly delisted; no price data found  (period=2y) (Yahoo error = "No data found, symbol may be delisted")
2026-07-01 21:37:45 ERROR   sepa.ingest  ingest LVPA: no price data after 3 retries — ticker will be stale
2026-07-01 21:37:45 INFO    sepa.ingest  prices new-ticker batch 20: loaded=21 skipped=1963 failed=16
2026-07-01 21:37:51 ERROR   yfinance  $FWAC: possibly delisted; no price data found  (period=2y) (Yahoo error = "No data found, symbol may be delisted")
2026-07-01 21:37:56 ERROR   yfinance  
1 Failed download:
2026-07-01 21:37:56 ERROR   yfinance  ['FWAC']: possibly delisted; no price data found  (period=2y) (Yahoo error = "No data found, symbol may be delisted")
2026-07-01 21:37:56 WARNING sepa.ingest  ingest FWAC: missing from batch result, retrying individually (attempt 1/3)
2026-07-01 21:37:56 ERROR   yfinance  $FWAC: possibly delisted; no price data found  (period=2y) (Yahoo error = "No data found, symbol may be delisted")
2026-07-01 21:38:01 WARNING sepa.ingest  ingest FWAC: missing from batch result, retrying individually (attempt 2/3)
2026-07-01 21:38:01 ERROR   yfinance  $FWAC: possibly delisted; no price data found  (period=2y) (Yahoo error = "No data found, symbol may be delisted")
2026-07-01 21:38:06 WARNING sepa.ingest  ingest FWAC: missing from batch result, retrying individually (attempt 3/3)
2026-07-01 21:38:07 ERROR   yfinance  $FWAC: possibly delisted; no price data found  (period=2y) (Yahoo error = "No data found, symbol may be delisted")
2026-07-01 21:38:07 ERROR   sepa.ingest  ingest FWAC: no price data after 3 retries — ticker will be stale
2026-07-01 21:38:07 INFO    sepa.ingest  prices new-ticker batch 21: loaded=22 skipped=2026 failed=17
2026-07-01 21:38:11 INFO    sepa.ingest  prices incr batch 22 (start=2026-06-13): loaded=22 skipped=2036 failed=17
2026-07-01 21:38:16 INFO    sepa.ingest  prices incr batch 23 (start=2026-06-16): loaded=25 skipped=2063 failed=17
2026-07-01 21:38:21 INFO    sepa.ingest  prices incr batch 24 (start=2026-06-17): loaded=25 skipped=2074 failed=17
2026-07-01 21:38:24 INFO    sepa.ingest  prices incr batch 25 (start=2026-06-18): loaded=25 skipped=2080 failed=17
2026-07-01 21:38:28 INFO    sepa.ingest  prices incr batch 26 (start=2026-06-19): loaded=25 skipped=2091 failed=17
2026-07-01 21:38:32 INFO    sepa.ingest  prices incr batch 27 (start=2026-06-23): loaded=25 skipped=2099 failed=17
2026-07-01 21:38:37 INFO    sepa.ingest  prices incr batch 28 (start=2026-06-24): loaded=28 skipped=2110 failed=17
2026-07-01 21:38:41 INFO    sepa.ingest  prices incr batch 29 (start=2026-06-25): loaded=29 skipped=2121 failed=17
2026-07-01 21:38:45 INFO    sepa.ingest  prices incr batch 30 (start=2026-06-26): loaded=30 skipped=2128 failed=17
2026-07-01 21:38:49 ERROR   yfinance  $WHK: possibly delisted; no price data found  (1d 2026-06-27 -> 2026-07-01)
2026-07-01 21:38:50 ERROR   yfinance  
1 Failed download:
2026-07-01 21:38:50 ERROR   yfinance  ['WHK']: possibly delisted; no price data found  (1d 2026-06-27 -> 2026-07-01)
2026-07-01 21:38:50 WARNING sepa.ingest  ingest WHK: missing from batch result, retrying individually (attempt 1/3)
2026-07-01 21:38:50 ERROR   yfinance  $WHK: possibly delisted; no price data found  (1d 2026-06-27 -> 2026-07-01)
2026-07-01 21:38:55 WARNING sepa.ingest  ingest WHK: missing from batch result, retrying individually (attempt 2/3)
2026-07-01 21:38:55 ERROR   yfinance  $WHK: possibly delisted; no price data found  (1d 2026-06-27 -> 2026-07-01)
2026-07-01 21:39:00 WARNING sepa.ingest  ingest WHK: missing from batch result, retrying individually (attempt 3/3)
2026-07-01 21:39:00 ERROR   yfinance  $WHK: possibly delisted; no price data found  (1d 2026-06-27 -> 2026-07-01)
2026-07-01 21:39:00 ERROR   sepa.ingest  ingest WHK: no price data after 3 retries — ticker will be stale
2026-07-01 21:39:00 INFO    sepa.ingest  prices incr batch 31 (start=2026-06-27): loaded=37 skipped=2139 failed=18
2026-07-01 21:39:08 ERROR   yfinance  $CRWD: possibly delisted; no price data found  (1d 2026-06-30 -> 2026-07-01)
2026-07-01 21:39:15 ERROR   yfinance  
1 Failed download:
2026-07-01 21:39:15 ERROR   yfinance  ['CRWD']: possibly delisted; no price data found  (1d 2026-06-30 -> 2026-07-01)
2026-07-01 21:39:15 WARNING sepa.ingest  ingest CRWD: missing from batch result, retrying individually (attempt 1/3)
2026-07-01 21:39:15 ERROR   yfinance  $CRWD: possibly delisted; no price data found  (1d 2026-06-30 -> 2026-07-01)
2026-07-01 21:39:20 WARNING sepa.ingest  ingest CRWD: missing from batch result, retrying individually (attempt 2/3)
2026-07-01 21:39:20 ERROR   yfinance  $CRWD: possibly delisted; no price data found  (1d 2026-06-30 -> 2026-07-01)
2026-07-01 21:39:25 WARNING sepa.ingest  ingest CRWD: missing from batch result, retrying individually (attempt 3/3)
2026-07-01 21:39:25 ERROR   yfinance  $CRWD: possibly delisted; no price data found  (1d 2026-06-30 -> 2026-07-01)
2026-07-01 21:39:25 ERROR   sepa.ingest  ingest CRWD: no price data after 3 retries — ticker will be stale
2026-07-01 21:39:25 INFO    sepa.ingest  prices incr batch 32 (start=2026-06-30): loaded=136 skipped=2139 failed=19
2026-07-01 21:39:40 INFO    sepa.ingest  prices incr batch 33 (start=2026-06-30): loaded=236 skipped=2139 failed=19
2026-07-01 21:39:58 INFO    sepa.ingest  prices incr batch 34 (start=2026-06-30): loaded=336 skipped=2139 failed=19
2026-07-01 21:40:13 INFO    sepa.ingest  prices incr batch 35 (start=2026-06-30): loaded=436 skipped=2139 failed=19
2026-07-01 21:40:27 INFO    sepa.ingest  prices incr batch 36 (start=2026-06-30): loaded=536 skipped=2139 failed=19
2026-07-01 21:40:41 INFO    sepa.ingest  prices incr batch 37 (start=2026-06-30): loaded=635 skipped=2140 failed=19
2026-07-01 21:40:54 INFO    sepa.ingest  prices incr batch 38 (start=2026-06-30): loaded=735 skipped=2140 failed=19
2026-07-01 21:41:08 INFO    sepa.ingest  prices incr batch 39 (start=2026-06-30): loaded=835 skipped=2140 failed=19
2026-07-01 21:41:21 INFO    sepa.ingest  prices incr batch 40 (start=2026-06-30): loaded=934 skipped=2141 failed=19
2026-07-01 21:41:35 INFO    sepa.ingest  prices incr batch 41 (start=2026-06-30): loaded=1034 skipped=2141 failed=19
2026-07-01 21:41:40 ERROR   yfinance  $JHG: possibly delisted; no price data found  (1d 2026-06-30 -> 2026-07-01)
2026-07-01 21:41:48 ERROR   yfinance  
1 Failed download:
2026-07-01 21:41:48 ERROR   yfinance  ['JHG']: possibly delisted; no price data found  (1d 2026-06-30 -> 2026-07-01)
2026-07-01 21:41:48 WARNING sepa.ingest  ingest JHG: missing from batch result, retrying individually (attempt 1/3)
2026-07-01 21:41:48 ERROR   yfinance  $JHG: possibly delisted; no price data found  (1d 2026-06-30 -> 2026-07-01)
2026-07-01 21:41:53 WARNING sepa.ingest  ingest JHG: missing from batch result, retrying individually (attempt 2/3)
2026-07-01 21:41:53 ERROR   yfinance  $JHG: possibly delisted; no price data found  (1d 2026-06-30 -> 2026-07-01)
2026-07-01 21:41:58 WARNING sepa.ingest  ingest JHG: missing from batch result, retrying individually (attempt 3/3)
2026-07-01 21:41:58 ERROR   yfinance  $JHG: possibly delisted; no price data found  (1d 2026-06-30 -> 2026-07-01)
2026-07-01 21:41:58 ERROR   sepa.ingest  ingest JHG: no price data after 3 retries — ticker will be stale
2026-07-01 21:41:58 INFO    sepa.ingest  prices incr batch 42 (start=2026-06-30): loaded=1133 skipped=2141 failed=20
2026-07-01 21:42:12 INFO    sepa.ingest  prices incr batch 43 (start=2026-06-30): loaded=1232 skipped=2142 failed=20
2026-07-01 21:42:24 INFO    sepa.ingest  prices incr batch 44 (start=2026-06-30): loaded=1332 skipped=2142 failed=20
2026-07-01 21:42:38 INFO    sepa.ingest  prices incr batch 45 (start=2026-06-30): loaded=1432 skipped=2142 failed=20
2026-07-01 21:42:52 INFO    sepa.ingest  prices incr batch 46 (start=2026-06-30): loaded=1532 skipped=2142 failed=20
2026-07-01 21:43:04 INFO    sepa.ingest  prices incr batch 47 (start=2026-06-30): loaded=1632 skipped=2142 failed=20
2026-07-01 21:43:18 INFO    sepa.ingest  prices incr batch 48 (start=2026-06-30): loaded=1732 skipped=2142 failed=20
2026-07-01 21:43:32 INFO    sepa.ingest  prices incr batch 49 (start=2026-06-30): loaded=1832 skipped=2142 failed=20
2026-07-01 21:43:44 INFO    sepa.ingest  prices incr batch 50 (start=2026-06-30): loaded=1932 skipped=2142 failed=20
2026-07-01 21:43:48 ERROR   yfinance  $SEM: possibly delisted; no price data found  (1d 2026-06-30 -> 2026-07-01)
2026-07-01 21:43:48 ERROR   yfinance  $STEL: possibly delisted; no price data found  (1d 2026-06-30 -> 2026-07-01)
2026-07-01 21:43:56 ERROR   yfinance  
2 Failed downloads:
2026-07-01 21:43:56 ERROR   yfinance  ['SEM', 'STEL']: possibly delisted; no price data found  (1d 2026-06-30 -> 2026-07-01)
2026-07-01 21:43:56 WARNING sepa.ingest  ingest SEM: missing from batch result, retrying individually (attempt 1/3)
2026-07-01 21:43:56 ERROR   yfinance  $SEM: possibly delisted; no price data found  (1d 2026-06-30 -> 2026-07-01)
2026-07-01 21:44:01 WARNING sepa.ingest  ingest SEM: missing from batch result, retrying individually (attempt 2/3)
2026-07-01 21:44:01 ERROR   yfinance  $SEM: possibly delisted; no price data found  (1d 2026-06-30 -> 2026-07-01)
2026-07-01 21:44:06 WARNING sepa.ingest  ingest SEM: missing from batch result, retrying individually (attempt 3/3)
2026-07-01 21:44:06 ERROR   yfinance  $SEM: possibly delisted; no price data found  (1d 2026-06-30 -> 2026-07-01)
2026-07-01 21:44:06 ERROR   sepa.ingest  ingest SEM: no price data after 3 retries — ticker will be stale
2026-07-01 21:44:06 WARNING sepa.ingest  ingest STEL: missing from batch result, retrying individually (attempt 1/3)
2026-07-01 21:44:07 ERROR   yfinance  $STEL: possibly delisted; no price data found  (1d 2026-06-30 -> 2026-07-01)
2026-07-01 21:44:12 WARNING sepa.ingest  ingest STEL: missing from batch result, retrying individually (attempt 2/3)
2026-07-01 21:44:12 ERROR   yfinance  $STEL: possibly delisted; no price data found  (1d 2026-06-30 -> 2026-07-01)
2026-07-01 21:44:17 WARNING sepa.ingest  ingest STEL: missing from batch result, retrying individually (attempt 3/3)
2026-07-01 21:44:17 ERROR   yfinance  $STEL: possibly delisted; no price data found  (1d 2026-06-30 -> 2026-07-01)
2026-07-01 21:44:17 ERROR   sepa.ingest  ingest STEL: no price data after 3 retries — ticker will be stale
2026-07-01 21:44:17 INFO    sepa.ingest  prices incr batch 51 (start=2026-06-30): loaded=2030 skipped=2142 failed=22
2026-07-01 21:44:29 INFO    sepa.ingest  prices incr batch 52 (start=2026-06-30): loaded=2129 skipped=2143 failed=22
2026-07-01 21:44:41 INFO    sepa.ingest  prices incr batch 53 (start=2026-06-30): loaded=2228 skipped=2144 failed=22
2026-07-01 21:44:53 INFO    sepa.ingest  prices incr batch 54 (start=2026-06-30): loaded=2328 skipped=2144 failed=22
2026-07-01 21:45:06 INFO    sepa.ingest  prices incr batch 55 (start=2026-06-30): loaded=2427 skipped=2145 failed=22
2026-07-01 21:45:19 INFO    sepa.ingest  prices incr batch 56 (start=2026-06-30): loaded=2527 skipped=2145 failed=22
2026-07-01 21:45:32 INFO    sepa.ingest  prices incr batch 57 (start=2026-06-30): loaded=2626 skipped=2146 failed=22
2026-07-01 21:45:44 INFO    sepa.ingest  prices incr batch 58 (start=2026-06-30): loaded=2722 skipped=2150 failed=22
2026-07-01 21:45:52 ERROR   yfinance  $SSSS: possibly delisted; no price data found  (1d 2026-06-30 -> 2026-07-01)
2026-07-01 21:45:56 ERROR   yfinance  
1 Failed download:
2026-07-01 21:45:56 ERROR   yfinance  ['SSSS']: possibly delisted; no price data found  (1d 2026-06-30 -> 2026-07-01)
2026-07-01 21:45:56 WARNING sepa.ingest  ingest SSSS: missing from batch result, retrying individually (attempt 1/3)
2026-07-01 21:45:57 ERROR   yfinance  $SSSS: possibly delisted; no price data found  (1d 2026-06-30 -> 2026-07-01)
2026-07-01 21:46:02 WARNING sepa.ingest  ingest SSSS: missing from batch result, retrying individually (attempt 2/3)
2026-07-01 21:46:02 ERROR   yfinance  $SSSS: possibly delisted; no price data found  (1d 2026-06-30 -> 2026-07-01)
2026-07-01 21:46:07 WARNING sepa.ingest  ingest SSSS: missing from batch result, retrying individually (attempt 3/3)
2026-07-01 21:46:07 ERROR   yfinance  $SSSS: possibly delisted; no price data found  (1d 2026-06-30 -> 2026-07-01)
2026-07-01 21:46:07 ERROR   sepa.ingest  ingest SSSS: no price data after 3 retries — ticker will be stale
2026-07-01 21:46:07 INFO    sepa.ingest  prices incr batch 59 (start=2026-06-30): loaded=2813 skipped=2158 failed=23
2026-07-01 21:46:10 INFO    sepa.ingest  prices incr batch 60 (start=2026-06-30): loaded=2816 skipped=2158 failed=23
2026-07-01 21:46:13 ERROR   yfinance  $PLBC: possibly delisted; no price data found  (1d 2026-07-01 -> 2026-07-01)
2026-07-01 21:46:13 ERROR   yfinance  $BACC: possibly delisted; no price data found  (1d 2026-07-01 -> 2026-07-01)
2026-07-01 21:46:13 ERROR   yfinance  $EVCM: possibly delisted; no price data found  (1d 2026-07-01 -> 2026-07-01)
2026-07-01 21:46:13 ERROR   yfinance  
3 Failed downloads:
2026-07-01 21:46:13 ERROR   yfinance  ['PLBC', 'BACC', 'EVCM']: possibly delisted; no price data found  (1d 2026-07-01 -> 2026-07-01)
2026-07-01 21:46:13 WARNING sepa.ingest  ingest EVCM: missing from batch result, retrying individually (attempt 1/3)
2026-07-01 21:46:13 ERROR   yfinance  $EVCM: possibly delisted; no price data found  (1d 2026-07-01 -> 2026-07-01)
2026-07-01 21:46:18 WARNING sepa.ingest  ingest EVCM: missing from batch result, retrying individually (attempt 2/3)
2026-07-01 21:46:18 ERROR   yfinance  $EVCM: possibly delisted; no price data found  (1d 2026-07-01 -> 2026-07-01)
2026-07-01 21:46:23 WARNING sepa.ingest  ingest EVCM: missing from batch result, retrying individually (attempt 3/3)
2026-07-01 21:46:23 ERROR   yfinance  $EVCM: possibly delisted; no price data found  (1d 2026-07-01 -> 2026-07-01)
2026-07-01 21:46:23 ERROR   sepa.ingest  ingest EVCM: no price data after 3 retries — ticker will be stale
2026-07-01 21:46:23 WARNING sepa.ingest  ingest PLBC: missing from batch result, retrying individually (attempt 1/3)
2026-07-01 21:46:23 ERROR   yfinance  $PLBC: possibly delisted; no price data found  (1d 2026-07-01 -> 2026-07-01)
2026-07-01 21:46:28 WARNING sepa.ingest  ingest PLBC: missing from batch result, retrying individually (attempt 2/3)
2026-07-01 21:46:28 ERROR   yfinance  $PLBC: possibly delisted; no price data found  (1d 2026-07-01 -> 2026-07-01)
2026-07-01 21:46:33 WARNING sepa.ingest  ingest PLBC: missing from batch result, retrying individually (attempt 3/3)
2026-07-01 21:46:33 ERROR   yfinance  $PLBC: possibly delisted; no price data found  (1d 2026-07-01 -> 2026-07-01)
2026-07-01 21:46:33 ERROR   sepa.ingest  ingest PLBC: no price data after 3 retries — ticker will be stale
2026-07-01 21:46:33 WARNING sepa.ingest  ingest BACC: missing from batch result, retrying individually (attempt 1/3)
2026-07-01 21:46:33 ERROR   yfinance  $BACC: possibly delisted; no price data found  (1d 2026-07-01 -> 2026-07-01)
2026-07-01 21:46:38 WARNING sepa.ingest  ingest BACC: missing from batch result, retrying individually (attempt 2/3)
2026-07-01 21:46:38 ERROR   yfinance  $BACC: possibly delisted; no price data found  (1d 2026-07-01 -> 2026-07-01)
2026-07-01 21:46:43 WARNING sepa.ingest  ingest BACC: missing from batch result, retrying individually (attempt 3/3)
2026-07-01 21:46:43 ERROR   yfinance  $BACC: possibly delisted; no price data found  (1d 2026-07-01 -> 2026-07-01)
2026-07-01 21:46:43 ERROR   sepa.ingest  ingest BACC: no price data after 3 retries — ticker will be stale
2026-07-01 21:46:43 INFO    sepa.ingest  prices incr batch 61 (start=2026-07-01): loaded=2816 skipped=2158 failed=26
2026-07-01 21:46:46 INFO    sepa.ingest  prices total: loaded=2816 skipped=2158 failed=26
2026-07-01 21:46:47 WARNING sepa.ingest  STALE PRICE DATA: AIOS last updated 2026-06-17 — may produce missed signals
2026-07-01 21:46:47 WARNING sepa.ingest  STALE PRICE DATA: AMEGF last updated never — may produce missed signals
2026-07-01 21:46:47 WARNING sepa.ingest  STALE PRICE DATA: AMSS last updated never — may produce missed signals
2026-07-01 21:46:47 WARNING sepa.ingest  STALE PRICE DATA: ARSMF last updated never — may produce missed signals
2026-07-01 21:46:47 WARNING sepa.ingest  STALE PRICE DATA: ASRT last updated 2026-06-15 — may produce missed signals
2026-07-01 21:46:47 WARNING sepa.ingest  STALE PRICE DATA: ASTC last updated 2026-06-18 — may produce missed signals
2026-07-01 21:46:47 WARNING sepa.ingest  STALE PRICE DATA: ATAC last updated never — may produce missed signals
2026-07-01 21:46:47 WARNING sepa.ingest  STALE PRICE DATA: BEAT last updated never — may produce missed signals
2026-07-01 21:46:47 WARNING sepa.ingest  STALE PRICE DATA: BIOT last updated never — may produce missed signals
2026-07-01 21:46:47 WARNING sepa.ingest  STALE PRICE DATA: BREZ last updated never — may produce missed signals
2026-07-01 21:46:47 WARNING sepa.ingest  STALE PRICE DATA: CGCT last updated 2026-06-05 — may produce missed signals
2026-07-01 21:46:47 WARNING sepa.ingest  STALE PRICE DATA: CPOP last updated never — may produce missed signals
2026-07-01 21:46:47 WARNING sepa.ingest  STALE PRICE DATA: CRMT last updated never — may produce missed signals
2026-07-01 21:46:47 WARNING sepa.ingest  STALE PRICE DATA: CRSF last updated never — may produce missed signals
2026-07-01 21:46:47 WARNING sepa.ingest  STALE PRICE DATA: DCX last updated never — may produce missed signals
2026-07-01 21:46:47 WARNING sepa.ingest  STALE PRICE DATA: ESLA last updated never — may produce missed signals
2026-07-01 21:46:47 WARNING sepa.ingest  STALE PRICE DATA: EYUBY last updated never — may produce missed signals
2026-07-01 21:46:47 WARNING sepa.ingest  STALE PRICE DATA: FNGR last updated never — may produce missed signals
2026-07-01 21:46:47 WARNING sepa.ingest  STALE PRICE DATA: FUEMF last updated never — may produce missed signals
2026-07-01 21:46:47 WARNING sepa.ingest  STALE PRICE DATA: GDSRF last updated never — may produce missed signals
2026-07-01 21:46:47 WARNING sepa.ingest  STALE PRICE DATA: GLXZ last updated never — may produce missed signals
2026-07-01 21:46:47 WARNING sepa.ingest  STALE PRICE DATA: GNS last updated never — may produce missed signals
2026-07-01 21:46:47 WARNING sepa.ingest  STALE PRICE DATA: GNTA last updated never — may produce missed signals
2026-07-01 21:46:47 WARNING sepa.ingest  STALE PRICE DATA: HLEO last updated never — may produce missed signals
2026-07-01 21:46:47 WARNING sepa.ingest  STALE PRICE DATA: HSPT last updated never — may produce missed signals
2026-07-01 21:46:47 WARNING sepa.ingest  STALE PRICE DATA: HTCO last updated never — may produce missed signals
2026-07-01 21:46:47 WARNING sepa.ingest  STALE PRICE DATA: ICG last updated never — may produce missed signals
2026-07-01 21:46:47 WARNING sepa.ingest  STALE PRICE DATA: INLF last updated never — may produce missed signals
2026-07-01 21:46:47 WARNING sepa.ingest  STALE PRICE DATA: IXAQF last updated never — may produce missed signals
2026-07-01 21:46:47 WARNING sepa.ingest  STALE PRICE DATA: JMG last updated never — may produce missed signals
2026-07-01 21:46:47 WARNING sepa.ingest  STALE PRICE DATA: KALV last updated 2026-06-12 — may produce missed signals
2026-07-01 21:46:47 WARNING sepa.ingest  STALE PRICE DATA: KW last updated 2026-06-15 — may produce missed signals
2026-07-01 21:46:47 WARNING sepa.ingest  STALE PRICE DATA: LEGT last updated never — may produce missed signals
2026-07-01 21:46:47 WARNING sepa.ingest  STALE PRICE DATA: LOOP last updated never — may produce missed signals
2026-07-01 21:46:47 WARNING sepa.ingest  STALE PRICE DATA: MASI last updated 2026-06-12 — may produce missed signals
2026-07-01 21:46:47 WARNING sepa.ingest  STALE PRICE DATA: MATH last updated never — may produce missed signals
2026-07-01 21:46:47 WARNING sepa.ingest  STALE PRICE DATA: MGX last updated never — may produce missed signals
2026-07-01 21:46:47 WARNING sepa.ingest  STALE PRICE DATA: MHUBF last updated never — may produce missed signals
2026-07-01 21:46:47 WARNING sepa.ingest  STALE PRICE DATA: MIND last updated never — may produce missed signals
2026-07-01 21:46:47 WARNING sepa.ingest  STALE PRICE DATA: MLAC last updated never — may produce missed signals
2026-07-01 21:46:47 WARNING sepa.ingest  STALE PRICE DATA: NA last updated never — may produce missed signals
2026-07-01 21:46:47 WARNING sepa.ingest  STALE PRICE DATA: NCI last updated 2026-06-17 — may produce missed signals
2026-07-01 21:46:47 WARNING sepa.ingest  STALE PRICE DATA: NTCL last updated never — may produce missed signals
2026-07-01 21:46:47 WARNING sepa.ingest  STALE PRICE DATA: OPTN last updated never — may produce missed signals
2026-07-01 21:46:47 WARNING sepa.ingest  STALE PRICE DATA: PBK last updated never — may produce missed signals
2026-07-01 21:46:47 WARNING sepa.ingest  STALE PRICE DATA: PLNH last updated never — may produce missed signals
2026-07-01 21:46:47 WARNING sepa.ingest  STALE PRICE DATA: PLUT last updated never — may produce missed signals
2026-07-01 21:46:47 WARNING sepa.ingest  STALE PRICE DATA: PPSI last updated never — may produce missed signals
2026-07-01 21:46:47 WARNING sepa.ingest  STALE PRICE DATA: PXS last updated never — may produce missed signals
2026-07-01 21:46:47 WARNING sepa.ingest  STALE PRICE DATA: QUCY last updated never — may produce missed signals
2026-07-01 21:46:47 WARNING sepa.ingest  STALE PRICE DATA: RCON last updated never — may produce missed signals
2026-07-01 21:46:47 WARNING sepa.ingest  STALE PRICE DATA: RUPRF last updated never — may produce missed signals
2026-07-01 21:46:47 WARNING sepa.ingest  STALE PRICE DATA: SACH last updated never — may produce missed signals
2026-07-01 21:46:47 WARNING sepa.ingest  STALE PRICE DATA: SCAG last updated never — may produce missed signals
2026-07-01 21:46:47 WARNING sepa.ingest  STALE PRICE DATA: SCVL last updated 2026-06-18 — may produce missed signals
2026-07-01 21:46:47 WARNING sepa.ingest  STALE PRICE DATA: SENEB last updated never — may produce missed signals
2026-07-01 21:46:47 WARNING sepa.ingest  STALE PRICE DATA: SJ last updated never — may produce missed signals
2026-07-01 21:46:47 WARNING sepa.ingest  STALE PRICE DATA: SKBL last updated never — may produce missed signals
2026-07-01 21:46:47 WARNING sepa.ingest  STALE PRICE DATA: STKE last updated never — may produce missed signals
2026-07-01 21:46:47 WARNING sepa.ingest  STALE PRICE DATA: TCGL last updated 2026-06-12 — may produce missed signals
2026-07-01 21:46:47 WARNING sepa.ingest  STALE PRICE DATA: TCNNF last updated 2026-06-19 — may produce missed signals
2026-07-01 21:46:47 WARNING sepa.ingest  STALE PRICE DATA: TIHRF last updated never — may produce missed signals
2026-07-01 21:46:47 WARNING sepa.ingest  STALE PRICE DATA: TINFF last updated never — may produce missed signals
2026-07-01 21:46:47 WARNING sepa.ingest  STALE PRICE DATA: TJGC last updated never — may produce missed signals
2026-07-01 21:46:47 WARNING sepa.ingest  STALE PRICE DATA: TKRFF last updated never — may produce missed signals
2026-07-01 21:46:47 WARNING sepa.ingest  STALE PRICE DATA: TRGEF last updated never — may produce missed signals
2026-07-01 21:46:47 WARNING sepa.ingest  STALE PRICE DATA: TVGN last updated 2026-06-15 — may produce missed signals
2026-07-01 21:46:47 WARNING sepa.ingest  STALE PRICE DATA: USEG last updated never — may produce missed signals
2026-07-01 21:46:47 WARNING sepa.ingest  STALE PRICE DATA: VACH last updated never — may produce missed signals
2026-07-01 21:46:47 WARNING sepa.ingest  STALE PRICE DATA: XOS last updated never — may produce missed signals
2026-07-01 21:46:47 WARNING sepa.ingest  STALE PRICE DATA: ZDGE last updated never — may produce missed signals
2026-07-01 21:46:48 INFO    sepa.ingest  fundamentals: 0/5000 done
2026-07-01 21:48:15 INFO    sepa.ingest  fundamentals: 100/5000 done
2026-07-01 21:49:12 WARNING sepa.ingest  MNST: sales all-zero despite eps data present — possible EDGAR date mismatch
2026-07-01 21:49:41 INFO    sepa.ingest  fundamentals: 200/5000 done
2026-07-01 21:50:48 WARNING sepa.ingest  TFC: sales all-zero despite eps data present — possible EDGAR date mismatch
2026-07-01 21:51:04 INFO    sepa.ingest  fundamentals: 300/5000 done
2026-07-01 21:51:30 WARNING sepa.ingest  XEL: sales all-zero despite eps data present — possible EDGAR date mismatch
2026-07-01 21:52:14 WARNING sepa.ingest  RVMD: sales all-zero despite eps data present — possible EDGAR date mismatch
2026-07-01 21:52:25 INFO    sepa.ingest  fundamentals: 400/5000 done
2026-07-01 21:52:40 WARNING sepa.ingest  HSY: sales all-zero despite eps data present — possible EDGAR date mismatch
2026-07-01 21:52:45 WARNING sepa.ingest  WAT revenue date fuzzy matched 2025-03-31 → 2025-03-29 (2 day delta)
2026-07-01 21:52:45 WARNING sepa.ingest  WAT net_income date fuzzy matched 2025-03-31 → 2025-03-29 (2 day delta)
2026-07-01 21:52:45 WARNING sepa.ingest  WAT equity date fuzzy matched 2025-03-31 → 2025-03-29 (2 day delta)
2026-07-01 21:52:45 WARNING sepa.ingest  WAT net_income date fuzzy matched 2025-06-30 → 2025-06-28 (2 day delta)
2026-07-01 21:52:45 WARNING sepa.ingest  WAT equity date fuzzy matched 2025-06-30 → 2025-06-28 (2 day delta)
2026-07-01 21:52:45 WARNING sepa.ingest  WAT net_income date fuzzy matched 2025-09-30 → 2025-09-27 (3 day delta)
2026-07-01 21:52:45 WARNING sepa.ingest  WAT equity date fuzzy matched 2025-09-30 → 2025-09-27 (3 day delta)
2026-07-01 21:53:12 WARNING sepa.ingest  DTE: sales all-zero despite eps data present — possible EDGAR date mismatch
2026-07-01 21:53:47 INFO    sepa.ingest  fundamentals: 500/5000 done
2026-07-01 21:54:16 WARNING sepa.ingest  EQR: sales all-zero despite eps data present — possible EDGAR date mismatch
2026-07-01 21:54:17 WARNING sepa.ingest  SYF: sales all-zero despite eps data present — possible EDGAR date mismatch
2026-07-01 21:54:26 WARNING sepa.ingest  RF: sales all-zero despite eps data present — possible EDGAR date mismatch
2026-07-01 21:55:14 INFO    sepa.ingest  fundamentals: 600/5000 done
2026-07-01 21:55:15 WARNING sepa.ingest  FWONA: sales all-zero despite eps data present — possible EDGAR date mismatch
2026-07-01 21:56:21 WARNING sepa.ingest  EWBC: sales all-zero despite eps data present — possible EDGAR date mismatch
2026-07-01 21:56:34 WARNING sepa.ingest  NLY: sales all-zero despite eps data present — possible EDGAR date mismatch
2026-07-01 21:56:36 INFO    sepa.ingest  fundamentals: 700/5000 done
2026-07-01 21:57:16 WARNING sepa.ingest  CFNB: sales all-zero despite eps data present — possible EDGAR date mismatch
2026-07-01 21:57:17 WARNING sepa.ingest  PNFP: sales all-zero despite eps data present — possible EDGAR date mismatch
2026-07-01 21:57:59 WARNING sepa.ingest  AMH: sales all-zero despite eps data present — possible EDGAR date mismatch
2026-07-01 21:58:00 WARNING sepa.ingest  WMG: sales all-zero despite eps data present — possible EDGAR date mismatch
2026-07-01 21:58:00 INFO    sepa.ingest  fundamentals: 800/5000 done
2026-07-01 21:58:20 WARNING sepa.ingest  ARCC: sales all-zero despite eps data present — possible EDGAR date mismatch
2026-07-01 21:58:58 WARNING sepa.ingest  AGNC: sales all-zero despite eps data present — possible EDGAR date mismatch
2026-07-01 21:59:28 INFO    sepa.ingest  fundamentals: 900/5000 done
2026-07-01 21:59:42 WARNING sepa.ingest  APA: sales all-zero despite eps data present — possible EDGAR date mismatch
2026-07-01 22:00:03 WARNING sepa.ingest  SMMT: sales all-zero despite eps data present — possible EDGAR date mismatch
2026-07-01 22:00:18 WARNING sepa.ingest  UMBF: sales all-zero despite eps data present — possible EDGAR date mismatch
