2026-06-23 17:30:02 INFO    sepa  log file: C:\Users\lathe\sepa-signals\data\logs\2026-06-23\17-30-02-intraday\sepa.log
2026-06-23 17:30:02 INFO    sepa.intraday  intraday scan: 704 tickers in ['Buy Alert', 'Momentum', 'Potential Buy', 'Watch']
2026-06-23 17:30:04 INFO    sepa.intraday  intraday alert MU: close=1085.56 pivot=1079.57 vol_ratio=1.36
2026-06-23 17:30:04 ERROR   yfinance  $AMD: possibly delisted; no price data found  (period=1d)
2026-06-23 17:30:04 ERROR   yfinance  
1 Failed download:
2026-06-23 17:30:04 ERROR   yfinance  ['AMD']: possibly delisted; no price data found  (period=1d)
2026-06-23 17:30:10 INFO    sepa.intraday  intraday alert CRDO: close=271.26 pivot=264.76 vol_ratio=1.42
2026-06-23 17:30:17 ERROR   yfinance  $GH: possibly delisted; no price data found  (period=1d)
2026-06-23 17:30:17 ERROR   yfinance  
1 Failed download:
2026-06-23 17:30:17 ERROR   yfinance  ['GH']: possibly delisted; no price data found  (period=1d)
2026-06-23 17:30:19 INFO    sepa.intraday  intraday alert VICR: close=340.87 pivot=331.18 vol_ratio=1.60
2026-06-23 17:30:35 ERROR   yfinance  $VECO: possibly delisted; no price data found  (period=1d)
2026-06-23 17:30:35 ERROR   yfinance  
1 Failed download:
2026-06-23 17:30:35 ERROR   yfinance  ['VECO']: possibly delisted; no price data found  (period=1d)
2026-06-23 17:30:41 INFO    sepa.intraday  intraday alert PENG: close=69.31 pivot=67.15 vol_ratio=2.37
2026-06-23 17:30:42 INFO    sepa.intraday  intraday alert KYIV: close=14.44 pivot=14.16 vol_ratio=1.40
2026-06-23 17:30:43 ERROR   yfinance  $ARQT: possibly delisted; no price data found  (period=1d)
2026-06-23 17:30:43 ERROR   yfinance  
1 Failed download:
2026-06-23 17:30:43 ERROR   yfinance  ['ARQT']: possibly delisted; no price data found  (period=1d)
2026-06-23 17:30:44 INFO    sepa.intraday  intraday alert BEAM: close=33.39 pivot=32.84 vol_ratio=1.98
2026-06-23 17:30:50 INFO    sepa.intraday  intraday alert OUST: close=47.02 pivot=46.05 vol_ratio=1.31
2026-06-23 17:30:53 ERROR   yfinance  $MBX: possibly delisted; no price data found  (period=1d)
2026-06-23 17:30:53 ERROR   yfinance  
1 Failed download:
2026-06-23 17:30:53 ERROR   yfinance  ['MBX']: possibly delisted; no price data found  (period=1d)
2026-06-23 17:30:54 ERROR   yfinance  $LWLG: possibly delisted; no price data found  (period=1d)
2026-06-23 17:30:54 ERROR   yfinance  
1 Failed download:
2026-06-23 17:30:54 ERROR   yfinance  ['LWLG']: possibly delisted; no price data found  (period=1d)
2026-06-23 17:31:04 ERROR   yfinance  $STRZ: possibly delisted; no price data found  (period=1d)
2026-06-23 17:31:04 ERROR   yfinance  
1 Failed download:
2026-06-23 17:31:04 ERROR   yfinance  ['STRZ']: possibly delisted; no price data found  (period=1d)
2026-06-23 17:31:14 ERROR   yfinance  $KALV: possibly delisted; no price data found  (period=1d)
2026-06-23 17:31:14 ERROR   yfinance  
1 Failed download:
2026-06-23 17:31:14 ERROR   yfinance  ['KALV']: possibly delisted; no price data found  (period=1d)
2026-06-23 17:31:20 INFO    sepa.intraday  intraday alert SUPV: close=10.24 pivot=10.07 vol_ratio=2.29
2026-06-23 17:31:20 ERROR   yfinance  $TCNNF: possibly delisted; no price data found  (period=1d)
2026-06-23 17:31:20 ERROR   yfinance  
1 Failed download:
2026-06-23 17:31:20 ERROR   yfinance  ['TCNNF']: possibly delisted; no price data found  (period=1d)
2026-06-23 17:31:20 ERROR   yfinance  $CURLF: possibly delisted; no price data found  (period=1d)
2026-06-23 17:31:20 ERROR   yfinance  
1 Failed download:
2026-06-23 17:31:20 ERROR   yfinance  ['CURLF']: possibly delisted; no price data found  (period=1d)
2026-06-23 17:31:21 INFO    sepa.intraday  intraday complete: 8 alerts sent
