2026-06-21 21:30:00 INFO    sepa  log file: C:\Users\lathe\sepa-signals\data\logs\2026-06-21\21-30-00-ingest\sepa.log
2026-06-21 21:30:01 INFO    sepa.ingest  universe: 5000 US tickers (after ETF/shell filter)
2026-06-21 21:30:06 ERROR   yfinance  $CONE: possibly delisted; no price data found  (period=2y) (Yahoo error = "No data found, symbol may be delisted")
2026-06-21 21:30:15 ERROR   yfinance  
1 Failed download:
2026-06-21 21:30:15 ERROR   yfinance  ['CONE']: possibly delisted; no price data found  (period=2y) (Yahoo error = "No data found, symbol may be delisted")
2026-06-21 21:30:15 INFO    sepa.ingest  prices new-ticker batch 1: loaded=0 skipped=100 failed=0
2026-06-21 21:30:21 ERROR   yfinance  $AYR: possibly delisted; no price data found  (period=2y) (Yahoo error = "No data found, symbol may be delisted")
2026-06-21 21:30:29 ERROR   yfinance  
1 Failed download:
2026-06-21 21:30:29 ERROR   yfinance  ['AYR']: possibly delisted; no price data found  (period=2y) (Yahoo error = "No data found, symbol may be delisted")
2026-06-21 21:30:29 INFO    sepa.ingest  prices new-ticker batch 2: loaded=1 skipped=199 failed=0
2026-06-21 21:30:41 INFO    sepa.ingest  prices new-ticker batch 3: loaded=1 skipped=299 failed=0
2026-06-21 21:30:49 ERROR   yfinance  $NANO: possibly delisted; no price data found  (period=2y) (Yahoo error = "No data found, symbol may be delisted")
2026-06-21 21:30:50 ERROR   yfinance  $OBOCY: possibly delisted; no price data found  (period=2y)
2026-06-21 21:30:54 ERROR   yfinance  
2 Failed downloads:
2026-06-21 21:30:54 ERROR   yfinance  ['NANO']: possibly delisted; no price data found  (period=2y) (Yahoo error = "No data found, symbol may be delisted")
2026-06-21 21:30:54 ERROR   yfinance  ['OBOCY']: possibly delisted; no price data found  (period=2y)
2026-06-21 21:30:54 INFO    sepa.ingest  prices new-ticker batch 4: loaded=1 skipped=399 failed=0
2026-06-21 21:31:07 INFO    sepa.ingest  prices new-ticker batch 5: loaded=1 skipped=499 failed=0
2026-06-21 21:31:20 ERROR   yfinance  $SEAH: possibly delisted; no price data found  (period=2y) (Yahoo error = "No data found, symbol may be delisted")
2026-06-21 21:31:20 ERROR   yfinance  
1 Failed download:
2026-06-21 21:31:20 ERROR   yfinance  ['SEAH']: possibly delisted; no price data found  (period=2y) (Yahoo error = "No data found, symbol may be delisted")
2026-06-21 21:31:20 INFO    sepa.ingest  prices new-ticker batch 6: loaded=1 skipped=599 failed=0
2026-06-21 21:31:33 INFO    sepa.ingest  prices new-ticker batch 7: loaded=1 skipped=699 failed=0
2026-06-21 21:31:45 INFO    sepa.ingest  prices new-ticker batch 8: loaded=1 skipped=799 failed=0
2026-06-21 21:31:57 ERROR   yfinance  $PTAC: possibly delisted; no price data found  (period=2y) (Yahoo error = "No data found, symbol may be delisted")
2026-06-21 21:31:58 ERROR   yfinance  
1 Failed download:
2026-06-21 21:31:58 ERROR   yfinance  ['PTAC']: possibly delisted; no price data found  (period=2y) (Yahoo error = "No data found, symbol may be delisted")
2026-06-21 21:31:58 INFO    sepa.ingest  prices new-ticker batch 9: loaded=1 skipped=899 failed=0
2026-06-21 21:32:08 ERROR   yfinance  $BIOT: possibly delisted; no price data found  (period=2y) (Yahoo error = "No data found, symbol may be delisted")
2026-06-21 21:32:11 ERROR   yfinance  
1 Failed download:
2026-06-21 21:32:11 ERROR   yfinance  ['BIOT']: possibly delisted; no price data found  (period=2y) (Yahoo error = "No data found, symbol may be delisted")
2026-06-21 21:32:11 INFO    sepa.ingest  prices new-ticker batch 10: loaded=1 skipped=999 failed=0
2026-06-21 21:32:23 INFO    sepa.ingest  prices new-ticker batch 11: loaded=1 skipped=1099 failed=0
2026-06-21 21:32:27 ERROR   yfinance  $BRKH: possibly delisted; no price data found  (period=2y) (Yahoo error = "No data found, symbol may be delisted")
2026-06-21 21:32:36 ERROR   yfinance  
1 Failed download:
2026-06-21 21:32:36 ERROR   yfinance  ['BRKH']: possibly delisted; no price data found  (period=2y) (Yahoo error = "No data found, symbol may be delisted")
2026-06-21 21:32:36 INFO    sepa.ingest  prices new-ticker batch 12: loaded=1 skipped=1199 failed=0
2026-06-21 21:32:49 INFO    sepa.ingest  prices new-ticker batch 13: loaded=1 skipped=1299 failed=0
2026-06-21 21:33:07 INFO    sepa.ingest  prices new-ticker batch 14: loaded=1 skipped=1399 failed=0
2026-06-21 21:33:11 ERROR   yfinance  $PHD: possibly delisted; no price data found  (period=2y)
2026-06-21 21:33:20 ERROR   yfinance  $JMG: possibly delisted; no price data found  (period=2y) (Yahoo error = "No data found, symbol may be delisted")
2026-06-21 21:33:20 ERROR   yfinance  
2 Failed downloads:
2026-06-21 21:33:20 ERROR   yfinance  ['PHD']: possibly delisted; no price data found  (period=2y)
2026-06-21 21:33:20 ERROR   yfinance  ['JMG']: possibly delisted; no price data found  (period=2y) (Yahoo error = "No data found, symbol may be delisted")
2026-06-21 21:33:20 INFO    sepa.ingest  prices new-ticker batch 15: loaded=1 skipped=1499 failed=0
2026-06-21 21:33:32 INFO    sepa.ingest  prices new-ticker batch 16: loaded=1 skipped=1599 failed=0
2026-06-21 21:33:44 ERROR   yfinance  $OPTN: possibly delisted; no price data found  (period=2y) (Yahoo error = "No data found, symbol may be delisted")
2026-06-21 21:33:45 ERROR   yfinance  
1 Failed download:
2026-06-21 21:33:45 ERROR   yfinance  ['OPTN']: possibly delisted; no price data found  (period=2y) (Yahoo error = "No data found, symbol may be delisted")
2026-06-21 21:33:46 INFO    sepa.ingest  prices new-ticker batch 17: loaded=1 skipped=1699 failed=0
2026-06-21 21:33:58 INFO    sepa.ingest  prices new-ticker batch 18: loaded=1 skipped=1799 failed=0
2026-06-21 21:34:10 INFO    sepa.ingest  prices new-ticker batch 19: loaded=1 skipped=1899 failed=0
2026-06-21 21:34:17 ERROR   yfinance  $PMVC: possibly delisted; no price data found  (period=2y) (Yahoo error = "No data found, symbol may be delisted")
2026-06-21 21:34:23 ERROR   yfinance  
1 Failed download:
2026-06-21 21:34:23 ERROR   yfinance  ['PMVC']: possibly delisted; no price data found  (period=2y) (Yahoo error = "No data found, symbol may be delisted")
2026-06-21 21:34:23 INFO    sepa.ingest  prices new-ticker batch 20: loaded=1 skipped=1999 failed=0
2026-06-21 21:34:38 ERROR   yfinance  $LVPA: possibly delisted; no price data found  (period=2y) (Yahoo error = "No data found, symbol may be delisted")
2026-06-21 21:34:45 ERROR   yfinance  $FWAC: possibly delisted; no price data found  (period=2y) (Yahoo error = "No data found, symbol may be delisted")
2026-06-21 21:34:46 ERROR   yfinance  
2 Failed downloads:
2026-06-21 21:34:46 ERROR   yfinance  ['LVPA', 'FWAC']: possibly delisted; no price data found  (period=2y) (Yahoo error = "No data found, symbol may be delisted")
2026-06-21 21:34:46 INFO    sepa.ingest  prices new-ticker batch 21: loaded=1 skipped=2099 failed=0
2026-06-21 21:34:51 INFO    sepa.ingest  prices new-ticker batch 22: loaded=1 skipped=2116 failed=0
2026-06-21 21:34:54 ERROR   yfinance  $MASI: possibly delisted; no price data found  (1d 2026-06-13 -> 2026-06-21)
2026-06-21 21:34:55 ERROR   yfinance  $KALV: possibly delisted; no price data found  (1d 2026-06-13 -> 2026-06-21)
2026-06-21 21:34:55 ERROR   yfinance  $TCGL: possibly delisted; no price data found  (1d 2026-06-13 -> 2026-06-21) (Yahoo error = "No data found, symbol may be delisted")
2026-06-21 21:34:56 ERROR   yfinance  
3 Failed downloads:
2026-06-21 21:34:56 ERROR   yfinance  ['MASI', 'KALV']: possibly delisted; no price data found  (1d 2026-06-13 -> 2026-06-21)
2026-06-21 21:34:56 ERROR   yfinance  ['TCGL']: possibly delisted; no price data found  (1d 2026-06-13 -> 2026-06-21) (Yahoo error = "No data found, symbol may be delisted")
2026-06-21 21:34:56 INFO    sepa.ingest  prices incr batch 23 (start=2026-06-13): loaded=1 skipped=2128 failed=0
2026-06-21 21:35:03 INFO    sepa.ingest  prices incr batch 24 (start=2026-06-16): loaded=13 skipped=2171 failed=0
2026-06-21 21:35:09 INFO    sepa.ingest  prices incr batch 25 (start=2026-06-17): loaded=22 skipped=2193 failed=0
2026-06-21 21:35:15 INFO    sepa.ingest  prices incr batch 26 (start=2026-06-18): loaded=35 skipped=2204 failed=0
2026-06-21 21:35:29 INFO    sepa.ingest  prices incr batch 27 (start=2026-06-19): loaded=135 skipped=2204 failed=0
2026-06-21 21:35:43 INFO    sepa.ingest  prices incr batch 28 (start=2026-06-19): loaded=235 skipped=2204 failed=0
2026-06-21 21:35:57 INFO    sepa.ingest  prices incr batch 29 (start=2026-06-19): loaded=335 skipped=2204 failed=0
2026-06-21 21:36:12 INFO    sepa.ingest  prices incr batch 30 (start=2026-06-19): loaded=434 skipped=2205 failed=0
2026-06-21 21:36:24 INFO    sepa.ingest  prices incr batch 31 (start=2026-06-19): loaded=533 skipped=2206 failed=0
2026-06-21 21:36:38 INFO    sepa.ingest  prices incr batch 32 (start=2026-06-19): loaded=633 skipped=2206 failed=0
2026-06-21 21:36:51 INFO    sepa.ingest  prices incr batch 33 (start=2026-06-19): loaded=733 skipped=2206 failed=0
2026-06-21 21:37:04 INFO    sepa.ingest  prices incr batch 34 (start=2026-06-19): loaded=833 skipped=2206 failed=0
2026-06-21 21:37:17 INFO    sepa.ingest  prices incr batch 35 (start=2026-06-19): loaded=932 skipped=2207 failed=0
2026-06-21 21:37:29 INFO    sepa.ingest  prices incr batch 36 (start=2026-06-19): loaded=1032 skipped=2207 failed=0
2026-06-21 21:37:42 INFO    sepa.ingest  prices incr batch 37 (start=2026-06-19): loaded=1132 skipped=2207 failed=0
2026-06-21 21:37:54 INFO    sepa.ingest  prices incr batch 38 (start=2026-06-19): loaded=1232 skipped=2207 failed=0
2026-06-21 21:38:07 INFO    sepa.ingest  prices incr batch 39 (start=2026-06-19): loaded=1332 skipped=2207 failed=0
2026-06-21 21:38:19 INFO    sepa.ingest  prices incr batch 40 (start=2026-06-19): loaded=1432 skipped=2207 failed=0
2026-06-21 21:38:31 INFO    sepa.ingest  prices incr batch 41 (start=2026-06-19): loaded=1532 skipped=2207 failed=0
2026-06-21 21:38:43 INFO    sepa.ingest  prices incr batch 42 (start=2026-06-19): loaded=1632 skipped=2207 failed=0
2026-06-21 21:38:56 INFO    sepa.ingest  prices incr batch 43 (start=2026-06-19): loaded=1731 skipped=2208 failed=0
2026-06-21 21:39:08 INFO    sepa.ingest  prices incr batch 44 (start=2026-06-19): loaded=1831 skipped=2208 failed=0
2026-06-21 21:39:21 INFO    sepa.ingest  prices incr batch 45 (start=2026-06-19): loaded=1931 skipped=2208 failed=0
2026-06-21 21:39:34 INFO    sepa.ingest  prices incr batch 46 (start=2026-06-19): loaded=2031 skipped=2208 failed=0
2026-06-21 21:39:45 INFO    sepa.ingest  prices incr batch 47 (start=2026-06-19): loaded=2131 skipped=2208 failed=0
2026-06-21 21:39:58 INFO    sepa.ingest  prices incr batch 48 (start=2026-06-19): loaded=2231 skipped=2208 failed=0
2026-06-21 21:40:10 INFO    sepa.ingest  prices incr batch 49 (start=2026-06-19): loaded=2331 skipped=2208 failed=0
2026-06-21 21:40:22 INFO    sepa.ingest  prices incr batch 50 (start=2026-06-19): loaded=2431 skipped=2208 failed=0
2026-06-21 21:40:35 INFO    sepa.ingest  prices incr batch 51 (start=2026-06-19): loaded=2531 skipped=2208 failed=0
2026-06-21 21:40:45 ERROR   yfinance  $SCVL: possibly delisted; no price data found  (1d 2026-06-19 -> 2026-06-21)
2026-06-21 21:40:46 ERROR   yfinance  
1 Failed download:
2026-06-21 21:40:46 ERROR   yfinance  ['SCVL']: possibly delisted; no price data found  (1d 2026-06-19 -> 2026-06-21)
2026-06-21 21:40:46 INFO    sepa.ingest  prices incr batch 52 (start=2026-06-19): loaded=2630 skipped=2209 failed=0
2026-06-21 21:40:58 INFO    sepa.ingest  prices incr batch 53 (start=2026-06-19): loaded=2729 skipped=2210 failed=0
2026-06-21 21:41:06 INFO    sepa.ingest  prices incr batch 54 (start=2026-06-19): loaded=2786 skipped=2213 failed=0
2026-06-21 21:41:09 WARNING sepa.ingest  price load failed KXIAY: "['open' 'high' 'low' 'close' 'volume'] not in index"
2026-06-21 21:41:09 INFO    sepa.ingest  prices incr batch 55 (start=2026-06-20): loaded=2786 skipped=2213 failed=1
2026-06-21 21:41:12 INFO    sepa.ingest  prices total: loaded=2786 skipped=2213 failed=1
2026-06-21 21:41:13 INFO    sepa.ingest  fundamentals: 0/5000 done
2026-06-21 21:41:40 INFO    sepa.ingest  fundamentals: 100/5000 done
2026-06-21 21:42:12 INFO    sepa.ingest  fundamentals: 200/5000 done
2026-06-21 21:42:42 INFO    sepa.ingest  fundamentals: 300/5000 done
2026-06-21 21:43:14 INFO    sepa.ingest  fundamentals: 400/5000 done
2026-06-21 21:43:42 INFO    sepa.ingest  fundamentals: 500/5000 done
2026-06-21 21:44:08 INFO    sepa.ingest  fundamentals: 600/5000 done
2026-06-21 21:44:35 INFO    sepa.ingest  fundamentals: 700/5000 done
2026-06-21 21:45:11 INFO    sepa.ingest  fundamentals: 800/5000 done
2026-06-21 21:45:39 INFO    sepa.ingest  fundamentals: 900/5000 done
2026-06-21 21:46:03 INFO    sepa.ingest  fundamentals: 1000/5000 done
2026-06-21 21:46:30 INFO    sepa.ingest  fundamentals: 1100/5000 done
2026-06-21 21:46:58 INFO    sepa.ingest  fundamentals: 1200/5000 done
2026-06-21 21:47:20 INFO    sepa.ingest  fundamentals: 1300/5000 done
2026-06-21 21:47:46 INFO    sepa.ingest  fundamentals: 1400/5000 done
2026-06-21 21:48:09 INFO    sepa.ingest  fundamentals: 1500/5000 done
2026-06-21 21:48:36 INFO    sepa.ingest  fundamentals: 1600/5000 done
2026-06-21 21:48:59 INFO    sepa.ingest  fundamentals: 1700/5000 done
2026-06-21 21:49:23 INFO    sepa.ingest  fundamentals: 1800/5000 done
2026-06-21 21:49:50 INFO    sepa.ingest  fundamentals: 1900/5000 done
2026-06-21 21:50:14 INFO    sepa.ingest  fundamentals: 2000/5000 done
2026-06-21 21:50:42 INFO    sepa.ingest  fundamentals: 2100/5000 done
2026-06-21 21:51:05 INFO    sepa.ingest  fundamentals: 2200/5000 done
2026-06-21 21:51:30 INFO    sepa.ingest  fundamentals: 2300/5000 done
2026-06-21 21:51:53 INFO    sepa.ingest  fundamentals: 2400/5000 done
2026-06-21 21:52:17 INFO    sepa.ingest  fundamentals: 2500/5000 done
2026-06-21 21:52:42 INFO    sepa.ingest  fundamentals: 2600/5000 done
2026-06-21 21:53:07 INFO    sepa.ingest  fundamentals: 2700/5000 done
2026-06-21 21:53:29 INFO    sepa.ingest  fundamentals: 2800/5000 done
2026-06-21 21:53:55 INFO    sepa.ingest  fundamentals: 2900/5000 done
2026-06-21 21:54:24 INFO    sepa.ingest  fundamentals: 3000/5000 done
2026-06-21 21:54:52 INFO    sepa.ingest  fundamentals: 3100/5000 done
2026-06-21 21:55:17 INFO    sepa.ingest  fundamentals: 3200/5000 done
2026-06-21 21:55:41 INFO    sepa.ingest  fundamentals: 3300/5000 done
2026-06-21 21:56:07 INFO    sepa.ingest  fundamentals: 3400/5000 done
2026-06-21 21:56:40 INFO    sepa.ingest  fundamentals: 3500/5000 done
2026-06-21 21:57:13 INFO    sepa.ingest  fundamentals: 3600/5000 done
2026-06-21 21:57:44 INFO    sepa.ingest  fundamentals: 3700/5000 done
2026-06-21 21:58:15 INFO    sepa.ingest  fundamentals: 3800/5000 done
2026-06-21 21:58:46 INFO    sepa.ingest  fundamentals: 3900/5000 done
2026-06-21 21:59:15 INFO    sepa.ingest  fundamentals: 4000/5000 done
2026-06-21 21:59:49 INFO    sepa.ingest  fundamentals: 4100/5000 done
2026-06-21 22:00:17 INFO    sepa.ingest  fundamentals: 4200/5000 done
2026-06-21 22:00:47 INFO    sepa.ingest  fundamentals: 4300/5000 done
2026-06-21 22:01:22 INFO    sepa.ingest  fundamentals: 4400/5000 done
2026-06-21 22:01:47 INFO    sepa.ingest  fundamentals: 4500/5000 done
2026-06-21 22:02:20 INFO    sepa.ingest  fundamentals: 4600/5000 done
2026-06-21 22:02:48 INFO    sepa.ingest  fundamentals: 4700/5000 done
2026-06-21 22:03:20 INFO    sepa.ingest  fundamentals: 4800/5000 done
2026-06-21 22:03:52 INFO    sepa.ingest  fundamentals: 4900/5000 done
2026-06-21 22:04:34 INFO    sepa.ingest  ingest complete
2026-06-21 22:04:36 INFO    sepa.ingest  logs pushed to GitHub
