2026-07-02 21:30:01 INFO    sepa  log file: C:\Users\lathe\sepa-signals\data\logs\2026-07-02\21-30-01-ingest\sepa.log
2026-07-02 21:30:02 INFO    sepa.ingest  universe: 5000 US tickers (after ETF/shell filter)
2026-07-02 21:30:07 ERROR   yfinance  $CONE: possibly delisted; no price data found  (period=2y) (Yahoo error = "No data found, symbol may be delisted")
2026-07-02 21:30:10 ERROR   yfinance  $OBOCY: possibly delisted; no price data found  (period=2y)
2026-07-02 21:30:14 ERROR   yfinance  
2 Failed downloads:
2026-07-02 21:30:14 ERROR   yfinance  ['CONE']: possibly delisted; no price data found  (period=2y) (Yahoo error = "No data found, symbol may be delisted")
2026-07-02 21:30:14 ERROR   yfinance  ['OBOCY']: possibly delisted; no price data found  (period=2y)
2026-07-02 21:30:15 WARNING sepa.ingest  ingest CONE: missing from batch result, retrying individually (attempt 1/3)
2026-07-02 21:30:15 ERROR   yfinance  $CONE: possibly delisted; no price data found  (period=2y) (Yahoo error = "No data found, symbol may be delisted")
2026-07-02 21:30:20 WARNING sepa.ingest  ingest CONE: missing from batch result, retrying individually (attempt 2/3)
2026-07-02 21:30:20 ERROR   yfinance  $CONE: possibly delisted; no price data found  (period=2y) (Yahoo error = "No data found, symbol may be delisted")
2026-07-02 21:30:25 WARNING sepa.ingest  ingest CONE: missing from batch result, retrying individually (attempt 3/3)
2026-07-02 21:30:26 ERROR   yfinance  $CONE: possibly delisted; no price data found  (period=2y) (Yahoo error = "No data found, symbol may be delisted")
2026-07-02 21:30:26 ERROR   sepa.ingest  ingest CONE: no price data after 3 retries — ticker will be stale
2026-07-02 21:30:26 WARNING sepa.ingest  ingest OBOCY: missing from batch result, retrying individually (attempt 1/3)
2026-07-02 21:30:26 ERROR   yfinance  $OBOCY: possibly delisted; no price data found  (period=2y)
2026-07-02 21:30:31 WARNING sepa.ingest  ingest OBOCY: missing from batch result, retrying individually (attempt 2/3)
2026-07-02 21:30:31 ERROR   yfinance  $OBOCY: possibly delisted; no price data found  (period=2y)
2026-07-02 21:30:36 WARNING sepa.ingest  ingest OBOCY: missing from batch result, retrying individually (attempt 3/3)
2026-07-02 21:30:36 ERROR   yfinance  $OBOCY: possibly delisted; no price data found  (period=2y)
2026-07-02 21:30:36 ERROR   sepa.ingest  ingest OBOCY: no price data after 3 retries — ticker will be stale
2026-07-02 21:30:36 INFO    sepa.ingest  prices new-ticker batch 1: loaded=1 skipped=97 failed=2
2026-07-02 21:30:45 ERROR   yfinance  $AYR: possibly delisted; no price data found  (period=2y) (Yahoo error = "No data found, symbol may be delisted")
2026-07-02 21:30:49 ERROR   yfinance  
1 Failed download:
2026-07-02 21:30:49 ERROR   yfinance  ['AYR']: possibly delisted; no price data found  (period=2y) (Yahoo error = "No data found, symbol may be delisted")
2026-07-02 21:30:49 WARNING sepa.ingest  ingest AYR: missing from batch result, retrying individually (attempt 1/3)
2026-07-02 21:30:50 ERROR   yfinance  $AYR: possibly delisted; no price data found  (period=2y) (Yahoo error = "No data found, symbol may be delisted")
2026-07-02 21:30:55 WARNING sepa.ingest  ingest AYR: missing from batch result, retrying individually (attempt 2/3)
2026-07-02 21:30:55 ERROR   yfinance  $AYR: possibly delisted; no price data found  (period=2y) (Yahoo error = "No data found, symbol may be delisted")
2026-07-02 21:31:00 WARNING sepa.ingest  ingest AYR: missing from batch result, retrying individually (attempt 3/3)
2026-07-02 21:31:00 ERROR   yfinance  $AYR: possibly delisted; no price data found  (period=2y) (Yahoo error = "No data found, symbol may be delisted")
2026-07-02 21:31:00 ERROR   sepa.ingest  ingest AYR: no price data after 3 retries — ticker will be stale
2026-07-02 21:31:00 INFO    sepa.ingest  prices new-ticker batch 2: loaded=1 skipped=196 failed=3
2026-07-02 21:31:12 INFO    sepa.ingest  prices new-ticker batch 3: loaded=2 skipped=295 failed=3
2026-07-02 21:31:18 ERROR   yfinance  $NANO: possibly delisted; no price data found  (period=2y) (Yahoo error = "No data found, symbol may be delisted")
2026-07-02 21:31:23 ERROR   yfinance  $AAC: possibly delisted; no price data found  (period=2y) (Yahoo error = "No data found, symbol may be delisted")
2026-07-02 21:31:24 ERROR   yfinance  $MSSHY: possibly delisted; no price data found  (period=2y)
2026-07-02 21:31:25 ERROR   yfinance  
3 Failed downloads:
2026-07-02 21:31:25 ERROR   yfinance  ['NANO', 'AAC']: possibly delisted; no price data found  (period=2y) (Yahoo error = "No data found, symbol may be delisted")
2026-07-02 21:31:25 ERROR   yfinance  ['MSSHY']: possibly delisted; no price data found  (period=2y)
2026-07-02 21:31:25 WARNING sepa.ingest  ingest MSSHY: missing from batch result, retrying individually (attempt 1/3)
2026-07-02 21:31:25 ERROR   yfinance  $MSSHY: possibly delisted; no price data found  (period=2y)
2026-07-02 21:31:30 WARNING sepa.ingest  ingest MSSHY: missing from batch result, retrying individually (attempt 2/3)
2026-07-02 21:31:30 ERROR   yfinance  $MSSHY: possibly delisted; no price data found  (period=2y)
2026-07-02 21:31:35 WARNING sepa.ingest  ingest MSSHY: missing from batch result, retrying individually (attempt 3/3)
2026-07-02 21:31:35 ERROR   yfinance  $MSSHY: possibly delisted; no price data found  (period=2y)
2026-07-02 21:31:35 ERROR   sepa.ingest  ingest MSSHY: no price data after 3 retries — ticker will be stale
2026-07-02 21:31:35 WARNING sepa.ingest  ingest NANO: missing from batch result, retrying individually (attempt 1/3)
2026-07-02 21:31:36 ERROR   yfinance  $NANO: possibly delisted; no price data found  (period=2y) (Yahoo error = "No data found, symbol may be delisted")
2026-07-02 21:31:41 WARNING sepa.ingest  ingest NANO: missing from batch result, retrying individually (attempt 2/3)
2026-07-02 21:31:41 ERROR   yfinance  $NANO: possibly delisted; no price data found  (period=2y) (Yahoo error = "No data found, symbol may be delisted")
2026-07-02 21:31:46 WARNING sepa.ingest  ingest NANO: missing from batch result, retrying individually (attempt 3/3)
2026-07-02 21:31:46 ERROR   yfinance  $NANO: possibly delisted; no price data found  (period=2y) (Yahoo error = "No data found, symbol may be delisted")
2026-07-02 21:31:46 ERROR   sepa.ingest  ingest NANO: no price data after 3 retries — ticker will be stale
2026-07-02 21:31:46 WARNING sepa.ingest  ingest AAC: missing from batch result, retrying individually (attempt 1/3)
2026-07-02 21:31:46 ERROR   yfinance  $AAC: possibly delisted; no price data found  (period=2y) (Yahoo error = "No data found, symbol may be delisted")
2026-07-02 21:31:51 WARNING sepa.ingest  ingest AAC: missing from batch result, retrying individually (attempt 2/3)
2026-07-02 21:31:52 ERROR   yfinance  $AAC: possibly delisted; no price data found  (period=2y) (Yahoo error = "No data found, symbol may be delisted")
2026-07-02 21:31:57 WARNING sepa.ingest  ingest AAC: missing from batch result, retrying individually (attempt 3/3)
2026-07-02 21:31:57 ERROR   yfinance  $AAC: possibly delisted; no price data found  (period=2y) (Yahoo error = "No data found, symbol may be delisted")
2026-07-02 21:31:57 ERROR   sepa.ingest  ingest AAC: no price data after 3 retries — ticker will be stale
2026-07-02 21:31:57 INFO    sepa.ingest  prices new-ticker batch 4: loaded=3 skipped=391 failed=6
2026-07-02 21:32:09 INFO    sepa.ingest  prices new-ticker batch 5: loaded=4 skipped=490 failed=6
2026-07-02 21:32:17 ERROR   yfinance  $SEAH: possibly delisted; no price data found  (period=2y) (Yahoo error = "No data found, symbol may be delisted")
2026-07-02 21:32:20 ERROR   yfinance  
1 Failed download:
2026-07-02 21:32:20 ERROR   yfinance  ['SEAH']: possibly delisted; no price data found  (period=2y) (Yahoo error = "No data found, symbol may be delisted")
2026-07-02 21:32:20 WARNING sepa.ingest  ingest SEAH: missing from batch result, retrying individually (attempt 1/3)
2026-07-02 21:32:21 ERROR   yfinance  $SEAH: possibly delisted; no price data found  (period=2y) (Yahoo error = "No data found, symbol may be delisted")
2026-07-02 21:32:26 WARNING sepa.ingest  ingest SEAH: missing from batch result, retrying individually (attempt 2/3)
2026-07-02 21:32:26 ERROR   yfinance  $SEAH: possibly delisted; no price data found  (period=2y) (Yahoo error = "No data found, symbol may be delisted")
2026-07-02 21:32:31 WARNING sepa.ingest  ingest SEAH: missing from batch result, retrying individually (attempt 3/3)
2026-07-02 21:32:32 ERROR   yfinance  $SEAH: possibly delisted; no price data found  (period=2y) (Yahoo error = "No data found, symbol may be delisted")
2026-07-02 21:32:32 ERROR   sepa.ingest  ingest SEAH: no price data after 3 retries — ticker will be stale
2026-07-02 21:32:32 INFO    sepa.ingest  prices new-ticker batch 6: loaded=4 skipped=589 failed=7
2026-07-02 21:32:44 INFO    sepa.ingest  prices new-ticker batch 7: loaded=4 skipped=689 failed=7
2026-07-02 21:32:48 ERROR   yfinance  $ATAC: possibly delisted; no price data found  (period=2y) (Yahoo error = "No data found, symbol may be delisted")
2026-07-02 21:32:53 ERROR   yfinance  $PTAC: possibly delisted; no price data found  (period=2y)
2026-07-02 21:32:57 ERROR   yfinance  
2 Failed downloads:
2026-07-02 21:32:57 ERROR   yfinance  ['ATAC']: possibly delisted; no price data found  (period=2y) (Yahoo error = "No data found, symbol may be delisted")
2026-07-02 21:32:57 ERROR   yfinance  ['PTAC']: possibly delisted; no price data found  (period=2y)
2026-07-02 21:32:57 WARNING sepa.ingest  ingest ATAC: missing from batch result, retrying individually (attempt 1/3)
2026-07-02 21:32:57 ERROR   yfinance  $ATAC: possibly delisted; no price data found  (period=2y) (Yahoo error = "No data found, symbol may be delisted")
2026-07-02 21:33:02 WARNING sepa.ingest  ingest ATAC: missing from batch result, retrying individually (attempt 2/3)
2026-07-02 21:33:03 ERROR   yfinance  $ATAC: possibly delisted; no price data found  (period=2y) (Yahoo error = "No data found, symbol may be delisted")
2026-07-02 21:33:08 WARNING sepa.ingest  ingest ATAC: missing from batch result, retrying individually (attempt 3/3)
2026-07-02 21:33:08 ERROR   yfinance  $ATAC: possibly delisted; no price data found  (period=2y) (Yahoo error = "No data found, symbol may be delisted")
2026-07-02 21:33:08 ERROR   sepa.ingest  ingest ATAC: no price data after 3 retries — ticker will be stale
2026-07-02 21:33:08 WARNING sepa.ingest  ingest PTAC: missing from batch result, retrying individually (attempt 1/3)
2026-07-02 21:33:08 ERROR   yfinance  $PTAC: possibly delisted; no price data found  (period=2y)
2026-07-02 21:33:13 WARNING sepa.ingest  ingest PTAC: missing from batch result, retrying individually (attempt 2/3)
2026-07-02 21:33:13 ERROR   yfinance  $PTAC: possibly delisted; no price data found  (period=2y)
2026-07-02 21:33:18 WARNING sepa.ingest  ingest PTAC: missing from batch result, retrying individually (attempt 3/3)
2026-07-02 21:33:18 ERROR   yfinance  $PTAC: possibly delisted; no price data found  (period=2y)
2026-07-02 21:33:18 ERROR   sepa.ingest  ingest PTAC: no price data after 3 retries — ticker will be stale
2026-07-02 21:33:18 INFO    sepa.ingest  prices new-ticker batch 8: loaded=5 skipped=786 failed=9
2026-07-02 21:33:29 INFO    sepa.ingest  prices new-ticker batch 9: loaded=5 skipped=886 failed=9
2026-07-02 21:33:41 ERROR   yfinance  $PFSTY: possibly delisted; no price data found  (period=2y)
2026-07-02 21:33:41 ERROR   yfinance  
1 Failed download:
2026-07-02 21:33:41 ERROR   yfinance  ['PFSTY']: possibly delisted; no price data found  (period=2y)
2026-07-02 21:33:41 WARNING sepa.ingest  ingest PFSTY: missing from batch result, retrying individually (attempt 1/3)
2026-07-02 21:33:41 ERROR   yfinance  $PFSTY: possibly delisted; no price data found  (period=2y)
2026-07-02 21:33:46 WARNING sepa.ingest  ingest PFSTY: missing from batch result, retrying individually (attempt 2/3)
2026-07-02 21:33:46 ERROR   yfinance  $PFSTY: possibly delisted; no price data found  (period=2y)
2026-07-02 21:33:51 WARNING sepa.ingest  ingest PFSTY: missing from batch result, retrying individually (attempt 3/3)
2026-07-02 21:33:52 ERROR   yfinance  $PFSTY: possibly delisted; no price data found  (period=2y)
2026-07-02 21:33:52 ERROR   sepa.ingest  ingest PFSTY: no price data after 3 retries — ticker will be stale
2026-07-02 21:33:52 INFO    sepa.ingest  prices new-ticker batch 10: loaded=5 skipped=985 failed=10
2026-07-02 21:33:58 ERROR   yfinance  $AVAC: possibly delisted; no price data found  (period=2y) (Yahoo error = "No data found, symbol may be delisted")
2026-07-02 21:34:03 ERROR   yfinance  
1 Failed download:
2026-07-02 21:34:03 ERROR   yfinance  ['AVAC']: possibly delisted; no price data found  (period=2y) (Yahoo error = "No data found, symbol may be delisted")
2026-07-02 21:34:04 WARNING sepa.ingest  ingest AVAC: missing from batch result, retrying individually (attempt 1/3)
2026-07-02 21:34:04 ERROR   yfinance  $AVAC: possibly delisted; no price data found  (period=2y) (Yahoo error = "No data found, symbol may be delisted")
2026-07-02 21:34:09 WARNING sepa.ingest  ingest AVAC: missing from batch result, retrying individually (attempt 2/3)
2026-07-02 21:34:09 ERROR   yfinance  $AVAC: possibly delisted; no price data found  (period=2y) (Yahoo error = "No data found, symbol may be delisted")
2026-07-02 21:34:14 WARNING sepa.ingest  ingest AVAC: missing from batch result, retrying individually (attempt 3/3)
2026-07-02 21:34:14 ERROR   yfinance  $AVAC: possibly delisted; no price data found  (period=2y) (Yahoo error = "No data found, symbol may be delisted")
2026-07-02 21:34:14 ERROR   sepa.ingest  ingest AVAC: no price data after 3 retries — ticker will be stale
2026-07-02 21:34:14 INFO    sepa.ingest  prices new-ticker batch 11: loaded=5 skipped=1084 failed=11
2026-07-02 21:34:21 ERROR   yfinance  $BRKH: possibly delisted; no price data found  (period=2y) (Yahoo error = "No data found, symbol may be delisted")
2026-07-02 21:34:27 ERROR   yfinance  
1 Failed download:
2026-07-02 21:34:27 ERROR   yfinance  ['BRKH']: possibly delisted; no price data found  (period=2y) (Yahoo error = "No data found, symbol may be delisted")
2026-07-02 21:34:27 WARNING sepa.ingest  ingest BRKH: missing from batch result, retrying individually (attempt 1/3)
2026-07-02 21:34:27 ERROR   yfinance  $BRKH: possibly delisted; no price data found  (period=2y) (Yahoo error = "No data found, symbol may be delisted")
2026-07-02 21:34:32 WARNING sepa.ingest  ingest BRKH: missing from batch result, retrying individually (attempt 2/3)
2026-07-02 21:34:33 ERROR   yfinance  $BRKH: possibly delisted; no price data found  (period=2y) (Yahoo error = "No data found, symbol may be delisted")
2026-07-02 21:34:38 WARNING sepa.ingest  ingest BRKH: missing from batch result, retrying individually (attempt 3/3)
2026-07-02 21:34:38 ERROR   yfinance  $BRKH: possibly delisted; no price data found  (period=2y) (Yahoo error = "No data found, symbol may be delisted")
2026-07-02 21:34:38 ERROR   sepa.ingest  ingest BRKH: no price data after 3 retries — ticker will be stale
2026-07-02 21:34:38 INFO    sepa.ingest  prices new-ticker batch 12: loaded=6 skipped=1182 failed=12
2026-07-02 21:34:50 INFO    sepa.ingest  prices new-ticker batch 13: loaded=6 skipped=1282 failed=12
2026-07-02 21:35:02 INFO    sepa.ingest  prices new-ticker batch 14: loaded=6 skipped=1382 failed=12
2026-07-02 21:35:14 ERROR   yfinance  $PHD: possibly delisted; no price data found  (period=2y) (Yahoo error = "No data found, symbol may be delisted")
2026-07-02 21:35:14 ERROR   yfinance  
1 Failed download:
2026-07-02 21:35:14 ERROR   yfinance  ['PHD']: possibly delisted; no price data found  (period=2y) (Yahoo error = "No data found, symbol may be delisted")
2026-07-02 21:35:15 WARNING sepa.ingest  ingest PHD: missing from batch result, retrying individually (attempt 1/3)
2026-07-02 21:35:15 ERROR   yfinance  $PHD: possibly delisted; no price data found  (period=2y) (Yahoo error = "No data found, symbol may be delisted")
2026-07-02 21:35:20 WARNING sepa.ingest  ingest PHD: missing from batch result, retrying individually (attempt 2/3)
2026-07-02 21:35:20 ERROR   yfinance  $PHD: possibly delisted; no price data found  (period=2y) (Yahoo error = "No data found, symbol may be delisted")
2026-07-02 21:35:25 WARNING sepa.ingest  ingest PHD: missing from batch result, retrying individually (attempt 3/3)
2026-07-02 21:35:26 ERROR   yfinance  $PHD: possibly delisted; no price data found  (period=2y) (Yahoo error = "No data found, symbol may be delisted")
2026-07-02 21:35:26 ERROR   sepa.ingest  ingest PHD: no price data after 3 retries — ticker will be stale
2026-07-02 21:35:26 INFO    sepa.ingest  prices new-ticker batch 15: loaded=6 skipped=1481 failed=13
2026-07-02 21:35:36 ERROR   yfinance  $VII: possibly delisted; no price data found  (period=2y) (Yahoo error = "No data found, symbol may be delisted")
2026-07-02 21:35:38 ERROR   yfinance  
1 Failed download:
2026-07-02 21:35:38 ERROR   yfinance  ['VII']: possibly delisted; no price data found  (period=2y) (Yahoo error = "No data found, symbol may be delisted")
2026-07-02 21:35:38 WARNING sepa.ingest  ingest VII: missing from batch result, retrying individually (attempt 1/3)
2026-07-02 21:35:38 ERROR   yfinance  $VII: possibly delisted; no price data found  (period=2y) (Yahoo error = "No data found, symbol may be delisted")
2026-07-02 21:35:43 WARNING sepa.ingest  ingest VII: missing from batch result, retrying individually (attempt 2/3)
2026-07-02 21:35:43 ERROR   yfinance  $VII: possibly delisted; no price data found  (period=2y) (Yahoo error = "No data found, symbol may be delisted")
2026-07-02 21:35:48 WARNING sepa.ingest  ingest VII: missing from batch result, retrying individually (attempt 3/3)
2026-07-02 21:35:49 ERROR   yfinance  $VII: possibly delisted; no price data found  (period=2y) (Yahoo error = "No data found, symbol may be delisted")
2026-07-02 21:35:49 ERROR   sepa.ingest  ingest VII: no price data after 3 retries — ticker will be stale
2026-07-02 21:35:49 INFO    sepa.ingest  prices new-ticker batch 16: loaded=6 skipped=1580 failed=14
2026-07-02 21:36:00 INFO    sepa.ingest  prices new-ticker batch 17: loaded=6 skipped=1680 failed=14
2026-07-02 21:36:12 INFO    sepa.ingest  prices new-ticker batch 18: loaded=6 skipped=1780 failed=14
2026-07-02 21:36:21 ERROR   yfinance  $PMVC: possibly delisted; no price data found  (period=2y) (Yahoo error = "No data found, symbol may be delisted")
2026-07-02 21:36:24 ERROR   yfinance  
1 Failed download:
2026-07-02 21:36:24 ERROR   yfinance  ['PMVC']: possibly delisted; no price data found  (period=2y) (Yahoo error = "No data found, symbol may be delisted")
2026-07-02 21:36:24 WARNING sepa.ingest  ingest PMVC: missing from batch result, retrying individually (attempt 1/3)
2026-07-02 21:36:25 ERROR   yfinance  $PMVC: possibly delisted; no price data found  (period=2y) (Yahoo error = "No data found, symbol may be delisted")
2026-07-02 21:36:30 WARNING sepa.ingest  ingest PMVC: missing from batch result, retrying individually (attempt 2/3)
2026-07-02 21:36:30 ERROR   yfinance  $PMVC: possibly delisted; no price data found  (period=2y) (Yahoo error = "No data found, symbol may be delisted")
2026-07-02 21:36:35 WARNING sepa.ingest  ingest PMVC: missing from batch result, retrying individually (attempt 3/3)
2026-07-02 21:36:35 ERROR   yfinance  $PMVC: possibly delisted; no price data found  (period=2y) (Yahoo error = "No data found, symbol may be delisted")
2026-07-02 21:36:35 ERROR   sepa.ingest  ingest PMVC: no price data after 3 retries — ticker will be stale
2026-07-02 21:36:35 INFO    sepa.ingest  prices new-ticker batch 19: loaded=6 skipped=1879 failed=15
2026-07-02 21:36:45 ERROR   yfinance  $LVPA: possibly delisted; no price data found  (period=2y) (Yahoo error = "No data found, symbol may be delisted")
2026-07-02 21:36:47 ERROR   yfinance  
1 Failed download:
2026-07-02 21:36:47 ERROR   yfinance  ['LVPA']: possibly delisted; no price data found  (period=2y) (Yahoo error = "No data found, symbol may be delisted")
2026-07-02 21:36:47 WARNING sepa.ingest  ingest LVPA: missing from batch result, retrying individually (attempt 1/3)
2026-07-02 21:36:47 ERROR   yfinance  $LVPA: possibly delisted; no price data found  (period=2y) (Yahoo error = "No data found, symbol may be delisted")
2026-07-02 21:36:52 WARNING sepa.ingest  ingest LVPA: missing from batch result, retrying individually (attempt 2/3)
2026-07-02 21:36:53 ERROR   yfinance  $LVPA: possibly delisted; no price data found  (period=2y) (Yahoo error = "No data found, symbol may be delisted")
2026-07-02 21:36:58 WARNING sepa.ingest  ingest LVPA: missing from batch result, retrying individually (attempt 3/3)
2026-07-02 21:36:58 ERROR   yfinance  $LVPA: possibly delisted; no price data found  (period=2y) (Yahoo error = "No data found, symbol may be delisted")
2026-07-02 21:36:58 ERROR   sepa.ingest  ingest LVPA: no price data after 3 retries — ticker will be stale
2026-07-02 21:36:58 INFO    sepa.ingest  prices new-ticker batch 20: loaded=6 skipped=1978 failed=16
2026-07-02 21:37:04 ERROR   yfinance  $FWAC: possibly delisted; no price data found  (period=2y) (Yahoo error = "No data found, symbol may be delisted")
2026-07-02 21:37:05 ERROR   yfinance  
1 Failed download:
2026-07-02 21:37:05 ERROR   yfinance  ['FWAC']: possibly delisted; no price data found  (period=2y) (Yahoo error = "No data found, symbol may be delisted")
2026-07-02 21:37:06 WARNING sepa.ingest  ingest FWAC: missing from batch result, retrying individually (attempt 1/3)
2026-07-02 21:37:06 ERROR   yfinance  $FWAC: possibly delisted; no price data found  (period=2y) (Yahoo error = "No data found, symbol may be delisted")
2026-07-02 21:37:11 WARNING sepa.ingest  ingest FWAC: missing from batch result, retrying individually (attempt 2/3)
2026-07-02 21:37:11 ERROR   yfinance  $FWAC: possibly delisted; no price data found  (period=2y) (Yahoo error = "No data found, symbol may be delisted")
2026-07-02 21:37:16 WARNING sepa.ingest  ingest FWAC: missing from batch result, retrying individually (attempt 3/3)
2026-07-02 21:37:17 ERROR   yfinance  $FWAC: possibly delisted; no price data found  (period=2y) (Yahoo error = "No data found, symbol may be delisted")
2026-07-02 21:37:17 ERROR   sepa.ingest  ingest FWAC: no price data after 3 retries — ticker will be stale
2026-07-02 21:37:17 INFO    sepa.ingest  prices new-ticker batch 21: loaded=6 skipped=2022 failed=17
2026-07-02 21:37:20 INFO    sepa.ingest  prices incr batch 22 (start=2026-06-13): loaded=6 skipped=2032 failed=17
2026-07-02 21:37:26 INFO    sepa.ingest  prices incr batch 23 (start=2026-06-16): loaded=7 skipped=2058 failed=17
2026-07-02 21:37:30 INFO    sepa.ingest  prices incr batch 24 (start=2026-06-17): loaded=9 skipped=2067 failed=17
2026-07-02 21:37:33 INFO    sepa.ingest  prices incr batch 25 (start=2026-06-18): loaded=11 skipped=2071 failed=17
2026-07-02 21:37:37 INFO    sepa.ingest  prices incr batch 26 (start=2026-06-19): loaded=12 skipped=2081 failed=17
2026-07-02 21:37:41 INFO    sepa.ingest  prices incr batch 27 (start=2026-06-23): loaded=12 skipped=2089 failed=17
2026-07-02 21:37:44 INFO    sepa.ingest  prices incr batch 28 (start=2026-06-24): loaded=13 skipped=2099 failed=17
2026-07-02 21:37:49 INFO    sepa.ingest  prices incr batch 29 (start=2026-06-25): loaded=14 skipped=2109 failed=17
2026-07-02 21:37:52 INFO    sepa.ingest  prices incr batch 30 (start=2026-06-26): loaded=14 skipped=2116 failed=17
2026-07-02 21:37:56 ERROR   yfinance  $WHK: possibly delisted; no price data found  (1d 2026-06-27 -> 2026-07-02)
2026-07-02 21:37:57 ERROR   yfinance  
1 Failed download:
2026-07-02 21:37:57 ERROR   yfinance  ['WHK']: possibly delisted; no price data found  (1d 2026-06-27 -> 2026-07-02)
2026-07-02 21:37:57 WARNING sepa.ingest  ingest WHK: missing from batch result, retrying individually (attempt 1/3)
2026-07-02 21:37:57 ERROR   yfinance  $WHK: possibly delisted; no price data found  (1d 2026-06-27 -> 2026-07-02)
2026-07-02 21:38:02 WARNING sepa.ingest  ingest WHK: missing from batch result, retrying individually (attempt 2/3)
2026-07-02 21:38:02 ERROR   yfinance  $WHK: possibly delisted; no price data found  (1d 2026-06-27 -> 2026-07-02)
2026-07-02 21:38:07 WARNING sepa.ingest  ingest WHK: missing from batch result, retrying individually (attempt 3/3)
2026-07-02 21:38:07 ERROR   yfinance  $WHK: possibly delisted; no price data found  (1d 2026-06-27 -> 2026-07-02)
2026-07-02 21:38:07 ERROR   sepa.ingest  ingest WHK: no price data after 3 retries — ticker will be stale
2026-07-02 21:38:07 INFO    sepa.ingest  prices incr batch 31 (start=2026-06-27): loaded=15 skipped=2126 failed=18
2026-07-02 21:38:10 ERROR   yfinance  $SEM: possibly delisted; no price data found  (1d 2026-06-30 -> 2026-07-02)
2026-07-02 21:38:11 ERROR   yfinance  $STEL: possibly delisted; no price data found  (1d 2026-06-30 -> 2026-07-02)
2026-07-02 21:38:12 ERROR   yfinance  
2 Failed downloads:
2026-07-02 21:38:12 ERROR   yfinance  ['SEM', 'STEL']: possibly delisted; no price data found  (1d 2026-06-30 -> 2026-07-02)
2026-07-02 21:38:12 WARNING sepa.ingest  ingest SEM: missing from batch result, retrying individually (attempt 1/3)
2026-07-02 21:38:12 ERROR   yfinance  $SEM: possibly delisted; no price data found  (1d 2026-06-30 -> 2026-07-02)
2026-07-02 21:38:17 WARNING sepa.ingest  ingest SEM: missing from batch result, retrying individually (attempt 2/3)
2026-07-02 21:38:17 ERROR   yfinance  $SEM: possibly delisted; no price data found  (1d 2026-06-30 -> 2026-07-02)
2026-07-02 21:38:22 WARNING sepa.ingest  ingest SEM: missing from batch result, retrying individually (attempt 3/3)
2026-07-02 21:38:22 ERROR   yfinance  $SEM: possibly delisted; no price data found  (1d 2026-06-30 -> 2026-07-02)
2026-07-02 21:38:22 ERROR   sepa.ingest  ingest SEM: no price data after 3 retries — ticker will be stale
2026-07-02 21:38:22 WARNING sepa.ingest  ingest STEL: missing from batch result, retrying individually (attempt 1/3)
2026-07-02 21:38:22 ERROR   yfinance  $STEL: possibly delisted; no price data found  (1d 2026-06-30 -> 2026-07-02)
2026-07-02 21:38:27 WARNING sepa.ingest  ingest STEL: missing from batch result, retrying individually (attempt 2/3)
2026-07-02 21:38:27 ERROR   yfinance  $STEL: possibly delisted; no price data found  (1d 2026-06-30 -> 2026-07-02)
2026-07-02 21:38:32 WARNING sepa.ingest  ingest STEL: missing from batch result, retrying individually (attempt 3/3)
2026-07-02 21:38:32 ERROR   yfinance  $STEL: possibly delisted; no price data found  (1d 2026-06-30 -> 2026-07-02)
2026-07-02 21:38:32 ERROR   sepa.ingest  ingest STEL: no price data after 3 retries — ticker will be stale
2026-07-02 21:38:32 INFO    sepa.ingest  prices incr batch 32 (start=2026-06-30): loaded=25 skipped=2137 failed=20
2026-07-02 21:38:45 INFO    sepa.ingest  prices incr batch 33 (start=2026-07-01): loaded=124 skipped=2138 failed=20
2026-07-02 21:38:59 INFO    sepa.ingest  prices incr batch 34 (start=2026-07-01): loaded=224 skipped=2138 failed=20
2026-07-02 21:39:12 INFO    sepa.ingest  prices incr batch 35 (start=2026-07-01): loaded=324 skipped=2138 failed=20
2026-07-02 21:39:30 INFO    sepa.ingest  prices incr batch 36 (start=2026-07-01): loaded=424 skipped=2138 failed=20
2026-07-02 21:39:42 INFO    sepa.ingest  prices incr batch 37 (start=2026-07-01): loaded=524 skipped=2138 failed=20
2026-07-02 21:39:54 INFO    sepa.ingest  prices incr batch 38 (start=2026-07-01): loaded=624 skipped=2138 failed=20
2026-07-02 21:40:07 INFO    sepa.ingest  prices incr batch 39 (start=2026-07-01): loaded=724 skipped=2138 failed=20
2026-07-02 21:40:19 INFO    sepa.ingest  prices incr batch 40 (start=2026-07-01): loaded=824 skipped=2138 failed=20
2026-07-02 21:40:32 INFO    sepa.ingest  prices incr batch 41 (start=2026-07-01): loaded=924 skipped=2138 failed=20
2026-07-02 21:40:43 INFO    sepa.ingest  prices incr batch 42 (start=2026-07-01): loaded=1023 skipped=2139 failed=20
2026-07-02 21:40:55 INFO    sepa.ingest  prices incr batch 43 (start=2026-07-01): loaded=1123 skipped=2139 failed=20
2026-07-02 21:41:07 INFO    sepa.ingest  prices incr batch 44 (start=2026-07-01): loaded=1223 skipped=2139 failed=20
2026-07-02 21:41:19 INFO    sepa.ingest  prices incr batch 45 (start=2026-07-01): loaded=1323 skipped=2139 failed=20
2026-07-02 21:41:30 INFO    sepa.ingest  prices incr batch 46 (start=2026-07-01): loaded=1423 skipped=2139 failed=20
2026-07-02 21:41:42 INFO    sepa.ingest  prices incr batch 47 (start=2026-07-01): loaded=1523 skipped=2139 failed=20
2026-07-02 21:41:53 INFO    sepa.ingest  prices incr batch 48 (start=2026-07-01): loaded=1623 skipped=2139 failed=20
2026-07-02 21:42:06 INFO    sepa.ingest  prices incr batch 49 (start=2026-07-01): loaded=1723 skipped=2139 failed=20
2026-07-02 21:42:18 INFO    sepa.ingest  prices incr batch 50 (start=2026-07-01): loaded=1823 skipped=2139 failed=20
2026-07-02 21:42:29 INFO    sepa.ingest  prices incr batch 51 (start=2026-07-01): loaded=1923 skipped=2139 failed=20
2026-07-02 21:42:41 INFO    sepa.ingest  prices incr batch 52 (start=2026-07-01): loaded=2023 skipped=2139 failed=20
2026-07-02 21:42:45 ERROR   yfinance  $SILA: possibly delisted; no price data found  (1d 2026-07-01 -> 2026-07-02)
2026-07-02 21:42:52 ERROR   yfinance  
1 Failed download:
2026-07-02 21:42:52 ERROR   yfinance  ['SILA']: possibly delisted; no price data found  (1d 2026-07-01 -> 2026-07-02)
2026-07-02 21:42:52 WARNING sepa.ingest  ingest SILA: missing from batch result, retrying individually (attempt 1/3)
2026-07-02 21:42:52 ERROR   yfinance  $SILA: possibly delisted; no price data found  (1d 2026-07-01 -> 2026-07-02)
2026-07-02 21:42:57 WARNING sepa.ingest  ingest SILA: missing from batch result, retrying individually (attempt 2/3)
2026-07-02 21:42:57 ERROR   yfinance  $SILA: possibly delisted; no price data found  (1d 2026-07-01 -> 2026-07-02)
2026-07-02 21:43:02 WARNING sepa.ingest  ingest SILA: missing from batch result, retrying individually (attempt 3/3)
2026-07-02 21:43:02 ERROR   yfinance  $SILA: possibly delisted; no price data found  (1d 2026-07-01 -> 2026-07-02)
2026-07-02 21:43:02 ERROR   sepa.ingest  ingest SILA: no price data after 3 retries — ticker will be stale
2026-07-02 21:43:02 INFO    sepa.ingest  prices incr batch 53 (start=2026-07-01): loaded=2120 skipped=2141 failed=21
2026-07-02 21:43:14 INFO    sepa.ingest  prices incr batch 54 (start=2026-07-01): loaded=2217 skipped=2144 failed=21
2026-07-02 21:43:25 INFO    sepa.ingest  prices incr batch 55 (start=2026-07-01): loaded=2317 skipped=2144 failed=21
2026-07-02 21:43:36 INFO    sepa.ingest  prices incr batch 56 (start=2026-07-01): loaded=2417 skipped=2144 failed=21
2026-07-02 21:43:47 INFO    sepa.ingest  prices incr batch 57 (start=2026-07-01): loaded=2514 skipped=2147 failed=21
2026-07-02 21:43:59 INFO    sepa.ingest  prices incr batch 58 (start=2026-07-01): loaded=2612 skipped=2149 failed=21
2026-07-02 21:44:03 ERROR   yfinance  $CEPT: possibly delisted; no price data found  (1d 2026-07-01 -> 2026-07-02)
2026-07-02 21:44:11 ERROR   yfinance  
1 Failed download:
2026-07-02 21:44:11 ERROR   yfinance  ['CEPT']: possibly delisted; no price data found  (1d 2026-07-01 -> 2026-07-02)
2026-07-02 21:44:11 WARNING sepa.ingest  ingest CEPT: missing from batch result, retrying individually (attempt 1/3)
2026-07-02 21:44:11 ERROR   yfinance  $CEPT: possibly delisted; no price data found  (1d 2026-07-01 -> 2026-07-02)
2026-07-02 21:44:16 WARNING sepa.ingest  ingest CEPT: missing from batch result, retrying individually (attempt 2/3)
2026-07-02 21:44:16 ERROR   yfinance  $CEPT: possibly delisted; no price data found  (1d 2026-07-01 -> 2026-07-02)
2026-07-02 21:44:21 WARNING sepa.ingest  ingest CEPT: missing from batch result, retrying individually (attempt 3/3)
2026-07-02 21:44:21 ERROR   yfinance  $CEPT: possibly delisted; no price data found  (1d 2026-07-01 -> 2026-07-02)
2026-07-02 21:44:21 ERROR   sepa.ingest  ingest CEPT: no price data after 3 retries — ticker will be stale
2026-07-02 21:44:21 INFO    sepa.ingest  prices incr batch 59 (start=2026-07-01): loaded=2710 skipped=2150 failed=22
2026-07-02 21:44:31 INFO    sepa.ingest  prices incr batch 60 (start=2026-07-01): loaded=2800 skipped=2157 failed=22
2026-07-02 21:44:35 ERROR   yfinance  $SKYH: possibly delisted; no price data found  (1d 2026-07-02 -> 2026-07-02)
2026-07-02 21:44:35 ERROR   yfinance  $FISN: possibly delisted; no price data found  (1d 2026-07-02 -> 2026-07-02)
2026-07-02 21:44:35 ERROR   yfinance  $FUBO: possibly delisted; no price data found  (1d 2026-07-02 -> 2026-07-02)
2026-07-02 21:44:35 ERROR   yfinance  $DPC: possibly delisted; no price data found  (1d 2026-07-02 -> 2026-07-02)
2026-07-02 21:44:35 ERROR   yfinance  $ARDT: possibly delisted; no price data found  (1d 2026-07-02 -> 2026-07-02)
2026-07-02 21:44:35 ERROR   yfinance  $CXII: possibly delisted; no price data found  (1d 2026-07-02 -> 2026-07-02)
2026-07-02 21:44:35 ERROR   yfinance  $CAES: possibly delisted; no price data found  (1d 2026-07-02 -> 2026-07-02)
2026-07-02 21:44:35 ERROR   yfinance  $GWLIF: possibly delisted; no price data found  (1d 2026-07-02 -> 2026-07-02)
2026-07-02 21:44:35 ERROR   yfinance  $SLDB: possibly delisted; no price data found  (1d 2026-07-02 -> 2026-07-02)
2026-07-02 21:44:35 ERROR   yfinance  $FCBM: possibly delisted; no price data found  (1d 2026-07-02 -> 2026-07-02)
2026-07-02 21:44:35 ERROR   yfinance  $OPFI: possibly delisted; no price data found  (1d 2026-07-02 -> 2026-07-02)
2026-07-02 21:44:35 ERROR   yfinance  $KARD: possibly delisted; no price data found  (1d 2026-07-02 -> 2026-07-02)
2026-07-02 21:44:35 ERROR   yfinance  $PD: possibly delisted; no price data found  (1d 2026-07-02 -> 2026-07-02)
2026-07-02 21:44:35 ERROR   yfinance  $MQ: possibly delisted; no price data found  (1d 2026-07-02 -> 2026-07-02)
2026-07-02 21:44:36 ERROR   yfinance  $ECHO: possibly delisted; no price data found  (1d 2026-07-02 -> 2026-07-02)
2026-07-02 21:44:36 ERROR   yfinance  $FTH: possibly delisted; no price data found  (1d 2026-07-02 -> 2026-07-02)
2026-07-02 21:44:36 ERROR   yfinance  $SIND: possibly delisted; no price data found  (1d 2026-07-02 -> 2026-07-02)
2026-07-02 21:44:36 ERROR   yfinance  $MNTN: possibly delisted; no price data found  (1d 2026-07-02 -> 2026-07-02)
2026-07-02 21:44:36 ERROR   yfinance  $ALIT: possibly delisted; no price data found  (1d 2026-07-02 -> 2026-07-02)
2026-07-02 21:44:36 ERROR   yfinance  $HAPN: possibly delisted; no price data found  (1d 2026-07-02 -> 2026-07-02)
2026-07-02 21:44:36 ERROR   yfinance  $RMAX: possibly delisted; no price data found  (1d 2026-07-02 -> 2026-07-02)
2026-07-02 21:44:36 ERROR   yfinance  
21 Failed downloads:
2026-07-02 21:44:36 ERROR   yfinance  ['SKYH', 'FISN', 'FUBO', 'DPC', 'ARDT', 'CXII', 'CAES', 'GWLIF', 'SLDB', 'FCBM', 'OPFI', 'KARD', 'PD', 'MQ', 'ECHO', 'FTH', 'SIND', 'MNTN', 'ALIT', 'HAPN', 'RMAX']: possibly delisted; no price data found  (1d 2026-07-02 -> 2026-07-02)
2026-07-02 21:44:36 WARNING sepa.ingest  ingest GWLIF: missing from batch result, retrying individually (attempt 1/3)
2026-07-02 21:44:36 ERROR   yfinance  $GWLIF: possibly delisted; no price data found  (1d 2026-07-02 -> 2026-07-02)
2026-07-02 21:44:41 WARNING sepa.ingest  ingest GWLIF: missing from batch result, retrying individually (attempt 2/3)
2026-07-02 21:44:41 ERROR   yfinance  $GWLIF: possibly delisted; no price data found  (1d 2026-07-02 -> 2026-07-02)
2026-07-02 21:44:46 WARNING sepa.ingest  ingest GWLIF: missing from batch result, retrying individually (attempt 3/3)
2026-07-02 21:44:46 ERROR   yfinance  $GWLIF: possibly delisted; no price data found  (1d 2026-07-02 -> 2026-07-02)
2026-07-02 21:44:46 ERROR   sepa.ingest  ingest GWLIF: no price data after 3 retries — ticker will be stale
2026-07-02 21:44:46 WARNING sepa.ingest  ingest ECHO: missing from batch result, retrying individually (attempt 1/3)
2026-07-02 21:44:46 ERROR   yfinance  $ECHO: possibly delisted; no price data found  (1d 2026-07-02 -> 2026-07-02)
2026-07-02 21:44:51 WARNING sepa.ingest  ingest ECHO: missing from batch result, retrying individually (attempt 2/3)
2026-07-02 21:44:51 ERROR   yfinance  $ECHO: possibly delisted; no price data found  (1d 2026-07-02 -> 2026-07-02)
2026-07-02 21:44:56 WARNING sepa.ingest  ingest ECHO: missing from batch result, retrying individually (attempt 3/3)
2026-07-02 21:44:56 ERROR   yfinance  $ECHO: possibly delisted; no price data found  (1d 2026-07-02 -> 2026-07-02)
2026-07-02 21:44:56 ERROR   sepa.ingest  ingest ECHO: no price data after 3 retries — ticker will be stale
2026-07-02 21:44:56 WARNING sepa.ingest  ingest DPC: missing from batch result, retrying individually (attempt 1/3)
2026-07-02 21:44:56 ERROR   yfinance  $DPC: possibly delisted; no price data found  (1d 2026-07-02 -> 2026-07-02)
2026-07-02 21:45:01 WARNING sepa.ingest  ingest DPC: missing from batch result, retrying individually (attempt 2/3)
2026-07-02 21:45:01 ERROR   yfinance  $DPC: possibly delisted; no price data found  (1d 2026-07-02 -> 2026-07-02)
2026-07-02 21:45:06 WARNING sepa.ingest  ingest DPC: missing from batch result, retrying individually (attempt 3/3)
2026-07-02 21:45:06 ERROR   yfinance  $DPC: possibly delisted; no price data found  (1d 2026-07-02 -> 2026-07-02)
2026-07-02 21:45:06 ERROR   sepa.ingest  ingest DPC: no price data after 3 retries — ticker will be stale
2026-07-02 21:45:06 WARNING sepa.ingest  ingest HAPN: missing from batch result, retrying individually (attempt 1/3)
2026-07-02 21:45:06 ERROR   yfinance  $HAPN: possibly delisted; no price data found  (1d 2026-07-02 -> 2026-07-02)
2026-07-02 21:45:11 WARNING sepa.ingest  ingest HAPN: missing from batch result, retrying individually (attempt 2/3)
2026-07-02 21:45:11 ERROR   yfinance  $HAPN: possibly delisted; no price data found  (1d 2026-07-02 -> 2026-07-02)
2026-07-02 21:45:16 WARNING sepa.ingest  ingest HAPN: missing from batch result, retrying individually (attempt 3/3)
2026-07-02 21:45:16 ERROR   yfinance  $HAPN: possibly delisted; no price data found  (1d 2026-07-02 -> 2026-07-02)
2026-07-02 21:45:16 ERROR   sepa.ingest  ingest HAPN: no price data after 3 retries — ticker will be stale
2026-07-02 21:45:16 WARNING sepa.ingest  ingest KARD: missing from batch result, retrying individually (attempt 1/3)
2026-07-02 21:45:16 ERROR   yfinance  $KARD: possibly delisted; no price data found  (1d 2026-07-02 -> 2026-07-02)
2026-07-02 21:45:21 WARNING sepa.ingest  ingest KARD: missing from batch result, retrying individually (attempt 2/3)
2026-07-02 21:45:21 ERROR   yfinance  $KARD: possibly delisted; no price data found  (1d 2026-07-02 -> 2026-07-02)
2026-07-02 21:45:26 WARNING sepa.ingest  ingest KARD: missing from batch result, retrying individually (attempt 3/3)
2026-07-02 21:45:26 ERROR   yfinance  $KARD: possibly delisted; no price data found  (1d 2026-07-02 -> 2026-07-02)
2026-07-02 21:45:26 ERROR   sepa.ingest  ingest KARD: no price data after 3 retries — ticker will be stale
2026-07-02 21:45:26 WARNING sepa.ingest  ingest SIND: missing from batch result, retrying individually (attempt 1/3)
2026-07-02 21:45:26 ERROR   yfinance  $SIND: possibly delisted; no price data found  (1d 2026-07-02 -> 2026-07-02)
2026-07-02 21:45:31 WARNING sepa.ingest  ingest SIND: missing from batch result, retrying individually (attempt 2/3)
2026-07-02 21:45:31 ERROR   yfinance  $SIND: possibly delisted; no price data found  (1d 2026-07-02 -> 2026-07-02)
2026-07-02 21:45:36 WARNING sepa.ingest  ingest SIND: missing from batch result, retrying individually (attempt 3/3)
2026-07-02 21:45:36 ERROR   yfinance  $SIND: possibly delisted; no price data found  (1d 2026-07-02 -> 2026-07-02)
2026-07-02 21:45:36 ERROR   sepa.ingest  ingest SIND: no price data after 3 retries — ticker will be stale
2026-07-02 21:45:36 WARNING sepa.ingest  ingest MQ: missing from batch result, retrying individually (attempt 1/3)
2026-07-02 21:45:36 ERROR   yfinance  $MQ: possibly delisted; no price data found  (1d 2026-07-02 -> 2026-07-02)
2026-07-02 21:45:41 WARNING sepa.ingest  ingest MQ: missing from batch result, retrying individually (attempt 2/3)
2026-07-02 21:45:41 ERROR   yfinance  $MQ: possibly delisted; no price data found  (1d 2026-07-02 -> 2026-07-02)
2026-07-02 21:45:46 WARNING sepa.ingest  ingest MQ: missing from batch result, retrying individually (attempt 3/3)
2026-07-02 21:45:46 ERROR   yfinance  $MQ: possibly delisted; no price data found  (1d 2026-07-02 -> 2026-07-02)
2026-07-02 21:45:46 ERROR   sepa.ingest  ingest MQ: no price data after 3 retries — ticker will be stale
2026-07-02 21:45:46 WARNING sepa.ingest  ingest OPFI: missing from batch result, retrying individually (attempt 1/3)
2026-07-02 21:45:46 ERROR   yfinance  $OPFI: possibly delisted; no price data found  (1d 2026-07-02 -> 2026-07-02)
2026-07-02 21:45:51 WARNING sepa.ingest  ingest OPFI: missing from batch result, retrying individually (attempt 2/3)
2026-07-02 21:45:51 ERROR   yfinance  $OPFI: possibly delisted; no price data found  (1d 2026-07-02 -> 2026-07-02)
2026-07-02 21:45:56 WARNING sepa.ingest  ingest OPFI: missing from batch result, retrying individually (attempt 3/3)
2026-07-02 21:45:56 ERROR   yfinance  $OPFI: possibly delisted; no price data found  (1d 2026-07-02 -> 2026-07-02)
2026-07-02 21:45:56 ERROR   sepa.ingest  ingest OPFI: no price data after 3 retries — ticker will be stale
2026-07-02 21:45:56 WARNING sepa.ingest  ingest ARDT: missing from batch result, retrying individually (attempt 1/3)
2026-07-02 21:45:56 ERROR   yfinance  $ARDT: possibly delisted; no price data found  (1d 2026-07-02 -> 2026-07-02)
2026-07-02 21:46:01 WARNING sepa.ingest  ingest ARDT: missing from batch result, retrying individually (attempt 2/3)
2026-07-02 21:46:01 ERROR   yfinance  $ARDT: possibly delisted; no price data found  (1d 2026-07-02 -> 2026-07-02)
2026-07-02 21:46:06 WARNING sepa.ingest  ingest ARDT: missing from batch result, retrying individually (attempt 3/3)
2026-07-02 21:46:06 ERROR   yfinance  $ARDT: possibly delisted; no price data found  (1d 2026-07-02 -> 2026-07-02)
2026-07-02 21:46:06 ERROR   sepa.ingest  ingest ARDT: no price data after 3 retries — ticker will be stale
2026-07-02 21:46:06 WARNING sepa.ingest  ingest SLDB: missing from batch result, retrying individually (attempt 1/3)
2026-07-02 21:46:06 ERROR   yfinance  $SLDB: possibly delisted; no price data found  (1d 2026-07-02 -> 2026-07-02)
2026-07-02 21:46:11 WARNING sepa.ingest  ingest SLDB: missing from batch result, retrying individually (attempt 2/3)
2026-07-02 21:46:11 ERROR   yfinance  $SLDB: possibly delisted; no price data found  (1d 2026-07-02 -> 2026-07-02)
2026-07-02 21:46:16 WARNING sepa.ingest  ingest SLDB: missing from batch result, retrying individually (attempt 3/3)
2026-07-02 21:46:16 ERROR   yfinance  $SLDB: possibly delisted; no price data found  (1d 2026-07-02 -> 2026-07-02)
2026-07-02 21:46:16 ERROR   sepa.ingest  ingest SLDB: no price data after 3 retries — ticker will be stale
2026-07-02 21:46:16 WARNING sepa.ingest  ingest SKYH: missing from batch result, retrying individually (attempt 1/3)
2026-07-02 21:46:16 ERROR   yfinance  $SKYH: possibly delisted; no price data found  (1d 2026-07-02 -> 2026-07-02)
2026-07-02 21:46:21 WARNING sepa.ingest  ingest SKYH: missing from batch result, retrying individually (attempt 2/3)
2026-07-02 21:46:21 ERROR   yfinance  $SKYH: possibly delisted; no price data found  (1d 2026-07-02 -> 2026-07-02)
2026-07-02 21:46:26 WARNING sepa.ingest  ingest SKYH: missing from batch result, retrying individually (attempt 3/3)
2026-07-02 21:46:26 ERROR   yfinance  $SKYH: possibly delisted; no price data found  (1d 2026-07-02 -> 2026-07-02)
2026-07-02 21:46:26 ERROR   sepa.ingest  ingest SKYH: no price data after 3 retries — ticker will be stale
2026-07-02 21:46:26 WARNING sepa.ingest  ingest PD: missing from batch result, retrying individually (attempt 1/3)
2026-07-02 21:46:26 ERROR   yfinance  $PD: possibly delisted; no price data found  (1d 2026-07-02 -> 2026-07-02)
2026-07-02 21:46:31 WARNING sepa.ingest  ingest PD: missing from batch result, retrying individually (attempt 2/3)
2026-07-02 21:46:31 ERROR   yfinance  $PD: possibly delisted; no price data found  (1d 2026-07-02 -> 2026-07-02)
2026-07-02 21:46:36 WARNING sepa.ingest  ingest PD: missing from batch result, retrying individually (attempt 3/3)
2026-07-02 21:46:36 ERROR   yfinance  $PD: possibly delisted; no price data found  (1d 2026-07-02 -> 2026-07-02)
2026-07-02 21:46:36 ERROR   sepa.ingest  ingest PD: no price data after 3 retries — ticker will be stale
2026-07-02 21:46:36 WARNING sepa.ingest  ingest MNTN: missing from batch result, retrying individually (attempt 1/3)
2026-07-02 21:46:36 ERROR   yfinance  $MNTN: possibly delisted; no price data found  (1d 2026-07-02 -> 2026-07-02)
2026-07-02 21:46:41 WARNING sepa.ingest  ingest MNTN: missing from batch result, retrying individually (attempt 2/3)
2026-07-02 21:46:41 ERROR   yfinance  $MNTN: possibly delisted; no price data found  (1d 2026-07-02 -> 2026-07-02)
2026-07-02 21:46:46 WARNING sepa.ingest  ingest MNTN: missing from batch result, retrying individually (attempt 3/3)
2026-07-02 21:46:46 ERROR   yfinance  $MNTN: possibly delisted; no price data found  (1d 2026-07-02 -> 2026-07-02)
2026-07-02 21:46:46 ERROR   sepa.ingest  ingest MNTN: no price data after 3 retries — ticker will be stale
2026-07-02 21:46:46 WARNING sepa.ingest  ingest FISN: missing from batch result, retrying individually (attempt 1/3)
2026-07-02 21:46:46 ERROR   yfinance  $FISN: possibly delisted; no price data found  (1d 2026-07-02 -> 2026-07-02)
2026-07-02 21:46:51 WARNING sepa.ingest  ingest FISN: missing from batch result, retrying individually (attempt 2/3)
2026-07-02 21:46:51 ERROR   yfinance  $FISN: possibly delisted; no price data found  (1d 2026-07-02 -> 2026-07-02)
2026-07-02 21:46:56 WARNING sepa.ingest  ingest FISN: missing from batch result, retrying individually (attempt 3/3)
2026-07-02 21:46:56 ERROR   yfinance  $FISN: possibly delisted; no price data found  (1d 2026-07-02 -> 2026-07-02)
2026-07-02 21:46:56 ERROR   sepa.ingest  ingest FISN: no price data after 3 retries — ticker will be stale
2026-07-02 21:46:56 WARNING sepa.ingest  ingest FTH: missing from batch result, retrying individually (attempt 1/3)
2026-07-02 21:46:56 ERROR   yfinance  $FTH: possibly delisted; no price data found  (1d 2026-07-02 -> 2026-07-02)
2026-07-02 21:47:01 WARNING sepa.ingest  ingest FTH: missing from batch result, retrying individually (attempt 2/3)
2026-07-02 21:47:01 ERROR   yfinance  $FTH: possibly delisted; no price data found  (1d 2026-07-02 -> 2026-07-02)
2026-07-02 21:47:06 WARNING sepa.ingest  ingest FTH: missing from batch result, retrying individually (attempt 3/3)
2026-07-02 21:47:06 ERROR   yfinance  $FTH: possibly delisted; no price data found  (1d 2026-07-02 -> 2026-07-02)
2026-07-02 21:47:06 ERROR   sepa.ingest  ingest FTH: no price data after 3 retries — ticker will be stale
2026-07-02 21:47:06 WARNING sepa.ingest  ingest CXII: missing from batch result, retrying individually (attempt 1/3)
2026-07-02 21:47:06 ERROR   yfinance  $CXII: possibly delisted; no price data found  (1d 2026-07-02 -> 2026-07-02)
2026-07-02 21:47:11 WARNING sepa.ingest  ingest CXII: missing from batch result, retrying individually (attempt 2/3)
2026-07-02 21:47:11 ERROR   yfinance  $CXII: possibly delisted; no price data found  (1d 2026-07-02 -> 2026-07-02)
2026-07-02 21:47:16 WARNING sepa.ingest  ingest CXII: missing from batch result, retrying individually (attempt 3/3)
2026-07-02 21:47:16 ERROR   yfinance  $CXII: possibly delisted; no price data found  (1d 2026-07-02 -> 2026-07-02)
2026-07-02 21:47:16 ERROR   sepa.ingest  ingest CXII: no price data after 3 retries — ticker will be stale
2026-07-02 21:47:16 WARNING sepa.ingest  ingest RMAX: missing from batch result, retrying individually (attempt 1/3)
2026-07-02 21:47:16 ERROR   yfinance  $RMAX: possibly delisted; no price data found  (1d 2026-07-02 -> 2026-07-02)
2026-07-02 21:47:21 WARNING sepa.ingest  ingest RMAX: missing from batch result, retrying individually (attempt 2/3)
2026-07-02 21:47:21 ERROR   yfinance  $RMAX: possibly delisted; no price data found  (1d 2026-07-02 -> 2026-07-02)
2026-07-02 21:47:26 WARNING sepa.ingest  ingest RMAX: missing from batch result, retrying individually (attempt 3/3)
2026-07-02 21:47:26 ERROR   yfinance  $RMAX: possibly delisted; no price data found  (1d 2026-07-02 -> 2026-07-02)
2026-07-02 21:47:26 ERROR   sepa.ingest  ingest RMAX: no price data after 3 retries — ticker will be stale
2026-07-02 21:47:26 WARNING sepa.ingest  ingest FCBM: missing from batch result, retrying individually (attempt 1/3)
2026-07-02 21:47:26 ERROR   yfinance  $FCBM: possibly delisted; no price data found  (1d 2026-07-02 -> 2026-07-02)
2026-07-02 21:47:31 WARNING sepa.ingest  ingest FCBM: missing from batch result, retrying individually (attempt 2/3)
2026-07-02 21:47:31 ERROR   yfinance  $FCBM: possibly delisted; no price data found  (1d 2026-07-02 -> 2026-07-02)
2026-07-02 21:47:36 WARNING sepa.ingest  ingest FCBM: missing from batch result, retrying individually (attempt 3/3)
2026-07-02 21:47:36 ERROR   yfinance  $FCBM: possibly delisted; no price data found  (1d 2026-07-02 -> 2026-07-02)
2026-07-02 21:47:36 ERROR   sepa.ingest  ingest FCBM: no price data after 3 retries — ticker will be stale
2026-07-02 21:47:36 WARNING sepa.ingest  ingest CAES: missing from batch result, retrying individually (attempt 1/3)
2026-07-02 21:47:36 ERROR   yfinance  $CAES: possibly delisted; no price data found  (1d 2026-07-02 -> 2026-07-02)
2026-07-02 21:47:41 WARNING sepa.ingest  ingest CAES: missing from batch result, retrying individually (attempt 2/3)
2026-07-02 21:47:41 ERROR   yfinance  $CAES: possibly delisted; no price data found  (1d 2026-07-02 -> 2026-07-02)
2026-07-02 21:47:46 WARNING sepa.ingest  ingest CAES: missing from batch result, retrying individually (attempt 3/3)
2026-07-02 21:47:46 ERROR   yfinance  $CAES: possibly delisted; no price data found  (1d 2026-07-02 -> 2026-07-02)
2026-07-02 21:47:46 ERROR   sepa.ingest  ingest CAES: no price data after 3 retries — ticker will be stale
2026-07-02 21:47:46 WARNING sepa.ingest  ingest ALIT: missing from batch result, retrying individually (attempt 1/3)
2026-07-02 21:47:46 ERROR   yfinance  $ALIT: possibly delisted; no price data found  (1d 2026-07-02 -> 2026-07-02)
2026-07-02 21:47:51 WARNING sepa.ingest  ingest ALIT: missing from batch result, retrying individually (attempt 2/3)
2026-07-02 21:47:51 ERROR   yfinance  $ALIT: possibly delisted; no price data found  (1d 2026-07-02 -> 2026-07-02)
2026-07-02 21:47:56 WARNING sepa.ingest  ingest ALIT: missing from batch result, retrying individually (attempt 3/3)
2026-07-02 21:47:56 ERROR   yfinance  $ALIT: possibly delisted; no price data found  (1d 2026-07-02 -> 2026-07-02)
2026-07-02 21:47:56 ERROR   sepa.ingest  ingest ALIT: no price data after 3 retries — ticker will be stale
2026-07-02 21:47:56 WARNING sepa.ingest  ingest FUBO: missing from batch result, retrying individually (attempt 1/3)
2026-07-02 21:47:56 ERROR   yfinance  $FUBO: possibly delisted; no price data found  (1d 2026-07-02 -> 2026-07-02)
2026-07-02 21:48:01 WARNING sepa.ingest  ingest FUBO: missing from batch result, retrying individually (attempt 2/3)
2026-07-02 21:48:01 ERROR   yfinance  $FUBO: possibly delisted; no price data found  (1d 2026-07-02 -> 2026-07-02)
2026-07-02 21:48:06 WARNING sepa.ingest  ingest FUBO: missing from batch result, retrying individually (attempt 3/3)
2026-07-02 21:48:06 ERROR   yfinance  $FUBO: possibly delisted; no price data found  (1d 2026-07-02 -> 2026-07-02)
2026-07-02 21:48:06 ERROR   sepa.ingest  ingest FUBO: no price data after 3 retries — ticker will be stale
2026-07-02 21:48:06 INFO    sepa.ingest  prices incr batch 61 (start=2026-07-02): loaded=2800 skipped=2157 failed=43
2026-07-02 21:48:09 INFO    sepa.ingest  prices total: loaded=2800 skipped=2157 failed=43
2026-07-02 21:48:09 WARNING sepa.ingest  ingest: auto-deactivated 1 tickers after 3 consecutive yfinance failures: ['WHK']
2026-07-02 21:48:10 WARNING sepa.ingest  STALE PRICE DATA: AIOS last updated 2026-06-17 — may produce missed signals
2026-07-02 21:48:10 WARNING sepa.ingest  STALE PRICE DATA: AMEGF last updated never — may produce missed signals
2026-07-02 21:48:10 WARNING sepa.ingest  STALE PRICE DATA: AMSS last updated never — may produce missed signals
2026-07-02 21:48:10 WARNING sepa.ingest  STALE PRICE DATA: ARSMF last updated never — may produce missed signals
2026-07-02 21:48:10 WARNING sepa.ingest  STALE PRICE DATA: ASRT last updated 2026-06-15 — may produce missed signals
2026-07-02 21:48:10 WARNING sepa.ingest  STALE PRICE DATA: ASTC last updated 2026-06-18 — may produce missed signals
2026-07-02 21:48:10 WARNING sepa.ingest  STALE PRICE DATA: ATAC last updated never — may produce missed signals
2026-07-02 21:48:10 WARNING sepa.ingest  STALE PRICE DATA: BEAT last updated never — may produce missed signals
2026-07-02 21:48:10 WARNING sepa.ingest  STALE PRICE DATA: BIOT last updated never — may produce missed signals
2026-07-02 21:48:10 WARNING sepa.ingest  STALE PRICE DATA: BREZ last updated never — may produce missed signals
2026-07-02 21:48:10 WARNING sepa.ingest  STALE PRICE DATA: CGCT last updated 2026-06-05 — may produce missed signals
2026-07-02 21:48:10 WARNING sepa.ingest  STALE PRICE DATA: CPOP last updated never — may produce missed signals
2026-07-02 21:48:10 WARNING sepa.ingest  STALE PRICE DATA: CRMT last updated never — may produce missed signals
2026-07-02 21:48:10 WARNING sepa.ingest  STALE PRICE DATA: CRSF last updated never — may produce missed signals
2026-07-02 21:48:10 WARNING sepa.ingest  STALE PRICE DATA: DCX last updated never — may produce missed signals
2026-07-02 21:48:10 WARNING sepa.ingest  STALE PRICE DATA: ESLA last updated never — may produce missed signals
2026-07-02 21:48:10 WARNING sepa.ingest  STALE PRICE DATA: EYUBY last updated never — may produce missed signals
2026-07-02 21:48:10 WARNING sepa.ingest  STALE PRICE DATA: FNGR last updated never — may produce missed signals
2026-07-02 21:48:10 WARNING sepa.ingest  STALE PRICE DATA: FUEMF last updated never — may produce missed signals
2026-07-02 21:48:10 WARNING sepa.ingest  STALE PRICE DATA: GDSRF last updated never — may produce missed signals
2026-07-02 21:48:10 WARNING sepa.ingest  STALE PRICE DATA: GLASF last updated 2026-06-26 — may produce missed signals
2026-07-02 21:48:10 WARNING sepa.ingest  STALE PRICE DATA: GLXZ last updated never — may produce missed signals
2026-07-02 21:48:10 WARNING sepa.ingest  STALE PRICE DATA: GNS last updated never — may produce missed signals
2026-07-02 21:48:10 WARNING sepa.ingest  STALE PRICE DATA: GNTA last updated never — may produce missed signals
2026-07-02 21:48:10 WARNING sepa.ingest  STALE PRICE DATA: HLEO last updated never — may produce missed signals
2026-07-02 21:48:10 WARNING sepa.ingest  STALE PRICE DATA: HSPT last updated never — may produce missed signals
2026-07-02 21:48:10 WARNING sepa.ingest  STALE PRICE DATA: HTCO last updated never — may produce missed signals
2026-07-02 21:48:10 WARNING sepa.ingest  STALE PRICE DATA: ICG last updated never — may produce missed signals
2026-07-02 21:48:10 WARNING sepa.ingest  STALE PRICE DATA: INLF last updated never — may produce missed signals
2026-07-02 21:48:10 WARNING sepa.ingest  STALE PRICE DATA: IXAQF last updated never — may produce missed signals
2026-07-02 21:48:10 WARNING sepa.ingest  STALE PRICE DATA: JMG last updated never — may produce missed signals
2026-07-02 21:48:10 WARNING sepa.ingest  STALE PRICE DATA: KALV last updated 2026-06-12 — may produce missed signals
2026-07-02 21:48:10 WARNING sepa.ingest  STALE PRICE DATA: KW last updated 2026-06-15 — may produce missed signals
2026-07-02 21:48:10 WARNING sepa.ingest  STALE PRICE DATA: LEGT last updated never — may produce missed signals
2026-07-02 21:48:10 WARNING sepa.ingest  STALE PRICE DATA: LOOP last updated never — may produce missed signals
2026-07-02 21:48:10 WARNING sepa.ingest  STALE PRICE DATA: MASI last updated 2026-06-12 — may produce missed signals
2026-07-02 21:48:10 WARNING sepa.ingest  STALE PRICE DATA: MATH last updated never — may produce missed signals
2026-07-02 21:48:10 WARNING sepa.ingest  STALE PRICE DATA: MGX last updated never — may produce missed signals
2026-07-02 21:48:10 WARNING sepa.ingest  STALE PRICE DATA: MHUBF last updated never — may produce missed signals
2026-07-02 21:48:10 WARNING sepa.ingest  STALE PRICE DATA: MIND last updated never — may produce missed signals
2026-07-02 21:48:10 WARNING sepa.ingest  STALE PRICE DATA: MLAC last updated never — may produce missed signals
2026-07-02 21:48:10 WARNING sepa.ingest  STALE PRICE DATA: NA last updated never — may produce missed signals
2026-07-02 21:48:10 WARNING sepa.ingest  STALE PRICE DATA: NCI last updated 2026-06-17 — may produce missed signals
2026-07-02 21:48:10 WARNING sepa.ingest  STALE PRICE DATA: NTCL last updated never — may produce missed signals
2026-07-02 21:48:10 WARNING sepa.ingest  STALE PRICE DATA: OPTN last updated never — may produce missed signals
2026-07-02 21:48:10 WARNING sepa.ingest  STALE PRICE DATA: PBK last updated never — may produce missed signals
2026-07-02 21:48:10 WARNING sepa.ingest  STALE PRICE DATA: PLNH last updated never — may produce missed signals
2026-07-02 21:48:10 WARNING sepa.ingest  STALE PRICE DATA: PLUT last updated never — may produce missed signals
2026-07-02 21:48:10 WARNING sepa.ingest  STALE PRICE DATA: PPSI last updated never — may produce missed signals
2026-07-02 21:48:10 WARNING sepa.ingest  STALE PRICE DATA: PXS last updated never — may produce missed signals
2026-07-02 21:48:10 WARNING sepa.ingest  STALE PRICE DATA: QUCY last updated never — may produce missed signals
2026-07-02 21:48:10 WARNING sepa.ingest  STALE PRICE DATA: RCON last updated never — may produce missed signals
2026-07-02 21:48:10 WARNING sepa.ingest  STALE PRICE DATA: RUPRF last updated never — may produce missed signals
2026-07-02 21:48:10 WARNING sepa.ingest  STALE PRICE DATA: SACH last updated never — may produce missed signals
2026-07-02 21:48:10 WARNING sepa.ingest  STALE PRICE DATA: SCAG last updated never — may produce missed signals
2026-07-02 21:48:10 WARNING sepa.ingest  STALE PRICE DATA: SCVL last updated 2026-06-18 — may produce missed signals
2026-07-02 21:48:10 WARNING sepa.ingest  STALE PRICE DATA: SENEB last updated never — may produce missed signals
2026-07-02 21:48:10 WARNING sepa.ingest  STALE PRICE DATA: SJ last updated never — may produce missed signals
2026-07-02 21:48:10 WARNING sepa.ingest  STALE PRICE DATA: SKBL last updated never — may produce missed signals
2026-07-02 21:48:10 WARNING sepa.ingest  STALE PRICE DATA: STKE last updated never — may produce missed signals
2026-07-02 21:48:10 WARNING sepa.ingest  STALE PRICE DATA: TCGL last updated 2026-06-12 — may produce missed signals
2026-07-02 21:48:10 WARNING sepa.ingest  STALE PRICE DATA: TCNNF last updated 2026-06-19 — may produce missed signals
2026-07-02 21:48:10 WARNING sepa.ingest  STALE PRICE DATA: TIHRF last updated never — may produce missed signals
2026-07-02 21:48:10 WARNING sepa.ingest  STALE PRICE DATA: TINFF last updated never — may produce missed signals
2026-07-02 21:48:10 WARNING sepa.ingest  STALE PRICE DATA: TJGC last updated never — may produce missed signals
2026-07-02 21:48:10 WARNING sepa.ingest  STALE PRICE DATA: TKRFF last updated never — may produce missed signals
2026-07-02 21:48:10 WARNING sepa.ingest  STALE PRICE DATA: TRGEF last updated never — may produce missed signals
2026-07-02 21:48:10 WARNING sepa.ingest  STALE PRICE DATA: TVGN last updated 2026-06-15 — may produce missed signals
2026-07-02 21:48:10 WARNING sepa.ingest  STALE PRICE DATA: USEG last updated never — may produce missed signals
2026-07-02 21:48:10 WARNING sepa.ingest  STALE PRICE DATA: VACH last updated never — may produce missed signals
2026-07-02 21:48:10 WARNING sepa.ingest  STALE PRICE DATA: XOS last updated never — may produce missed signals
2026-07-02 21:48:10 WARNING sepa.ingest  STALE PRICE DATA: ZDGE last updated never — may produce missed signals
2026-07-02 21:48:11 INFO    sepa.ingest  fundamentals: 0/5000 done
2026-07-02 21:49:35 INFO    sepa.ingest  fundamentals: 100/5000 done
2026-07-02 21:50:33 WARNING sepa.ingest  MNST: sales all-zero despite eps data present — possible EDGAR date mismatch
2026-07-02 21:51:01 INFO    sepa.ingest  fundamentals: 200/5000 done
2026-07-02 21:52:18 WARNING sepa.ingest  TFC: sales all-zero despite eps data present — possible EDGAR date mismatch
2026-07-02 21:52:31 INFO    sepa.ingest  fundamentals: 300/5000 done
2026-07-02 21:52:59 WARNING sepa.ingest  XEL: sales all-zero despite eps data present — possible EDGAR date mismatch
2026-07-02 21:53:43 WARNING sepa.ingest  RVMD: sales all-zero despite eps data present — possible EDGAR date mismatch
2026-07-02 21:53:47 INFO    sepa.ingest  fundamentals: 400/5000 done
2026-07-02 21:54:03 WARNING sepa.ingest  WAT revenue date fuzzy matched 2025-03-31 → 2025-03-29 (2 day delta)
2026-07-02 21:54:03 WARNING sepa.ingest  WAT net_income date fuzzy matched 2025-03-31 → 2025-03-29 (2 day delta)
2026-07-02 21:54:03 WARNING sepa.ingest  WAT equity date fuzzy matched 2025-03-31 → 2025-03-29 (2 day delta)
2026-07-02 21:54:03 WARNING sepa.ingest  WAT net_income date fuzzy matched 2025-06-30 → 2025-06-28 (2 day delta)
2026-07-02 21:54:03 WARNING sepa.ingest  WAT equity date fuzzy matched 2025-06-30 → 2025-06-28 (2 day delta)
2026-07-02 21:54:03 WARNING sepa.ingest  WAT net_income date fuzzy matched 2025-09-30 → 2025-09-27 (3 day delta)
2026-07-02 21:54:03 WARNING sepa.ingest  WAT equity date fuzzy matched 2025-09-30 → 2025-09-27 (3 day delta)
2026-07-02 21:54:11 WARNING sepa.ingest  HSY: sales all-zero despite eps data present — possible EDGAR date mismatch
2026-07-02 21:54:36 WARNING sepa.ingest  DTE: sales all-zero despite eps data present — possible EDGAR date mismatch
2026-07-02 21:55:10 INFO    sepa.ingest  fundamentals: 500/5000 done
2026-07-02 21:55:39 WARNING sepa.ingest  EQR: sales all-zero despite eps data present — possible EDGAR date mismatch
2026-07-02 21:55:45 WARNING sepa.ingest  RF: sales all-zero despite eps data present — possible EDGAR date mismatch
2026-07-02 21:55:49 WARNING sepa.ingest  SYF: sales all-zero despite eps data present — possible EDGAR date mismatch
2026-07-02 21:56:27 INFO    sepa.ingest  fundamentals: 600/5000 done
2026-07-02 21:56:28 WARNING sepa.ingest  FWONA: sales all-zero despite eps data present — possible EDGAR date mismatch
2026-07-02 21:57:49 WARNING sepa.ingest  EWBC: sales all-zero despite eps data present — possible EDGAR date mismatch
2026-07-02 21:58:01 INFO    sepa.ingest  fundamentals: 700/5000 done
2026-07-02 21:58:24 WARNING sepa.ingest  NLY: sales all-zero despite eps data present — possible EDGAR date mismatch
2026-07-02 21:58:43 WARNING sepa.ingest  PNFP: sales all-zero despite eps data present — possible EDGAR date mismatch
2026-07-02 21:58:44 WARNING sepa.ingest  CFNB: sales all-zero despite eps data present — possible EDGAR date mismatch
2026-07-02 21:59:14 WARNING sepa.ingest  WMG: sales all-zero despite eps data present — possible EDGAR date mismatch
2026-07-02 21:59:26 INFO    sepa.ingest  fundamentals: 800/5000 done
2026-07-02 21:59:27 WARNING sepa.ingest  AMH: sales all-zero despite eps data present — possible EDGAR date mismatch
2026-07-02 21:59:46 WARNING sepa.ingest  ARCC: sales all-zero despite eps data present — possible EDGAR date mismatch
2026-07-02 22:00:15 WARNING sepa.ingest  AGNC: sales all-zero despite eps data present — possible EDGAR date mismatch
