2026-06-26 14:45:02 INFO    sepa  log file: C:\Users\lathe\sepa-signals\data\logs\2026-06-26\14-45-02-intraday\sepa.log
2026-06-26 14:45:02 INFO    sepa.intraday  intraday scan: 694 tickers in ['Buy Alert', 'Momentum', 'Potential Buy', 'Watch']
2026-06-26 14:45:05 INFO    sepa.intraday  intraday alert UNH: close=421.07 pivot=409.25 vol_ratio=2.17
2026-06-26 14:45:37 ERROR   sepa.intraday  intraday PANW: unhandled error
Traceback (most recent call last):
  File "C:\Users\lathe\sepa-signals\.venv\Lib\site-packages\urllib3\connectionpool.py", line 464, in _make_request
    self._validate_conn(conn)
    ~~~~~~~~~~~~~~~~~~~^^^^^^
  File "C:\Users\lathe\sepa-signals\.venv\Lib\site-packages\urllib3\connectionpool.py", line 1106, in _validate_conn
    conn.connect()
    ~~~~~~~~~~~~^^
  File "C:\Users\lathe\sepa-signals\.venv\Lib\site-packages\urllib3\connection.py", line 796, in connect
    sock_and_verified = _ssl_wrap_socket_and_match_hostname(
        sock=sock,
    ...<14 lines>...
        assert_fingerprint=self.assert_fingerprint,
    )
  File "C:\Users\lathe\sepa-signals\.venv\Lib\site-packages\urllib3\connection.py", line 975, in _ssl_wrap_socket_and_match_hostname
    ssl_sock = ssl_wrap_socket(
        sock=sock,
    ...<8 lines>...
        tls_in_tls=tls_in_tls,
    )
  File "C:\Users\lathe\sepa-signals\.venv\Lib\site-packages\urllib3\util\ssl_.py", line 433, in ssl_wrap_socket
    ssl_sock = _ssl_wrap_socket_impl(sock, context, tls_in_tls, server_hostname)
  File "C:\Users\lathe\sepa-signals\.venv\Lib\site-packages\urllib3\util\ssl_.py", line 477, in _ssl_wrap_socket_impl
    return ssl_context.wrap_socket(sock, server_hostname=server_hostname)
           ~~~~~~~~~~~~~~~~~~~~~~~^^^^^^^^^^^^^^^^^^^^^^^^^^^^^^^^^^^^^^^
  File "C:\Users\lathe\AppData\Local\Python\pythoncore-3.14-64\Lib\ssl.py", line 455, in wrap_socket
    return self.sslsocket_class._create(
           ~~~~~~~~~~~~~~~~~~~~~~~~~~~~^
        sock=sock,
        ^^^^^^^^^^
    ...<5 lines>...
        session=session
        ^^^^^^^^^^^^^^^
    )
    ^
  File "C:\Users\lathe\AppData\Local\Python\pythoncore-3.14-64\Lib\ssl.py", line 1076, in _create
    self.do_handshake()
    ~~~~~~~~~~~~~~~~~^^
  File "C:\Users\lathe\AppData\Local\Python\pythoncore-3.14-64\Lib\ssl.py", line 1372, in do_handshake
    self._sslobj.do_handshake()
    ~~~~~~~~~~~~~~~~~~~~~~~~~^^
TimeoutError: _ssl.c:1063: The handshake operation timed out

The above exception was the direct cause of the following exception:

Traceback (most recent call last):
  File "C:\Users\lathe\sepa-signals\.venv\Lib\site-packages\requests\adapters.py", line 696, in send
    resp = conn.urlopen(
        method=request.method,
    ...<9 lines>...
        chunked=chunked,
    )
  File "C:\Users\lathe\sepa-signals\.venv\Lib\site-packages\urllib3\connectionpool.py", line 842, in urlopen
    retries = retries.increment(
        method, url, error=new_e, _pool=self, _stacktrace=sys.exc_info()[2]
    )
  File "C:\Users\lathe\sepa-signals\.venv\Lib\site-packages\urllib3\util\retry.py", line 498, in increment
    raise reraise(type(error), error, _stacktrace)
          ~~~~~~~^^^^^^^^^^^^^^^^^^^^^^^^^^^^^^^^^
  File "C:\Users\lathe\sepa-signals\.venv\Lib\site-packages\urllib3\util\util.py", line 39, in reraise
    raise value
  File "C:\Users\lathe\sepa-signals\.venv\Lib\site-packages\urllib3\connectionpool.py", line 788, in urlopen
    response = self._make_request(
        conn,
    ...<10 lines>...
        **response_kw,
    )
  File "C:\Users\lathe\sepa-signals\.venv\Lib\site-packages\urllib3\connectionpool.py", line 488, in _make_request
    raise new_e
  File "C:\Users\lathe\sepa-signals\.venv\Lib\site-packages\urllib3\connectionpool.py", line 466, in _make_request
    self._raise_timeout(err=e, url=url, timeout_value=conn.timeout)
    ~~~~~~~~~~~~~~~~~~~^^^^^^^^^^^^^^^^^^^^^^^^^^^^^^^^^^^^^^^^^^^^
  File "C:\Users\lathe\sepa-signals\.venv\Lib\site-packages\urllib3\connectionpool.py", line 367, in _raise_timeout
    raise ReadTimeoutError(
        self, url, f"Read timed out. (read timeout={timeout_value})"
    ) from err
urllib3.exceptions.ReadTimeoutError: HTTPSConnectionPool(host='api.telegram.org', port=443): Read timed out. (read timeout=30)

During handling of the above exception, another exception occurred:

Traceback (most recent call last):
  File "C:\Users\lathe\sepa-signals\sepa\run_intraday.py", line 194, in run_intraday
    alerter.send(C.TELEGRAM_TOKEN, C.TELEGRAM_CHAT_ID, msg)
    ~~~~~~~~~~~~^^^^^^^^^^^^^^^^^^^^^^^^^^^^^^^^^^^^^^^^^^^
  File "C:\Users\lathe\sepa-signals\sepa\alerter.py", line 156, in send
    r = requests.post(f"https://api.telegram.org/bot{token}/sendMessage",
                      data={"chat_id": chat_id, "text": text, "parse_mode": "Markdown"},
                      timeout=30)
  File "C:\Users\lathe\sepa-signals\.venv\Lib\site-packages\requests\api.py", line 134, in post
    return request("post", url, data=data, json=json, **kwargs)
  File "C:\Users\lathe\sepa-signals\.venv\Lib\site-packages\requests\api.py", line 71, in request
    return session.request(method=method, url=url, **kwargs)
           ~~~~~~~~~~~~~~~^^^^^^^^^^^^^^^^^^^^^^^^^^^^^^^^^^
  File "C:\Users\lathe\sepa-signals\.venv\Lib\site-packages\requests\sessions.py", line 651, in request
    resp = self.send(prep, **send_kwargs)
  File "C:\Users\lathe\sepa-signals\.venv\Lib\site-packages\requests\sessions.py", line 784, in send
    r = adapter.send(request, **kwargs)
  File "C:\Users\lathe\sepa-signals\.venv\Lib\site-packages\requests\adapters.py", line 742, in send
    raise ReadTimeout(e, request=request)
requests.exceptions.ReadTimeout: HTTPSConnectionPool(host='api.telegram.org', port=443): Read timed out. (read timeout=30)
2026-06-26 14:45:40 INFO    sepa.intraday  intraday alert ALAB: close=379.82 pivot=363.54 vol_ratio=2.15
2026-06-26 14:45:50 ERROR   yfinance  $AAL: possibly delisted; no price data found  (period=1d)
2026-06-26 14:45:50 ERROR   yfinance  
1 Failed download:
2026-06-26 14:45:50 ERROR   yfinance  ['AAL']: possibly delisted; no price data found  (period=1d)
2026-06-26 14:45:53 INFO    sepa.intraday  intraday alert CYTK: close=82.99 pivot=81.20 vol_ratio=1.76
2026-06-26 14:46:00 INFO    sepa.intraday  intraday alert AIR: close=139.16 pivot=134.88 vol_ratio=2.06
2026-06-26 14:46:12 INFO    sepa.intraday  intraday alert NESR: close=27.58 pivot=26.50 vol_ratio=3.08
2026-06-26 14:46:14 INFO    sepa.intraday  intraday alert AYA: close=18.85 pivot=18.47 vol_ratio=5.22
2026-06-26 14:46:14 ERROR   yfinance  $CHRN: possibly delisted; no price data found  (period=1d)
2026-06-26 14:46:14 ERROR   yfinance  
1 Failed download:
2026-06-26 14:46:14 ERROR   yfinance  ['CHRN']: possibly delisted; no price data found  (period=1d)
2026-06-26 14:46:16 ERROR   yfinance  $TH: possibly delisted; no price data found  (period=1d)
2026-06-26 14:46:16 ERROR   yfinance  
1 Failed download:
2026-06-26 14:46:16 ERROR   yfinance  ['TH']: possibly delisted; no price data found  (period=1d)
2026-06-26 14:46:33 INFO    sepa.intraday  intraday alert FTRE: close=17.33 pivot=17.02 vol_ratio=2.34
2026-06-26 14:47:08 ERROR   sepa.intraday  intraday AMN: unhandled error
Traceback (most recent call last):
  File "C:\Users\lathe\sepa-signals\.venv\Lib\site-packages\urllib3\connectionpool.py", line 464, in _make_request
    self._validate_conn(conn)
    ~~~~~~~~~~~~~~~~~~~^^^^^^
  File "C:\Users\lathe\sepa-signals\.venv\Lib\site-packages\urllib3\connectionpool.py", line 1106, in _validate_conn
    conn.connect()
    ~~~~~~~~~~~~^^
  File "C:\Users\lathe\sepa-signals\.venv\Lib\site-packages\urllib3\connection.py", line 796, in connect
    sock_and_verified = _ssl_wrap_socket_and_match_hostname(
        sock=sock,
    ...<14 lines>...
        assert_fingerprint=self.assert_fingerprint,
    )
  File "C:\Users\lathe\sepa-signals\.venv\Lib\site-packages\urllib3\connection.py", line 975, in _ssl_wrap_socket_and_match_hostname
    ssl_sock = ssl_wrap_socket(
        sock=sock,
    ...<8 lines>...
        tls_in_tls=tls_in_tls,
    )
  File "C:\Users\lathe\sepa-signals\.venv\Lib\site-packages\urllib3\util\ssl_.py", line 433, in ssl_wrap_socket
    ssl_sock = _ssl_wrap_socket_impl(sock, context, tls_in_tls, server_hostname)
  File "C:\Users\lathe\sepa-signals\.venv\Lib\site-packages\urllib3\util\ssl_.py", line 477, in _ssl_wrap_socket_impl
    return ssl_context.wrap_socket(sock, server_hostname=server_hostname)
           ~~~~~~~~~~~~~~~~~~~~~~~^^^^^^^^^^^^^^^^^^^^^^^^^^^^^^^^^^^^^^^
  File "C:\Users\lathe\AppData\Local\Python\pythoncore-3.14-64\Lib\ssl.py", line 455, in wrap_socket
    return self.sslsocket_class._create(
           ~~~~~~~~~~~~~~~~~~~~~~~~~~~~^
        sock=sock,
        ^^^^^^^^^^
    ...<5 lines>...
        session=session
        ^^^^^^^^^^^^^^^
    )
    ^
  File "C:\Users\lathe\AppData\Local\Python\pythoncore-3.14-64\Lib\ssl.py", line 1076, in _create
    self.do_handshake()
    ~~~~~~~~~~~~~~~~~^^
  File "C:\Users\lathe\AppData\Local\Python\pythoncore-3.14-64\Lib\ssl.py", line 1372, in do_handshake
    self._sslobj.do_handshake()
    ~~~~~~~~~~~~~~~~~~~~~~~~~^^
TimeoutError: _ssl.c:1063: The handshake operation timed out

The above exception was the direct cause of the following exception:

Traceback (most recent call last):
  File "C:\Users\lathe\sepa-signals\.venv\Lib\site-packages\requests\adapters.py", line 696, in send
    resp = conn.urlopen(
        method=request.method,
    ...<9 lines>...
        chunked=chunked,
    )
  File "C:\Users\lathe\sepa-signals\.venv\Lib\site-packages\urllib3\connectionpool.py", line 842, in urlopen
    retries = retries.increment(
        method, url, error=new_e, _pool=self, _stacktrace=sys.exc_info()[2]
    )
  File "C:\Users\lathe\sepa-signals\.venv\Lib\site-packages\urllib3\util\retry.py", line 498, in increment
    raise reraise(type(error), error, _stacktrace)
          ~~~~~~~^^^^^^^^^^^^^^^^^^^^^^^^^^^^^^^^^
  File "C:\Users\lathe\sepa-signals\.venv\Lib\site-packages\urllib3\util\util.py", line 39, in reraise
    raise value
  File "C:\Users\lathe\sepa-signals\.venv\Lib\site-packages\urllib3\connectionpool.py", line 788, in urlopen
    response = self._make_request(
        conn,
    ...<10 lines>...
        **response_kw,
    )
  File "C:\Users\lathe\sepa-signals\.venv\Lib\site-packages\urllib3\connectionpool.py", line 488, in _make_request
    raise new_e
  File "C:\Users\lathe\sepa-signals\.venv\Lib\site-packages\urllib3\connectionpool.py", line 466, in _make_request
    self._raise_timeout(err=e, url=url, timeout_value=conn.timeout)
    ~~~~~~~~~~~~~~~~~~~^^^^^^^^^^^^^^^^^^^^^^^^^^^^^^^^^^^^^^^^^^^^
  File "C:\Users\lathe\sepa-signals\.venv\Lib\site-packages\urllib3\connectionpool.py", line 367, in _raise_timeout
    raise ReadTimeoutError(
        self, url, f"Read timed out. (read timeout={timeout_value})"
    ) from err
urllib3.exceptions.ReadTimeoutError: HTTPSConnectionPool(host='api.telegram.org', port=443): Read timed out. (read timeout=30)

During handling of the above exception, another exception occurred:

Traceback (most recent call last):
  File "C:\Users\lathe\sepa-signals\sepa\run_intraday.py", line 194, in run_intraday
    alerter.send(C.TELEGRAM_TOKEN, C.TELEGRAM_CHAT_ID, msg)
    ~~~~~~~~~~~~^^^^^^^^^^^^^^^^^^^^^^^^^^^^^^^^^^^^^^^^^^^
  File "C:\Users\lathe\sepa-signals\sepa\alerter.py", line 156, in send
    r = requests.post(f"https://api.telegram.org/bot{token}/sendMessage",
                      data={"chat_id": chat_id, "text": text, "parse_mode": "Markdown"},
                      timeout=30)
  File "C:\Users\lathe\sepa-signals\.venv\Lib\site-packages\requests\api.py", line 134, in post
    return request("post", url, data=data, json=json, **kwargs)
  File "C:\Users\lathe\sepa-signals\.venv\Lib\site-packages\requests\api.py", line 71, in request
    return session.request(method=method, url=url, **kwargs)
           ~~~~~~~~~~~~~~~^^^^^^^^^^^^^^^^^^^^^^^^^^^^^^^^^^
  File "C:\Users\lathe\sepa-signals\.venv\Lib\site-packages\requests\sessions.py", line 651, in request
    resp = self.send(prep, **send_kwargs)
  File "C:\Users\lathe\sepa-signals\.venv\Lib\site-packages\requests\sessions.py", line 784, in send
    r = adapter.send(request, **kwargs)
  File "C:\Users\lathe\sepa-signals\.venv\Lib\site-packages\requests\adapters.py", line 742, in send
    raise ReadTimeout(e, request=request)
requests.exceptions.ReadTimeout: HTTPSConnectionPool(host='api.telegram.org', port=443): Read timed out. (read timeout=30)
2026-06-26 14:47:10 INFO    sepa.intraday  intraday alert PLOW: close=52.88 pivot=50.74 vol_ratio=1.67
2026-06-26 14:47:13 INFO    sepa.intraday  intraday alert ALOY: close=14.45 pivot=14.17 vol_ratio=4.88
2026-06-26 14:47:13 ERROR   yfinance  $BALY: possibly delisted; no price data found  (period=1d)
2026-06-26 14:47:13 ERROR   yfinance  
1 Failed download:
2026-06-26 14:47:13 ERROR   yfinance  ['BALY']: possibly delisted; no price data found  (period=1d)
2026-06-26 14:47:18 INFO    sepa.intraday  intraday alert TBRG: close=26.18 pivot=26.18 vol_ratio=1.50
2026-06-26 14:47:19 ERROR   yfinance  $RCKY: possibly delisted; no price data found  (period=1d)
2026-06-26 14:47:19 ERROR   yfinance  
1 Failed download:
2026-06-26 14:47:19 ERROR   yfinance  ['RCKY']: possibly delisted; no price data found  (period=1d)
2026-06-26 14:47:19 ERROR   yfinance  $FC: possibly delisted; no price data found  (period=1d)
2026-06-26 14:47:19 ERROR   yfinance  
1 Failed download:
2026-06-26 14:47:19 ERROR   yfinance  ['FC']: possibly delisted; no price data found  (period=1d)
2026-06-26 14:47:21 INFO    sepa.intraday  intraday alert QMCO: close=10.51 pivot=10.03 vol_ratio=11.97
2026-06-26 14:47:23 ERROR   yfinance  $TRLV: possibly delisted; no price data found  (period=1d)
2026-06-26 14:47:23 ERROR   yfinance  
1 Failed download:
2026-06-26 14:47:23 ERROR   yfinance  ['TRLV']: possibly delisted; no price data found  (period=1d)
2026-06-26 14:47:24 ERROR   yfinance  $RYM: possibly delisted; no price data found  (period=1d)
2026-06-26 14:47:24 ERROR   yfinance  
1 Failed download:
2026-06-26 14:47:24 ERROR   yfinance  ['RYM']: possibly delisted; no price data found  (period=1d)
2026-06-26 14:47:24 ERROR   yfinance  $KALV: possibly delisted; no price data found  (period=1d)
2026-06-26 14:47:24 ERROR   yfinance  
1 Failed download:
2026-06-26 14:47:24 ERROR   yfinance  ['KALV']: possibly delisted; no price data found  (period=1d)
2026-06-26 14:47:25 ERROR   yfinance  $TCNNF: possibly delisted; no price data found  (period=1d)
2026-06-26 14:47:25 ERROR   yfinance  
1 Failed download:
2026-06-26 14:47:25 ERROR   yfinance  ['TCNNF']: possibly delisted; no price data found  (period=1d)
2026-06-26 14:47:26 ERROR   yfinance  $CURLF: possibly delisted; no price data found  (period=1d)
2026-06-26 14:47:26 ERROR   yfinance  
1 Failed download:
2026-06-26 14:47:26 ERROR   yfinance  ['CURLF']: possibly delisted; no price data found  (period=1d)
2026-06-26 14:47:29 INFO    sepa.intraday  intraday alert EVC: close=11.70 pivot=11.21 vol_ratio=1.55
2026-06-26 14:47:31 INFO    sepa.intraday  intraday alert LLY: close=1178.11 pivot=1122.50 vol_ratio=2.49
2026-06-26 14:47:31 ERROR   yfinance  $GALDY: possibly delisted; no price data found  (period=1d)
2026-06-26 14:47:31 ERROR   yfinance  
1 Failed download:
2026-06-26 14:47:31 ERROR   yfinance  ['GALDY']: possibly delisted; no price data found  (period=1d)
2026-06-26 14:47:36 INFO    sepa.intraday  intraday alert BB: close=10.77 pivot=10.34 vol_ratio=6.72
2026-06-26 14:47:38 INFO    sepa.intraday  intraday complete: 14 alerts sent
