2026-06-25 17:30:02 INFO    sepa  log file: C:\Users\lathe\sepa-signals\data\logs\2026-06-25\17-30-02-intraday\sepa.log
2026-06-25 17:30:02 INFO    sepa.intraday  intraday scan: 698 tickers in ['Buy Alert', 'Momentum', 'Potential Buy', 'Watch']
2026-06-25 17:30:09 INFO    sepa.intraday  intraday alert BE: close=310.76 pivot=302.85 vol_ratio=1.52
2026-06-25 17:30:10 ERROR   sepa.intraday  intraday ARGX: unhandled error
Traceback (most recent call last):
  File "C:\Users\lathe\sepa-signals\.venv\Lib\site-packages\curl_cffi\requests\session.py", line 732, in _request_once
    c.perform()
    ~~~~~~~~~^^
  File "C:\Users\lathe\sepa-signals\.venv\Lib\site-packages\curl_cffi\curl.py", line 505, in perform
    self._check_error(ret, "perform")
    ~~~~~~~~~~~~~~~~~^^^^^^^^^^^^^^^^
  File "C:\Users\lathe\sepa-signals\.venv\Lib\site-packages\curl_cffi\curl.py", line 269, in _check_error
    raise error
curl_cffi.curl.CurlError: Failed to perform, curl: (35) TLS connect error: error:00000000:invalid library (0):OPENSSL_internal:invalid library (0). See https://curl.se/libcurl/c/libcurl-errors.html first for more details.

The above exception was the direct cause of the following exception:

Traceback (most recent call last):
  File "C:\Users\lathe\sepa-signals\sepa\run_intraday.py", line 182, in run_intraday
    yf_info = yf.Ticker(t).info
              ^^^^^^^^^^^^^^^^^
  File "C:\Users\lathe\sepa-signals\.venv\Lib\site-packages\yfinance\ticker.py", line 159, in info
    return self.get_info()
           ~~~~~~~~~~~~~^^
  File "C:\Users\lathe\sepa-signals\.venv\Lib\site-packages\yfinance\base.py", line 282, in get_info
    data = self._quote.info
           ^^^^^^^^^^^^^^^^
  File "C:\Users\lathe\sepa-signals\.venv\Lib\site-packages\yfinance\scrapers\quote.py", line 505, in info
    self._fetch_info()
    ~~~~~~~~~~~~~~~~^^
  File "C:\Users\lathe\sepa-signals\.venv\Lib\site-packages\yfinance\scrapers\quote.py", line 620, in _fetch_info
    result = self._fetch(modules=modules)
  File "C:\Users\lathe\sepa-signals\.venv\Lib\site-packages\yfinance\scrapers\quote.py", line 596, in _fetch
    result = self._data.get_raw_json(_QUOTE_SUMMARY_URL_ + f"/{self._symbol}", params=params_dict)
  File "C:\Users\lathe\sepa-signals\.venv\Lib\site-packages\yfinance\data.py", line 471, in get_raw_json
    response = self.get(url, params=params, timeout=timeout)
  File "C:\Users\lathe\sepa-signals\.venv\Lib\site-packages\yfinance\utils.py", line 123, in wrapper
    result = func(*args, **kwargs)
  File "C:\Users\lathe\sepa-signals\.venv\Lib\site-packages\yfinance\data.py", line 384, in get
    response = self._make_request(url, request_method = self._session.get, params=params, timeout=timeout)
  File "C:\Users\lathe\sepa-signals\.venv\Lib\site-packages\yfinance\utils.py", line 123, in wrapper
    result = func(*args, **kwargs)
  File "C:\Users\lathe\sepa-signals\.venv\Lib\site-packages\yfinance\data.py", line 453, in _make_request
    crumb, strategy = self._get_cookie_and_crumb(timeout)
                      ~~~~~~~~~~~~~~~~~~~~~~~~~~^^^^^^^^^
  File "C:\Users\lathe\sepa-signals\.venv\Lib\site-packages\yfinance\utils.py", line 123, in wrapper
    result = func(*args, **kwargs)
  File "C:\Users\lathe\sepa-signals\.venv\Lib\site-packages\yfinance\data.py", line 374, in _get_cookie_and_crumb
    crumb = self._get_cookie_and_crumb_basic(timeout)
  File "C:\Users\lathe\sepa-signals\.venv\Lib\site-packages\yfinance\utils.py", line 123, in wrapper
    result = func(*args, **kwargs)
  File "C:\Users\lathe\sepa-signals\.venv\Lib\site-packages\yfinance\data.py", line 255, in _get_cookie_and_crumb_basic
    return self._get_crumb_basic(timeout)
           ~~~~~~~~~~~~~~~~~~~~~^^^^^^^^^
  File "C:\Users\lathe\sepa-signals\.venv\Lib\site-packages\yfinance\utils.py", line 123, in wrapper
    result = func(*args, **kwargs)
  File "C:\Users\lathe\sepa-signals\.venv\Lib\site-packages\yfinance\data.py", line 238, in _get_crumb_basic
    crumb_response = self._session.get(**get_args)
  File "C:\Users\lathe\sepa-signals\.venv\Lib\site-packages\curl_cffi\requests\session.py", line 842, in get
    return self.request(method="GET", url=url, **kwargs)
           ~~~~~~~~~~~~^^^^^^^^^^^^^^^^^^^^^^^^^^^^^^^^^
  File "C:\Users\lathe\sepa-signals\.venv\Lib\site-packages\curl_cffi\requests\session.py", line 795, in request
    return self._request_once(
           ~~~~~~~~~~~~~~~~~~^
        method=method,
        ^^^^^^^^^^^^^^
    ...<32 lines>...
        discard_cookies=discard_cookies,
        ^^^^^^^^^^^^^^^^^^^^^^^^^^^^^^^^
    )
    ^
  File "C:\Users\lathe\sepa-signals\.venv\Lib\site-packages\curl_cffi\requests\session.py", line 739, in _request_once
    raise error(str(e), e.code, rsp) from e
curl_cffi.requests.exceptions.SSLError: Failed to perform, curl: (35) TLS connect error: error:00000000:invalid library (0):OPENSSL_internal:invalid library (0). See https://curl.se/libcurl/c/libcurl-errors.html first for more details.
2026-06-25 17:30:11 ERROR   yfinance  $MCHP: possibly delisted; no price data found  (period=1d)
2026-06-25 17:30:11 ERROR   yfinance  
1 Failed download:
2026-06-25 17:30:11 ERROR   yfinance  ['MCHP']: possibly delisted; no price data found  (period=1d)
2026-06-25 17:30:14 ERROR   yfinance  $WST: possibly delisted; no price data found  (period=1d)
2026-06-25 17:30:14 ERROR   yfinance  
1 Failed download:
2026-06-25 17:30:14 ERROR   yfinance  ['WST']: possibly delisted; no price data found  (period=1d)
2026-06-25 17:30:19 INFO    sepa.intraday  intraday alert ONTO: close=350.81 pivot=335.96 vol_ratio=1.62
2026-06-25 17:30:31 ERROR   yfinance  $SYNA: possibly delisted; no price data found  (period=1d)
2026-06-25 17:30:31 ERROR   yfinance  
1 Failed download:
2026-06-25 17:30:31 ERROR   yfinance  ['SYNA']: possibly delisted; no price data found  (period=1d)
2026-06-25 17:30:34 ERROR   yfinance  $MRX: possibly delisted; no price data found  (period=1d)
2026-06-25 17:30:34 ERROR   yfinance  
1 Failed download:
2026-06-25 17:30:34 ERROR   yfinance  ['MRX']: possibly delisted; no price data found  (period=1d)
2026-06-25 17:30:42 INFO    sepa.intraday  intraday alert KYIV: close=14.76 pivot=14.48 vol_ratio=1.64
2026-06-25 17:31:18 ERROR   sepa.intraday  intraday NESR: unhandled error
Traceback (most recent call last):
  File "C:\Users\lathe\sepa-signals\.venv\Lib\site-packages\urllib3\connectionpool.py", line 464, in _make_request
    self._validate_conn(conn)
    ~~~~~~~~~~~~~~~~~~~^^^^^^
  File "C:\Users\lathe\sepa-signals\.venv\Lib\site-packages\urllib3\connectionpool.py", line 1106, in _validate_conn
    conn.connect()
    ~~~~~~~~~~~~^^
  File "C:\Users\lathe\sepa-signals\.venv\Lib\site-packages\urllib3\connection.py", line 796, in connect
    sock_and_verified = _ssl_wrap_socket_and_match_hostname(
        sock=sock,
    ...<14 lines>...
        assert_fingerprint=self.assert_fingerprint,
    )
  File "C:\Users\lathe\sepa-signals\.venv\Lib\site-packages\urllib3\connection.py", line 975, in _ssl_wrap_socket_and_match_hostname
    ssl_sock = ssl_wrap_socket(
        sock=sock,
    ...<8 lines>...
        tls_in_tls=tls_in_tls,
    )
  File "C:\Users\lathe\sepa-signals\.venv\Lib\site-packages\urllib3\util\ssl_.py", line 433, in ssl_wrap_socket
    ssl_sock = _ssl_wrap_socket_impl(sock, context, tls_in_tls, server_hostname)
  File "C:\Users\lathe\sepa-signals\.venv\Lib\site-packages\urllib3\util\ssl_.py", line 477, in _ssl_wrap_socket_impl
    return ssl_context.wrap_socket(sock, server_hostname=server_hostname)
           ~~~~~~~~~~~~~~~~~~~~~~~^^^^^^^^^^^^^^^^^^^^^^^^^^^^^^^^^^^^^^^
  File "C:\Users\lathe\AppData\Local\Python\pythoncore-3.14-64\Lib\ssl.py", line 455, in wrap_socket
    return self.sslsocket_class._create(
           ~~~~~~~~~~~~~~~~~~~~~~~~~~~~^
        sock=sock,
        ^^^^^^^^^^
    ...<5 lines>...
        session=session
        ^^^^^^^^^^^^^^^
    )
    ^
  File "C:\Users\lathe\AppData\Local\Python\pythoncore-3.14-64\Lib\ssl.py", line 1076, in _create
    self.do_handshake()
    ~~~~~~~~~~~~~~~~~^^
  File "C:\Users\lathe\AppData\Local\Python\pythoncore-3.14-64\Lib\ssl.py", line 1372, in do_handshake
    self._sslobj.do_handshake()
    ~~~~~~~~~~~~~~~~~~~~~~~~~^^
TimeoutError: _ssl.c:1063: The handshake operation timed out

The above exception was the direct cause of the following exception:

Traceback (most recent call last):
  File "C:\Users\lathe\sepa-signals\.venv\Lib\site-packages\requests\adapters.py", line 696, in send
    resp = conn.urlopen(
        method=request.method,
    ...<9 lines>...
        chunked=chunked,
    )
  File "C:\Users\lathe\sepa-signals\.venv\Lib\site-packages\urllib3\connectionpool.py", line 842, in urlopen
    retries = retries.increment(
        method, url, error=new_e, _pool=self, _stacktrace=sys.exc_info()[2]
    )
  File "C:\Users\lathe\sepa-signals\.venv\Lib\site-packages\urllib3\util\retry.py", line 498, in increment
    raise reraise(type(error), error, _stacktrace)
          ~~~~~~~^^^^^^^^^^^^^^^^^^^^^^^^^^^^^^^^^
  File "C:\Users\lathe\sepa-signals\.venv\Lib\site-packages\urllib3\util\util.py", line 39, in reraise
    raise value
  File "C:\Users\lathe\sepa-signals\.venv\Lib\site-packages\urllib3\connectionpool.py", line 788, in urlopen
    response = self._make_request(
        conn,
    ...<10 lines>...
        **response_kw,
    )
  File "C:\Users\lathe\sepa-signals\.venv\Lib\site-packages\urllib3\connectionpool.py", line 488, in _make_request
    raise new_e
  File "C:\Users\lathe\sepa-signals\.venv\Lib\site-packages\urllib3\connectionpool.py", line 466, in _make_request
    self._raise_timeout(err=e, url=url, timeout_value=conn.timeout)
    ~~~~~~~~~~~~~~~~~~~^^^^^^^^^^^^^^^^^^^^^^^^^^^^^^^^^^^^^^^^^^^^
  File "C:\Users\lathe\sepa-signals\.venv\Lib\site-packages\urllib3\connectionpool.py", line 367, in _raise_timeout
    raise ReadTimeoutError(
        self, url, f"Read timed out. (read timeout={timeout_value})"
    ) from err
urllib3.exceptions.ReadTimeoutError: HTTPSConnectionPool(host='api.telegram.org', port=443): Read timed out. (read timeout=30)

During handling of the above exception, another exception occurred:

Traceback (most recent call last):
  File "C:\Users\lathe\sepa-signals\sepa\run_intraday.py", line 194, in run_intraday
    alerter.send(C.TELEGRAM_TOKEN, C.TELEGRAM_CHAT_ID, msg)
    ~~~~~~~~~~~~^^^^^^^^^^^^^^^^^^^^^^^^^^^^^^^^^^^^^^^^^^^
  File "C:\Users\lathe\sepa-signals\sepa\alerter.py", line 156, in send
    r = requests.post(f"https://api.telegram.org/bot{token}/sendMessage",
                      data={"chat_id": chat_id, "text": text, "parse_mode": "Markdown"},
                      timeout=30)
  File "C:\Users\lathe\sepa-signals\.venv\Lib\site-packages\requests\api.py", line 134, in post
    return request("post", url, data=data, json=json, **kwargs)
  File "C:\Users\lathe\sepa-signals\.venv\Lib\site-packages\requests\api.py", line 71, in request
    return session.request(method=method, url=url, **kwargs)
           ~~~~~~~~~~~~~~~^^^^^^^^^^^^^^^^^^^^^^^^^^^^^^^^^^
  File "C:\Users\lathe\sepa-signals\.venv\Lib\site-packages\requests\sessions.py", line 651, in request
    resp = self.send(prep, **send_kwargs)
  File "C:\Users\lathe\sepa-signals\.venv\Lib\site-packages\requests\sessions.py", line 784, in send
    r = adapter.send(request, **kwargs)
  File "C:\Users\lathe\sepa-signals\.venv\Lib\site-packages\requests\adapters.py", line 742, in send
    raise ReadTimeout(e, request=request)
requests.exceptions.ReadTimeout: HTTPSConnectionPool(host='api.telegram.org', port=443): Read timed out. (read timeout=30)
2026-06-25 17:31:18 ERROR   yfinance  $CTOS: possibly delisted; no price data found  (period=1d)
2026-06-25 17:31:18 ERROR   yfinance  
1 Failed download:
2026-06-25 17:31:18 ERROR   yfinance  ['CTOS']: possibly delisted; no price data found  (period=1d)
2026-06-25 17:31:30 INFO    sepa.intraday  intraday alert PLOW: close=52.45 pivot=50.74 vol_ratio=2.95
2026-06-25 17:31:35 INFO    sepa.intraday  intraday alert ADUR: close=14.37 pivot=14.27 vol_ratio=2.60
2026-06-25 17:31:39 ERROR   yfinance  $KZIA: possibly delisted; no price data found  (period=1d)
2026-06-25 17:31:39 ERROR   yfinance  
1 Failed download:
2026-06-25 17:31:39 ERROR   yfinance  ['KZIA']: possibly delisted; no price data found  (period=1d)
2026-06-25 17:31:41 INFO    sepa.intraday  intraday alert CVCO: close=611.38 pivot=604.47 vol_ratio=1.40
2026-06-25 17:31:44 ERROR   yfinance  $RYM: possibly delisted; no price data found  (period=1d)
2026-06-25 17:31:44 ERROR   yfinance  
1 Failed download:
2026-06-25 17:31:44 ERROR   yfinance  ['RYM']: possibly delisted; no price data found  (period=1d)
2026-06-25 17:31:44 ERROR   yfinance  $KALV: possibly delisted; no price data found  (period=1d)
2026-06-25 17:31:44 ERROR   yfinance  
1 Failed download:
2026-06-25 17:31:44 ERROR   yfinance  ['KALV']: possibly delisted; no price data found  (period=1d)
2026-06-25 17:31:45 ERROR   yfinance  $TCNNF: possibly delisted; no price data found  (period=1d)
2026-06-25 17:31:45 ERROR   yfinance  
1 Failed download:
2026-06-25 17:31:45 ERROR   yfinance  ['TCNNF']: possibly delisted; no price data found  (period=1d)
2026-06-25 17:31:46 ERROR   yfinance  $CURLF: possibly delisted; no price data found  (period=1d)
2026-06-25 17:31:46 ERROR   yfinance  
1 Failed download:
2026-06-25 17:31:46 ERROR   yfinance  ['CURLF']: possibly delisted; no price data found  (period=1d)
2026-06-25 17:31:48 INFO    sepa.intraday  intraday alert COGT: close=38.57 pivot=36.98 vol_ratio=1.58
2026-06-25 17:31:53 INFO    sepa.intraday  intraday complete: 7 alerts sent
