2026-06-23 14:45:01 INFO    sepa  log file: C:\Users\lathe\sepa-signals\data\logs\2026-06-23\14-45-01-intraday\sepa.log
2026-06-23 14:45:01 INFO    sepa.intraday  intraday scan: 704 tickers in ['Buy Alert', 'Momentum', 'Potential Buy', 'Watch']
2026-06-23 14:45:02 ERROR   yfinance  $MU: possibly delisted; no price data found  (period=1d)
2026-06-23 14:45:02 ERROR   yfinance  
1 Failed download:
2026-06-23 14:45:02 ERROR   yfinance  ['MU']: possibly delisted; no price data found  (period=1d)
2026-06-23 14:45:10 INFO    sepa.intraday  intraday alert DAL: close=85.86 pivot=82.49 vol_ratio=1.54
2026-06-23 14:45:10 ERROR   yfinance  $CRDO: possibly delisted; no price data found  (period=1d)
2026-06-23 14:45:10 ERROR   yfinance  
1 Failed download:
2026-06-23 14:45:10 ERROR   yfinance  ['CRDO']: possibly delisted; no price data found  (period=1d)
2026-06-23 14:45:41 ERROR   sepa.intraday  intraday ON: unhandled error
Traceback (most recent call last):
  File "C:\Users\lathe\sepa-signals\.venv\Lib\site-packages\urllib3\connectionpool.py", line 464, in _make_request
    self._validate_conn(conn)
    ~~~~~~~~~~~~~~~~~~~^^^^^^
  File "C:\Users\lathe\sepa-signals\.venv\Lib\site-packages\urllib3\connectionpool.py", line 1106, in _validate_conn
    conn.connect()
    ~~~~~~~~~~~~^^
  File "C:\Users\lathe\sepa-signals\.venv\Lib\site-packages\urllib3\connection.py", line 796, in connect
    sock_and_verified = _ssl_wrap_socket_and_match_hostname(
        sock=sock,
    ...<14 lines>...
        assert_fingerprint=self.assert_fingerprint,
    )
  File "C:\Users\lathe\sepa-signals\.venv\Lib\site-packages\urllib3\connection.py", line 975, in _ssl_wrap_socket_and_match_hostname
    ssl_sock = ssl_wrap_socket(
        sock=sock,
    ...<8 lines>...
        tls_in_tls=tls_in_tls,
    )
  File "C:\Users\lathe\sepa-signals\.venv\Lib\site-packages\urllib3\util\ssl_.py", line 433, in ssl_wrap_socket
    ssl_sock = _ssl_wrap_socket_impl(sock, context, tls_in_tls, server_hostname)
  File "C:\Users\lathe\sepa-signals\.venv\Lib\site-packages\urllib3\util\ssl_.py", line 477, in _ssl_wrap_socket_impl
    return ssl_context.wrap_socket(sock, server_hostname=server_hostname)
           ~~~~~~~~~~~~~~~~~~~~~~~^^^^^^^^^^^^^^^^^^^^^^^^^^^^^^^^^^^^^^^
  File "C:\Users\lathe\AppData\Local\Python\pythoncore-3.14-64\Lib\ssl.py", line 455, in wrap_socket
    return self.sslsocket_class._create(
           ~~~~~~~~~~~~~~~~~~~~~~~~~~~~^
        sock=sock,
        ^^^^^^^^^^
    ...<5 lines>...
        session=session
        ^^^^^^^^^^^^^^^
    )
    ^
  File "C:\Users\lathe\AppData\Local\Python\pythoncore-3.14-64\Lib\ssl.py", line 1076, in _create
    self.do_handshake()
    ~~~~~~~~~~~~~~~~~^^
  File "C:\Users\lathe\AppData\Local\Python\pythoncore-3.14-64\Lib\ssl.py", line 1372, in do_handshake
    self._sslobj.do_handshake()
    ~~~~~~~~~~~~~~~~~~~~~~~~~^^
TimeoutError: _ssl.c:1063: The handshake operation timed out

The above exception was the direct cause of the following exception:

Traceback (most recent call last):
  File "C:\Users\lathe\sepa-signals\.venv\Lib\site-packages\requests\adapters.py", line 696, in send
    resp = conn.urlopen(
        method=request.method,
    ...<9 lines>...
        chunked=chunked,
    )
  File "C:\Users\lathe\sepa-signals\.venv\Lib\site-packages\urllib3\connectionpool.py", line 842, in urlopen
    retries = retries.increment(
        method, url, error=new_e, _pool=self, _stacktrace=sys.exc_info()[2]
    )
  File "C:\Users\lathe\sepa-signals\.venv\Lib\site-packages\urllib3\util\retry.py", line 498, in increment
    raise reraise(type(error), error, _stacktrace)
          ~~~~~~~^^^^^^^^^^^^^^^^^^^^^^^^^^^^^^^^^
  File "C:\Users\lathe\sepa-signals\.venv\Lib\site-packages\urllib3\util\util.py", line 39, in reraise
    raise value
  File "C:\Users\lathe\sepa-signals\.venv\Lib\site-packages\urllib3\connectionpool.py", line 788, in urlopen
    response = self._make_request(
        conn,
    ...<10 lines>...
        **response_kw,
    )
  File "C:\Users\lathe\sepa-signals\.venv\Lib\site-packages\urllib3\connectionpool.py", line 488, in _make_request
    raise new_e
  File "C:\Users\lathe\sepa-signals\.venv\Lib\site-packages\urllib3\connectionpool.py", line 466, in _make_request
    self._raise_timeout(err=e, url=url, timeout_value=conn.timeout)
    ~~~~~~~~~~~~~~~~~~~^^^^^^^^^^^^^^^^^^^^^^^^^^^^^^^^^^^^^^^^^^^^
  File "C:\Users\lathe\sepa-signals\.venv\Lib\site-packages\urllib3\connectionpool.py", line 367, in _raise_timeout
    raise ReadTimeoutError(
        self, url, f"Read timed out. (read timeout={timeout_value})"
    ) from err
urllib3.exceptions.ReadTimeoutError: HTTPSConnectionPool(host='api.telegram.org', port=443): Read timed out. (read timeout=30)

During handling of the above exception, another exception occurred:

Traceback (most recent call last):
  File "C:\Users\lathe\sepa-signals\sepa\run_intraday.py", line 194, in run_intraday
    alerter.send(C.TELEGRAM_TOKEN, C.TELEGRAM_CHAT_ID, msg)
    ~~~~~~~~~~~~^^^^^^^^^^^^^^^^^^^^^^^^^^^^^^^^^^^^^^^^^^^
  File "C:\Users\lathe\sepa-signals\sepa\alerter.py", line 156, in send
    r = requests.post(f"https://api.telegram.org/bot{token}/sendMessage",
                      data={"chat_id": chat_id, "text": text, "parse_mode": "Markdown"},
                      timeout=30)
  File "C:\Users\lathe\sepa-signals\.venv\Lib\site-packages\requests\api.py", line 134, in post
    return request("post", url, data=data, json=json, **kwargs)
  File "C:\Users\lathe\sepa-signals\.venv\Lib\site-packages\requests\api.py", line 71, in request
    return session.request(method=method, url=url, **kwargs)
           ~~~~~~~~~~~~~~~^^^^^^^^^^^^^^^^^^^^^^^^^^^^^^^^^^
  File "C:\Users\lathe\sepa-signals\.venv\Lib\site-packages\requests\sessions.py", line 651, in request
    resp = self.send(prep, **send_kwargs)
  File "C:\Users\lathe\sepa-signals\.venv\Lib\site-packages\requests\sessions.py", line 784, in send
    r = adapter.send(request, **kwargs)
  File "C:\Users\lathe\sepa-signals\.venv\Lib\site-packages\requests\adapters.py", line 742, in send
    raise ReadTimeout(e, request=request)
requests.exceptions.ReadTimeout: HTTPSConnectionPool(host='api.telegram.org', port=443): Read timed out. (read timeout=30)
2026-06-23 14:45:51 ERROR   yfinance  $ARWR: possibly delisted; no price data found  (period=1d)
2026-06-23 14:45:51 ERROR   yfinance  
1 Failed download:
2026-06-23 14:45:51 ERROR   yfinance  ['ARWR']: possibly delisted; no price data found  (period=1d)
2026-06-23 14:45:53 INFO    sepa.intraday  intraday alert RIOT: close=28.34 pivot=28.10 vol_ratio=2.39
2026-06-23 14:45:55 ERROR   sepa.intraday  intraday OSCR: unhandled error
Traceback (most recent call last):
  File "C:\Users\lathe\sepa-signals\.venv\Lib\site-packages\curl_cffi\requests\session.py", line 732, in _request_once
    c.perform()
    ~~~~~~~~~^^
  File "C:\Users\lathe\sepa-signals\.venv\Lib\site-packages\curl_cffi\curl.py", line 505, in perform
    self._check_error(ret, "perform")
    ~~~~~~~~~~~~~~~~~^^^^^^^^^^^^^^^^
  File "C:\Users\lathe\sepa-signals\.venv\Lib\site-packages\curl_cffi\curl.py", line 269, in _check_error
    raise error
curl_cffi.curl.CurlError: Failed to perform, curl: (35) TLS connect error: error:00000000:invalid library (0):OPENSSL_internal:invalid library (0). See https://curl.se/libcurl/c/libcurl-errors.html first for more details.

The above exception was the direct cause of the following exception:

Traceback (most recent call last):
  File "C:\Users\lathe\sepa-signals\sepa\run_intraday.py", line 182, in run_intraday
    yf_info = yf.Ticker(t).info
              ^^^^^^^^^^^^^^^^^
  File "C:\Users\lathe\sepa-signals\.venv\Lib\site-packages\yfinance\ticker.py", line 159, in info
    return self.get_info()
           ~~~~~~~~~~~~~^^
  File "C:\Users\lathe\sepa-signals\.venv\Lib\site-packages\yfinance\base.py", line 282, in get_info
    data = self._quote.info
           ^^^^^^^^^^^^^^^^
  File "C:\Users\lathe\sepa-signals\.venv\Lib\site-packages\yfinance\scrapers\quote.py", line 505, in info
    self._fetch_info()
    ~~~~~~~~~~~~~~~~^^
  File "C:\Users\lathe\sepa-signals\.venv\Lib\site-packages\yfinance\scrapers\quote.py", line 620, in _fetch_info
    result = self._fetch(modules=modules)
  File "C:\Users\lathe\sepa-signals\.venv\Lib\site-packages\yfinance\scrapers\quote.py", line 596, in _fetch
    result = self._data.get_raw_json(_QUOTE_SUMMARY_URL_ + f"/{self._symbol}", params=params_dict)
  File "C:\Users\lathe\sepa-signals\.venv\Lib\site-packages\yfinance\data.py", line 471, in get_raw_json
    response = self.get(url, params=params, timeout=timeout)
  File "C:\Users\lathe\sepa-signals\.venv\Lib\site-packages\yfinance\utils.py", line 123, in wrapper
    result = func(*args, **kwargs)
  File "C:\Users\lathe\sepa-signals\.venv\Lib\site-packages\yfinance\data.py", line 384, in get
    response = self._make_request(url, request_method = self._session.get, params=params, timeout=timeout)
  File "C:\Users\lathe\sepa-signals\.venv\Lib\site-packages\yfinance\utils.py", line 123, in wrapper
    result = func(*args, **kwargs)
  File "C:\Users\lathe\sepa-signals\.venv\Lib\site-packages\yfinance\data.py", line 439, in _make_request
    response = request_method(**request_args)
  File "C:\Users\lathe\sepa-signals\.venv\Lib\site-packages\curl_cffi\requests\session.py", line 842, in get
    return self.request(method="GET", url=url, **kwargs)
           ~~~~~~~~~~~~^^^^^^^^^^^^^^^^^^^^^^^^^^^^^^^^^
  File "C:\Users\lathe\sepa-signals\.venv\Lib\site-packages\curl_cffi\requests\session.py", line 795, in request
    return self._request_once(
           ~~~~~~~~~~~~~~~~~~^
        method=method,
        ^^^^^^^^^^^^^^
    ...<32 lines>...
        discard_cookies=discard_cookies,
        ^^^^^^^^^^^^^^^^^^^^^^^^^^^^^^^^
    )
    ^
  File "C:\Users\lathe\sepa-signals\.venv\Lib\site-packages\curl_cffi\requests\session.py", line 739, in _request_once
    raise error(str(e), e.code, rsp) from e
curl_cffi.requests.exceptions.SSLError: Failed to perform, curl: (35) TLS connect error: error:00000000:invalid library (0):OPENSSL_internal:invalid library (0). See https://curl.se/libcurl/c/libcurl-errors.html first for more details.
2026-06-23 14:45:58 INFO    sepa.intraday  intraday alert CLF: close=11.26 pivot=11.24 vol_ratio=2.02
2026-06-23 14:46:00 INFO    sepa.intraday  intraday alert MXL: close=88.85 pivot=88.76 vol_ratio=3.17
2026-06-23 14:46:04 INFO    sepa.intraday  intraday alert M: close=23.83 pivot=23.03 vol_ratio=2.45
2026-06-23 14:46:06 INFO    sepa.intraday  intraday alert GTX: close=33.43 pivot=32.86 vol_ratio=1.40
2026-06-23 14:46:12 ERROR   yfinance  $BFH: possibly delisted; no price data found  (period=1d)
2026-06-23 14:46:12 ERROR   yfinance  
1 Failed download:
2026-06-23 14:46:12 ERROR   yfinance  ['BFH']: possibly delisted; no price data found  (period=1d)
2026-06-23 14:46:16 INFO    sepa.intraday  intraday alert CECO: close=98.53 pivot=96.74 vol_ratio=1.43
2026-06-23 14:46:24 INFO    sepa.intraday  intraday alert TSAT: close=43.51 pivot=42.34 vol_ratio=2.08
2026-06-23 14:46:25 INFO    sepa.intraday  intraday alert OUST: close=48.25 pivot=46.05 vol_ratio=5.77
2026-06-23 14:46:27 ERROR   yfinance  $GRC: possibly delisted; no price data found  (period=1d)
2026-06-23 14:46:27 ERROR   yfinance  
1 Failed download:
2026-06-23 14:46:27 ERROR   yfinance  ['GRC']: possibly delisted; no price data found  (period=1d)
2026-06-23 14:46:32 INFO    sepa.intraday  intraday alert PVLA: close=118.07 pivot=116.51 vol_ratio=2.01
2026-06-23 14:46:34 INFO    sepa.intraday  intraday alert GHRS: close=22.10 pivot=21.50 vol_ratio=2.04
2026-06-23 14:46:36 INFO    sepa.intraday  intraday alert BCAX: close=24.81 pivot=23.78 vol_ratio=2.80
2026-06-23 14:46:38 INFO    sepa.intraday  intraday alert INBX: close=94.30 pivot=94.20 vol_ratio=1.31
2026-06-23 14:46:46 INFO    sepa.intraday  intraday alert ADUR: close=14.70 pivot=14.27 vol_ratio=2.02
2026-06-23 14:46:51 INFO    sepa.intraday  intraday alert ESOA: close=17.36 pivot=16.95 vol_ratio=2.27
2026-06-23 14:46:55 ERROR   yfinance  $GALDY: possibly delisted; no price data found  (period=1d)
2026-06-23 14:46:55 ERROR   yfinance  
1 Failed download:
2026-06-23 14:46:55 ERROR   yfinance  ['GALDY']: possibly delisted; no price data found  (period=1d)
2026-06-23 14:46:55 ERROR   yfinance  $RSHGY: possibly delisted; no price data found  (period=1d)
2026-06-23 14:46:55 ERROR   yfinance  
1 Failed download:
2026-06-23 14:46:55 ERROR   yfinance  ['RSHGY']: possibly delisted; no price data found  (period=1d)
2026-06-23 14:46:57 ERROR   yfinance  $RYM: possibly delisted; no price data found  (period=1d)
2026-06-23 14:46:57 ERROR   yfinance  
1 Failed download:
2026-06-23 14:46:57 ERROR   yfinance  ['RYM']: possibly delisted; no price data found  (period=1d)
2026-06-23 14:46:57 ERROR   yfinance  $KALV: possibly delisted; no price data found  (period=1d)
2026-06-23 14:46:57 ERROR   yfinance  
1 Failed download:
2026-06-23 14:46:57 ERROR   yfinance  ['KALV']: possibly delisted; no price data found  (period=1d)
2026-06-23 14:46:59 INFO    sepa.intraday  intraday alert LTH: close=36.59 pivot=34.87 vol_ratio=1.33
2026-06-23 14:47:00 ERROR   yfinance  $ASH: possibly delisted; no price data found  (period=1d)
2026-06-23 14:47:00 ERROR   yfinance  
1 Failed download:
2026-06-23 14:47:00 ERROR   yfinance  ['ASH']: possibly delisted; no price data found  (period=1d)
2026-06-23 14:47:02 ERROR   yfinance  $TCNNF: possibly delisted; no price data found  (period=1d)
2026-06-23 14:47:02 ERROR   yfinance  
1 Failed download:
2026-06-23 14:47:02 ERROR   yfinance  ['TCNNF']: possibly delisted; no price data found  (period=1d)
2026-06-23 14:47:02 ERROR   yfinance  $CURLF: possibly delisted; no price data found  (period=1d)
2026-06-23 14:47:02 ERROR   yfinance  
1 Failed download:
2026-06-23 14:47:02 ERROR   yfinance  ['CURLF']: possibly delisted; no price data found  (period=1d)
2026-06-23 14:47:03 INFO    sepa.intraday  intraday complete: 16 alerts sent
