2026-06-27 14:45:02 INFO    sepa  log file: C:\Users\lathe\sepa-signals\data\logs\2026-06-27\14-45-02-intraday\sepa.log
2026-06-27 14:45:02 INFO    sepa.intraday  intraday scan: 513 watchlist tickers
2026-06-27 14:45:03 INFO    sepa.intraday  intraday alert ABNB: stage2 TT7/8 dir=ok stale=no vol=23.21x
2026-06-27 14:45:35 ERROR   sepa.intraday  intraday AGL: unhandled error
Traceback (most recent call last):
  File "C:\Users\lathe\sepa-signals\.venv\Lib\site-packages\urllib3\connectionpool.py", line 464, in _make_request
    self._validate_conn(conn)
    ~~~~~~~~~~~~~~~~~~~^^^^^^
  File "C:\Users\lathe\sepa-signals\.venv\Lib\site-packages\urllib3\connectionpool.py", line 1106, in _validate_conn
    conn.connect()
    ~~~~~~~~~~~~^^
  File "C:\Users\lathe\sepa-signals\.venv\Lib\site-packages\urllib3\connection.py", line 796, in connect
    sock_and_verified = _ssl_wrap_socket_and_match_hostname(
        sock=sock,
    ...<14 lines>...
        assert_fingerprint=self.assert_fingerprint,
    )
  File "C:\Users\lathe\sepa-signals\.venv\Lib\site-packages\urllib3\connection.py", line 975, in _ssl_wrap_socket_and_match_hostname
    ssl_sock = ssl_wrap_socket(
        sock=sock,
    ...<8 lines>...
        tls_in_tls=tls_in_tls,
    )
  File "C:\Users\lathe\sepa-signals\.venv\Lib\site-packages\urllib3\util\ssl_.py", line 433, in ssl_wrap_socket
    ssl_sock = _ssl_wrap_socket_impl(sock, context, tls_in_tls, server_hostname)
  File "C:\Users\lathe\sepa-signals\.venv\Lib\site-packages\urllib3\util\ssl_.py", line 477, in _ssl_wrap_socket_impl
    return ssl_context.wrap_socket(sock, server_hostname=server_hostname)
           ~~~~~~~~~~~~~~~~~~~~~~~^^^^^^^^^^^^^^^^^^^^^^^^^^^^^^^^^^^^^^^
  File "C:\Users\lathe\AppData\Local\Python\pythoncore-3.14-64\Lib\ssl.py", line 455, in wrap_socket
    return self.sslsocket_class._create(
           ~~~~~~~~~~~~~~~~~~~~~~~~~~~~^
        sock=sock,
        ^^^^^^^^^^
    ...<5 lines>...
        session=session
        ^^^^^^^^^^^^^^^
    )
    ^
  File "C:\Users\lathe\AppData\Local\Python\pythoncore-3.14-64\Lib\ssl.py", line 1076, in _create
    self.do_handshake()
    ~~~~~~~~~~~~~~~~~^^
  File "C:\Users\lathe\AppData\Local\Python\pythoncore-3.14-64\Lib\ssl.py", line 1372, in do_handshake
    self._sslobj.do_handshake()
    ~~~~~~~~~~~~~~~~~~~~~~~~~^^
TimeoutError: _ssl.c:1063: The handshake operation timed out

The above exception was the direct cause of the following exception:

Traceback (most recent call last):
  File "C:\Users\lathe\sepa-signals\.venv\Lib\site-packages\requests\adapters.py", line 696, in send
    resp = conn.urlopen(
        method=request.method,
    ...<9 lines>...
        chunked=chunked,
    )
  File "C:\Users\lathe\sepa-signals\.venv\Lib\site-packages\urllib3\connectionpool.py", line 842, in urlopen
    retries = retries.increment(
        method, url, error=new_e, _pool=self, _stacktrace=sys.exc_info()[2]
    )
  File "C:\Users\lathe\sepa-signals\.venv\Lib\site-packages\urllib3\util\retry.py", line 498, in increment
    raise reraise(type(error), error, _stacktrace)
          ~~~~~~~^^^^^^^^^^^^^^^^^^^^^^^^^^^^^^^^^
  File "C:\Users\lathe\sepa-signals\.venv\Lib\site-packages\urllib3\util\util.py", line 39, in reraise
    raise value
  File "C:\Users\lathe\sepa-signals\.venv\Lib\site-packages\urllib3\connectionpool.py", line 788, in urlopen
    response = self._make_request(
        conn,
    ...<10 lines>...
        **response_kw,
    )
  File "C:\Users\lathe\sepa-signals\.venv\Lib\site-packages\urllib3\connectionpool.py", line 488, in _make_request
    raise new_e
  File "C:\Users\lathe\sepa-signals\.venv\Lib\site-packages\urllib3\connectionpool.py", line 466, in _make_request
    self._raise_timeout(err=e, url=url, timeout_value=conn.timeout)
    ~~~~~~~~~~~~~~~~~~~^^^^^^^^^^^^^^^^^^^^^^^^^^^^^^^^^^^^^^^^^^^^
  File "C:\Users\lathe\sepa-signals\.venv\Lib\site-packages\urllib3\connectionpool.py", line 367, in _raise_timeout
    raise ReadTimeoutError(
        self, url, f"Read timed out. (read timeout={timeout_value})"
    ) from err
urllib3.exceptions.ReadTimeoutError: HTTPSConnectionPool(host='api.telegram.org', port=443): Read timed out. (read timeout=30)

During handling of the above exception, another exception occurred:

Traceback (most recent call last):
  File "C:\Users\lathe\sepa-signals\sepa\run_intraday.py", line 174, in run_scan
    alerter.send(C.TELEGRAM_TOKEN, C.TELEGRAM_CHAT_ID, msg)
    ~~~~~~~~~~~~^^^^^^^^^^^^^^^^^^^^^^^^^^^^^^^^^^^^^^^^^^^
  File "C:\Users\lathe\sepa-signals\sepa\alerter.py", line 156, in send
    r = requests.post(f"https://api.telegram.org/bot{token}/sendMessage",
                      data={"chat_id": chat_id, "text": text, "parse_mode": "Markdown"},
                      timeout=30)
  File "C:\Users\lathe\sepa-signals\.venv\Lib\site-packages\requests\api.py", line 134, in post
    return request("post", url, data=data, json=json, **kwargs)
  File "C:\Users\lathe\sepa-signals\.venv\Lib\site-packages\requests\api.py", line 71, in request
    return session.request(method=method, url=url, **kwargs)
           ~~~~~~~~~~~~~~~^^^^^^^^^^^^^^^^^^^^^^^^^^^^^^^^^^
  File "C:\Users\lathe\sepa-signals\.venv\Lib\site-packages\requests\sessions.py", line 651, in request
    resp = self.send(prep, **send_kwargs)
  File "C:\Users\lathe\sepa-signals\.venv\Lib\site-packages\requests\sessions.py", line 784, in send
    r = adapter.send(request, **kwargs)
  File "C:\Users\lathe\sepa-signals\.venv\Lib\site-packages\requests\adapters.py", line 742, in send
    raise ReadTimeout(e, request=request)
requests.exceptions.ReadTimeout: HTTPSConnectionPool(host='api.telegram.org', port=443): Read timed out. (read timeout=30)
2026-06-27 14:45:38 INFO    sepa.intraday  intraday alert ALX: stage2 TT7/8 dir=ok stale=no vol=19.32x
2026-06-27 14:45:38 INFO    sepa.intraday  intraday alert AMAL: stage2 TT7/8 dir=ok stale=no vol=44.05x
2026-06-27 14:45:39 INFO    sepa.intraday  intraday alert ANAB: stage2 TT8/8 dir=ok stale=no vol=23.41x
2026-06-27 14:45:41 INFO    sepa.intraday  intraday alert APPS: stage2 TT6/8 dir=ok stale=no vol=23.75x
2026-06-27 14:45:42 INFO    sepa.intraday  intraday alert ARTNA: stage2 TT6/8 dir=ok stale=no vol=33.00x
2026-06-27 14:45:43 INFO    sepa.intraday  intraday alert AVNT: stage2 TT7/8 dir=ok stale=no vol=30.30x
2026-06-27 14:45:44 INFO    sepa.intraday  intraday alert AYA: stage2 TT8/8 dir=ok stale=no vol=28.67x
2026-06-27 14:46:16 ERROR   sepa.intraday  intraday BLFS: unhandled error
Traceback (most recent call last):
  File "C:\Users\lathe\sepa-signals\.venv\Lib\site-packages\urllib3\connectionpool.py", line 464, in _make_request
    self._validate_conn(conn)
    ~~~~~~~~~~~~~~~~~~~^^^^^^
  File "C:\Users\lathe\sepa-signals\.venv\Lib\site-packages\urllib3\connectionpool.py", line 1106, in _validate_conn
    conn.connect()
    ~~~~~~~~~~~~^^
  File "C:\Users\lathe\sepa-signals\.venv\Lib\site-packages\urllib3\connection.py", line 796, in connect
    sock_and_verified = _ssl_wrap_socket_and_match_hostname(
        sock=sock,
    ...<14 lines>...
        assert_fingerprint=self.assert_fingerprint,
    )
  File "C:\Users\lathe\sepa-signals\.venv\Lib\site-packages\urllib3\connection.py", line 975, in _ssl_wrap_socket_and_match_hostname
    ssl_sock = ssl_wrap_socket(
        sock=sock,
    ...<8 lines>...
        tls_in_tls=tls_in_tls,
    )
  File "C:\Users\lathe\sepa-signals\.venv\Lib\site-packages\urllib3\util\ssl_.py", line 433, in ssl_wrap_socket
    ssl_sock = _ssl_wrap_socket_impl(sock, context, tls_in_tls, server_hostname)
  File "C:\Users\lathe\sepa-signals\.venv\Lib\site-packages\urllib3\util\ssl_.py", line 477, in _ssl_wrap_socket_impl
    return ssl_context.wrap_socket(sock, server_hostname=server_hostname)
           ~~~~~~~~~~~~~~~~~~~~~~~^^^^^^^^^^^^^^^^^^^^^^^^^^^^^^^^^^^^^^^
  File "C:\Users\lathe\AppData\Local\Python\pythoncore-3.14-64\Lib\ssl.py", line 455, in wrap_socket
    return self.sslsocket_class._create(
           ~~~~~~~~~~~~~~~~~~~~~~~~~~~~^
        sock=sock,
        ^^^^^^^^^^
    ...<5 lines>...
        session=session
        ^^^^^^^^^^^^^^^
    )
    ^
  File "C:\Users\lathe\AppData\Local\Python\pythoncore-3.14-64\Lib\ssl.py", line 1076, in _create
    self.do_handshake()
    ~~~~~~~~~~~~~~~~~^^
  File "C:\Users\lathe\AppData\Local\Python\pythoncore-3.14-64\Lib\ssl.py", line 1372, in do_handshake
    self._sslobj.do_handshake()
    ~~~~~~~~~~~~~~~~~~~~~~~~~^^
TimeoutError: _ssl.c:1063: The handshake operation timed out

The above exception was the direct cause of the following exception:

Traceback (most recent call last):
  File "C:\Users\lathe\sepa-signals\.venv\Lib\site-packages\requests\adapters.py", line 696, in send
    resp = conn.urlopen(
        method=request.method,
    ...<9 lines>...
        chunked=chunked,
    )
  File "C:\Users\lathe\sepa-signals\.venv\Lib\site-packages\urllib3\connectionpool.py", line 842, in urlopen
    retries = retries.increment(
        method, url, error=new_e, _pool=self, _stacktrace=sys.exc_info()[2]
    )
  File "C:\Users\lathe\sepa-signals\.venv\Lib\site-packages\urllib3\util\retry.py", line 498, in increment
    raise reraise(type(error), error, _stacktrace)
          ~~~~~~~^^^^^^^^^^^^^^^^^^^^^^^^^^^^^^^^^
  File "C:\Users\lathe\sepa-signals\.venv\Lib\site-packages\urllib3\util\util.py", line 39, in reraise
    raise value
  File "C:\Users\lathe\sepa-signals\.venv\Lib\site-packages\urllib3\connectionpool.py", line 788, in urlopen
    response = self._make_request(
        conn,
    ...<10 lines>...
        **response_kw,
    )
  File "C:\Users\lathe\sepa-signals\.venv\Lib\site-packages\urllib3\connectionpool.py", line 488, in _make_request
    raise new_e
  File "C:\Users\lathe\sepa-signals\.venv\Lib\site-packages\urllib3\connectionpool.py", line 466, in _make_request
    self._raise_timeout(err=e, url=url, timeout_value=conn.timeout)
    ~~~~~~~~~~~~~~~~~~~^^^^^^^^^^^^^^^^^^^^^^^^^^^^^^^^^^^^^^^^^^^^
  File "C:\Users\lathe\sepa-signals\.venv\Lib\site-packages\urllib3\connectionpool.py", line 367, in _raise_timeout
    raise ReadTimeoutError(
        self, url, f"Read timed out. (read timeout={timeout_value})"
    ) from err
urllib3.exceptions.ReadTimeoutError: HTTPSConnectionPool(host='api.telegram.org', port=443): Read timed out. (read timeout=30)

During handling of the above exception, another exception occurred:

Traceback (most recent call last):
  File "C:\Users\lathe\sepa-signals\sepa\run_intraday.py", line 174, in run_scan
    alerter.send(C.TELEGRAM_TOKEN, C.TELEGRAM_CHAT_ID, msg)
    ~~~~~~~~~~~~^^^^^^^^^^^^^^^^^^^^^^^^^^^^^^^^^^^^^^^^^^^
  File "C:\Users\lathe\sepa-signals\sepa\alerter.py", line 156, in send
    r = requests.post(f"https://api.telegram.org/bot{token}/sendMessage",
                      data={"chat_id": chat_id, "text": text, "parse_mode": "Markdown"},
                      timeout=30)
  File "C:\Users\lathe\sepa-signals\.venv\Lib\site-packages\requests\api.py", line 134, in post
    return request("post", url, data=data, json=json, **kwargs)
  File "C:\Users\lathe\sepa-signals\.venv\Lib\site-packages\requests\api.py", line 71, in request
    return session.request(method=method, url=url, **kwargs)
           ~~~~~~~~~~~~~~~^^^^^^^^^^^^^^^^^^^^^^^^^^^^^^^^^^
  File "C:\Users\lathe\sepa-signals\.venv\Lib\site-packages\requests\sessions.py", line 651, in request
    resp = self.send(prep, **send_kwargs)
  File "C:\Users\lathe\sepa-signals\.venv\Lib\site-packages\requests\sessions.py", line 784, in send
    r = adapter.send(request, **kwargs)
  File "C:\Users\lathe\sepa-signals\.venv\Lib\site-packages\requests\adapters.py", line 742, in send
    raise ReadTimeout(e, request=request)
requests.exceptions.ReadTimeout: HTTPSConnectionPool(host='api.telegram.org', port=443): Read timed out. (read timeout=30)
2026-06-27 14:46:17 INFO    sepa.intraday  intraday alert BRKR: stage2 TT8/8 dir=ok stale=no vol=14.24x
2026-06-27 14:46:48 ERROR   sepa.intraday  intraday BUD: unhandled error
Traceback (most recent call last):
  File "C:\Users\lathe\sepa-signals\.venv\Lib\site-packages\urllib3\connectionpool.py", line 464, in _make_request
    self._validate_conn(conn)
    ~~~~~~~~~~~~~~~~~~~^^^^^^
  File "C:\Users\lathe\sepa-signals\.venv\Lib\site-packages\urllib3\connectionpool.py", line 1106, in _validate_conn
    conn.connect()
    ~~~~~~~~~~~~^^
  File "C:\Users\lathe\sepa-signals\.venv\Lib\site-packages\urllib3\connection.py", line 796, in connect
    sock_and_verified = _ssl_wrap_socket_and_match_hostname(
        sock=sock,
    ...<14 lines>...
        assert_fingerprint=self.assert_fingerprint,
    )
  File "C:\Users\lathe\sepa-signals\.venv\Lib\site-packages\urllib3\connection.py", line 975, in _ssl_wrap_socket_and_match_hostname
    ssl_sock = ssl_wrap_socket(
        sock=sock,
    ...<8 lines>...
        tls_in_tls=tls_in_tls,
    )
  File "C:\Users\lathe\sepa-signals\.venv\Lib\site-packages\urllib3\util\ssl_.py", line 433, in ssl_wrap_socket
    ssl_sock = _ssl_wrap_socket_impl(sock, context, tls_in_tls, server_hostname)
  File "C:\Users\lathe\sepa-signals\.venv\Lib\site-packages\urllib3\util\ssl_.py", line 477, in _ssl_wrap_socket_impl
    return ssl_context.wrap_socket(sock, server_hostname=server_hostname)
           ~~~~~~~~~~~~~~~~~~~~~~~^^^^^^^^^^^^^^^^^^^^^^^^^^^^^^^^^^^^^^^
  File "C:\Users\lathe\AppData\Local\Python\pythoncore-3.14-64\Lib\ssl.py", line 455, in wrap_socket
    return self.sslsocket_class._create(
           ~~~~~~~~~~~~~~~~~~~~~~~~~~~~^
        sock=sock,
        ^^^^^^^^^^
    ...<5 lines>...
        session=session
        ^^^^^^^^^^^^^^^
    )
    ^
  File "C:\Users\lathe\AppData\Local\Python\pythoncore-3.14-64\Lib\ssl.py", line 1076, in _create
    self.do_handshake()
    ~~~~~~~~~~~~~~~~~^^
  File "C:\Users\lathe\AppData\Local\Python\pythoncore-3.14-64\Lib\ssl.py", line 1372, in do_handshake
    self._sslobj.do_handshake()
    ~~~~~~~~~~~~~~~~~~~~~~~~~^^
TimeoutError: _ssl.c:1063: The handshake operation timed out

The above exception was the direct cause of the following exception:

Traceback (most recent call last):
  File "C:\Users\lathe\sepa-signals\.venv\Lib\site-packages\requests\adapters.py", line 696, in send
    resp = conn.urlopen(
        method=request.method,
    ...<9 lines>...
        chunked=chunked,
    )
  File "C:\Users\lathe\sepa-signals\.venv\Lib\site-packages\urllib3\connectionpool.py", line 842, in urlopen
    retries = retries.increment(
        method, url, error=new_e, _pool=self, _stacktrace=sys.exc_info()[2]
    )
  File "C:\Users\lathe\sepa-signals\.venv\Lib\site-packages\urllib3\util\retry.py", line 498, in increment
    raise reraise(type(error), error, _stacktrace)
          ~~~~~~~^^^^^^^^^^^^^^^^^^^^^^^^^^^^^^^^^
  File "C:\Users\lathe\sepa-signals\.venv\Lib\site-packages\urllib3\util\util.py", line 39, in reraise
    raise value
  File "C:\Users\lathe\sepa-signals\.venv\Lib\site-packages\urllib3\connectionpool.py", line 788, in urlopen
    response = self._make_request(
        conn,
    ...<10 lines>...
        **response_kw,
    )
  File "C:\Users\lathe\sepa-signals\.venv\Lib\site-packages\urllib3\connectionpool.py", line 488, in _make_request
    raise new_e
  File "C:\Users\lathe\sepa-signals\.venv\Lib\site-packages\urllib3\connectionpool.py", line 466, in _make_request
    self._raise_timeout(err=e, url=url, timeout_value=conn.timeout)
    ~~~~~~~~~~~~~~~~~~~^^^^^^^^^^^^^^^^^^^^^^^^^^^^^^^^^^^^^^^^^^^^
  File "C:\Users\lathe\sepa-signals\.venv\Lib\site-packages\urllib3\connectionpool.py", line 367, in _raise_timeout
    raise ReadTimeoutError(
        self, url, f"Read timed out. (read timeout={timeout_value})"
    ) from err
urllib3.exceptions.ReadTimeoutError: HTTPSConnectionPool(host='api.telegram.org', port=443): Read timed out. (read timeout=30)

During handling of the above exception, another exception occurred:

Traceback (most recent call last):
  File "C:\Users\lathe\sepa-signals\sepa\run_intraday.py", line 174, in run_scan
    alerter.send(C.TELEGRAM_TOKEN, C.TELEGRAM_CHAT_ID, msg)
    ~~~~~~~~~~~~^^^^^^^^^^^^^^^^^^^^^^^^^^^^^^^^^^^^^^^^^^^
  File "C:\Users\lathe\sepa-signals\sepa\alerter.py", line 156, in send
    r = requests.post(f"https://api.telegram.org/bot{token}/sendMessage",
                      data={"chat_id": chat_id, "text": text, "parse_mode": "Markdown"},
                      timeout=30)
  File "C:\Users\lathe\sepa-signals\.venv\Lib\site-packages\requests\api.py", line 134, in post
    return request("post", url, data=data, json=json, **kwargs)
  File "C:\Users\lathe\sepa-signals\.venv\Lib\site-packages\requests\api.py", line 71, in request
    return session.request(method=method, url=url, **kwargs)
           ~~~~~~~~~~~~~~~^^^^^^^^^^^^^^^^^^^^^^^^^^^^^^^^^^
  File "C:\Users\lathe\sepa-signals\.venv\Lib\site-packages\requests\sessions.py", line 651, in request
    resp = self.send(prep, **send_kwargs)
  File "C:\Users\lathe\sepa-signals\.venv\Lib\site-packages\requests\sessions.py", line 784, in send
    r = adapter.send(request, **kwargs)
  File "C:\Users\lathe\sepa-signals\.venv\Lib\site-packages\requests\adapters.py", line 742, in send
    raise ReadTimeout(e, request=request)
requests.exceptions.ReadTimeout: HTTPSConnectionPool(host='api.telegram.org', port=443): Read timed out. (read timeout=30)
2026-06-27 14:46:49 INFO    sepa.intraday  intraday alert BZH: stage2 TT6/8 dir=ok stale=no vol=14.81x
2026-06-27 14:46:50 INFO    sepa.intraday  intraday alert CCSI: stage2 TT6/8 dir=ok stale=no vol=24.26x
2026-06-27 14:46:51 INFO    sepa.intraday  intraday alert CHD: stage2 TT6/8 dir=ok stale=no vol=19.20x
2026-06-27 14:47:22 ERROR   sepa.intraday  intraday CMP: unhandled error
Traceback (most recent call last):
  File "C:\Users\lathe\sepa-signals\.venv\Lib\site-packages\urllib3\connectionpool.py", line 464, in _make_request
    self._validate_conn(conn)
    ~~~~~~~~~~~~~~~~~~~^^^^^^
  File "C:\Users\lathe\sepa-signals\.venv\Lib\site-packages\urllib3\connectionpool.py", line 1106, in _validate_conn
    conn.connect()
    ~~~~~~~~~~~~^^
  File "C:\Users\lathe\sepa-signals\.venv\Lib\site-packages\urllib3\connection.py", line 796, in connect
    sock_and_verified = _ssl_wrap_socket_and_match_hostname(
        sock=sock,
    ...<14 lines>...
        assert_fingerprint=self.assert_fingerprint,
    )
  File "C:\Users\lathe\sepa-signals\.venv\Lib\site-packages\urllib3\connection.py", line 975, in _ssl_wrap_socket_and_match_hostname
    ssl_sock = ssl_wrap_socket(
        sock=sock,
    ...<8 lines>...
        tls_in_tls=tls_in_tls,
    )
  File "C:\Users\lathe\sepa-signals\.venv\Lib\site-packages\urllib3\util\ssl_.py", line 433, in ssl_wrap_socket
    ssl_sock = _ssl_wrap_socket_impl(sock, context, tls_in_tls, server_hostname)
  File "C:\Users\lathe\sepa-signals\.venv\Lib\site-packages\urllib3\util\ssl_.py", line 477, in _ssl_wrap_socket_impl
    return ssl_context.wrap_socket(sock, server_hostname=server_hostname)
           ~~~~~~~~~~~~~~~~~~~~~~~^^^^^^^^^^^^^^^^^^^^^^^^^^^^^^^^^^^^^^^
  File "C:\Users\lathe\AppData\Local\Python\pythoncore-3.14-64\Lib\ssl.py", line 455, in wrap_socket
    return self.sslsocket_class._create(
           ~~~~~~~~~~~~~~~~~~~~~~~~~~~~^
        sock=sock,
        ^^^^^^^^^^
    ...<5 lines>...
        session=session
        ^^^^^^^^^^^^^^^
    )
    ^
  File "C:\Users\lathe\AppData\Local\Python\pythoncore-3.14-64\Lib\ssl.py", line 1076, in _create
    self.do_handshake()
    ~~~~~~~~~~~~~~~~~^^
  File "C:\Users\lathe\AppData\Local\Python\pythoncore-3.14-64\Lib\ssl.py", line 1372, in do_handshake
    self._sslobj.do_handshake()
    ~~~~~~~~~~~~~~~~~~~~~~~~~^^
TimeoutError: _ssl.c:1063: The handshake operation timed out

The above exception was the direct cause of the following exception:

Traceback (most recent call last):
  File "C:\Users\lathe\sepa-signals\.venv\Lib\site-packages\requests\adapters.py", line 696, in send
    resp = conn.urlopen(
        method=request.method,
    ...<9 lines>...
        chunked=chunked,
    )
  File "C:\Users\lathe\sepa-signals\.venv\Lib\site-packages\urllib3\connectionpool.py", line 842, in urlopen
    retries = retries.increment(
        method, url, error=new_e, _pool=self, _stacktrace=sys.exc_info()[2]
    )
  File "C:\Users\lathe\sepa-signals\.venv\Lib\site-packages\urllib3\util\retry.py", line 498, in increment
    raise reraise(type(error), error, _stacktrace)
          ~~~~~~~^^^^^^^^^^^^^^^^^^^^^^^^^^^^^^^^^
  File "C:\Users\lathe\sepa-signals\.venv\Lib\site-packages\urllib3\util\util.py", line 39, in reraise
    raise value
  File "C:\Users\lathe\sepa-signals\.venv\Lib\site-packages\urllib3\connectionpool.py", line 788, in urlopen
    response = self._make_request(
        conn,
    ...<10 lines>...
        **response_kw,
    )
  File "C:\Users\lathe\sepa-signals\.venv\Lib\site-packages\urllib3\connectionpool.py", line 488, in _make_request
    raise new_e
  File "C:\Users\lathe\sepa-signals\.venv\Lib\site-packages\urllib3\connectionpool.py", line 466, in _make_request
    self._raise_timeout(err=e, url=url, timeout_value=conn.timeout)
    ~~~~~~~~~~~~~~~~~~~^^^^^^^^^^^^^^^^^^^^^^^^^^^^^^^^^^^^^^^^^^^^
  File "C:\Users\lathe\sepa-signals\.venv\Lib\site-packages\urllib3\connectionpool.py", line 367, in _raise_timeout
    raise ReadTimeoutError(
        self, url, f"Read timed out. (read timeout={timeout_value})"
    ) from err
urllib3.exceptions.ReadTimeoutError: HTTPSConnectionPool(host='api.telegram.org', port=443): Read timed out. (read timeout=30)

During handling of the above exception, another exception occurred:

Traceback (most recent call last):
  File "C:\Users\lathe\sepa-signals\sepa\run_intraday.py", line 174, in run_scan
    alerter.send(C.TELEGRAM_TOKEN, C.TELEGRAM_CHAT_ID, msg)
    ~~~~~~~~~~~~^^^^^^^^^^^^^^^^^^^^^^^^^^^^^^^^^^^^^^^^^^^
  File "C:\Users\lathe\sepa-signals\sepa\alerter.py", line 156, in send
    r = requests.post(f"https://api.telegram.org/bot{token}/sendMessage",
                      data={"chat_id": chat_id, "text": text, "parse_mode": "Markdown"},
                      timeout=30)
  File "C:\Users\lathe\sepa-signals\.venv\Lib\site-packages\requests\api.py", line 134, in post
    return request("post", url, data=data, json=json, **kwargs)
  File "C:\Users\lathe\sepa-signals\.venv\Lib\site-packages\requests\api.py", line 71, in request
    return session.request(method=method, url=url, **kwargs)
           ~~~~~~~~~~~~~~~^^^^^^^^^^^^^^^^^^^^^^^^^^^^^^^^^^
  File "C:\Users\lathe\sepa-signals\.venv\Lib\site-packages\requests\sessions.py", line 651, in request
    resp = self.send(prep, **send_kwargs)
  File "C:\Users\lathe\sepa-signals\.venv\Lib\site-packages\requests\sessions.py", line 784, in send
    r = adapter.send(request, **kwargs)
  File "C:\Users\lathe\sepa-signals\.venv\Lib\site-packages\requests\adapters.py", line 742, in send
    raise ReadTimeout(e, request=request)
requests.exceptions.ReadTimeout: HTTPSConnectionPool(host='api.telegram.org', port=443): Read timed out. (read timeout=30)
2026-06-27 14:47:23 INFO    sepa.intraday  intraday alert CMPS: stage2 TT8/8 dir=ok stale=no vol=27.90x
2026-06-27 14:47:25 INFO    sepa.intraday  intraday alert CRI: stage2 TT7/8 dir=ok stale=no vol=23.88x
2026-06-27 14:47:25 INFO    sepa.intraday  intraday alert CROX: stage2 TT8/8 dir=ok stale=no vol=24.19x
2026-06-27 14:47:26 INFO    sepa.intraday  intraday alert CRWD: stage2 TT6/8 dir=ok stale=no vol=16.44x
2026-06-27 14:47:26 ERROR   yfinance  $CURLF: possibly delisted; no price data found  (period=1d)
2026-06-27 14:47:26 ERROR   sepa.intraday  intraday CURLF: unhandled error
Traceback (most recent call last):
  File "C:\Users\lathe\sepa-signals\sepa\run_intraday.py", line 166, in run_scan
    live_price, live_volume = get_live_quote(t)
                              ~~~~~~~~~~~~~~^^^
  File "C:\Users\lathe\sepa-signals\sepa\run_intraday.py", line 85, in get_live_quote
    raise ValueError(f"no intraday bars for {ticker}")
ValueError: no intraday bars for CURLF
2026-06-27 14:47:26 ERROR   yfinance  $CWAN: possibly delisted; no price data found  (period=1d)
2026-06-27 14:47:26 ERROR   sepa.intraday  intraday CWAN: unhandled error
Traceback (most recent call last):
  File "C:\Users\lathe\sepa-signals\sepa\run_intraday.py", line 166, in run_scan
    live_price, live_volume = get_live_quote(t)
                              ~~~~~~~~~~~~~~^^^
  File "C:\Users\lathe\sepa-signals\sepa\run_intraday.py", line 85, in get_live_quote
    raise ValueError(f"no intraday bars for {ticker}")
ValueError: no intraday bars for CWAN
2026-06-27 14:47:27 INFO    sepa.intraday  intraday alert CYTK: stage2 TT8/8 dir=ok stale=no vol=31.25x
2026-06-27 14:47:28 INFO    sepa.intraday  intraday alert DDOG: stage2 TT6/8 dir=ok stale=no vol=21.62x
2026-06-27 14:47:29 INFO    sepa.intraday  intraday alert DIN: stage2 TT7/8 dir=ok stale=no vol=25.24x
2026-06-27 14:47:29 INFO    sepa.intraday  intraday alert DJCO: stage2 TT6/8 dir=ok stale=no vol=24.67x
2026-06-27 14:47:31 INFO    sepa.intraday  intraday alert ELV: stage2 TT7/8 dir=ok stale=no vol=17.08x
2026-06-27 14:47:32 INFO    sepa.intraday  intraday alert EPR: stage2 TT6/8 dir=ok stale=no vol=20.86x
2026-06-27 14:47:33 INFO    sepa.intraday  intraday alert ERAS: stage2 TT7/8 dir=ok stale=no vol=28.46x
2026-06-27 14:47:34 INFO    sepa.intraday  intraday alert ETSY: stage2 TT6/8 dir=ok stale=no vol=18.32x
2026-06-27 14:47:35 INFO    sepa.intraday  intraday alert FC: stage2 TT8/8 dir=ok stale=no vol=29.59x
2026-06-27 14:47:37 INFO    sepa.intraday  intraday alert FNB: stage2 TT7/8 dir=ok stale=no vol=13.27x
2026-06-27 14:47:38 INFO    sepa.intraday  intraday alert FROG: stage2 TT8/8 dir=ok stale=no vol=51.53x
2026-06-27 14:47:43 INFO    sepa.intraday  intraday alert HUM: stage2 TT6/8 dir=ok stale=no vol=15.99x
2026-06-27 14:47:44 INFO    sepa.intraday  intraday alert HZO: stage2 TT8/8 dir=ok stale=no vol=9.57x
2026-06-27 14:47:45 INFO    sepa.intraday  intraday alert IIPR: stage2 TT7/8 dir=ok stale=no vol=24.72x
2026-06-27 14:48:16 ERROR   sepa.intraday  intraday IMOS: unhandled error
Traceback (most recent call last):
  File "C:\Users\lathe\sepa-signals\.venv\Lib\site-packages\urllib3\connectionpool.py", line 464, in _make_request
    self._validate_conn(conn)
    ~~~~~~~~~~~~~~~~~~~^^^^^^
  File "C:\Users\lathe\sepa-signals\.venv\Lib\site-packages\urllib3\connectionpool.py", line 1106, in _validate_conn
    conn.connect()
    ~~~~~~~~~~~~^^
  File "C:\Users\lathe\sepa-signals\.venv\Lib\site-packages\urllib3\connection.py", line 796, in connect
    sock_and_verified = _ssl_wrap_socket_and_match_hostname(
        sock=sock,
    ...<14 lines>...
        assert_fingerprint=self.assert_fingerprint,
    )
  File "C:\Users\lathe\sepa-signals\.venv\Lib\site-packages\urllib3\connection.py", line 975, in _ssl_wrap_socket_and_match_hostname
    ssl_sock = ssl_wrap_socket(
        sock=sock,
    ...<8 lines>...
        tls_in_tls=tls_in_tls,
    )
  File "C:\Users\lathe\sepa-signals\.venv\Lib\site-packages\urllib3\util\ssl_.py", line 433, in ssl_wrap_socket
    ssl_sock = _ssl_wrap_socket_impl(sock, context, tls_in_tls, server_hostname)
  File "C:\Users\lathe\sepa-signals\.venv\Lib\site-packages\urllib3\util\ssl_.py", line 477, in _ssl_wrap_socket_impl
    return ssl_context.wrap_socket(sock, server_hostname=server_hostname)
           ~~~~~~~~~~~~~~~~~~~~~~~^^^^^^^^^^^^^^^^^^^^^^^^^^^^^^^^^^^^^^^
  File "C:\Users\lathe\AppData\Local\Python\pythoncore-3.14-64\Lib\ssl.py", line 455, in wrap_socket
    return self.sslsocket_class._create(
           ~~~~~~~~~~~~~~~~~~~~~~~~~~~~^
        sock=sock,
        ^^^^^^^^^^
    ...<5 lines>...
        session=session
        ^^^^^^^^^^^^^^^
    )
    ^
  File "C:\Users\lathe\AppData\Local\Python\pythoncore-3.14-64\Lib\ssl.py", line 1076, in _create
    self.do_handshake()
    ~~~~~~~~~~~~~~~~~^^
  File "C:\Users\lathe\AppData\Local\Python\pythoncore-3.14-64\Lib\ssl.py", line 1372, in do_handshake
    self._sslobj.do_handshake()
    ~~~~~~~~~~~~~~~~~~~~~~~~~^^
TimeoutError: _ssl.c:1063: The handshake operation timed out

The above exception was the direct cause of the following exception:

Traceback (most recent call last):
  File "C:\Users\lathe\sepa-signals\.venv\Lib\site-packages\requests\adapters.py", line 696, in send
    resp = conn.urlopen(
        method=request.method,
    ...<9 lines>...
        chunked=chunked,
    )
  File "C:\Users\lathe\sepa-signals\.venv\Lib\site-packages\urllib3\connectionpool.py", line 842, in urlopen
    retries = retries.increment(
        method, url, error=new_e, _pool=self, _stacktrace=sys.exc_info()[2]
    )
  File "C:\Users\lathe\sepa-signals\.venv\Lib\site-packages\urllib3\util\retry.py", line 498, in increment
    raise reraise(type(error), error, _stacktrace)
          ~~~~~~~^^^^^^^^^^^^^^^^^^^^^^^^^^^^^^^^^
  File "C:\Users\lathe\sepa-signals\.venv\Lib\site-packages\urllib3\util\util.py", line 39, in reraise
    raise value
  File "C:\Users\lathe\sepa-signals\.venv\Lib\site-packages\urllib3\connectionpool.py", line 788, in urlopen
    response = self._make_request(
        conn,
    ...<10 lines>...
        **response_kw,
    )
  File "C:\Users\lathe\sepa-signals\.venv\Lib\site-packages\urllib3\connectionpool.py", line 488, in _make_request
    raise new_e
  File "C:\Users\lathe\sepa-signals\.venv\Lib\site-packages\urllib3\connectionpool.py", line 466, in _make_request
    self._raise_timeout(err=e, url=url, timeout_value=conn.timeout)
    ~~~~~~~~~~~~~~~~~~~^^^^^^^^^^^^^^^^^^^^^^^^^^^^^^^^^^^^^^^^^^^^
  File "C:\Users\lathe\sepa-signals\.venv\Lib\site-packages\urllib3\connectionpool.py", line 367, in _raise_timeout
    raise ReadTimeoutError(
        self, url, f"Read timed out. (read timeout={timeout_value})"
    ) from err
urllib3.exceptions.ReadTimeoutError: HTTPSConnectionPool(host='api.telegram.org', port=443): Read timed out. (read timeout=30)

During handling of the above exception, another exception occurred:

Traceback (most recent call last):
  File "C:\Users\lathe\sepa-signals\sepa\run_intraday.py", line 174, in run_scan
    alerter.send(C.TELEGRAM_TOKEN, C.TELEGRAM_CHAT_ID, msg)
    ~~~~~~~~~~~~^^^^^^^^^^^^^^^^^^^^^^^^^^^^^^^^^^^^^^^^^^^
  File "C:\Users\lathe\sepa-signals\sepa\alerter.py", line 156, in send
    r = requests.post(f"https://api.telegram.org/bot{token}/sendMessage",
                      data={"chat_id": chat_id, "text": text, "parse_mode": "Markdown"},
                      timeout=30)
  File "C:\Users\lathe\sepa-signals\.venv\Lib\site-packages\requests\api.py", line 134, in post
    return request("post", url, data=data, json=json, **kwargs)
  File "C:\Users\lathe\sepa-signals\.venv\Lib\site-packages\requests\api.py", line 71, in request
    return session.request(method=method, url=url, **kwargs)
           ~~~~~~~~~~~~~~~^^^^^^^^^^^^^^^^^^^^^^^^^^^^^^^^^^
  File "C:\Users\lathe\sepa-signals\.venv\Lib\site-packages\requests\sessions.py", line 651, in request
    resp = self.send(prep, **send_kwargs)
  File "C:\Users\lathe\sepa-signals\.venv\Lib\site-packages\requests\sessions.py", line 784, in send
    r = adapter.send(request, **kwargs)
  File "C:\Users\lathe\sepa-signals\.venv\Lib\site-packages\requests\adapters.py", line 742, in send
    raise ReadTimeout(e, request=request)
requests.exceptions.ReadTimeout: HTTPSConnectionPool(host='api.telegram.org', port=443): Read timed out. (read timeout=30)
2026-06-27 14:48:16 INFO    sepa.intraday  intraday alert IRDM: stage2 TT7/8 dir=ok stale=no vol=17.63x
2026-06-27 14:48:47 ERROR   sepa.intraday  intraday JAKK: unhandled error
Traceback (most recent call last):
  File "C:\Users\lathe\sepa-signals\.venv\Lib\site-packages\urllib3\connectionpool.py", line 464, in _make_request
    self._validate_conn(conn)
    ~~~~~~~~~~~~~~~~~~~^^^^^^
  File "C:\Users\lathe\sepa-signals\.venv\Lib\site-packages\urllib3\connectionpool.py", line 1106, in _validate_conn
    conn.connect()
    ~~~~~~~~~~~~^^
  File "C:\Users\lathe\sepa-signals\.venv\Lib\site-packages\urllib3\connection.py", line 796, in connect
    sock_and_verified = _ssl_wrap_socket_and_match_hostname(
        sock=sock,
    ...<14 lines>...
        assert_fingerprint=self.assert_fingerprint,
    )
  File "C:\Users\lathe\sepa-signals\.venv\Lib\site-packages\urllib3\connection.py", line 975, in _ssl_wrap_socket_and_match_hostname
    ssl_sock = ssl_wrap_socket(
        sock=sock,
    ...<8 lines>...
        tls_in_tls=tls_in_tls,
    )
  File "C:\Users\lathe\sepa-signals\.venv\Lib\site-packages\urllib3\util\ssl_.py", line 433, in ssl_wrap_socket
    ssl_sock = _ssl_wrap_socket_impl(sock, context, tls_in_tls, server_hostname)
  File "C:\Users\lathe\sepa-signals\.venv\Lib\site-packages\urllib3\util\ssl_.py", line 477, in _ssl_wrap_socket_impl
    return ssl_context.wrap_socket(sock, server_hostname=server_hostname)
           ~~~~~~~~~~~~~~~~~~~~~~~^^^^^^^^^^^^^^^^^^^^^^^^^^^^^^^^^^^^^^^
  File "C:\Users\lathe\AppData\Local\Python\pythoncore-3.14-64\Lib\ssl.py", line 455, in wrap_socket
    return self.sslsocket_class._create(
           ~~~~~~~~~~~~~~~~~~~~~~~~~~~~^
        sock=sock,
        ^^^^^^^^^^
    ...<5 lines>...
        session=session
        ^^^^^^^^^^^^^^^
    )
    ^
  File "C:\Users\lathe\AppData\Local\Python\pythoncore-3.14-64\Lib\ssl.py", line 1076, in _create
    self.do_handshake()
    ~~~~~~~~~~~~~~~~~^^
  File "C:\Users\lathe\AppData\Local\Python\pythoncore-3.14-64\Lib\ssl.py", line 1372, in do_handshake
    self._sslobj.do_handshake()
    ~~~~~~~~~~~~~~~~~~~~~~~~~^^
TimeoutError: _ssl.c:1063: The handshake operation timed out

The above exception was the direct cause of the following exception:

Traceback (most recent call last):
  File "C:\Users\lathe\sepa-signals\.venv\Lib\site-packages\requests\adapters.py", line 696, in send
    resp = conn.urlopen(
        method=request.method,
    ...<9 lines>...
        chunked=chunked,
    )
  File "C:\Users\lathe\sepa-signals\.venv\Lib\site-packages\urllib3\connectionpool.py", line 842, in urlopen
    retries = retries.increment(
        method, url, error=new_e, _pool=self, _stacktrace=sys.exc_info()[2]
    )
  File "C:\Users\lathe\sepa-signals\.venv\Lib\site-packages\urllib3\util\retry.py", line 498, in increment
    raise reraise(type(error), error, _stacktrace)
          ~~~~~~~^^^^^^^^^^^^^^^^^^^^^^^^^^^^^^^^^
  File "C:\Users\lathe\sepa-signals\.venv\Lib\site-packages\urllib3\util\util.py", line 39, in reraise
    raise value
  File "C:\Users\lathe\sepa-signals\.venv\Lib\site-packages\urllib3\connectionpool.py", line 788, in urlopen
    response = self._make_request(
        conn,
    ...<10 lines>...
        **response_kw,
    )
  File "C:\Users\lathe\sepa-signals\.venv\Lib\site-packages\urllib3\connectionpool.py", line 488, in _make_request
    raise new_e
  File "C:\Users\lathe\sepa-signals\.venv\Lib\site-packages\urllib3\connectionpool.py", line 466, in _make_request
    self._raise_timeout(err=e, url=url, timeout_value=conn.timeout)
    ~~~~~~~~~~~~~~~~~~~^^^^^^^^^^^^^^^^^^^^^^^^^^^^^^^^^^^^^^^^^^^^
  File "C:\Users\lathe\sepa-signals\.venv\Lib\site-packages\urllib3\connectionpool.py", line 367, in _raise_timeout
    raise ReadTimeoutError(
        self, url, f"Read timed out. (read timeout={timeout_value})"
    ) from err
urllib3.exceptions.ReadTimeoutError: HTTPSConnectionPool(host='api.telegram.org', port=443): Read timed out. (read timeout=30)

During handling of the above exception, another exception occurred:

Traceback (most recent call last):
  File "C:\Users\lathe\sepa-signals\sepa\run_intraday.py", line 174, in run_scan
    alerter.send(C.TELEGRAM_TOKEN, C.TELEGRAM_CHAT_ID, msg)
    ~~~~~~~~~~~~^^^^^^^^^^^^^^^^^^^^^^^^^^^^^^^^^^^^^^^^^^^
  File "C:\Users\lathe\sepa-signals\sepa\alerter.py", line 156, in send
    r = requests.post(f"https://api.telegram.org/bot{token}/sendMessage",
                      data={"chat_id": chat_id, "text": text, "parse_mode": "Markdown"},
                      timeout=30)
  File "C:\Users\lathe\sepa-signals\.venv\Lib\site-packages\requests\api.py", line 134, in post
    return request("post", url, data=data, json=json, **kwargs)
  File "C:\Users\lathe\sepa-signals\.venv\Lib\site-packages\requests\api.py", line 71, in request
    return session.request(method=method, url=url, **kwargs)
           ~~~~~~~~~~~~~~~^^^^^^^^^^^^^^^^^^^^^^^^^^^^^^^^^^
  File "C:\Users\lathe\sepa-signals\.venv\Lib\site-packages\requests\sessions.py", line 651, in request
    resp = self.send(prep, **send_kwargs)
  File "C:\Users\lathe\sepa-signals\.venv\Lib\site-packages\requests\sessions.py", line 784, in send
    r = adapter.send(request, **kwargs)
  File "C:\Users\lathe\sepa-signals\.venv\Lib\site-packages\requests\adapters.py", line 742, in send
    raise ReadTimeout(e, request=request)
requests.exceptions.ReadTimeout: HTTPSConnectionPool(host='api.telegram.org', port=443): Read timed out. (read timeout=30)
2026-06-27 14:48:48 ERROR   yfinance  $KALV: possibly delisted; no price data found  (period=1d)
2026-06-27 14:48:48 ERROR   sepa.intraday  intraday KALV: unhandled error
Traceback (most recent call last):
  File "C:\Users\lathe\sepa-signals\sepa\run_intraday.py", line 166, in run_scan
    live_price, live_volume = get_live_quote(t)
                              ~~~~~~~~~~~~~~^^^
  File "C:\Users\lathe\sepa-signals\sepa\run_intraday.py", line 85, in get_live_quote
    raise ValueError(f"no intraday bars for {ticker}")
ValueError: no intraday bars for KALV
2026-06-27 14:48:49 INFO    sepa.intraday  intraday alert KNTK: stage2 TT7/8 dir=ok stale=no vol=23.70x
2026-06-27 14:48:50 INFO    sepa.intraday  intraday alert KURA: stage2 TT6/8 dir=ok stale=no vol=22.75x
2026-06-27 14:48:51 INFO    sepa.intraday  intraday alert LEVI: stage2 TT6/8 dir=ok stale=no vol=24.57x
2026-06-27 14:48:52 INFO    sepa.intraday  intraday alert LION: stage2 TT8/8 dir=ok stale=no vol=15.78x
2026-06-27 14:48:53 INFO    sepa.intraday  intraday alert LLY: stage2 TT8/8 dir=ok stale=no vol=41.24x
2026-06-27 14:48:56 INFO    sepa.intraday  intraday alert MD: stage2 TT8/8 dir=ok stale=no vol=16.25x
2026-06-27 14:48:56 INFO    sepa.intraday  intraday alert MEC: stage2 TT8/8 dir=ok stale=no vol=29.30x
2026-06-27 14:48:57 INFO    sepa.intraday  intraday alert MIDD: stage2 TT7/8 dir=ok stale=no vol=17.41x
2026-06-27 14:49:01 INFO    sepa.intraday  intraday alert NUTX: stage2 TT7/8 dir=ok stale=no vol=26.73x
2026-06-27 14:49:03 INFO    sepa.intraday  intraday alert OGN: stage2 TT8/8 dir=ok stale=no vol=5.65x
2026-06-27 14:49:04 INFO    sepa.intraday  intraday alert ORKA: stage2 TT8/8 dir=ok stale=no vol=28.22x
2026-06-27 14:49:05 INFO    sepa.intraday  intraday alert PANW: stage2 TT6/8 dir=ok stale=no vol=15.13x
2026-06-27 14:49:06 INFO    sepa.intraday  intraday alert PENN: stage2 TT6/8 dir=ok stale=no vol=22.05x
2026-06-27 14:49:07 INFO    sepa.intraday  intraday alert PKBK: stage2 TT8/8 dir=ok stale=no vol=22.25x
2026-06-27 14:49:08 INFO    sepa.intraday  intraday alert PM: stage2 TT6/8 dir=ok stale=no vol=18.07x
2026-06-27 14:49:09 INFO    sepa.intraday  intraday alert PPLI: stage2 TT7/8 dir=ok stale=no vol=15.77x
2026-06-27 14:49:40 ERROR   sepa.intraday  intraday PUBM: unhandled error
Traceback (most recent call last):
  File "C:\Users\lathe\sepa-signals\.venv\Lib\site-packages\urllib3\connectionpool.py", line 464, in _make_request
    self._validate_conn(conn)
    ~~~~~~~~~~~~~~~~~~~^^^^^^
  File "C:\Users\lathe\sepa-signals\.venv\Lib\site-packages\urllib3\connectionpool.py", line 1106, in _validate_conn
    conn.connect()
    ~~~~~~~~~~~~^^
  File "C:\Users\lathe\sepa-signals\.venv\Lib\site-packages\urllib3\connection.py", line 796, in connect
    sock_and_verified = _ssl_wrap_socket_and_match_hostname(
        sock=sock,
    ...<14 lines>...
        assert_fingerprint=self.assert_fingerprint,
    )
  File "C:\Users\lathe\sepa-signals\.venv\Lib\site-packages\urllib3\connection.py", line 975, in _ssl_wrap_socket_and_match_hostname
    ssl_sock = ssl_wrap_socket(
        sock=sock,
    ...<8 lines>...
        tls_in_tls=tls_in_tls,
    )
  File "C:\Users\lathe\sepa-signals\.venv\Lib\site-packages\urllib3\util\ssl_.py", line 433, in ssl_wrap_socket
    ssl_sock = _ssl_wrap_socket_impl(sock, context, tls_in_tls, server_hostname)
  File "C:\Users\lathe\sepa-signals\.venv\Lib\site-packages\urllib3\util\ssl_.py", line 477, in _ssl_wrap_socket_impl
    return ssl_context.wrap_socket(sock, server_hostname=server_hostname)
           ~~~~~~~~~~~~~~~~~~~~~~~^^^^^^^^^^^^^^^^^^^^^^^^^^^^^^^^^^^^^^^
  File "C:\Users\lathe\AppData\Local\Python\pythoncore-3.14-64\Lib\ssl.py", line 455, in wrap_socket
    return self.sslsocket_class._create(
           ~~~~~~~~~~~~~~~~~~~~~~~~~~~~^
        sock=sock,
        ^^^^^^^^^^
    ...<5 lines>...
        session=session
        ^^^^^^^^^^^^^^^
    )
    ^
  File "C:\Users\lathe\AppData\Local\Python\pythoncore-3.14-64\Lib\ssl.py", line 1076, in _create
    self.do_handshake()
    ~~~~~~~~~~~~~~~~~^^
  File "C:\Users\lathe\AppData\Local\Python\pythoncore-3.14-64\Lib\ssl.py", line 1372, in do_handshake
    self._sslobj.do_handshake()
    ~~~~~~~~~~~~~~~~~~~~~~~~~^^
TimeoutError: _ssl.c:1063: The handshake operation timed out

The above exception was the direct cause of the following exception:

Traceback (most recent call last):
  File "C:\Users\lathe\sepa-signals\.venv\Lib\site-packages\requests\adapters.py", line 696, in send
    resp = conn.urlopen(
        method=request.method,
    ...<9 lines>...
        chunked=chunked,
    )
  File "C:\Users\lathe\sepa-signals\.venv\Lib\site-packages\urllib3\connectionpool.py", line 842, in urlopen
    retries = retries.increment(
        method, url, error=new_e, _pool=self, _stacktrace=sys.exc_info()[2]
    )
  File "C:\Users\lathe\sepa-signals\.venv\Lib\site-packages\urllib3\util\retry.py", line 498, in increment
    raise reraise(type(error), error, _stacktrace)
          ~~~~~~~^^^^^^^^^^^^^^^^^^^^^^^^^^^^^^^^^
  File "C:\Users\lathe\sepa-signals\.venv\Lib\site-packages\urllib3\util\util.py", line 39, in reraise
    raise value
  File "C:\Users\lathe\sepa-signals\.venv\Lib\site-packages\urllib3\connectionpool.py", line 788, in urlopen
    response = self._make_request(
        conn,
    ...<10 lines>...
        **response_kw,
    )
  File "C:\Users\lathe\sepa-signals\.venv\Lib\site-packages\urllib3\connectionpool.py", line 488, in _make_request
    raise new_e
  File "C:\Users\lathe\sepa-signals\.venv\Lib\site-packages\urllib3\connectionpool.py", line 466, in _make_request
    self._raise_timeout(err=e, url=url, timeout_value=conn.timeout)
    ~~~~~~~~~~~~~~~~~~~^^^^^^^^^^^^^^^^^^^^^^^^^^^^^^^^^^^^^^^^^^^^
  File "C:\Users\lathe\sepa-signals\.venv\Lib\site-packages\urllib3\connectionpool.py", line 367, in _raise_timeout
    raise ReadTimeoutError(
        self, url, f"Read timed out. (read timeout={timeout_value})"
    ) from err
urllib3.exceptions.ReadTimeoutError: HTTPSConnectionPool(host='api.telegram.org', port=443): Read timed out. (read timeout=30)

During handling of the above exception, another exception occurred:

Traceback (most recent call last):
  File "C:\Users\lathe\sepa-signals\sepa\run_intraday.py", line 174, in run_scan
    alerter.send(C.TELEGRAM_TOKEN, C.TELEGRAM_CHAT_ID, msg)
    ~~~~~~~~~~~~^^^^^^^^^^^^^^^^^^^^^^^^^^^^^^^^^^^^^^^^^^^
  File "C:\Users\lathe\sepa-signals\sepa\alerter.py", line 156, in send
    r = requests.post(f"https://api.telegram.org/bot{token}/sendMessage",
                      data={"chat_id": chat_id, "text": text, "parse_mode": "Markdown"},
                      timeout=30)
  File "C:\Users\lathe\sepa-signals\.venv\Lib\site-packages\requests\api.py", line 134, in post
    return request("post", url, data=data, json=json, **kwargs)
  File "C:\Users\lathe\sepa-signals\.venv\Lib\site-packages\requests\api.py", line 71, in request
    return session.request(method=method, url=url, **kwargs)
           ~~~~~~~~~~~~~~~^^^^^^^^^^^^^^^^^^^^^^^^^^^^^^^^^^
  File "C:\Users\lathe\sepa-signals\.venv\Lib\site-packages\requests\sessions.py", line 651, in request
    resp = self.send(prep, **send_kwargs)
  File "C:\Users\lathe\sepa-signals\.venv\Lib\site-packages\requests\sessions.py", line 784, in send
    r = adapter.send(request, **kwargs)
  File "C:\Users\lathe\sepa-signals\.venv\Lib\site-packages\requests\adapters.py", line 742, in send
    raise ReadTimeout(e, request=request)
requests.exceptions.ReadTimeout: HTTPSConnectionPool(host='api.telegram.org', port=443): Read timed out. (read timeout=30)
2026-06-27 14:49:41 INFO    sepa.intraday  intraday alert QTTB: stage2 TT8/8 dir=ok stale=no vol=13.21x
2026-06-27 14:49:43 INFO    sepa.intraday  intraday alert RXO: stage2 TT8/8 dir=ok stale=no vol=18.82x
2026-06-27 14:49:44 INFO    sepa.intraday  intraday alert SBUX: stage2 TT7/8 dir=ok stale=no vol=22.06x
2026-06-27 14:50:14 ERROR   sepa.intraday  intraday SCL: unhandled error
Traceback (most recent call last):
  File "C:\Users\lathe\sepa-signals\.venv\Lib\site-packages\urllib3\connectionpool.py", line 464, in _make_request
    self._validate_conn(conn)
    ~~~~~~~~~~~~~~~~~~~^^^^^^
  File "C:\Users\lathe\sepa-signals\.venv\Lib\site-packages\urllib3\connectionpool.py", line 1106, in _validate_conn
    conn.connect()
    ~~~~~~~~~~~~^^
  File "C:\Users\lathe\sepa-signals\.venv\Lib\site-packages\urllib3\connection.py", line 796, in connect
    sock_and_verified = _ssl_wrap_socket_and_match_hostname(
        sock=sock,
    ...<14 lines>...
        assert_fingerprint=self.assert_fingerprint,
    )
  File "C:\Users\lathe\sepa-signals\.venv\Lib\site-packages\urllib3\connection.py", line 975, in _ssl_wrap_socket_and_match_hostname
    ssl_sock = ssl_wrap_socket(
        sock=sock,
    ...<8 lines>...
        tls_in_tls=tls_in_tls,
    )
  File "C:\Users\lathe\sepa-signals\.venv\Lib\site-packages\urllib3\util\ssl_.py", line 433, in ssl_wrap_socket
    ssl_sock = _ssl_wrap_socket_impl(sock, context, tls_in_tls, server_hostname)
  File "C:\Users\lathe\sepa-signals\.venv\Lib\site-packages\urllib3\util\ssl_.py", line 477, in _ssl_wrap_socket_impl
    return ssl_context.wrap_socket(sock, server_hostname=server_hostname)
           ~~~~~~~~~~~~~~~~~~~~~~~^^^^^^^^^^^^^^^^^^^^^^^^^^^^^^^^^^^^^^^
  File "C:\Users\lathe\AppData\Local\Python\pythoncore-3.14-64\Lib\ssl.py", line 455, in wrap_socket
    return self.sslsocket_class._create(
           ~~~~~~~~~~~~~~~~~~~~~~~~~~~~^
        sock=sock,
        ^^^^^^^^^^
    ...<5 lines>...
        session=session
        ^^^^^^^^^^^^^^^
    )
    ^
  File "C:\Users\lathe\AppData\Local\Python\pythoncore-3.14-64\Lib\ssl.py", line 1076, in _create
    self.do_handshake()
    ~~~~~~~~~~~~~~~~~^^
  File "C:\Users\lathe\AppData\Local\Python\pythoncore-3.14-64\Lib\ssl.py", line 1372, in do_handshake
    self._sslobj.do_handshake()
    ~~~~~~~~~~~~~~~~~~~~~~~~~^^
TimeoutError: _ssl.c:1063: The handshake operation timed out

The above exception was the direct cause of the following exception:

Traceback (most recent call last):
  File "C:\Users\lathe\sepa-signals\.venv\Lib\site-packages\requests\adapters.py", line 696, in send
    resp = conn.urlopen(
        method=request.method,
    ...<9 lines>...
        chunked=chunked,
    )
  File "C:\Users\lathe\sepa-signals\.venv\Lib\site-packages\urllib3\connectionpool.py", line 842, in urlopen
    retries = retries.increment(
        method, url, error=new_e, _pool=self, _stacktrace=sys.exc_info()[2]
    )
  File "C:\Users\lathe\sepa-signals\.venv\Lib\site-packages\urllib3\util\retry.py", line 498, in increment
    raise reraise(type(error), error, _stacktrace)
          ~~~~~~~^^^^^^^^^^^^^^^^^^^^^^^^^^^^^^^^^
  File "C:\Users\lathe\sepa-signals\.venv\Lib\site-packages\urllib3\util\util.py", line 39, in reraise
    raise value
  File "C:\Users\lathe\sepa-signals\.venv\Lib\site-packages\urllib3\connectionpool.py", line 788, in urlopen
    response = self._make_request(
        conn,
    ...<10 lines>...
        **response_kw,
    )
  File "C:\Users\lathe\sepa-signals\.venv\Lib\site-packages\urllib3\connectionpool.py", line 488, in _make_request
    raise new_e
  File "C:\Users\lathe\sepa-signals\.venv\Lib\site-packages\urllib3\connectionpool.py", line 466, in _make_request
    self._raise_timeout(err=e, url=url, timeout_value=conn.timeout)
    ~~~~~~~~~~~~~~~~~~~^^^^^^^^^^^^^^^^^^^^^^^^^^^^^^^^^^^^^^^^^^^^
  File "C:\Users\lathe\sepa-signals\.venv\Lib\site-packages\urllib3\connectionpool.py", line 367, in _raise_timeout
    raise ReadTimeoutError(
        self, url, f"Read timed out. (read timeout={timeout_value})"
    ) from err
urllib3.exceptions.ReadTimeoutError: HTTPSConnectionPool(host='api.telegram.org', port=443): Read timed out. (read timeout=30)

During handling of the above exception, another exception occurred:

Traceback (most recent call last):
  File "C:\Users\lathe\sepa-signals\sepa\run_intraday.py", line 174, in run_scan
    alerter.send(C.TELEGRAM_TOKEN, C.TELEGRAM_CHAT_ID, msg)
    ~~~~~~~~~~~~^^^^^^^^^^^^^^^^^^^^^^^^^^^^^^^^^^^^^^^^^^^
  File "C:\Users\lathe\sepa-signals\sepa\alerter.py", line 156, in send
    r = requests.post(f"https://api.telegram.org/bot{token}/sendMessage",
                      data={"chat_id": chat_id, "text": text, "parse_mode": "Markdown"},
                      timeout=30)
  File "C:\Users\lathe\sepa-signals\.venv\Lib\site-packages\requests\api.py", line 134, in post
    return request("post", url, data=data, json=json, **kwargs)
  File "C:\Users\lathe\sepa-signals\.venv\Lib\site-packages\requests\api.py", line 71, in request
    return session.request(method=method, url=url, **kwargs)
           ~~~~~~~~~~~~~~~^^^^^^^^^^^^^^^^^^^^^^^^^^^^^^^^^^
  File "C:\Users\lathe\sepa-signals\.venv\Lib\site-packages\requests\sessions.py", line 651, in request
    resp = self.send(prep, **send_kwargs)
  File "C:\Users\lathe\sepa-signals\.venv\Lib\site-packages\requests\sessions.py", line 784, in send
    r = adapter.send(request, **kwargs)
  File "C:\Users\lathe\sepa-signals\.venv\Lib\site-packages\requests\adapters.py", line 742, in send
    raise ReadTimeout(e, request=request)
requests.exceptions.ReadTimeout: HTTPSConnectionPool(host='api.telegram.org', port=443): Read timed out. (read timeout=30)
2026-06-27 14:50:17 INFO    sepa.intraday  intraday alert SMC: stage2 TT6/8 dir=ok stale=no vol=10.29x
2026-06-27 14:50:49 ERROR   sepa.intraday  intraday STRT: unhandled error
Traceback (most recent call last):
  File "C:\Users\lathe\sepa-signals\.venv\Lib\site-packages\urllib3\connectionpool.py", line 464, in _make_request
    self._validate_conn(conn)
    ~~~~~~~~~~~~~~~~~~~^^^^^^
  File "C:\Users\lathe\sepa-signals\.venv\Lib\site-packages\urllib3\connectionpool.py", line 1106, in _validate_conn
    conn.connect()
    ~~~~~~~~~~~~^^
  File "C:\Users\lathe\sepa-signals\.venv\Lib\site-packages\urllib3\connection.py", line 796, in connect
    sock_and_verified = _ssl_wrap_socket_and_match_hostname(
        sock=sock,
    ...<14 lines>...
        assert_fingerprint=self.assert_fingerprint,
    )
  File "C:\Users\lathe\sepa-signals\.venv\Lib\site-packages\urllib3\connection.py", line 975, in _ssl_wrap_socket_and_match_hostname
    ssl_sock = ssl_wrap_socket(
        sock=sock,
    ...<8 lines>...
        tls_in_tls=tls_in_tls,
    )
  File "C:\Users\lathe\sepa-signals\.venv\Lib\site-packages\urllib3\util\ssl_.py", line 433, in ssl_wrap_socket
    ssl_sock = _ssl_wrap_socket_impl(sock, context, tls_in_tls, server_hostname)
  File "C:\Users\lathe\sepa-signals\.venv\Lib\site-packages\urllib3\util\ssl_.py", line 477, in _ssl_wrap_socket_impl
    return ssl_context.wrap_socket(sock, server_hostname=server_hostname)
           ~~~~~~~~~~~~~~~~~~~~~~~^^^^^^^^^^^^^^^^^^^^^^^^^^^^^^^^^^^^^^^
  File "C:\Users\lathe\AppData\Local\Python\pythoncore-3.14-64\Lib\ssl.py", line 455, in wrap_socket
    return self.sslsocket_class._create(
           ~~~~~~~~~~~~~~~~~~~~~~~~~~~~^
        sock=sock,
        ^^^^^^^^^^
    ...<5 lines>...
        session=session
        ^^^^^^^^^^^^^^^
    )
    ^
  File "C:\Users\lathe\AppData\Local\Python\pythoncore-3.14-64\Lib\ssl.py", line 1076, in _create
    self.do_handshake()
    ~~~~~~~~~~~~~~~~~^^
  File "C:\Users\lathe\AppData\Local\Python\pythoncore-3.14-64\Lib\ssl.py", line 1372, in do_handshake
    self._sslobj.do_handshake()
    ~~~~~~~~~~~~~~~~~~~~~~~~~^^
TimeoutError: _ssl.c:1063: The handshake operation timed out

The above exception was the direct cause of the following exception:

Traceback (most recent call last):
  File "C:\Users\lathe\sepa-signals\.venv\Lib\site-packages\requests\adapters.py", line 696, in send
    resp = conn.urlopen(
        method=request.method,
    ...<9 lines>...
        chunked=chunked,
    )
  File "C:\Users\lathe\sepa-signals\.venv\Lib\site-packages\urllib3\connectionpool.py", line 842, in urlopen
    retries = retries.increment(
        method, url, error=new_e, _pool=self, _stacktrace=sys.exc_info()[2]
    )
  File "C:\Users\lathe\sepa-signals\.venv\Lib\site-packages\urllib3\util\retry.py", line 498, in increment
    raise reraise(type(error), error, _stacktrace)
          ~~~~~~~^^^^^^^^^^^^^^^^^^^^^^^^^^^^^^^^^
  File "C:\Users\lathe\sepa-signals\.venv\Lib\site-packages\urllib3\util\util.py", line 39, in reraise
    raise value
  File "C:\Users\lathe\sepa-signals\.venv\Lib\site-packages\urllib3\connectionpool.py", line 788, in urlopen
    response = self._make_request(
        conn,
    ...<10 lines>...
        **response_kw,
    )
  File "C:\Users\lathe\sepa-signals\.venv\Lib\site-packages\urllib3\connectionpool.py", line 488, in _make_request
    raise new_e
  File "C:\Users\lathe\sepa-signals\.venv\Lib\site-packages\urllib3\connectionpool.py", line 466, in _make_request
    self._raise_timeout(err=e, url=url, timeout_value=conn.timeout)
    ~~~~~~~~~~~~~~~~~~~^^^^^^^^^^^^^^^^^^^^^^^^^^^^^^^^^^^^^^^^^^^^
  File "C:\Users\lathe\sepa-signals\.venv\Lib\site-packages\urllib3\connectionpool.py", line 367, in _raise_timeout
    raise ReadTimeoutError(
        self, url, f"Read timed out. (read timeout={timeout_value})"
    ) from err
urllib3.exceptions.ReadTimeoutError: HTTPSConnectionPool(host='api.telegram.org', port=443): Read timed out. (read timeout=30)

During handling of the above exception, another exception occurred:

Traceback (most recent call last):
  File "C:\Users\lathe\sepa-signals\sepa\run_intraday.py", line 174, in run_scan
    alerter.send(C.TELEGRAM_TOKEN, C.TELEGRAM_CHAT_ID, msg)
    ~~~~~~~~~~~~^^^^^^^^^^^^^^^^^^^^^^^^^^^^^^^^^^^^^^^^^^^
  File "C:\Users\lathe\sepa-signals\sepa\alerter.py", line 156, in send
    r = requests.post(f"https://api.telegram.org/bot{token}/sendMessage",
                      data={"chat_id": chat_id, "text": text, "parse_mode": "Markdown"},
                      timeout=30)
  File "C:\Users\lathe\sepa-signals\.venv\Lib\site-packages\requests\api.py", line 134, in post
    return request("post", url, data=data, json=json, **kwargs)
  File "C:\Users\lathe\sepa-signals\.venv\Lib\site-packages\requests\api.py", line 71, in request
    return session.request(method=method, url=url, **kwargs)
           ~~~~~~~~~~~~~~~^^^^^^^^^^^^^^^^^^^^^^^^^^^^^^^^^^
  File "C:\Users\lathe\sepa-signals\.venv\Lib\site-packages\requests\sessions.py", line 651, in request
    resp = self.send(prep, **send_kwargs)
  File "C:\Users\lathe\sepa-signals\.venv\Lib\site-packages\requests\sessions.py", line 784, in send
    r = adapter.send(request, **kwargs)
  File "C:\Users\lathe\sepa-signals\.venv\Lib\site-packages\requests\adapters.py", line 742, in send
    raise ReadTimeout(e, request=request)
requests.exceptions.ReadTimeout: HTTPSConnectionPool(host='api.telegram.org', port=443): Read timed out. (read timeout=30)
2026-06-27 14:50:49 INFO    sepa.intraday  intraday alert STRZ: stage2 TT8/8 dir=ok stale=no vol=33.86x
2026-06-27 14:50:50 ERROR   yfinance  $TCNNF: possibly delisted; no price data found  (period=1d)
2026-06-27 14:50:50 ERROR   sepa.intraday  intraday TCNNF: unhandled error
Traceback (most recent call last):
  File "C:\Users\lathe\sepa-signals\sepa\run_intraday.py", line 166, in run_scan
    live_price, live_volume = get_live_quote(t)
                              ~~~~~~~~~~~~~~^^^
  File "C:\Users\lathe\sepa-signals\sepa\run_intraday.py", line 85, in get_live_quote
    raise ValueError(f"no intraday bars for {ticker}")
ValueError: no intraday bars for TCNNF
2026-06-27 14:50:51 INFO    sepa.intraday  intraday alert TECX: stage2 TT7/8 dir=ok stale=no vol=26.59x
2026-06-27 14:50:52 INFO    sepa.intraday  intraday alert TENX: stage2 TT6/8 dir=ok stale=no vol=43.22x
2026-06-27 14:50:54 INFO    sepa.intraday  intraday alert TNL: stage2 TT6/8 dir=ok stale=no vol=10.46x
2026-06-27 14:50:56 INFO    sepa.intraday  intraday alert UNF: stage2 TT7/8 dir=ok stale=no vol=18.16x
2026-06-27 14:50:57 INFO    sepa.intraday  intraday alert UNH: stage2 TT6/8 dir=ok stale=no vol=23.48x
2026-06-27 14:50:57 INFO    sepa.intraday  intraday alert UTI: stage2 TT7/8 dir=ok stale=no vol=29.47x
2026-06-27 14:50:58 INFO    sepa.intraday  intraday alert UVE: stage2 TT7/8 dir=ok stale=no vol=21.60x
2026-06-27 14:50:59 INFO    sepa.intraday  intraday alert VAC: stage2 TT8/8 dir=ok stale=no vol=16.87x
2026-06-27 14:51:01 INFO    sepa.intraday  intraday alert VSTS: stage2 TT8/8 dir=ok stale=no vol=29.12x
2026-06-27 14:51:02 INFO    sepa.intraday  intraday alert XMTR: stage2 TT8/8 dir=ok stale=no vol=9.71x
2026-06-27 14:51:03 INFO    sepa.intraday  intraday complete: 62 alerts sent
